c/lr_sccz80/aligned_alloc
c/lr_sccz80/aligned_alloc_callee
c/lr_sccz80/aligned_alloc_unlocked
c/lr_sccz80/aligned_alloc_unlocked_callee
c/lr_sccz80/calloc
c/lr_sccz80/calloc_callee
c/lr_sccz80/calloc_unlocked
c/lr_sccz80/calloc_unlocked_callee
c/lr_sccz80/free
c/lr_sccz80/free_unlocked
c/lr_sccz80/heap_alloc
c/lr_sccz80/heap_alloc_aligned
c/lr_sccz80/heap_alloc_aligned_callee
c/lr_sccz80/heap_alloc_aligned_unlocked
c/lr_sccz80/heap_alloc_aligned_unlocked_callee
c/lr_sccz80/heap_alloc_callee
c/lr_sccz80/heap_alloc_fixed
c/lr_sccz80/heap_alloc_fixed_callee
c/lr_sccz80/heap_alloc_fixed_unlocked
c/lr_sccz80/heap_alloc_fixed_unlocked_callee
c/lr_sccz80/heap_alloc_unlocked
c/lr_sccz80/heap_alloc_unlocked_callee
c/lr_sccz80/heap_calloc
c/lr_sccz80/heap_calloc_callee
c/lr_sccz80/heap_calloc_unlocked
c/lr_sccz80/heap_calloc_unlocked_callee
c/lr_sccz80/heap_destroy
c/lr_sccz80/heap_free
c/lr_sccz80/heap_free_callee
c/lr_sccz80/heap_free_unlocked
c/lr_sccz80/heap_free_unlocked_callee
c/lr_sccz80/heap_galloc
c/lr_sccz80/heap_galloc_callee
c/lr_sccz80/heap_galloc_unlocked
c/lr_sccz80/heap_galloc_unlocked_callee
c/lr_sccz80/heap_init
c/lr_sccz80/heap_init_callee
c/lr_sccz80/heap_realloc
c/lr_sccz80/heap_realloc_callee
c/lr_sccz80/heap_realloc_unlocked
c/lr_sccz80/heap_realloc_unlocked_callee
c/lr_sccz80/malloc
c/lr_sccz80/malloc_unlocked
c/lr_sccz80/memalign
c/lr_sccz80/memalign_callee
c/lr_sccz80/memalign_unlocked
c/lr_sccz80/memalign_unlocked_callee
c/lr_sccz80/posix_memalign
c/lr_sccz80/posix_memalign_callee
c/lr_sccz80/posix_memalign_unlocked
c/lr_sccz80/posix_memalign_unlocked_callee
c/lr_sccz80/realloc
c/lr_sccz80/realloc_callee
c/lr_sccz80/realloc_unlocked
c/lr_sccz80/realloc_unlocked_callee
c/lr_sccz80/_falloc
c/lr_sccz80/_falloc_callee
c/lr_sccz80/_falloc_unlocked
c/lr_sccz80/_falloc_unlocked_callee
c/lr_sccz80/_galloc
c/lr_sccz80/_galloc_callee
c/lr_sccz80/_galloc_unlocked
c/lr_sccz80/_galloc_unlocked_callee
