z80/asm_aligned_alloc
z80/asm_aligned_alloc_unlocked
z80/asm_calloc
z80/asm_calloc_unlocked
z80/asm_falloc
z80/asm_falloc_unlocked
z80/asm_free
z80/asm_free_unlocked
z80/asm_galloc
z80/asm_galloc_unlocked
z80/asm_heap_alloc
z80/asm_heap_alloc_aligned
z80/asm_heap_alloc_aligned_unlocked
z80/asm_heap_alloc_fixed
z80/asm_heap_alloc_fixed_unlocked
z80/asm_heap_alloc_unlocked
z80/asm_heap_calloc
z80/asm_heap_calloc_unlocked
z80/asm_heap_destroy
z80/asm_heap_free
z80/asm_heap_free_unlocked
z80/asm_heap_galloc
z80/asm_heap_galloc_unlocked
z80/asm_heap_init
z80/asm_heap_realloc
z80/asm_heap_realloc_unlocked
z80/asm_malloc
z80/asm_malloc_unlocked
z80/asm_posix_memalign
z80/asm_posix_memalign_unlocked
z80/asm_realloc
z80/asm_realloc_unlocked
z80/__heap_allocate_block
z80/__heap_lock_acquire
z80/__heap_lock_release
z80/__heap_place_block
