
target/v1050/stdio/CRT_FONT.asm
target/v1050/stdio/__v1050_byte
target/v1050/stdio/asm_load_charset
target/v1050/stdio/generic_console
target/v1050/stdio/ansi/f_ansi_attr
target/v1050/stdio/ansi/f_ansi_bel
target/v1050/stdio/ansi/f_ansi_char
target/v1050/stdio/ansi/f_ansi_cls
target/v1050/stdio/ansi/f_ansi_dline
target/v1050/stdio/ansi/f_ansi_scrollup
@stdio/ansicore.lst
target/v1050/graphics/v1050_sendchar
target/v1050/graphics/__v1050_coord
target/v1050/graphics/__v1050_pixel
target/v1050/graphics/__v1050_line
target/v1050/graphics/w_plotpixl
target/v1050/graphics/w_respixl
target/v1050/graphics/w_xorpixl
target/v1050/graphics/w_draw_callee
target/v1050/graphics/w_undraw_callee
target/v1050/graphics/w_xordraw_callee
target/v1050/graphics/w_drawr_callee
target/v1050/graphics/w_undrawr_callee
target/v1050/graphics/w_xordrawr_callee
target/v1050/graphics/w_drawto_callee
target/v1050/graphics/w_undrawto_callee
target/v1050/graphics/w_xordrawto_callee
target/v1050/graphics/clg
@gfx/wide/gfx_wide.lst
