@fcntl/z80/drivers.lst
fcntl/z80/__fcntl_fd_from_fdstruct
fcntl/z80/__fcntl_fdchain_descend
fcntl/z80/__fcntl_fdstruct_from_fd_1
fcntl/z80/__fcntl_fdstruct_from_fd_2
fcntl/z80/__fcntl_first_available_fd
fcntl/z80/__fcntl_inc_refcount
fcntl/z80/__fcntl_lock_fdtbl
fcntl/z80/__fcntl_unlock_fdtbl
fcntl/c/sdcc_iy/_exit
fcntl/c/sdcc_iy/close
fcntl/c/sdcc_iy/creat
fcntl/c/sdcc_iy/dup
fcntl/c/sdcc_iy/dup2
fcntl/c/sdcc_iy/ioctl
fcntl/c/sdcc_iy/lseek
fcntl/c/sdcc_iy/open
fcntl/c/sdcc_iy/read
fcntl/c/sdcc_iy/vioctl
fcntl/c/sdcc_iy/vopen
fcntl/c/sdcc_iy/write
