@fcntl/z80/drivers.lst
fcntl/z80/__fcntl_fd_from_fdstruct
fcntl/z80/__fcntl_fdchain_descend
fcntl/z80/__fcntl_fdstruct_from_fd_1
fcntl/z80/__fcntl_fdstruct_from_fd_2
fcntl/z80/__fcntl_fdtbl_lock
fcntl/z80/__fcntl_first_available_fd
fcntl/z80/__fcntl_inc_refcount
fcntl/z80/__fcntl_lock_fdtbl
fcntl/z80/__fcntl_unlock_fdtbl
fcntl/c/sdcc_ix/_exit
fcntl/c/sdcc_ix/close
fcntl/c/sdcc_ix/creat
fcntl/c/sdcc_ix/dup
fcntl/c/sdcc_ix/dup2
fcntl/c/sdcc_ix/ioctl
fcntl/c/sdcc_ix/lseek
fcntl/c/sdcc_ix/open
fcntl/c/sdcc_ix/read
fcntl/c/sdcc_ix/vioctl
fcntl/c/sdcc_ix/vopen
fcntl/c/sdcc_ix/write
