@fcntl/z80/drivers/drivers.lst
fcntl/z80/__fcntl_fd_from_fdstruct
fcntl/z80/__fcntl_fdchain_descend
fcntl/z80/__fcntl_fdstruct_from_fd_1
fcntl/z80/__fcntl_fdstruct_from_fd_2
fcntl/z80/__fcntl_fdtbl_lock
fcntl/z80/__fcntl_first_available_fd
fcntl/z80/__fcntl_inc_refcount
fcntl/z80/__fcntl_lock_fdtbl
fcntl/z80/__fcntl_unlock_fdtbl
fcntl/c/sccz80/_exit
fcntl/c/sccz80/close
fcntl/c/sccz80/creat
fcntl/c/sccz80/creat_callee
fcntl/c/sccz80/dup
fcntl/c/sccz80/dup2
fcntl/c/sccz80/dup2_callee
fcntl/c/sccz80/ioctl
fcntl/c/sccz80/lseek
fcntl/c/sccz80/lseek_callee
fcntl/c/sccz80/open
fcntl/c/sccz80/read
fcntl/c/sccz80/read_callee
fcntl/c/sccz80/vioctl
fcntl/c/sccz80/vioctl_callee
fcntl/c/sccz80/vopen
fcntl/c/sccz80/vopen_callee
fcntl/c/sccz80/write
fcntl/c/sccz80/write_callee
