@../adt/adt_sccz80.lst
@../alloc/alloc_sccz80.lst
@../target/cpm-libs/cpm_sccz80.lst
@../compress/compress_sccz80.lst
@../ctype/ctype_sccz80.lst
@../newlib/drivers/drivers.lst
@../error/error.lst
@../newlib/fcntl/fcntl_sccz80.lst
@../font/font_4x8/fonts.lst
@../font/font_8x8/fonts.lst
@../font/fzx/fzx_sccz80.lst
@../newlib/im2/im2_sccz80.lst
@../newlib/input/cpm/input_sccz80.lst
@../inttypes/inttypes_sccz80.lst
@../l/l_z80.lst
@../libgen/libgen_sccz80.lst
@../locale/locale.lst
@../math/math_integer.lst
@../math/math_float_sccz80.lst
@../network/network_sccz80.lst
@../setjmp/setjmp_sccz80.lst
@../newlib/stdio/stdio_sccz80.lst
@../stdlib/stdlib_sccz80.lst
@../string/string_sccz80.lst
@target//rc2014/default/default.lst
@target//rc2014/device/device_sccz80.lst
@target//rc2014/driver/driver_sccz80.lst
@target//cpm/driver/driver.lst
@../newlib/threads/threads_sccz80.lst
@../time/time_sccz80.lst
@../arch/z80/z80_sccz80.lst
