${NEWLIB_ROOT}l/clang/__setflag.asm
${NEWLIB_ROOT}l/clang/__lneg.asm
${NEWLIB_ROOT}l/clang/__lor.asm
${NEWLIB_ROOT}l/clang/__sand.asm
${NEWLIB_ROOT}l/clang/__smulu.asm
${NEWLIB_ROOT}l/clang/__sshru.asm
${NEWLIB_ROOT}l/clang/__sshl.asm
${NEWLIB_ROOT}l/clang/__sor.asm
${NEWLIB_ROOT}l/clang/__sshrs.asm
${NEWLIB_ROOT}l/clang/__sxor.asm
${NEWLIB_ROOT}l/clang/__srems.asm
${NEWLIB_ROOT}l/clang/__sdivs.asm
${NEWLIB_ROOT}l/clang/__lmulu.asm
${NEWLIB_ROOT}l/clang/__lshru.asm
${NEWLIB_ROOT}l/clang/__sremu.asm
${NEWLIB_ROOT}l/clang/__sdivu.asm
${NEWLIB_ROOT}l/clang/__lnot.asm
${NEWLIB_ROOT}l/clang/__lshrs.asm
${NEWLIB_ROOT}l/clang/__lcmpu.asm
${NEWLIB_ROOT}l/clang/__ladd.asm
${NEWLIB_ROOT}l/clang/__snot.asm
${NEWLIB_ROOT}l/clang/__lsub.asm
${NEWLIB_ROOT}l/clang/__lcmpzero.asm
${NEWLIB_ROOT}l/clang/__sneg.asm
${NEWLIB_ROOT}l/clang/__lshl.asm
${NEWLIB_ROOT}l/clang/__bmulu.asm
${NEWLIB_ROOT}l/clang/__bshru.asm
${NEWLIB_ROOT}l/clang/__land.asm
${NEWLIB_ROOT}l/clang/__bshl.asm
${NEWLIB_ROOT}l/clang/__lxor.asm
${NEWLIB_ROOT}l/clang/__bshrs.asm
${NEWLIB_ROOT}l/clang/__indcall
${NEWLIB_ROOT}l/clang/__indcallhl
