l/z80/l_andc_hl_bc
l/z80/l_bitset_locate
l/z80/l_cpl_dehl
l/z80/l_dec_bc
l/z80/l_ex_bc_de
l/z80/l_ex_bc_hl
l/z80/l_inc_hl
l/z80/l_inc_sp
l/z80/l_jphl
l/z80/l_jpix
l/z80/l_readword_2_hl
l/z80/l_readword_hl
l/z80/l_setmem_de
l/z80/l_setmem_hl
l/z80/l_testword_hl
l/z80/l_zerostruct6_hl
l/z80/l_zerostruct8_hl
l/z80/l_zeroword_hl
l/z80/ascii/l_char2num
l/z80/ascii/l_eat_base_prefix
l/z80/ascii/l_eat_digits
l/z80/ascii/l_eat_sign
l/z80/ascii/l_eat_ws
l/z80/ascii/l_hex_nibble
l/z80/ascii/l_num2char
l/z80/ascii/l_valid_base
l/z80/ascii/num_to_txt/fast/l_ultoa
l/z80/ascii/num_to_txt/fast/l_ultob
l/z80/ascii/num_to_txt/fast/l_ultoh
l/z80/ascii/num_to_txt/fast/l_ultoo
l/z80/ascii/num_to_txt/fast/l_utoa
l/z80/ascii/num_to_txt/fast/l_utob
l/z80/ascii/num_to_txt/fast/l_utoh
l/z80/ascii/num_to_txt/fast/l_utoo
l/z80/ascii/txt_to_num/fast/l_atou
l/z80/ascii/txt_to_num/fast/l_atoul
l/z80/ascii/txt_to_num/fast/l_btou
l/z80/ascii/txt_to_num/fast/l_btoul
l/z80/ascii/txt_to_num/fast/l_htou
l/z80/ascii/txt_to_num/fast/l_htoul
l/z80/ascii/txt_to_num/fast/l_otou
l/z80/ascii/txt_to_num/fast/l_otoul
l/z80/imath/l_divs_16_16x16
l/z80/imath/l_divs_32_32x32
l/z80/imath/l_mulu_16_16x16
l/z80/imath/l_mulu_24_16x8
l/z80/imath/l_mulu_40_32x8
l/z80/imath/l0_divu_16_16x8
l/z80/imath/l0_divu_32_32x8
l/z80/imath/fast/l_fast_divs_16_16x16
l/z80/imath/fast/l_fast_divs_32_32x32
l/z80/imath/fast/l_fast_divs_8_8x8
l/z80/imath/fast/l_fast_divu_16_16x16
l/z80/imath/fast/l_fast_divu_16_16x8
l/z80/imath/fast/l_fast_divu_24_24x16
l/z80/imath/fast/l_fast_divu_24_24x24
l/z80/imath/fast/l_fast_divu_24_24x8
l/z80/imath/fast/l_fast_divu_32_32x16
l/z80/imath/fast/l_fast_divu_32_32x24
l/z80/imath/fast/l_fast_divu_32_32x32
l/z80/imath/fast/l_fast_divu_32_32x8
l/z80/imath/fast/l_fast_divu_8_8x8
l/z80/imath/fast/l_fast_muls_16_16x16
l/z80/imath/fast/l_fast_muls_32_32x32
l/z80/imath/fast/l_fast_muls_8_8x8
l/z80/imath/fast/l_fast_mulu_16_16x16
l/z80/imath/fast/l_fast_mulu_16_8x8
l/z80/imath/fast/l_fast_mulu_24_16x8
l/z80/imath/fast/l_fast_mulu_32_16x16
l/z80/imath/fast/l_fast_mulu_32_24x16
l/z80/imath/fast/l_fast_mulu_32_24x8
l/z80/imath/fast/l_fast_mulu_32_32x32
l/z80/imath/fast/l_fast_mulu_40_32x8
l/z80/imath/fast/l_fast_mulu_8_8x8
l/z80/integer/l_addu_hl_bc
l/z80/integer/l_addu_hl_de
l/z80/integer/l_incu_bc
l/z80/integer/l_incu_de
l/z80/integer/l_incu_hl
l/z80/integer/l_ltu_bc_hl
l/z80/integer/l_ltu_de_hl
l/z80/integer/l_ltu_hl_bc
l/z80/integer/l_ltu_hl_de
l/z80/integer/l_maxu_bc_hl
l/z80/integer/l_minu_bc_hl
l/z80/integer/l_minu_de_hl
l/z80/integer/l_neg_bc
l/z80/integer/l_neg_de
l/z80/integer/l_neg_hl
l/z80/integer/l_power_2_bc
l/z80/integer/l_power_2_c
l/z80/integer/l_utod_de
l/z80/integer/l_utod_hl
l/z80/long/l_decs_dehl
l/z80/long/l_decu_dehl
l/z80/long/l_dec_dehl
l/z80/long/l_inc_dehl
l/z80/long/l_long_addu_exx
l/z80/long/l_long_addu_stack
l/z80/long/l_long_add_exx
l/z80/long/l_long_add_stack
l/z80/long/l_neg_dehl
