${NEWLIB_ROOT}l/z80/ascii/num_to_txt/l_ultoa
${NEWLIB_ROOT}l/z80/ascii/num_to_txt/l_ultob
${NEWLIB_ROOT}l/z80/ascii/num_to_txt/l_ultoh
${NEWLIB_ROOT}l/z80/ascii/num_to_txt/l_ultoo
${NEWLIB_ROOT}l/z80/ascii/num_to_txt/l_utoa
${NEWLIB_ROOT}l/z80/ascii/num_to_txt/l_utob
${NEWLIB_ROOT}l/z80/ascii/num_to_txt/l_utoh
${NEWLIB_ROOT}l/z80/ascii/num_to_txt/l_utoo
${NEWLIB_ROOT}l/z80/ascii/num_to_txt/small/l_small_utoa
${NEWLIB_ROOT}l/z80/ascii/num_to_txt/small/l_small_utob
${NEWLIB_ROOT}l/z80/ascii/num_to_txt/small/l_small_utoh
${NEWLIB_ROOT}l/z80/ascii/num_to_txt/small/l_small_utoo
${NEWLIB_ROOT}l/z80/ascii/txt_to_num/l_atou
${NEWLIB_ROOT}l/z80/ascii/txt_to_num/l_btou
${NEWLIB_ROOT}l/z80/ascii/txt_to_num/l_htou
${NEWLIB_ROOT}l/z80/ascii/txt_to_num/l_otou
${NEWLIB_ROOT}l/z80/ascii/txt_to_num/l_otoul
${NEWLIB_ROOT}l/z80/ascii/txt_to_num/small/l_small_atou
${NEWLIB_ROOT}l/z80/ascii/txt_to_num/small/l_small_btou
${NEWLIB_ROOT}l/z80/ascii/txt_to_num/small/l_small_htou
${NEWLIB_ROOT}l/z80/ascii/txt_to_num/small/l_small_otou
${NEWLIB_ROOT}l/z80/ascii/num_to_txt/l_ultoa
${NEWLIB_ROOT}l/z80/ascii/num_to_txt/l_ultob
${NEWLIB_ROOT}l/z80/ascii/num_to_txt/l_ultoh
${NEWLIB_ROOT}l/z80/ascii/num_to_txt/l_ultoo
${NEWLIB_ROOT}l/z80/ascii/num_to_txt/small/l_small_ultob
${NEWLIB_ROOT}l/z80/ascii/num_to_txt/small/l_small_ultoh
${NEWLIB_ROOT}l/z80/ascii/num_to_txt/small/l_small_ultoo
${NEWLIB_ROOT}l/z80/ascii/txt_to_num/l_atoul
${NEWLIB_ROOT}l/z80/ascii/txt_to_num/l_btoul
${NEWLIB_ROOT}l/z80/ascii/txt_to_num/l_htoul
${NEWLIB_ROOT}l/z80/ascii/txt_to_num/l_otoul
${NEWLIB_ROOT}l/z80/ascii/txt_to_num/small/l_small_atoul
${NEWLIB_ROOT}l/z80/ascii/txt_to_num/small/l_small_btoul
${NEWLIB_ROOT}l/z80/ascii/txt_to_num/small/l_small_htoul
${NEWLIB_ROOT}l/z80/ascii/txt_to_num/small/l_small_otoul
${NEWLIB_ROOT}l/z80/integer/l_addu_hl_bc
${NEWLIB_ROOT}l/z80/integer/l_addu_hl_de
${NEWLIB_ROOT}l/z80/integer/l_asr_hl
${NEWLIB_ROOT}l/z80/integer/l_incu_bc
${NEWLIB_ROOT}l/z80/integer/l_incu_de
${NEWLIB_ROOT}l/z80/integer/l_incu_hl
${NEWLIB_ROOT}l/z80/integer/l_lsl_hl
${NEWLIB_ROOT}l/z80/integer/l_lsr_hl
${NEWLIB_ROOT}l/z80/integer/l_ltu_bc_de
${NEWLIB_ROOT}l/z80/integer/l_ltu_bc_hl
${NEWLIB_ROOT}l/z80/integer/l_ltu_de_hl
${NEWLIB_ROOT}l/z80/integer/l_ltu_hl_bc
${NEWLIB_ROOT}l/z80/integer/l_ltu_hl_de
${NEWLIB_ROOT}l/z80/integer/l_maxu_bc_hl
${NEWLIB_ROOT}l/z80/integer/l_minu_bc_hl
${NEWLIB_ROOT}l/z80/integer/l_minu_de_hl
${NEWLIB_ROOT}l/z80/integer/l_neg_bc
${NEWLIB_ROOT}l/z80/integer/l_neg_de
${NEWLIB_ROOT}l/z80/integer/l_neg_hl
${NEWLIB_ROOT}l/z80/integer/l_power_2_bc
${NEWLIB_ROOT}l/z80/integer/l_utod_de
${NEWLIB_ROOT}l/z80/integer/l_utod_hl
${NEWLIB_ROOT}l/z80/logical/l_andc_hl_bc
${NEWLIB_ROOT}l/z80/logical/l_andc_hl_de
${NEWLIB_ROOT}l/z80/logical/l_cpl_dehl
${NEWLIB_ROOT}l/z80/logical/l_cpl_hl
${NEWLIB_ROOT}l/z80/long/l_dec_dehl
${NEWLIB_ROOT}l/z80/long/l_inc_dehl
${NEWLIB_ROOT}l/z80/long/l_neg_dehl
${NEWLIB_ROOT}l/z80/l_jphl
@${NEWLIB_ROOT}l/sccz80/8080.lst
