l/z80/l_andc_hl_bc
l/z80/l_bitset_locate
l/z80/l_cpl_dehl
l/z80/l_dec_bc
l/z80/l_ex_bc_de
l/z80/l_ex_bc_hl
l/z80/l_inc_hl
l/z80/l_inc_sp
l/z80/l_jphl
l/z80/l_jpix
l/z80/l_readword_2_hl
l/z80/l_readword_hl
l/z80/l_setmem_de
l/z80/l_setmem_hl
l/z80/l_testword_hl
l/z80/l_zerostruct6_hl
l/z80/l_zerostruct8_hl
l/z80/l_zeroword_hl
l/z80/ascii/l_char2num
l/z80/ascii/l_eat_base_prefix
l/z80/ascii/l_eat_digits
l/z80/ascii/l_eat_sign
l/z80/ascii/l_eat_ws
l/z80/ascii/l_hex_nibble
l/z80/ascii/l_num2char
l/z80/ascii/l_valid_base
@l/z80/ascii/num_to_txt/num_to_txt_fast.lst
@l/z80/ascii/txt_to_num/txt_to_num_fast.lst
@l/z80/imath/imath_fast.lst
l/z80/integer/l_addu_hl_bc
l/z80/integer/l_addu_hl_de
l/z80/integer/l_incu_bc
l/z80/integer/l_incu_de
l/z80/integer/l_incu_hl
l/z80/integer/l_ltu_bc_hl
l/z80/integer/l_ltu_de_hl
l/z80/integer/l_ltu_hl_bc
l/z80/integer/l_ltu_hl_de
l/z80/integer/l_maxu_bc_hl
l/z80/integer/l_minu_bc_hl
l/z80/integer/l_minu_de_hl
l/z80/integer/l_neg_bc
l/z80/integer/l_neg_de
l/z80/integer/l_neg_hl
l/z80/integer/l_power_2_bc
l/z80/integer/l_power_2_c
l/z80/integer/l_utod_de
l/z80/integer/l_utod_hl
l/z80/long/l_decs_dehl
l/z80/long/l_decu_dehl
l/z80/long/l_dec_dehl
l/z80/long/l_inc_dehl
l/z80/long/l_long_addu_exx
l/z80/long/l_long_addu_stack
l/z80/long/l_long_add_exx
l/z80/long/l_long_add_stack
l/z80/long/l_neg_dehl
