@target/zx-libs/esxdos/esxdos_asm.lst
target/zx-libs/esxdos/c/sccz80/errno_from_esxdos
target/zx-libs/esxdos/c/sccz80/esxdos_disk_info
target/zx-libs/esxdos/c/sccz80/esxdos_disk_info_callee
target/zx-libs/esxdos/c/sccz80/esxdos_disk_read
target/zx-libs/esxdos/c/sccz80/esxdos_disk_read_callee
target/zx-libs/esxdos/c/sccz80/esxdos_disk_write
target/zx-libs/esxdos/c/sccz80/esxdos_disk_write_callee
target/zx-libs/esxdos/c/sccz80/esxdos_f_chdir
target/zx-libs/esxdos/c/sccz80/esxdos_f_close
target/zx-libs/esxdos/c/sccz80/esxdos_f_fgetpos
target/zx-libs/esxdos/c/sccz80/esxdos_f_fstat
target/zx-libs/esxdos/c/sccz80/esxdos_f_fstat_callee
target/zx-libs/esxdos/c/sccz80/esxdos_f_getcwd
target/zx-libs/esxdos/c/sccz80/esxdos_f_open
target/zx-libs/esxdos/c/sccz80/esxdos_f_open_callee
target/zx-libs/esxdos/c/sccz80/esxdos_f_open_p3
target/zx-libs/esxdos/c/sccz80/esxdos_f_open_p3_callee
target/zx-libs/esxdos/c/sccz80/esxdos_f_opendir
target/zx-libs/esxdos/c/sccz80/esxdos_f_opendir_p3
target/zx-libs/esxdos/c/sccz80/esxdos_f_read
target/zx-libs/esxdos/c/sccz80/esxdos_f_read_callee
target/zx-libs/esxdos/c/sccz80/esxdos_f_readdir
target/zx-libs/esxdos/c/sccz80/esxdos_f_readdir_callee
target/zx-libs/esxdos/c/sccz80/esxdos_f_seek
target/zx-libs/esxdos/c/sccz80/esxdos_f_seek_callee
target/zx-libs/esxdos/c/sccz80/esxdos_f_sync
target/zx-libs/esxdos/c/sccz80/esxdos_f_unlink
target/zx-libs/esxdos/c/sccz80/esxdos_f_write
target/zx-libs/esxdos/c/sccz80/esxdos_f_write_callee
target/zx-libs/esxdos/c/sccz80/esxdos_m_getdate
target/zx-libs/esxdos/c/sccz80/esxdos_m_getdrv
target/zx-libs/esxdos/c/sccz80/esxdos_m_gethandle
target/zx-libs/esxdos/c/sccz80/esxdos_m_setdrv
