classic/interrupts/im2/obj/${TYPE}/im2_CreateGenericISRLight
classic/interrupts/im2/obj/${TYPE}/im2_CreateGenericISR_callee
classic/interrupts/im2/obj/${TYPE}/im2_Init
classic/interrupts/im2/obj/${TYPE}/im2_RegHookLast_callee
classic/interrupts/im2/obj/${TYPE}/im2_RemoveHook_callee
classic/interrupts/im2/obj/${TYPE}/IM2RemoveHook
classic/interrupts/im2/obj/${TYPE}/im2_RegHookFirst_callee
classic/interrupts/im2/obj/${TYPE}/im2_InstallISR_callee
classic/interrupts/im2/obj/${TYPE}/im2_InstallISR
classic/interrupts/im2/obj/${TYPE}/IM2CreateCommon
classic/interrupts/im2/obj/${TYPE}/im2_CreateGenericISR
classic/interrupts/im2/obj/${TYPE}/im2_RegHookFirst
classic/interrupts/im2/obj/${TYPE}/im2_RegHookLast
classic/interrupts/im2/obj/${TYPE}/im2_RemoveHook
classic/interrupts/im2/obj/${TYPE}/im2_CreateGenericISRLight_callee
classic/interrupts/im2/obj/${TYPE}/im2_EmptyISR
classic/interrupts/common/obj/${TYPE}/asm_interrupt_add_handler
classic/interrupts/common/obj/${TYPE}/tick_count_isr
classic/interrupts/common/obj/${TYPE}/asm_interrupt_handler
classic/interrupts/common/obj/${TYPE}/asm_interrupt_remove_handler
classic/interrupts/im1/obj/${TYPE}/im1_vectors
classic/interrupts/im1/obj/${TYPE}/im1_install_isr
classic/interrupts/im1/obj/${TYPE}/im1_uninstall_isr
classic/interrupts/im1/obj/${TYPE}/im1_init
classic/interrupts/im1/obj/${TYPE}/im1_handler
classic/interrupts/nmi/obj/${TYPE}/nmi_vectors
classic/interrupts/nmi/obj/${TYPE}/nmi_install_isr
classic/interrupts/nmi/obj/${TYPE}/nmi_uninstall_isr
classic/interrupts/nmi/obj/${TYPE}/nmi_init
classic/interrupts/nmi/obj/${TYPE}/nmi_handler
