target/mbc200/subcpu/mbc_sendchar
target/mbc200/subcpu/mbc_getbyte
target/mbc200/subcpu/mbc_getword
target/mbc200/subcpu/mbc_rcv_rdy
target/mbc200/subcpu/mbc_sub
target/mbc200/subcpu/mbc_fade
target/mbc200/subcpu/set_crtc_reg
target/mbc200/subcpu/mbc_setcursorpos
target/mbc200/subcpu/mbc_setcursorpos_callee
target/mbc200/stdio/generic_console
target/mbc200/stdio/ansi/f_ansi_attr
target/mbc200/stdio/ansi/f_ansi_bel
target/mbc200/stdio/ansi/f_ansi_char
target/mbc200/stdio/ansi/f_ansi_cls
target/mbc200/stdio/ansi/f_ansi_dline
target/mbc200/stdio/ansi/f_ansi_scrollup
@stdio/ansicore.lst
target/mbc200/graphics/__mbc_pixel
target/mbc200/graphics/__mbc_line
target/mbc200/graphics/w_plotpixl
target/mbc200/graphics/w_respixl
target/mbc200/graphics/w_draw_callee
target/mbc200/graphics/w_undraw_callee
target/mbc200/graphics/w_drawr_callee
target/mbc200/graphics/w_undrawr_callee
target/mbc200/graphics/w_drawto_callee 
target/mbc200/graphics/w_undrawto_callee
target/mbc200/graphics/w_stencil_render
target/mbc200/graphics/w_circle_callee
target/mbc200/graphics/w_uncircle_callee
target/mbc200/graphics/w_dcircle_square
target/mbc200/graphics/clg
gfx/wide/obj/${TARGET}/w_putsprite2
gfx/wide/obj/${TARGET}/__generic_w_putsprite
gfx/wide/obj/${TARGET}/__generic_w_stencil_render
@gfx/wide/gfx_wide.lst
target/mbc200/games/bit_open
target/mbc200/games/bit_open_di
target/mbc200/games/bit_close
target/mbc200/games/bit_close_ei
games/joystick
@games/games.lst
