../_DEVELOPMENT/l/sdcc/___sdcc_call_hl.asm
../_DEVELOPMENT/l/sdcc/___sdcc_call_iy.asm
../_DEVELOPMENT/l/sdcc/___sdcc_enter_ix.asm
../_DEVELOPMENT/l/sdcc/__divschar.asm
../_DEVELOPMENT/l/sdcc/__divschar_callee.asm
../_DEVELOPMENT/l/sdcc/__divsint.asm
../_DEVELOPMENT/l/sdcc/__divsint_callee.asm
../_DEVELOPMENT/l/sdcc/__divslong.asm
../_DEVELOPMENT/l/sdcc/__divslong_callee.asm
../_DEVELOPMENT/l/sdcc/__divslonglong.asm
../_DEVELOPMENT/l/sdcc/__divslonglong_callee.asm
../_DEVELOPMENT/l/sdcc/__divsuchar.asm
../_DEVELOPMENT/l/sdcc/__divsuchar_callee.asm
../_DEVELOPMENT/l/sdcc/__divuchar.asm
../_DEVELOPMENT/l/sdcc/__divuchar_callee.asm
../_DEVELOPMENT/l/sdcc/__divuint.asm
../_DEVELOPMENT/l/sdcc/__divuint_callee.asm
../_DEVELOPMENT/l/sdcc/__divulong.asm
../_DEVELOPMENT/l/sdcc/__divulong_callee.asm
../_DEVELOPMENT/l/sdcc/__divulonglong.asm
../_DEVELOPMENT/l/sdcc/__divulonglong_callee.asm
../_DEVELOPMENT/l/sdcc/__divuschar.asm
../_DEVELOPMENT/l/sdcc/__divuschar_callee.asm
../_DEVELOPMENT/l/sdcc/__modschar.asm
../_DEVELOPMENT/l/sdcc/__modschar_callee.asm
../_DEVELOPMENT/l/sdcc/__modsint.asm
../_DEVELOPMENT/l/sdcc/__modsint_callee.asm
../_DEVELOPMENT/l/sdcc/__modslong.asm
../_DEVELOPMENT/l/sdcc/__modslong_callee.asm
../_DEVELOPMENT/l/sdcc/__modslonglong.asm
../_DEVELOPMENT/l/sdcc/__modslonglong_callee.asm
../_DEVELOPMENT/l/sdcc/__modsuchar.asm
../_DEVELOPMENT/l/sdcc/__modsuchar_callee.asm
../_DEVELOPMENT/l/sdcc/__moduchar.asm
../_DEVELOPMENT/l/sdcc/__moduchar_callee.asm
../_DEVELOPMENT/l/sdcc/__moduint.asm
../_DEVELOPMENT/l/sdcc/__moduint_callee.asm
../_DEVELOPMENT/l/sdcc/__modulong.asm
../_DEVELOPMENT/l/sdcc/__modulong_callee.asm
../_DEVELOPMENT/l/sdcc/__modulonglong.asm
../_DEVELOPMENT/l/sdcc/__modulonglong_callee.asm
../_DEVELOPMENT/l/sdcc/__moduschar.asm
../_DEVELOPMENT/l/sdcc/__moduschar_callee.asm
../_DEVELOPMENT/l/sdcc/__mulint.asm
../_DEVELOPMENT/l/sdcc/__mulint_callee.asm
../_DEVELOPMENT/l/sdcc/__mullong.asm
../_DEVELOPMENT/l/sdcc/__mullong_callee.asm
../_DEVELOPMENT/l/sdcc/__mullonglong.asm
../_DEVELOPMENT/l/sdcc/__mullonglong_callee.asm
../_DEVELOPMENT/l/sdcc/__mulschar.asm
../_DEVELOPMENT/l/sdcc/__mulschar_callee.asm
../_DEVELOPMENT/l/sdcc/__mulsuchar.asm
../_DEVELOPMENT/l/sdcc/__mulsuchar_callee.asm
../_DEVELOPMENT/l/sdcc/__muluschar.asm
../_DEVELOPMENT/l/sdcc/__muluschar_callee.asm
../_DEVELOPMENT/l/sdcc/__rlslonglong.asm
../_DEVELOPMENT/l/sdcc/__rlslonglong_callee.asm
../_DEVELOPMENT/l/sdcc/__rlulonglong.asm
../_DEVELOPMENT/l/sdcc/__rlulonglong_callee.asm
../_DEVELOPMENT/l/sdcc/__rrslonglong.asm
../_DEVELOPMENT/l/sdcc/__rrslonglong_callee.asm
../_DEVELOPMENT/l/sdcc/__rrulonglong.asm
../_DEVELOPMENT/l/sdcc/__rrulonglong_callee.asm
../_DEVELOPMENT/math/integer/l_divs_16_16x16.asm
../_DEVELOPMENT/math/integer/l_divs_32_32x32.asm
../_DEVELOPMENT/math/integer/l_divu_16_16x16.asm
../_DEVELOPMENT/math/integer/l_divu_16_16x8.asm
../_DEVELOPMENT/math/integer/l_divu_32_32x16.asm
../_DEVELOPMENT/math/integer/l_divu_32_32x32.asm
../_DEVELOPMENT/math/integer/l_divu_32_32x8.asm
../_DEVELOPMENT/math/integer/l_mulu_16_16x16.asm
../_DEVELOPMENT/math/integer/l_mulu_16_16x8.asm
../_DEVELOPMENT/math/integer/l_mulu_16_8x8.asm
../_DEVELOPMENT/math/integer/l_mulu_24_16x8.asm
../_DEVELOPMENT/math/integer/l_mulu_32_16x16.asm
../_DEVELOPMENT/math/integer/l_mulu_32_32x32.asm
../_DEVELOPMENT/math/integer/l_mulu_40_32x8.asm
../_DEVELOPMENT/math/integer/small/l_small_divs_16_16x16.asm
../_DEVELOPMENT/math/integer/small/l_small_divs_32_32x32.asm
../_DEVELOPMENT/math/integer/small/l_small_divu_16_16x16.asm
../_DEVELOPMENT/math/integer/small/l_small_divu_32_32x32.asm
../_DEVELOPMENT/math/integer/small/l_small_mul_16_16x16.asm
../_DEVELOPMENT/math/integer/small/l_small_mul_32_32x32.asm
../_DEVELOPMENT/math/integer/small/l_small_mul_40_32x8.asm
../_DEVELOPMENT/math/integer/small/l_small_mul_64_32x32.asm
../_DEVELOPMENT/error/z80/_errno.asm
../_DEVELOPMENT/error/z80/errno_mc.asm
../_DEVELOPMENT/error/z80/errno_zc.asm
../_DEVELOPMENT/error/z80/errno_znc.asm
../_DEVELOPMENT/error/z80/error_bc_zc.asm
../_DEVELOPMENT/error/z80/error_divide_by_zero_mc.asm
../_DEVELOPMENT/error/z80/error_divide_by_zero_zc.asm
../_DEVELOPMENT/error/z80/error_eacces_mc.asm
../_DEVELOPMENT/error/z80/error_ebadf_mc.asm
../_DEVELOPMENT/error/z80/error_ebadf_zc.asm
../_DEVELOPMENT/error/z80/error_ebdfd_mc.asm
../_DEVELOPMENT/error/z80/error_ebdfd_zc.asm
../_DEVELOPMENT/error/z80/error_edom_mc.asm
../_DEVELOPMENT/error/z80/error_edom_zc.asm
../_DEVELOPMENT/error/z80/error_efbig_mc.asm
../_DEVELOPMENT/error/z80/error_efbig_zc.asm
../_DEVELOPMENT/error/z80/error_einval_mc.asm
../_DEVELOPMENT/error/z80/error_einval_zc.asm
../_DEVELOPMENT/error/z80/error_einval_znc.asm
../_DEVELOPMENT/error/z80/error_emfile_zc.asm
../_DEVELOPMENT/error/z80/error_enfile_mc.asm
../_DEVELOPMENT/error/z80/error_enolck_mc.asm
../_DEVELOPMENT/error/z80/error_enolck_zc.asm
../_DEVELOPMENT/error/z80/error_enomem_mc.asm
../_DEVELOPMENT/error/z80/error_enomem_zc.asm
../_DEVELOPMENT/error/z80/error_enotsup_mc.asm
../_DEVELOPMENT/error/z80/error_enotsup_zc.asm
../_DEVELOPMENT/error/z80/error_eoverflow_mc.asm
../_DEVELOPMENT/error/z80/error_eoverflow_zc.asm
../_DEVELOPMENT/error/z80/error_erange_lmc.asm
../_DEVELOPMENT/error/z80/error_erange_mc.asm
../_DEVELOPMENT/error/z80/error_erange_zc.asm
../_DEVELOPMENT/error/z80/error_estat_zc.asm
../_DEVELOPMENT/error/z80/error_ewouldblock_zc.asm
../_DEVELOPMENT/error/z80/error_lzc.asm
../_DEVELOPMENT/error/z80/error_lznc.asm
../_DEVELOPMENT/error/z80/error_mc.asm
../_DEVELOPMENT/error/z80/error_mnc.asm
../_DEVELOPMENT/error/z80/error_mulu_overflow_mc.asm
../_DEVELOPMENT/error/z80/error_oc.asm
../_DEVELOPMENT/error/z80/error_onc.asm
../_DEVELOPMENT/error/z80/error_zc.asm
../_DEVELOPMENT/error/z80/error_znc.asm
../_DEVELOPMENT/l/z80/integer/l_addu_hl_bc.asm
../_DEVELOPMENT/l/z80/integer/l_addu_hl_de.asm
../_DEVELOPMENT/l/z80/integer/l_asr_hl.asm
../_DEVELOPMENT/l/z80/integer/l_divu_hl.asm
../_DEVELOPMENT/l/z80/integer/l_incu_bc.asm
../_DEVELOPMENT/l/z80/integer/l_incu_de.asm
../_DEVELOPMENT/l/z80/integer/l_incu_hl.asm
../_DEVELOPMENT/l/z80/integer/l_lsl_hl.asm
../_DEVELOPMENT/l/z80/integer/l_lsr_hl.asm
../_DEVELOPMENT/l/z80/integer/l_ltu_bc_de.asm
../_DEVELOPMENT/l/z80/integer/l_ltu_bc_hl.asm
../_DEVELOPMENT/l/z80/integer/l_ltu_de_hl.asm
../_DEVELOPMENT/l/z80/integer/l_ltu_hl_bc.asm
../_DEVELOPMENT/l/z80/integer/l_ltu_hl_de.asm
../_DEVELOPMENT/l/z80/integer/l_maxu_bc_hl.asm
../_DEVELOPMENT/l/z80/integer/l_minu_bc_hl.asm
../_DEVELOPMENT/l/z80/integer/l_minu_de_hl.asm
../_DEVELOPMENT/l/z80/integer/l_neg_bc.asm
../_DEVELOPMENT/l/z80/integer/l_neg_de.asm
../_DEVELOPMENT/l/z80/integer/l_neg_hl.asm
../_DEVELOPMENT/l/z80/integer/l_power_2_bc.asm
../_DEVELOPMENT/l/z80/integer/l_power_2_c.asm
../_DEVELOPMENT/l/z80/integer/l_utod_de.asm
../_DEVELOPMENT/l/z80/integer/l_utod_hl.asm
../_DEVELOPMENT/l/z80/long/l_asr_dehl.asm
../_DEVELOPMENT/l/z80/long/l_dec_dehl.asm
../_DEVELOPMENT/l/z80/long/l_decs_dehl.asm
../_DEVELOPMENT/l/z80/long/l_decu_dehl.asm
../_DEVELOPMENT/l/z80/long/l_inc_dehl.asm
../_DEVELOPMENT/l/z80/long/l_long_add_exx.asm
../_DEVELOPMENT/l/z80/long/l_long_add_mhl_bc.asm
../_DEVELOPMENT/l/z80/long/l_long_add_stack.asm
../_DEVELOPMENT/l/z80/long/l_long_addu_exx.asm
../_DEVELOPMENT/l/z80/long/l_long_addu_stack.asm
../_DEVELOPMENT/l/z80/long/l_long_addus_exx.asm
../_DEVELOPMENT/l/z80/long/l_long_cmpu_mde_mhl.asm
../_DEVELOPMENT/l/z80/long/l_long_inc_mhl.asm
../_DEVELOPMENT/l/z80/long/l_long_load_mhl.asm
../_DEVELOPMENT/l/z80/long/l_long_sbc_mde_mhl.asm
../_DEVELOPMENT/l/z80/long/l_long_sbc_stack.asm
../_DEVELOPMENT/l/z80/long/l_long_sbcu_exx.asm
../_DEVELOPMENT/l/z80/long/l_long_store_mhl.asm
../_DEVELOPMENT/l/z80/long/l_lsl_dehl.asm
../_DEVELOPMENT/l/z80/long/l_lsr_dehl.asm
../_DEVELOPMENT/l/z80/long/l_minu_bc_dehl.asm
../_DEVELOPMENT/l/z80/long/l_neg_dehl.asm
