target/ts2068/display/z80/asm_tshc_aaddr2cx
target/ts2068/display/z80/asm_tshc_aaddr2cy
target/ts2068/display/z80/asm_tshc_aaddr2px
target/ts2068/display/z80/asm_tshc_aaddr2py
target/ts2068/display/z80/asm_tshc_aaddr2saddr
target/ts2068/display/z80/asm_tshc_aaddrcdown
target/ts2068/display/z80/asm_tshc_aaddrcleft
target/ts2068/display/z80/asm_tshc_aaddrcright
target/ts2068/display/z80/asm_tshc_aaddrcup
target/ts2068/display/z80/asm_tshc_aaddrpdown
target/ts2068/display/z80/asm_tshc_aaddrpleft
target/ts2068/display/z80/asm_tshc_aaddrpright
target/ts2068/display/z80/asm_tshc_aaddrpup
target/ts2068/display/z80/asm_tshc_bitmask2px
target/ts2068/display/z80/asm_tshc_cxy2aaddr
target/ts2068/display/z80/asm_tshc_cxy2saddr
target/ts2068/display/z80/asm_tshc_cy2aaddr
target/ts2068/display/z80/asm_tshc_cy2saddr
target/ts2068/display/z80/asm_tshc_px2bitmask
target/ts2068/display/z80/asm_tshc_pxy2aaddr
target/ts2068/display/z80/asm_tshc_pxy2saddr
target/ts2068/display/z80/asm_tshc_py2aaddr
target/ts2068/display/z80/asm_tshc_py2saddr
target/ts2068/display/z80/asm_tshc_saddr2aaddr
target/ts2068/display/z80/asm_tshc_saddr2cx
target/ts2068/display/z80/asm_tshc_saddr2cy
target/ts2068/display/z80/asm_tshc_saddr2px
target/ts2068/display/z80/asm_tshc_saddr2py
target/ts2068/display/z80/asm_tshc_saddrcdown
target/ts2068/display/z80/asm_tshc_saddrcleft
target/ts2068/display/z80/asm_tshc_saddrcright
target/ts2068/display/z80/asm_tshc_saddrcup
target/ts2068/display/z80/asm_tshc_saddrpdown
target/ts2068/display/z80/asm_tshc_saddrpleft
target/ts2068/display/z80/asm_tshc_saddrpright
target/ts2068/display/z80/asm_tshc_saddrpup
target/ts2068/display/z80/asm_tshr_bitmask2px
target/ts2068/display/z80/asm_tshr_cxy2saddr
target/ts2068/display/z80/asm_tshr_cy2saddr
target/ts2068/display/z80/asm_tshr_px2bitmask
target/ts2068/display/z80/asm_tshr_pxy2saddr
target/ts2068/display/z80/asm_tshr_py2saddr
target/ts2068/display/z80/asm_tshr_saddr2cx
target/ts2068/display/z80/asm_tshr_saddr2cy
target/ts2068/display/z80/asm_tshr_saddr2px
target/ts2068/display/z80/asm_tshr_saddr2py
target/ts2068/display/z80/asm_tshr_saddrcdown
target/ts2068/display/z80/asm_tshr_saddrcleft
target/ts2068/display/z80/asm_tshr_saddrcright
target/ts2068/display/z80/asm_tshr_saddrcup
target/ts2068/display/z80/asm_tshr_saddrpdown
target/ts2068/display/z80/asm_tshr_saddrpleft
target/ts2068/display/z80/asm_tshr_saddrpright
target/ts2068/display/z80/asm_tshr_saddrpup
