@target/zx/display/display_sccz80.lst
@target/ts2068/display/display_asm.lst
target/ts2068/display/c/sccz80/tshc_aaddr2cx
target/ts2068/display/c/sccz80/tshc_aaddr2cy
target/ts2068/display/c/sccz80/tshc_aaddr2px
target/ts2068/display/c/sccz80/tshc_aaddr2py
target/ts2068/display/c/sccz80/tshc_aaddr2saddr
target/ts2068/display/c/sccz80/tshc_aaddrcdown
target/ts2068/display/c/sccz80/tshc_aaddrcleft
target/ts2068/display/c/sccz80/tshc_aaddrcright
target/ts2068/display/c/sccz80/tshc_aaddrcup
target/ts2068/display/c/sccz80/tshc_aaddrpdown
target/ts2068/display/c/sccz80/tshc_aaddrpleft
target/ts2068/display/c/sccz80/tshc_aaddrpleft_callee
target/ts2068/display/c/sccz80/tshc_aaddrpright
target/ts2068/display/c/sccz80/tshc_aaddrpright_callee
target/ts2068/display/c/sccz80/tshc_aaddrpup
target/ts2068/display/c/sccz80/tshc_bitmask2px
target/ts2068/display/c/sccz80/tshc_cxy2aaddr
target/ts2068/display/c/sccz80/tshc_cxy2aaddr_callee
target/ts2068/display/c/sccz80/tshc_cxy2saddr
target/ts2068/display/c/sccz80/tshc_cxy2saddr_callee
target/ts2068/display/c/sccz80/tshc_cy2aaddr
target/ts2068/display/c/sccz80/tshc_cy2saddr
target/ts2068/display/c/sccz80/tshc_px2bitmask
target/ts2068/display/c/sccz80/tshc_pxy2aaddr
target/ts2068/display/c/sccz80/tshc_pxy2aaddr_callee
target/ts2068/display/c/sccz80/tshc_pxy2saddr
target/ts2068/display/c/sccz80/tshc_pxy2saddr_callee
target/ts2068/display/c/sccz80/tshc_py2aaddr
target/ts2068/display/c/sccz80/tshc_py2saddr
target/ts2068/display/c/sccz80/tshc_saddr2aaddr
target/ts2068/display/c/sccz80/tshc_saddr2cx
target/ts2068/display/c/sccz80/tshc_saddr2cy
target/ts2068/display/c/sccz80/tshc_saddr2px
target/ts2068/display/c/sccz80/tshc_saddr2py
target/ts2068/display/c/sccz80/tshc_saddrcdown
target/ts2068/display/c/sccz80/tshc_saddrcleft
target/ts2068/display/c/sccz80/tshc_saddrcright
target/ts2068/display/c/sccz80/tshc_saddrcup
target/ts2068/display/c/sccz80/tshc_saddrpdown
target/ts2068/display/c/sccz80/tshc_saddrpleft
target/ts2068/display/c/sccz80/tshc_saddrpleft_callee
target/ts2068/display/c/sccz80/tshc_saddrpright
target/ts2068/display/c/sccz80/tshc_saddrpright_callee
target/ts2068/display/c/sccz80/tshc_saddrpup
target/ts2068/display/c/sccz80/tshr_bitmask2px
target/ts2068/display/c/sccz80/tshr_cxy2saddr
target/ts2068/display/c/sccz80/tshr_cxy2saddr_callee
target/ts2068/display/c/sccz80/tshr_cy2saddr
target/ts2068/display/c/sccz80/tshr_px2bitmask
target/ts2068/display/c/sccz80/tshr_pxy2saddr
target/ts2068/display/c/sccz80/tshr_pxy2saddr_callee
target/ts2068/display/c/sccz80/tshr_py2saddr
target/ts2068/display/c/sccz80/tshr_saddr2cx
target/ts2068/display/c/sccz80/tshr_saddr2cy
target/ts2068/display/c/sccz80/tshr_saddr2px
target/ts2068/display/c/sccz80/tshr_saddr2py
target/ts2068/display/c/sccz80/tshr_saddrcdown
target/ts2068/display/c/sccz80/tshr_saddrcleft
target/ts2068/display/c/sccz80/tshr_saddrcright
target/ts2068/display/c/sccz80/tshr_saddrcup
target/ts2068/display/c/sccz80/tshr_saddrpdown
target/ts2068/display/c/sccz80/tshr_saddrpleft
target/ts2068/display/c/sccz80/tshr_saddrpleft_callee
target/ts2068/display/c/sccz80/tshr_saddrpright
target/ts2068/display/c/sccz80/tshr_saddrpright_callee
target/ts2068/display/c/sccz80/tshr_saddrpup
