@target/zx/display/display_sdcc.lst
@target/ts2068/display/display_asm.lst
target/ts2068/display/c/sdcc/tshc_aaddr2cx
target/ts2068/display/c/sdcc/tshc_aaddr2cx_fastcall
target/ts2068/display/c/sdcc/tshc_aaddr2cy
target/ts2068/display/c/sdcc/tshc_aaddr2cy_fastcall
target/ts2068/display/c/sdcc/tshc_aaddr2px
target/ts2068/display/c/sdcc/tshc_aaddr2px_fastcall
target/ts2068/display/c/sdcc/tshc_aaddr2py
target/ts2068/display/c/sdcc/tshc_aaddr2py_fastcall
target/ts2068/display/c/sdcc/tshc_aaddr2saddr
target/ts2068/display/c/sdcc/tshc_aaddr2saddr_fastcall
target/ts2068/display/c/sdcc/tshc_aaddrcdown
target/ts2068/display/c/sdcc/tshc_aaddrcdown_fastcall
target/ts2068/display/c/sdcc/tshc_aaddrcleft
target/ts2068/display/c/sdcc/tshc_aaddrcleft_fastcall
target/ts2068/display/c/sdcc/tshc_aaddrcright
target/ts2068/display/c/sdcc/tshc_aaddrcright_fastcall
target/ts2068/display/c/sdcc/tshc_aaddrcup
target/ts2068/display/c/sdcc/tshc_aaddrcup_fastcall
target/ts2068/display/c/sdcc/tshc_aaddrpdown
target/ts2068/display/c/sdcc/tshc_aaddrpdown_fastcall
target/ts2068/display/c/sdcc/tshc_aaddrpleft
target/ts2068/display/c/sdcc/tshc_aaddrpleft_callee
target/ts2068/display/c/sdcc/tshc_aaddrpright
target/ts2068/display/c/sdcc/tshc_aaddrpright_callee
target/ts2068/display/c/sdcc/tshc_aaddrpup
target/ts2068/display/c/sdcc/tshc_aaddrpup_fastcall
target/ts2068/display/c/sdcc/tshc_bitmask2px
target/ts2068/display/c/sdcc/tshc_bitmask2px_fastcall
target/ts2068/display/c/sdcc/tshc_cxy2aaddr
target/ts2068/display/c/sdcc/tshc_cxy2aaddr_callee
target/ts2068/display/c/sdcc/tshc_cxy2saddr
target/ts2068/display/c/sdcc/tshc_cxy2saddr_callee
target/ts2068/display/c/sdcc/tshc_cy2aaddr
target/ts2068/display/c/sdcc/tshc_cy2aaddr_fastcall
target/ts2068/display/c/sdcc/tshc_cy2saddr
target/ts2068/display/c/sdcc/tshc_cy2saddr_fastcall
target/ts2068/display/c/sdcc/tshc_px2bitmask
target/ts2068/display/c/sdcc/tshc_px2bitmask_fastcall
target/ts2068/display/c/sdcc/tshc_pxy2aaddr
target/ts2068/display/c/sdcc/tshc_pxy2aaddr_callee
target/ts2068/display/c/sdcc/tshc_pxy2saddr
target/ts2068/display/c/sdcc/tshc_pxy2saddr_callee
target/ts2068/display/c/sdcc/tshc_py2aaddr
target/ts2068/display/c/sdcc/tshc_py2aaddr_fastcall
target/ts2068/display/c/sdcc/tshc_py2saddr
target/ts2068/display/c/sdcc/tshc_py2saddr_fastcall
target/ts2068/display/c/sdcc/tshc_saddr2aaddr
target/ts2068/display/c/sdcc/tshc_saddr2aaddr_fastcall
target/ts2068/display/c/sdcc/tshc_saddr2cx
target/ts2068/display/c/sdcc/tshc_saddr2cx_fastcall
target/ts2068/display/c/sdcc/tshc_saddr2cy
target/ts2068/display/c/sdcc/tshc_saddr2cy_fastcall
target/ts2068/display/c/sdcc/tshc_saddr2px
target/ts2068/display/c/sdcc/tshc_saddr2px_fastcall
target/ts2068/display/c/sdcc/tshc_saddr2py
target/ts2068/display/c/sdcc/tshc_saddr2py_fastcall
target/ts2068/display/c/sdcc/tshc_saddrcdown
target/ts2068/display/c/sdcc/tshc_saddrcdown_fastcall
target/ts2068/display/c/sdcc/tshc_saddrcleft
target/ts2068/display/c/sdcc/tshc_saddrcleft_fastcall
target/ts2068/display/c/sdcc/tshc_saddrcright
target/ts2068/display/c/sdcc/tshc_saddrcright_fastcall
target/ts2068/display/c/sdcc/tshc_saddrcup
target/ts2068/display/c/sdcc/tshc_saddrcup_fastcall
target/ts2068/display/c/sdcc/tshc_saddrpdown
target/ts2068/display/c/sdcc/tshc_saddrpdown_fastcall
target/ts2068/display/c/sdcc/tshc_saddrpleft
target/ts2068/display/c/sdcc/tshc_saddrpleft_callee
target/ts2068/display/c/sdcc/tshc_saddrpright
target/ts2068/display/c/sdcc/tshc_saddrpright_callee
target/ts2068/display/c/sdcc/tshc_saddrpup
target/ts2068/display/c/sdcc/tshc_saddrpup_fastcall
target/ts2068/display/c/sdcc/tshr_bitmask2px
target/ts2068/display/c/sdcc/tshr_bitmask2px_fastcall
target/ts2068/display/c/sdcc/tshr_cxy2saddr
target/ts2068/display/c/sdcc/tshr_cxy2saddr_callee
target/ts2068/display/c/sdcc/tshr_cy2saddr
target/ts2068/display/c/sdcc/tshr_cy2saddr_fastcall
target/ts2068/display/c/sdcc/tshr_px2bitmask
target/ts2068/display/c/sdcc/tshr_px2bitmask_fastcall
target/ts2068/display/c/sdcc/tshr_pxy2saddr
target/ts2068/display/c/sdcc/tshr_pxy2saddr_callee
target/ts2068/display/c/sdcc/tshr_py2saddr
target/ts2068/display/c/sdcc/tshr_py2saddr_fastcall
target/ts2068/display/c/sdcc/tshr_saddr2cx
target/ts2068/display/c/sdcc/tshr_saddr2cx_fastcall
target/ts2068/display/c/sdcc/tshr_saddr2cy
target/ts2068/display/c/sdcc/tshr_saddr2cy_fastcall
target/ts2068/display/c/sdcc/tshr_saddr2px
target/ts2068/display/c/sdcc/tshr_saddr2px_fastcall
target/ts2068/display/c/sdcc/tshr_saddr2py
target/ts2068/display/c/sdcc/tshr_saddr2py_fastcall
target/ts2068/display/c/sdcc/tshr_saddrcdown
target/ts2068/display/c/sdcc/tshr_saddrcdown_fastcall
target/ts2068/display/c/sdcc/tshr_saddrcleft
target/ts2068/display/c/sdcc/tshr_saddrcleft_fastcall
target/ts2068/display/c/sdcc/tshr_saddrcright
target/ts2068/display/c/sdcc/tshr_saddrcright_fastcall
target/ts2068/display/c/sdcc/tshr_saddrcup
target/ts2068/display/c/sdcc/tshr_saddrcup_fastcall
target/ts2068/display/c/sdcc/tshr_saddrpdown
target/ts2068/display/c/sdcc/tshr_saddrpdown_fastcall
target/ts2068/display/c/sdcc/tshr_saddrpleft
target/ts2068/display/c/sdcc/tshr_saddrpleft_callee
target/ts2068/display/c/sdcc/tshr_saddrpright
target/ts2068/display/c/sdcc/tshr_saddrpright_callee
target/ts2068/display/c/sdcc/tshr_saddrpup
target/ts2068/display/c/sdcc/tshr_saddrpup_fastcall
