@target/zxn-libs/memory/memory_asm.lst
target/zxn-libs/memory/c/sdcc/zxn_addr_from_mmu
target/zxn-libs/memory/c/sdcc/zxn_addr_from_mmu_fastcall
target/zxn-libs/memory/c/sdcc/zxn_addr_from_page
target/zxn-libs/memory/c/sdcc/zxn_addr_from_page_fastcall
target/zxn-libs/memory/c/sdcc/zxn_addr_in_mmu
target/zxn-libs/memory/c/sdcc/zxn_addr_in_mmu_callee
target/zxn-libs/memory/c/sdcc/zxn_mangle_bank_state
target/zxn-libs/memory/c/sdcc/zxn_mangle_bank_state_fastcall
target/zxn-libs/memory/c/sdcc/zxn_mmu_from_addr
target/zxn-libs/memory/c/sdcc/zxn_mmu_from_addr_fastcall
target/zxn-libs/memory/c/sdcc/zxn_page_from_addr
target/zxn-libs/memory/c/sdcc/zxn_page_from_addr_fastcall
target/zxn-libs/memory/c/sdcc/zxn_read_mmu_state
target/zxn-libs/memory/c/sdcc/zxn_read_mmu_state_fastcall
target/zxn-libs/memory/c/sdcc/zxn_read_sysvar_bank_state
target/zxn-libs/memory/c/sdcc/zxn_write_bank_state
target/zxn-libs/memory/c/sdcc/zxn_write_bank_state_fastcall
target/zxn-libs/memory/c/sdcc/zxn_write_mmu_state
target/zxn-libs/memory/c/sdcc/zxn_write_mmu_state_fastcall
target/zxn-libs/memory/c/sdcc/zxn_write_sysvar_bank_state
target/zxn-libs/memory/c/sdcc/zxn_write_sysvar_bank_state_fastcall
