target/excali64/stdio/generic_console
target/excali64/stdio/generic_console_ioctl
target/excali64/stdio/conio_vars
target/excali64/stdio/conio_map_colour
target/excali64/stdio/CRT_FONT
target/excali64/stdio/copy_font
target/excali64/stdio/loadudg6
@font/font_8x8/font_8x8.lst
@input/input_keyboard.lst
graphics/dcircle
graphics/clg
graphics/generic_console/getmaxx
graphics/generic_console/getmaxy6
graphics/generic_console/clsgraph
graphics/generic_console/plotpixl6
graphics/generic_console/respixl6
graphics/generic_console/xorpixl6
graphics/generic_console/pointxy6
graphics/generic_console/div3
graphics/generic_console/swapgfxbk
graphics/fill
graphics/dfill2
graphics/putsprite3
graphics/stencil_render2
graphics/text/swapgfxbk
@gfxbase.lst
@video/mc6845/mc6845.lst
