target/enterprise/graphics/circle
target/enterprise/graphics/uncircle
target/enterprise/graphics/fill
target/enterprise/graphics/clg
target/enterprise/graphics/clga
gfx/retrofit/obj/${TYPE}/clga_callee
target/enterprise/graphics/draw
gfx/retrofit/obj/${TYPE}/draw_callee
target/enterprise/graphics/undraw
gfx/retrofit/obj/${TYPE}/undraw_callee
target/enterprise/graphics/xordraw
gfx/retrofit/obj/${TYPE}/xordraw_callee
target/enterprise/graphics/drawr
gfx/retrofit/obj/${TYPE}/drawr_callee
target/enterprise/graphics/undrawr
gfx/retrofit/obj/${TYPE}/undrawr_callee
target/enterprise/graphics/xordrawr
gfx/retrofit/obj/${TYPE}/xordrawr_callee
target/enterprise/graphics/drawto
gfx/retrofit/obj/${TYPE}/drawto_callee
target/enterprise/graphics/undrawto
gfx/retrofit/obj/${TYPE}/undrawto_callee
target/enterprise/graphics/xordrawto
gfx/retrofit/obj/${TYPE}/xordrawto_callee
target/enterprise/graphics/plot
gfx/retrofit/obj/${TYPE}/plot_callee
target/enterprise/graphics/unplot
gfx/retrofit/obj/${TYPE}/unplot_callee
target/enterprise/graphics/xorplot
gfx/retrofit/obj/${TYPE}/xorplot_callee
target/enterprise/graphics/setxy
target/enterprise/graphics/move
classic/gfx/wide/obj/${TARGET}/w_putsprite4
gfx/retrofit/obj/${TYPE}/w_plotpixl
gfx/retrofit/obj/${TYPE}/w_respixl
gfx/retrofit/obj/${TYPE}/w_setxy
@classic/gfx/wide/gfx_wide.lst
