target/enterprise/graphics_hr/circle
target/enterprise/graphics_hr/uncircle
target/enterprise/graphics_hr/fill
target/enterprise/graphics_hr/clg
target/enterprise/graphics_hr/clga
gfx/retrofit/obj/${TYPE}/clga_callee
target/enterprise/graphics_hr/draw
gfx/retrofit/obj/${TYPE}/draw_callee
target/enterprise/graphics_hr/undraw
gfx/retrofit/obj/${TYPE}/undraw_callee
target/enterprise/graphics_hr/xordraw
gfx/retrofit/obj/${TYPE}/xordraw_callee
target/enterprise/graphics_hr/drawr
gfx/retrofit/obj/${TYPE}/drawr_callee
target/enterprise/graphics_hr/undrawr
gfx/retrofit/obj/${TYPE}/undrawr_callee
target/enterprise/graphics_hr/xordrawr
gfx/retrofit/obj/${TYPE}/xordrawr_callee
target/enterprise/graphics_hr/drawto
gfx/retrofit/obj/${TYPE}/drawto_callee
target/enterprise/graphics_hr/undrawto
gfx/retrofit/obj/${TYPE}/undrawto_callee
target/enterprise/graphics_hr/xordrawto
gfx/retrofit/obj/${TYPE}/xordrawto_callee
target/enterprise/graphics_hr/plot
gfx/retrofit/obj/${TYPE}/plot_callee
target/enterprise/graphics_hr/unplot
gfx/retrofit/obj/${TYPE}/unplot_callee
target/enterprise/graphics_hr/xorplot
gfx/retrofit/obj/${TYPE}/xorplot_callee
target/enterprise/graphics_hr/setxy
target/enterprise/graphics_hr/move
classic/gfx/wide/obj/${TARGET}/w_putsprite4
gfx/retrofit/obj/${TYPE}/w_plotpixl
gfx/retrofit/obj/${TYPE}/w_respixl
gfx/retrofit/obj/${TYPE}/w_setxy
@classic/gfx/wide/gfx_wide.lst
