@classic/video/mc6847/mc6847.lst
target/vz/stdio/fgetc_cons
target/vz/stdio/fputc_cons
target/vz/stdio/getk
target/vz/stdio/ansi/f_ansi_attr
target/vz/stdio/ansi/f_ansi_bel
target/vz/stdio/ansi/f_ansi_char
target/vz/stdio/ansi/f_ansi_cls
target/vz/stdio/ansi/f_ansi_dline
target/vz/stdio/ansi/f_ansi_scrollup
@classic/stdio/ansicore.lst
@classic/stdio/stdio.lst

target/vz/graphics/textpixl
@classic/gfx/narrow/gfx_narrow.lst
target/vz/games/bit_open
target/vz/games/bit_open_di
target/vz/games/bit_close
target/vz/games/bit_close_ei
target/vz/games/joystick
@classic/games/games.lst
@classic/input/input_keyboard.lst
target/vz/vz_bgrd
target/vz/vz_brick
target/vz/vz_brick_callee
target/vz/vz_char_draw
target/vz/vz_clrscr
target/vz/vz_color
target/vz/vz_getch
target/vz/vz_gotoxy
target/vz/vz_gotoxy_callee
target/vz/vz_inch
target/vz/vz_line
target/vz/vz_line_callee
target/vz/vz_midstr
target/vz/vz_midstr_callee
target/vz/vz_mode
target/vz/vz_plot
target/vz/vz_plot_callee
target/vz/vz_point
target/vz/vz_point_callee
target/vz/vz_score
target/vz/vz_score_callee
target/vz/vz_setbase
target/vz/vz_shape
target/vz/vz_sound
target/vz/vz_sound_callee
target/vz/vz_soundcopy
target/vz/vz_soundcopy_callee

