compress/zx7/dzx7_agile_rcs
compress/zx7/dzx7_agile_rcs_callee
compress/zx7/dzx7_agile_rcs_back
compress/zx7/dzx7_agile_rcs_back_callee
compress/zx7/dzx7_mega
compress/zx7/dzx7_mega_callee
compress/zx7/dzx7_mega_back
compress/zx7/dzx7_mega_back_callee
compress/zx7/dzx7_smart_rcs
compress/zx7/dzx7_smart_rcs_callee
compress/zx7/dzx7_smart_rcs_back
compress/zx7/dzx7_smart_rcs_back_callee
compress/zx7/dzx7_standard
compress/zx7/dzx7_standard_callee
compress/zx7/dzx7_standard_back
compress/zx7/dzx7_standard_back_callee
compress/zx7/dzx7_turbo
compress/zx7/dzx7_turbo_callee
compress/zx7/dzx7_turbo_back
compress/zx7/dzx7_turbo_back_callee
../_DEVELOPMENT/compress/zx7/z80/asm_dzx7_agile_rcs
../_DEVELOPMENT/compress/zx7/z80/asm_dzx7_agile_rcs_back
../_DEVELOPMENT/compress/zx7/z80/asm_dzx7_mega
../_DEVELOPMENT/compress/zx7/z80/asm_dzx7_mega_back
../_DEVELOPMENT/compress/zx7/z80/asm_dzx7_smart_rcs
../_DEVELOPMENT/compress/zx7/z80/asm_dzx7_smart_rcs_back
../_DEVELOPMENT/compress/zx7/z80/asm_dzx7_standard
../_DEVELOPMENT/compress/zx7/z80/asm_dzx7_standard_back
../_DEVELOPMENT/compress/zx7/z80/asm_dzx7_turbo
../_DEVELOPMENT/compress/zx7/z80/asm_dzx7_turbo_back
