
math/float/math32/c/m32_acosf
math/float/math32/c/m32_acoshf
math/float/math32/c/m32_asinf
math/float/math32/c/m32_asinhf
math/float/math32/c/m32_atan2f
math/float/math32/c/m32_atanf
math/float/math32/c/m32_atanhf
math/float/math32/c/m32_cosf
math/float/math32/c/m32_coshf
math/float/math32/c/m32_expf
math/float/math32/c/m32_fmodf
math/float/math32/c/m32_log10f
math/float/math32/c/m32_logf
math/float/math32/c/m32_modff
math/float/math32/c/m32_powf
math/float/math32/c/m32_roundf
math/float/math32/c/m32_sinf
math/float/math32/c/m32_sinhf
math/float/math32/c/m32_tanf
math/float/math32/c/m32_tanhf
