font/fzx/zx/c/sccz80/fzx_buffer_extent
font/fzx/zx/c/sccz80/fzx_buffer_extent_callee
font/fzx/zx/c/sccz80/fzx_partition
font/fzx/zx/c/sccz80/fzx_partition_callee
font/fzx/zx/c/sccz80/fzx_partition_ww
font/fzx/zx/c/sccz80/fzx_partition_ww_callee
font/fzx/zx/c/sccz80/fzx_char_metrics
font/fzx/zx/c/sccz80/fzx_char_metrics_callee
font/fzx/zx/c/sccz80/fzx_mode
font/fzx/zx/c/sccz80/fzx_putc
font/fzx/zx/c/sccz80/fzx_puts
font/fzx/zx/c/sccz80/fzx_setat
font/fzx/zx/c/sccz80/fzx_setat_callee
font/fzx/zx/c/sccz80/fzx_string_extent
font/fzx/zx/c/sccz80/fzx_string_partition
font/fzx/zx/c/sccz80/fzx_string_partition_callee
font/fzx/zx/c/sccz80/fzx_string_partition_ww
font/fzx/zx/c/sccz80/fzx_string_partition_ww_callee
font/fzx/zx/c/sccz80/fzx_write
font/fzx/zx/c/sccz80/fzx_write_callee
font/fzx/zx/z80/__fzx_char_metrics
font/fzx/zx/z80/__fzx_glyph_width
font/fzx/zx/z80/__fzx_width_sm
