arch/spectrum/display/c/rl_sdcc/zx_aaddr2cx
arch/spectrum/display/c/rl_sdcc/zx_aaddr2cy
arch/spectrum/display/c/rl_sdcc/zx_aaddr2px
arch/spectrum/display/c/rl_sdcc/zx_aaddr2py
arch/spectrum/display/c/rl_sdcc/zx_aaddr2saddr
arch/spectrum/display/c/rl_sdcc/zx_aaddrcdown
arch/spectrum/display/c/rl_sdcc/zx_aaddrcleft
arch/spectrum/display/c/rl_sdcc/zx_aaddrcright
arch/spectrum/display/c/rl_sdcc/zx_aaddrcup
arch/spectrum/display/c/rl_sdcc/zx_bitmask2px
arch/spectrum/display/c/rl_sdcc/zx_cy2aaddr
arch/spectrum/display/c/rl_sdcc/zx_cy2saddr
arch/spectrum/display/c/rl_sdcc/zx_cyx2aaddr
arch/spectrum/display/c/rl_sdcc/zx_cyx2saddr
arch/spectrum/display/c/rl_sdcc/zx_px2bitmask
arch/spectrum/display/c/rl_sdcc/zx_pxy2aaddr
arch/spectrum/display/c/rl_sdcc/zx_pxy2saddr
arch/spectrum/display/c/rl_sdcc/zx_py2aaddr
arch/spectrum/display/c/rl_sdcc/zx_py2saddr
arch/spectrum/display/c/rl_sdcc/zx_saddr2aaddr
arch/spectrum/display/c/rl_sdcc/zx_saddr2cx
arch/spectrum/display/c/rl_sdcc/zx_saddr2cy
arch/spectrum/display/c/rl_sdcc/zx_saddr2px
arch/spectrum/display/c/rl_sdcc/zx_saddr2py
arch/spectrum/display/c/rl_sdcc/zx_saddrcdown
arch/spectrum/display/c/rl_sdcc/zx_saddrcleft
arch/spectrum/display/c/rl_sdcc/zx_saddrcright
arch/spectrum/display/c/rl_sdcc/zx_saddrcup
arch/spectrum/display/c/rl_sdcc/zx_saddrpdown
arch/spectrum/display/c/rl_sdcc/zx_saddrpleft
arch/spectrum/display/c/rl_sdcc/zx_saddrpright
arch/spectrum/display/c/rl_sdcc/zx_saddrpup
