c/lr_sdcc/zx_aaddr2cx
c/lr_sdcc/zx_aaddr2cy
c/lr_sdcc/zx_aaddr2px
c/lr_sdcc/zx_aaddr2py
c/lr_sdcc/zx_aaddr2saddr
c/lr_sdcc/zx_aaddrcdown
c/lr_sdcc/zx_aaddrcleft
c/lr_sdcc/zx_aaddrcright
c/lr_sdcc/zx_aaddrcup
c/lr_sdcc/zx_bitmask2px
c/lr_sdcc/zx_cy2aaddr
c/lr_sdcc/zx_cy2saddr
c/lr_sdcc/zx_cyx2aaddr
c/lr_sdcc/zx_cyx2saddr
c/lr_sdcc/zx_px2bitmask
c/lr_sdcc/zx_pxy2aaddr
c/lr_sdcc/zx_pxy2saddr
c/lr_sdcc/zx_py2aaddr
c/lr_sdcc/zx_py2saddr
c/lr_sdcc/zx_saddr2aaddr
c/lr_sdcc/zx_saddr2cx
c/lr_sdcc/zx_saddr2cy
c/lr_sdcc/zx_saddr2px
c/lr_sdcc/zx_saddr2py
c/lr_sdcc/zx_saddrcdown
c/lr_sdcc/zx_saddrcleft
c/lr_sdcc/zx_saddrcright
c/lr_sdcc/zx_saddrcup
c/lr_sdcc/zx_saddrpdown
c/lr_sdcc/zx_saddrpleft
c/lr_sdcc/zx_saddrpright
c/lr_sdcc/zx_saddrpup
