arch/spectrum/display/c/lr_sccz80/zx_aaddr2cx
arch/spectrum/display/c/lr_sccz80/zx_aaddr2cy
arch/spectrum/display/c/lr_sccz80/zx_aaddr2px
arch/spectrum/display/c/lr_sccz80/zx_aaddr2py
arch/spectrum/display/c/lr_sccz80/zx_aaddr2saddr
arch/spectrum/display/c/lr_sccz80/zx_aaddrcdown
arch/spectrum/display/c/lr_sccz80/zx_aaddrcleft
arch/spectrum/display/c/lr_sccz80/zx_aaddrcright
arch/spectrum/display/c/lr_sccz80/zx_aaddrcup
arch/spectrum/display/c/lr_sccz80/zx_bitmask2px
arch/spectrum/display/c/lr_sccz80/zx_cy2aaddr
arch/spectrum/display/c/lr_sccz80/zx_cy2saddr
arch/spectrum/display/c/lr_sccz80/zx_cyx2aaddr
arch/spectrum/display/c/lr_sccz80/zx_cyx2aaddr_callee
arch/spectrum/display/c/lr_sccz80/zx_cyx2saddr
arch/spectrum/display/c/lr_sccz80/zx_cyx2saddr_callee
arch/spectrum/display/c/lr_sccz80/zx_px2bitmask
arch/spectrum/display/c/lr_sccz80/zx_pxy2aaddr
arch/spectrum/display/c/lr_sccz80/zx_pxy2aaddr_callee
arch/spectrum/display/c/lr_sccz80/zx_pxy2saddr
arch/spectrum/display/c/lr_sccz80/zx_pxy2saddr_callee
arch/spectrum/display/c/lr_sccz80/zx_py2aaddr
arch/spectrum/display/c/lr_sccz80/zx_py2saddr
arch/spectrum/display/c/lr_sccz80/zx_saddr2aaddr
arch/spectrum/display/c/lr_sccz80/zx_saddr2cx
arch/spectrum/display/c/lr_sccz80/zx_saddr2cy
arch/spectrum/display/c/lr_sccz80/zx_saddr2px
arch/spectrum/display/c/lr_sccz80/zx_saddr2py
arch/spectrum/display/c/lr_sccz80/zx_saddrcdown
arch/spectrum/display/c/lr_sccz80/zx_saddrcleft
arch/spectrum/display/c/lr_sccz80/zx_saddrcright
arch/spectrum/display/c/lr_sccz80/zx_saddrcup
arch/spectrum/display/c/lr_sccz80/zx_saddrpdown
arch/spectrum/display/c/lr_sccz80/zx_saddrpleft
arch/spectrum/display/c/lr_sccz80/zx_saddrpleft_callee
arch/spectrum/display/c/lr_sccz80/zx_saddrpright
arch/spectrum/display/c/lr_sccz80/zx_saddrpright_callee
arch/spectrum/display/c/lr_sccz80/zx_saddrpup
