arch/spectrum/display/z80/asm_zx_aaddr2cx
arch/spectrum/display/z80/asm_zx_aaddr2cy
arch/spectrum/display/z80/asm_zx_aaddr2px
arch/spectrum/display/z80/asm_zx_aaddr2py
arch/spectrum/display/z80/asm_zx_aaddr2saddr
arch/spectrum/display/z80/asm_zx_aaddrcdown
arch/spectrum/display/z80/asm_zx_aaddrcleft
arch/spectrum/display/z80/asm_zx_aaddrcright
arch/spectrum/display/z80/asm_zx_aaddrcup
arch/spectrum/display/z80/asm_zx_bitmask2px
arch/spectrum/display/z80/asm_zx_cy2aaddr
arch/spectrum/display/z80/asm_zx_cy2saddr
arch/spectrum/display/z80/asm_zx_cyx2aaddr
arch/spectrum/display/z80/asm_zx_cyx2saddr
arch/spectrum/display/z80/asm_zx_px2bitmask
arch/spectrum/display/z80/asm_zx_pxy2aaddr
arch/spectrum/display/z80/asm_zx_pxy2saddr
arch/spectrum/display/z80/asm_zx_py2aaddr
arch/spectrum/display/z80/asm_zx_py2saddr
arch/spectrum/display/z80/asm_zx_saddr2aaddr
arch/spectrum/display/z80/asm_zx_saddr2cx
arch/spectrum/display/z80/asm_zx_saddr2cy
arch/spectrum/display/z80/asm_zx_saddr2px
arch/spectrum/display/z80/asm_zx_saddr2py
arch/spectrum/display/z80/asm_zx_saddrcdown
arch/spectrum/display/z80/asm_zx_saddrcleft
arch/spectrum/display/z80/asm_zx_saddrcright
arch/spectrum/display/z80/asm_zx_saddrcup
arch/spectrum/display/z80/asm_zx_saddrpdown
arch/spectrum/display/z80/asm_zx_saddrpleft
arch/spectrum/display/z80/asm_zx_saddrpright
arch/spectrum/display/z80/asm_zx_saddrpup
