;math/float/math16/lm16/z80/asm_add
;math/float/math16/lm16/z80/asm_ceil
;math/float/math16/lm16/z80/asm_div
;math/float/math16/lm16/z80/asm_div2
;math/float/math16/lm16/z80/asm_fabs
;math/float/math16/lm16/z80/asm_floor
;math/float/math16/lm16/z80/asm_fpclassify
;math/float/math16/lm16/z80/asm_hypot
;math/float/math16/lm16/z80/asm_inv
;math/float/math16/lm16/z80/asm_invsqrt
;math/float/math16/lm16/z80/asm_mul
;math/float/math16/lm16/z80/asm_mul2
;math/float/math16/lm16/z80/asm_neg
;math/float/math16/lm16/z80/asm_poly
;math/float/math16/lm16/z80/asm_sigdig
;math/float/math16/lm16/z80/asm_sqr
;math/float/math16/lm16/z80/asm_sqrt
;math/float/math16/lm16/z80/asm_sub
;math/float/math16/lm16/z80/asm_zero
;math/float/math16/lm16/z80/asm_nan_b
;math/float/math16/lm16/z80/asm_dneg
;math/float/math16/lm16/z80/asm_dadd
;math/float/math16/lm16/z80/asm_dmul
;math/float/math16/lm16/z80/asm_dmul10u
;math/float/math16/lm16/z80/asm_dmulpow2
;math/float/math16/lm16/z80/asm_dmulpow10
;math/float/math16/lm16/z80/asm_double8u
;math/float/math16/lm16/z80/asm_double16u
;math/float/math16/lm16/z80/asm_double32u
;math/float/math16/lm16/z80/asm_dhexpop
;math/float/math16/lm16/z80/asm__dtoa_base10
;math/float/math16/lm16/z80/asm__dtoa_base16
;math/float/math16/lm16/z80/asm__dtoa_digits
;math/float/math16/lm16/z80/asm__dtoa_sgnabs
;math/float/math16/lm16/z80/asm_derror_zc
;math/float/math16/lm16/z80/asm_derror_onc
;math/float/math16/lm16/z80/asm_derror_znc
;math/float/math16/lm16/z80/asm_derror_nanc
;math/float/math16/lm16/z80/asm_derror_nannc
;math/float/math16/lm16/z80/asm_derror_pinfnc
;math/float/math16/lm16/z80/asm_derror_edom_zc
;math/float/math16/lm16/z80/asm_derror_edom_infc
;math/float/math16/lm16/z80/asm_derror_einval_zc
;math/float/math16/lm16/z80/asm_derror_erange_infc
