;math/float/math16/c/sdcc/cm16_sdcc_acos
;math/float/math16/c/sdcc/cm16_sdcc_acosh
;math/float/math16/c/sdcc/cm16_sdcc_asin
;math/float/math16/c/sdcc/cm16_sdcc_asinh
;math/float/math16/c/sdcc/cm16_sdcc_atan
;math/float/math16/c/sdcc/cm16_sdcc_atan2_callee
;math/float/math16/c/sdcc/cm16_sdcc_atanh
;math/float/math16/c/sdcc/cm16_sdcc_ceil
;math/float/math16/c/sdcc/cm16_sdcc_cos
;math/float/math16/c/sdcc/cm16_sdcc_cosh
;math/float/math16/c/sdcc/cm16_sdcc_dload
;math/float/math16/c/sdcc/cm16_sdcc_exp
;math/float/math16/c/sdcc/cm16_sdcc_fabs
;math/float/math16/c/sdcc/cm16_sdcc_floor
;math/float/math16/c/sdcc/cm16_sdcc_fpclassify
;math/float/math16/c/sdcc/cm16_sdcc___fh2sint
;math/float/math16/c/sdcc/cm16_sdcc___fh2sint_callee
;math/float/math16/c/sdcc/cm16_sdcc___fh2slong
;math/float/math16/c/sdcc/cm16_sdcc___fh2slong_callee
;math/float/math16/c/sdcc/cm16_sdcc___fh2uint
;math/float/math16/c/sdcc/cm16_sdcc___fh2uint_callee
;math/float/math16/c/sdcc/cm16_sdcc___fh2ulong
;math/float/math16/c/sdcc/cm16_sdcc___fh2ulong_callee
;math/float/math16/c/sdcc/cm16_sdcc_add
;math/float/math16/c/sdcc/cm16_sdcc_add_callee
;math/float/math16/c/sdcc/cm16_sdcc_div
;math/float/math16/c/sdcc/cm16_sdcc_div_callee
;math/float/math16/c/sdcc/cm16_sdcc_div2
;math/float/math16/c/sdcc/cm16_sdcc___eq_callee
;math/float/math16/c/sdcc/cm16_sdcc_frexp
;math/float/math16/c/sdcc/cm16_sdcc_frexp_callee
;math/float/math16/c/sdcc/cm16_sdcc___gt_callee
;math/float/math16/c/sdcc/cm16_sdcc_hypot
;math/float/math16/c/sdcc/cm16_sdcc_hypot_callee
;math/float/math16/c/sdcc/cm16_sdcc_inv
;math/float/math16/c/sdcc/cm16_sdcc_invsqrt
;math/float/math16/c/sdcc/cm16_sdcc_load
;math/float/math16/c/sdcc/cm16_sdcc_ldexp
;math/float/math16/c/sdcc/cm16_sdcc_ldexp_callee
;math/float/math16/c/sdcc/cm16_sdcc___lt_callee
;math/float/math16/c/sdcc/cm16_sdcc_fmin
;math/float/math16/c/sdcc/cm16_sdcc_fmin_callee
;math/float/math16/c/sdcc/cm16_sdcc_fmax
;math/float/math16/c/sdcc/cm16_sdcc_fmax_callee
;math/float/math16/c/sdcc/cm16_sdcc_mul
;math/float/math16/c/sdcc/cm16_sdcc_mul_callee
;math/float/math16/c/sdcc/cm16_sdcc_mul2
;math/float/math16/c/sdcc/cm16_sdcc_mul10u
;math/float/math16/c/sdcc/cm16_sdcc_neg
;math/float/math16/c/sdcc/cm16_sdcc___neq_callee
;math/float/math16/c/sdcc/cm16_sdcc_poly
;math/float/math16/c/sdcc/cm16_sdcc_poly_callee
;math/float/math16/c/sdcc/cm16_sdcc_read
;math/float/math16/c/sdcc/cm16_sdcc_read_callee
;math/float/math16/c/sdcc/cm16_sdcc_sqr
;math/float/math16/c/sdcc/cm16_sdcc_sqrt
;math/float/math16/c/sdcc/cm16_sdcc_sub
;math/float/math16/c/sdcc/cm16_sdcc_sub_callee
;math/float/math16/c/sdcc/cm16_sdcc_zero
;math/float/math16/c/sdcc/cm16_sdcc_log
;math/float/math16/c/sdcc/cm16_sdcc_log10
;math/float/math16/c/sdcc/cm16_sdcc_pow_callee
;math/float/math16/c/sdcc/cm16_sdcc_round
;math/float/math16/c/sdcc/cm16_sdcc___schar2fh
;math/float/math16/c/sdcc/cm16_sdcc___schar2fh_callee
;math/float/math16/c/sdcc/cm16_sdcc_sin
;math/float/math16/c/sdcc/cm16_sdcc_sinh
;math/float/math16/c/sdcc/cm16_sdcc___sint2fh
;math/float/math16/c/sdcc/cm16_sdcc___sint2fh_callee
;math/float/math16/c/sdcc/cm16_sdcc___slong2fh
;math/float/math16/c/sdcc/cm16_sdcc___slong2fh_callee
;math/float/math16/c/sdcc/cm16_sdcc_tan
;math/float/math16/c/sdcc/cm16_sdcc_tanh
;math/float/math16/c/sdcc/cm16_sdcc___uchar2fh
;math/float/math16/c/sdcc/cm16_sdcc___uchar2fh_callee
;math/float/math16/c/sdcc/cm16_sdcc___uint2fh
;math/float/math16/c/sdcc/cm16_sdcc___uint2fh_callee
;math/float/math16/c/sdcc/cm16_sdcc___ulong2fh
;math/float/math16/c/sdcc/cm16_sdcc___ulong2fh_callee
