;math/float/math16/c/sccz80/cm16_sccz80_acos
;math/float/math16/c/sccz80/cm16_sccz80_acosh
;math/float/math16/c/sccz80/cm16_sccz80_asin
;math/float/math16/c/sccz80/cm16_sccz80_asinh
;math/float/math16/c/sccz80/cm16_sccz80_atan
;math/float/math16/c/sccz80/cm16_sccz80_atan2
;math/float/math16/c/sccz80/cm16_sccz80_atan2_callee
;math/float/math16/c/sccz80/cm16_sccz80_atanh
;math/float/math16/c/sccz80/cm16_sccz80_ceil
;math/float/math16/c/sccz80/cm16_sccz80_cos
;math/float/math16/c/sccz80/cm16_sccz80_cosh
;math/float/math16/c/sccz80/cm16_sccz80_dload
;math/float/math16/c/sccz80/cm16_sccz80_dloadb
;math/float/math16/c/sccz80/cm16_sccz80_exp
;math/float/math16/c/sccz80/cm16_sccz80_fabs
;math/float/math16/c/sccz80/cm16_sccz80_floor
;math/float/math16/c/sccz80/cm16_sccz80_fmax
;math/float/math16/c/sccz80/cm16_sccz80_fmax_callee
;math/float/math16/c/sccz80/cm16_sccz80_fmin
;math/float/math16/c/sccz80/cm16_sccz80_fmin_callee
;math/float/math16/c/sccz80/cm16_sccz80_fmod
;math/float/math16/c/sccz80/cm16_sccz80_fmod_callee
;math/float/math16/c/sccz80/cm16_sccz80_fpclassify
;math/float/math16/c/sccz80/cm16_sccz80_add
;math/float/math16/c/sccz80/cm16_sccz80_add_callee
;math/float/math16/c/sccz80/cm16_sccz80_div
;math/float/math16/c/sccz80/cm16_sccz80_div_callee
;math/float/math16/c/sccz80/cm16_sccz80_div2
;math/float/math16/c/sccz80/cm16_sccz80_frexp
;math/float/math16/c/sccz80/cm16_sccz80_frexp_callee
;math/float/math16/c/sccz80/cm16_sccz80_hypot
;math/float/math16/c/sccz80/cm16_sccz80_hypot_callee
;math/float/math16/c/sccz80/cm16_sccz80_inv
;math/float/math16/c/sccz80/cm16_sccz80_invsqrt
;math/float/math16/c/sccz80/cm16_sccz80_load
;math/float/math16/c/sccz80/cm16_sccz80_ldexp
;math/float/math16/c/sccz80/cm16_sccz80_ldexp_callee
;math/float/math16/c/sccz80/cm16_sccz80_mul
;math/float/math16/c/sccz80/cm16_sccz80_mul_callee
;math/float/math16/c/sccz80/cm16_sccz80_mul2
;math/float/math16/c/sccz80/cm16_sccz80_mul10u
;math/float/math16/c/sccz80/cm16_sccz80_neg
;math/float/math16/c/sccz80/cm16_sccz80_poly
;math/float/math16/c/sccz80/cm16_sccz80_poly_callee
;math/float/math16/c/sccz80/cm16_sccz80_read
;math/float/math16/c/sccz80/cm16_sccz80_read_callee
;math/float/math16/c/sccz80/cm16_sccz80_sqr
;math/float/math16/c/sccz80/cm16_sccz80_sqrt
;math/float/math16/c/sccz80/cm16_sccz80_sub
;math/float/math16/c/sccz80/cm16_sccz80_sub_callee
;math/float/math16/c/sccz80/cm16_sccz80_zero
;math/float/math16/c/sccz80/cm16_sccz80_log
;math/float/math16/c/sccz80/cm16_sccz80_log10
;math/float/math16/c/sccz80/cm16_sccz80_modf
;math/float/math16/c/sccz80/cm16_sccz80_modf_callee
;math/float/math16/c/sccz80/cm16_sccz80_pow
;math/float/math16/c/sccz80/cm16_sccz80_pow_callee
;math/float/math16/c/sccz80/cm16_sccz80_round
;math/float/math16/c/sccz80/cm16_sccz80_sin
;math/float/math16/c/sccz80/cm16_sccz80_sinh
;math/float/math16/c/sccz80/cm16_sccz80_switch_arg
;math/float/math16/c/sccz80/cm16_sccz80_tan
;math/float/math16/c/sccz80/cm16_sccz80_tanh
