
;math/float/math16/c/asm/m16_acosf
;math/float/math16/c/asm/m16_acoshf
;math/float/math16/c/asm/m16_asinf
;math/float/math16/c/asm/m16_asinhf
;math/float/math16/c/asm/m16_atan2f
;math/float/math16/c/asm/m16_atanf
;math/float/math16/c/asm/m16_atanhf
;math/float/math16/c/asm/m16_cosf
;math/float/math16/c/asm/m16_coshf
;math/float/math16/c/asm/m16_expf
;math/float/math16/c/asm/m16_exp2f
;math/float/math16/c/asm/m16_exp10f
;math/float/math16/c/asm/m16_fmodf
;math/float/math16/c/asm/m16_logf
;math/float/math16/c/asm/m16_log2f
;math/float/math16/c/asm/m16_log10f
;math/float/math16/c/asm/m16_modff
;math/float/math16/c/asm/m16_powf
;math/float/math16/c/asm/m16_roundf
;math/float/math16/c/asm/m16_sinf
;math/float/math16/c/asm/m16_sinhf
;math/float/math16/c/asm/m16_tanf
;math/float/math16/c/asm/m16_tanhf
