newlib/drivers/terminal/console_01/input/console_01_input_terminal
newlib/drivers/terminal/console_01/input/console_01_input_terminal_fdriver
newlib/drivers/terminal/console_01/input/console_01_input_terminal/console_01_input_proc_echo
newlib/drivers/terminal/console_01/input/console_01_input_terminal/console_01_input_proc_getc
newlib/drivers/terminal/console_01/input/console_01_input_terminal/console_01_input_proc_reset
newlib/drivers/terminal/console_01/input/console_01_input_terminal/console_01_input_stdio_msg_eatc
newlib/drivers/terminal/console_01/input/console_01_input_terminal/console_01_input_stdio_msg_flsh
newlib/drivers/terminal/console_01/input/console_01_input_terminal/console_01_input_stdio_msg_getc
newlib/drivers/terminal/console_01/input/console_01_input_terminal/console_01_input_stdio_msg_ictl
newlib/drivers/terminal/console_01/input/console_01_input_terminal/console_01_input_stdio_msg_read
newlib/drivers/terminal/console_01/input/console_01_input_terminal/console_01_input_stdio_msg_seek
newlib/drivers/terminal/console_01/output/console_01_output_terminal
newlib/drivers/terminal/console_01/output/console_01_output_terminal_char
newlib/drivers/terminal/console_01/output/console_01_output_terminal_fdriver
newlib/drivers/terminal/console_01/output/console_01_output_terminal_fzx
newlib/drivers/terminal/console_01/output/console_01_output_terminal/console_01_output_stdio_msg_putc
newlib/drivers/terminal/console_01/output/console_01_output_terminal/console_01_output_stdio_msg_writ
newlib/drivers/terminal/console_01/output/console_01_output_terminal_char/console_01_output_char_iterm_msg_bs
newlib/drivers/terminal/console_01/output/console_01_output_terminal_char/console_01_output_char_iterm_msg_putc
newlib/drivers/terminal/console_01/output/console_01_output_terminal_char/console_01_output_char_iterm_msg_readline_begin
newlib/drivers/terminal/console_01/output/console_01_output_terminal_char/console_01_output_char_iterm_msg_readline_end
newlib/drivers/terminal/console_01/output/console_01_output_terminal_char/console_01_output_char_oterm_msg_putc
newlib/drivers/terminal/console_01/output/console_01_output_terminal_char/console_01_output_char_proc_linefeed
newlib/drivers/terminal/console_01/output/console_01_output_terminal_char/console_01_output_char_proc_move_down
newlib/drivers/terminal/console_01/output/console_01_output_terminal_char/console_01_output_char_proc_move_left
newlib/drivers/terminal/console_01/output/console_01_output_terminal_char/console_01_output_char_proc_move_right
newlib/drivers/terminal/console_01/output/console_01_output_terminal_char/console_01_output_char_proc_move_up
newlib/drivers/terminal/console_01/output/console_01_output_terminal_char/console_01_output_char_proc_putchar_scroll
newlib/drivers/terminal/console_01/output/console_01_output_terminal_char/console_01_output_char_proc_putchar_scroll_adjust
newlib/drivers/terminal/console_01/output/console_01_output_terminal_char/console_01_output_char_proc_reset_scroll_limit
newlib/drivers/terminal/console_01/output/console_01_output_terminal_char/console_01_output_char_stdio_msg_ictl
newlib/drivers/terminal/console_01/output/console_01_output_terminal_fzx/console_01_output_fzx_iterm_msg_bs
newlib/drivers/terminal/console_01/output/console_01_output_terminal_fzx/console_01_output_fzx_iterm_msg_bs_pwd
newlib/drivers/terminal/console_01/output/console_01_output_terminal_fzx/console_01_output_fzx_iterm_msg_erase_cursor
newlib/drivers/terminal/console_01/output/console_01_output_terminal_fzx/console_01_output_fzx_iterm_msg_erase_cursor_pwd
newlib/drivers/terminal/console_01/output/console_01_output_terminal_fzx/console_01_output_fzx_iterm_msg_print_cursor
newlib/drivers/terminal/console_01/output/console_01_output_terminal_fzx/console_01_output_fzx_iterm_msg_putc
newlib/drivers/terminal/console_01/output/console_01_output_terminal_fzx/console_01_output_fzx_iterm_msg_readline_begin
newlib/drivers/terminal/console_01/output/console_01_output_terminal_fzx/console_01_output_fzx_iterm_msg_readline_end
newlib/drivers/terminal/console_01/output/console_01_output_terminal_fzx/console_01_output_fzx_oterm_msg_putc
newlib/drivers/terminal/console_01/output/console_01_output_terminal_fzx/console_01_output_fzx_proc_check_scroll
newlib/drivers/terminal/console_01/output/console_01_output_terminal_fzx/console_01_output_fzx_proc_line_spacing
newlib/drivers/terminal/console_01/output/console_01_output_terminal_fzx/console_01_output_fzx_proc_linefeed
newlib/drivers/terminal/console_01/output/console_01_output_terminal_fzx/console_01_output_fzx_proc_putchar_scroll
newlib/drivers/terminal/console_01/output/console_01_output_terminal_fzx/console_01_output_fzx_stdio_msg_ictl
