@target/zx/bifrost_h/bifrost_h_asm.lst
target/zx/bifrost_h/c/sdcc/BIFROSTH_drawBackTilesH
target/zx/bifrost_h/c/sdcc/BIFROSTH_drawBackTilesH_callee
target/zx/bifrost_h/c/sdcc/BIFROSTH_drawTileH
target/zx/bifrost_h/c/sdcc/BIFROSTH_drawTileH_callee
target/zx/bifrost_h/c/sdcc/BIFROSTH_drawTilePosH
target/zx/bifrost_h/c/sdcc/BIFROSTH_drawTilePosH_callee
target/zx/bifrost_h/c/sdcc/BIFROSTH_fillTileAttrH
target/zx/bifrost_h/c/sdcc/BIFROSTH_fillTileAttrH_callee
target/zx/bifrost_h/c/sdcc/BIFROSTH_findAttrH
target/zx/bifrost_h/c/sdcc/BIFROSTH_findAttrH_callee
target/zx/bifrost_h/c/sdcc/BIFROSTH_getAnimGroup
target/zx/bifrost_h/c/sdcc/BIFROSTH_getAnimGroup_fastcall
target/zx/bifrost_h/c/sdcc/BIFROSTH_getTile
target/zx/bifrost_h/c/sdcc/BIFROSTH_getTile_callee
target/zx/bifrost_h/c/sdcc/BIFROSTH_resetAnim2Frames
target/zx/bifrost_h/c/sdcc/BIFROSTH_resetAnim4Frames
target/zx/bifrost_h/c/sdcc/BIFROSTH_setTile
target/zx/bifrost_h/c/sdcc/BIFROSTH_setTile_callee
target/zx/bifrost_h/c/sdcc/BIFROSTH_showNextTile
target/zx/bifrost_h/c/sdcc/BIFROSTH_showTilePosH
target/zx/bifrost_h/c/sdcc/BIFROSTH_showTilePosH_callee
target/zx/bifrost_h/c/sdcc/BIFROSTH_start
target/zx/bifrost_h/c/sdcc/BIFROSTH_stop
