math/float/math32/c/m32_acosf
math/float/math32/c/m32_asinf
math/float/math32/c/m32_atan2f
math/float/math32/c/m32_atanf
math/float/math32/c/m32_ceilf
math/float/math32/c/m32_cosf
math/float/math32/c/m32_coshf
math/float/math32/c/m32_expf
math/float/math32/c/m32_fabsf
math/float/math32/c/m32_floorf
math/float/math32/c/m32_fmodf
math/float/math32/c/m32_frexpf
math/float/math32/c/m32_ldexpf
math/float/math32/c/m32_log10f
math/float/math32/c/m32_logf
math/float/math32/c/m32_modff
math/float/math32/c/m32_powf
math/float/math32/c/m32_sinf
math/float/math32/c/m32_sinhf
math/float/math32/c/m32_tanf
math/float/math32/c/m32_tanhf
math/float/math32/c/_m32_fs2schar
math/float/math32/c/_m32_fs2sint
math/float/math32/c/_m32_fs2slong
math/float/math32/c/_m32_fs2uchar
math/float/math32/c/_m32_fs2uint
math/float/math32/c/_m32_fs2ulong
math/float/math32/c/_m32_fseq
math/float/math32/c/_m32_fsgt
math/float/math32/c/_m32_fslt
math/float/math32/c/_m32_fsneq
