target/zx/stdio/obj/${TARGET}/fputc_cons
target/zx/stdio/obj/${TARGET}/CRT_FONT
target/zx/stdio/obj/${TARGET}/generic_console_vpeek
target/zx/stdio/obj/${TARGET}/generic_console_attrs
target/zx/stdio/obj/${TARGET}/CRT_FONT_64
target/zx/stdio/obj/${TARGET}/fputc_cons_fzx
target/zx/stdio/obj/${TARGET}/generic_console_printc
target/zx/stdio/obj/${TARGET}/generic_console_cls
target/zx/stdio/obj/${TARGET}/generic_console_cursor
target/zx/stdio/obj/${TARGET}/fputc_cons_scrollup
target/zx/stdio/obj/${TARGET}/conio_vars
target/zx/stdio/obj/${TARGET}/fgetc_cons
target/zx/stdio/obj/${TARGET}/conio_map_colour
target/zx/stdio/obj/${TARGET}/getk
target/zx/stdio/obj/${TARGET}/generic_console_ioctl
target/zx/stdio/obj/${TARGET}/CRT_FONT_FZX
target/zx/stdio/obj/${TARGET}/bordercolour
target/zx/stdio/obj/${TARGET}/getk_rom
target/zx/stdio/obj/${TARGET}/fgetc_cons_rom
target/zx/stdio/obj/${TARGET}/console_vars
target/zx/stdio/obj/${TARGET}/fputc_cons_rom_rst
target/zx/stdio/obj/${TARGET}/generic_console_scrollup
target/zx/stdio/obj/${TARGET}/ansi/f_ansi_attr.o
target/zx/stdio/obj/${TARGET}/ansi/f_ansi_char_flexible.o
target/zx/stdio/obj/${TARGET}/ansi/f_ansi_dline.o
target/zx/stdio/obj/${TARGET}/ansi/f_ansi_cls.o
target/zx/stdio/obj/${TARGET}/ansi/f_ansi_scrollup.o
target/zx/stdio/obj/${TARGET}/ansi/f_ansi_char.o
target/zx/stdio/obj/${TARGET}/ansi/f_ansi_bel.o
