c/lr_sccz80/p_list_back
c/lr_sccz80/p_list_clear
c/lr_sccz80/p_list_empty
c/lr_sccz80/p_list_front
c/lr_sccz80/p_list_init
c/lr_sccz80/p_list_insert
c/lr_sccz80/p_list_insert_after
c/lr_sccz80/p_list_insert_after_callee
c/lr_sccz80/p_list_insert_callee
c/lr_sccz80/p_list_pop_back
c/lr_sccz80/p_list_pop_front
c/lr_sccz80/p_list_push_back
c/lr_sccz80/p_list_push_back_callee
c/lr_sccz80/p_list_push_front
c/lr_sccz80/p_list_push_front_callee
c/lr_sccz80/p_list_remove
c/lr_sccz80/p_list_remove_after
c/lr_sccz80/p_list_remove_after_callee
c/lr_sccz80/p_list_remove_callee
c/lr_sccz80/p_list_size
