z80/errno_mc
z80/errno_zc
z80/error_divide_by_zero_mc
z80/error_divide_by_zero_zc
z80/error_eacces_mc
z80/error_ebadf_zc
z80/error_edom_mc
z80/error_edom_zc
z80/error_efbig_mc
z80/error_efbig_zc
z80/error_einval_mc
z80/error_einval_zc
z80/error_enolck_mc
z80/error_enolck_zc
z80/error_enomem_mc
z80/error_enomem_zc
z80/error_enotsup_mc
z80/error_eoverflow_mc
z80/error_eoverflow_zc
z80/error_erange_mc
z80/error_erange_zc
z80/error_mc
z80/error_mnc
z80/error_mulu_overflow_mc
z80/error_zc
z80/error_znc
z80/__error_strings
