stdio/abc800/fgetc_cons
stdio/abc800/fputc_cons
stdio/abc800/getk
stdio/puts_cons
graphics/circle
graphics/clg
graphics/clga
graphics/clrarea
graphics/dcircle
graphics/draw
graphics/drawb
graphics/drawr
graphics/lbitmask
graphics/lftscrol
graphics/line
graphics/liner
graphics/lscroll
graphics/plot
graphics/abc80/clsgraph
graphics/abc80/pixel
graphics/plotpixl_smc
graphics/respixl_smc
graphics/xorpixl_smc
graphics/putsprite_smc
graphics/swapgfxbk_foo
graphics/point
graphics/pointxy
graphics/multipoint
graphics/rbitmask
graphics/rscroll
graphics/uncircle
graphics/undraw
graphics/undrawb
graphics/undrawr
graphics/unplot
graphics/drawbox
graphics/xorborder
graphics/xorplot
graphics/setxy
games/joystick
abc800/abc_cursor
abc800/abc_vdu
@z80.lst
