stdio/abc80/fgetc_cons
stdio/abc80/getk
stdio/ansi/f_ansi
stdio/ansi/f_ansi_lf
stdio/ansi/f_ansi_putc
stdio/ansi/fputc_cons
stdio/ansi/puts_cons
stdio/ansi/f_ansi_dsr6
stdio/ansi/abc80/f_ansi_attr
stdio/ansi/abc80/f_ansi_bel
stdio/ansi/abc80/f_ansi_char
stdio/ansi/abc80/f_ansi_cls
stdio/ansi/abc80/f_ansi_dline
stdio/ansi/abc80/f_ansi_scrollup
graphics/circle
graphics/clg
graphics/clga
graphics/clrarea
graphics/dcircle
graphics/draw
graphics/drawb
graphics/drawr
graphics/lbitmask
graphics/lftscrol
graphics/line
graphics/liner
graphics/lscroll
graphics/plot
graphics/abc80/clsgraph
graphics/abc80/pixel
graphics/plotpixl_smc
graphics/respixl_smc
graphics/xorpixl_smc
graphics/putsprite_smc
graphics/swapgfxbk_foo
graphics/point
graphics/pointxy
graphics/multipoint
graphics/rbitmask
graphics/rscroll
graphics/uncircle
graphics/undraw
graphics/undrawb
graphics/undrawr
graphics/unplot
graphics/drawbox
graphics/xorborder
graphics/xorplot
graphics/setxy
games/joystick
abc80/abc_inv
@z80.lst
