@stdio/stdio.lst
stdio/ace/fputc_cons
stdio/ace/fgetc_cons
stdio/ace/getk
stdio/ansi/f_ansi
stdio/ansi/f_ansi_lf
stdio/ansi/f_ansi_putc
stdio/ansi/fputc_cons
stdio/ansi/puts_cons
stdio/ansi/f_ansi_dsr6
stdio/ansi/ace/f_ansi_attr
stdio/ansi/ace/f_ansi_bel
stdio/ansi/ace/f_ansi_char
stdio/ansi/ace/f_ansi_cls
stdio/ansi/generic/f_ansi_dline
stdio/ansi/ace/f_ansi_scrollup
time/ace/clock
@gfxbase.lst
graphics/dcircle
graphics/clg
graphics/clrarea
graphics/ace/clsgraph
graphics/lftscrol
graphics/text6/div3
graphics/text6/loadudg6
graphics/ace/plotpixl
graphics/ace/respixl
graphics/ace/xorpixl
graphics/ace/pointxy
graphics/fill
graphics/dfill2
graphics/putsprite2
graphics/liner
graphics/draw_profile
graphics/stencil_render2
graphics/swapgfxbk_foo
@games/games.lst
@ace/ace.lst
@z80.lst
