stdio/ace/fgetc_cons
stdio/ace/getk
stdio/ansi/f_ansi
stdio/ansi/f_ansi_lf
stdio/ansi/f_ansi_putc
stdio/ansi/fputc_cons
stdio/ansi/puts_cons
stdio/ansi/f_ansi_dsr6
stdio/ansi/ace/f_ansi_attr
stdio/ansi/ace/f_ansi_bel
stdio/ansi/ace/f_ansi_char
stdio/ansi/ace/f_ansi_cls
stdio/ansi/generic/f_ansi_dline
stdio/ansi/ace/f_ansi_scrollup
graphics/circle
graphics/clg
graphics/clga
graphics/clrarea
graphics/dcircle
graphics/draw
graphics/drawb
graphics/drawr
graphics/lbitmask
graphics/lftscrol
graphics/line
graphics/liner
graphics/lscroll
graphics/plot
graphics/ace/plotpixl
graphics/ace/respixl
graphics/ace/xorpixl
graphics/ace/clsgraph
graphics/putsprite2
graphics/point
graphics/pointxy
graphics/multipoint
graphics/rbitmask
graphics/rscroll
graphics/uncircle
graphics/undraw
graphics/undrawb
graphics/undrawr
graphics/unplot
graphics/drawbox
graphics/xorborder
graphics/xorplot
graphics/setxy
graphics/vz200/swapgfxbk
games/joystick
games/ace/bit_open
games/ace/bit_open_di
games/ace/bit_close
games/ace/bit_close_ei
games/bit_click
games/bit_play
games/bit_fx
games/bit_fx2
games/bit_fx3
games/bit_fx4
games/bit_synth
games/bit_frequency
games/bit_beep
games/beeper
@z80.lst
