@stdio/ansicore.lst
stdio/ansi/msx/f_ansi_attr
stdio/ansi/msx/f_ansi_bel
stdio/ansi/msx/f_ansi_char
stdio/ansi/msx/f_ansi_cls_nobios
stdio/ansi/generic/f_ansi_dline
stdio/ansi/msx/f_ansi_scrollup_nobios
@stdio/tms9918/tms9918.lst
@font/font_8x8/font_8x8.lst
graphics/dcircle
graphics/msx/gen_clg
graphics/lftscrol
graphics/msx/pixladdr
graphics/msx/plotpixl
graphics/msx/respixl
graphics/msx/xorpixl
graphics/msx/pointxy
graphics/fill
graphics/dfill2
graphics/getsprite
graphics/msx/putsprite
graphics/msx/bksave
graphics/msx/bkrestore
graphics/liner
graphics/msx/swapgfxbk
graphics/msx/stencil_render
graphics/msx/surface/surface_circle
graphics/msx/surface/surface_draw
graphics/msx/surface/surface_pixladdr
graphics/msx/surface/surface_plotpixl
graphics/msx/surface/surface_stencil_render
@gfxbase.lst
games/coleco/joystick
games/obj/coleco/joystick_type
psg/sn76489/bit_open
psg/sn76489/psg_tone
psg/sn76489/psg_volume
psg/sn76489/psg_envelope
psg/sn76489/psg_init.asm
psg/sn76489/set_psg.asm
psg/sn76489/set_psg_callee.asm
@psg/psg.lst
@video/tms9918/video_tms9918.lst
adam/cpm_platform_init
