stdio/inkey/fgetc_cons
stdio/inkey/getk
stdio/alphatro/fputc_cons_native
stdio/alphatro/generic_console
stdio/alphatro/generic_console_ioctl
stdio/alphatro/conio_vars
stdio/alphatro/conio_map_colour
@stdio/stdio.lst
@input/input_keyboard.lst
@gfxbasetxt6.lst
graphics/generic_console/plotpixl6
graphics/generic_console/respixl6
graphics/generic_console/xorpixl6
graphics/generic_console/pointxy6
graphics/generic_console/div3
graphics/dcircle2
graphics/__gfx_coords
graphics/alphatro/textpixl6
graphics/alphatro/cleargraphics
@video/mc6845/mc6845.lst
games/alphatro/keys_joystick
@games/games.lst
@z80.lst
