@stdio/stdio.lst
stdio/aquarius/fgetc_cons
stdio/aquarius/getk
stdio/aquarius/fputc_cons
stdio/ansi/f_ansi
stdio/ansi/f_ansi_lf
stdio/ansi/f_ansi_putc
stdio/ansi/fputc_cons
stdio/ansi/puts_cons
stdio/ansi/f_ansi_dsr6
stdio/ansi/aquarius/f_ansi_attr
stdio/ansi/aquarius/f_ansi_bel
stdio/ansi/aquarius/f_ansi_char
stdio/ansi/aquarius/f_ansi_cls
stdio/ansi/aquarius/f_ansi_dline
stdio/ansi/aquarius/f_ansi_scrollup
@gfxbasetxt6.lst
graphics/aquarius/textpixl6
@games/games.lst
psg/aquarius/set_psg
psg/aquarius/set_psg_callee
psg/aquarius/get_psg
psg/aquarius/psg_init
@psg/psg.lst
@z80.lst
