stdio/aquarius/fgetc_cons
stdio/aquarius/getk
stdio/ansi/f_ansi
stdio/ansi/f_ansi_lf
stdio/ansi/f_ansi_putc
stdio/ansi/fputc_cons
stdio/ansi/puts_cons
stdio/ansi/f_ansi_dsr6
stdio/ansi/aquarius/f_ansi_attr
stdio/ansi/aquarius/f_ansi_bel
stdio/ansi/aquarius/f_ansi_char
stdio/ansi/aquarius/f_ansi_cls
stdio/ansi/aquarius/f_ansi_dline
stdio/ansi/aquarius/f_ansi_scrollup
graphics/circle
graphics/clg
graphics/clga
graphics/clrarea
graphics/dcircle
graphics/draw
graphics/drawb
graphics/drawr
graphics/lbitmask
graphics/lftscrol
graphics/line
graphics/liner
graphics/lscroll
graphics/plot
graphics/aquarius/textpixl6
graphics/text6/plotpixl
graphics/text6/respixl
graphics/text6/xorpixl
graphics/text6/div3
graphics/text6/clsgraph
graphics/text6/swapgfxbk
graphics/putsprite2
graphics/point
graphics/text6/pointxy
graphics/multipoint
graphics/rbitmask
graphics/rscroll
graphics/uncircle
graphics/undraw
graphics/undrawb
graphics/undrawr
graphics/unplot
graphics/drawbox
graphics/xorborder
graphics/xorplot
graphics/setxy
games/aquarius/bit_open
games/aquarius/bit_open_di
games/aquarius/bit_close
games/aquarius/bit_close_ei
games/bit_click
games/bit_play
games/bit_fx
games/bit_fx2
games/bit_fx3
games/bit_fx4
games/bit_synth
games/bit_frequency
games/bit_beep
games/beeper
games/joystick
@z80.lst
