@gfxbasew.lst
graphics/aussie/clg
graphics/aussie/w_pixladdr
graphics/clrarea
graphics/aussie/w_plotpixl
graphics/aussie/w_respixl
graphics/aussie/w_xorpixl
graphics/lftscrol
graphics/swapgfxbk_foo
graphics/draw_profile
graphics/aussie/w_pointxy
games/aussie/bit_open
games/aussie/bit_open_di
games/aussie/bit_close
games/aussie/bit_close_ei
games/bit_click
games/bit_play
games/bit_fx
games/bit_fx2
games/bit_fx3
games/bit_fx4
games/bit_synth
games/bit_frequency
games/bit_beep
games/beeper
games/__bit_irqstatus
games/__snd_tick
