graphics/__gfx_coords
graphics/__graphics_end
graphics/circle
graphics/bee/clg
graphics/bee/clsgraph
graphics/clga
graphics/clrarea
graphics/dcircle2
graphics/draw
graphics/xordraw
graphics/drawb
graphics/drawr
graphics/xordrawr
graphics/drawto
graphics/xordrawto
graphics/getmaxx
graphics/getmaxy
graphics/lbitmask
graphics/lftscrol
graphics/text6/div3
graphics/bee/loadudg6.asm
graphics/line
graphics/liner2
graphics/lscroll
graphics/plot
graphics/bee/plotpixl
graphics/bee/respixl
graphics/bee/xorpixl
graphics/putsprite3
graphics/point
graphics/bee/pointxy
graphics/fill
graphics/dfill2
graphics/multipoint
graphics/rbitmask
graphics/rscroll
graphics/uncircle
graphics/undraw
graphics/undrawb
graphics/undrawr
graphics/unplot
graphics/drawbox
graphics/setxy
graphics/xorborder
graphics/xorplot
graphics/setxy
graphics/swapgfxbk_foo
graphics/drawbox
games/bit_open
games/bit_open_di
games/bit_close
games/bit_close_ei
games/bit_click
games/bit_play
games/bit_fx
games/bit_fx2
games/bit_fx3
games/bit_fx4
games/bit_synth
games/bit_frequency
games/bit_beep
games/beeper
games/__bit_irqstatus
games/__snd_tick
