@stdio/ansicore.lst
target/bee/stdio/ansi/f_ansi_attr
target/bee/stdio/ansi/f_ansi_bel
target/bee/stdio/ansi/f_ansi_char
target/bee/stdio/ansi/f_ansi_cls
target/bee/stdio/ansi/f_ansi_dline
target/bee/stdio/ansi/f_ansi_scrollup
target/bee/stdio/generic_console
target/bee/stdio/generic_console_ioctl
target/bee/stdio/conio_map_colour
target/bee/stdio/conio_vars
target/bee/stdio/CRT_FONT
target/bee/stdio/copy_font
@font/font_8x8/font_8x8.lst
target/bee/games/joystick
@games/games.lst
graphics/dcircle
graphics/clg
graphics/generic_console/clsgraph
target/bee/graphics/textpixl
graphics/generic_console/plotpixl
graphics/generic_console/respixl
graphics/generic_console/xorpixl
graphics/generic_console/pointxy
graphics/generic_console/getmaxx
graphics/generic_console/getmaxy
graphics/putsprite3
graphics/stencil_render2
graphics/text/swapgfxbk
@gfxbase.lst
