graphics/__gfx_coords
graphics/__graphics_end
graphics/circle
graphics/bee/clg
graphics/bee/clsgraph
graphics/clga
graphics/clrarea
graphics/dcircle2
graphics/draw
graphics/draw_callee
graphics/undraw
graphics/undraw_callee
graphics/xordraw
graphics/xordraw_callee
graphics/drawr
graphics/drawr_callee
graphics/undrawr
graphics/undrawr_callee
graphics/xordrawr
graphics/xordrawr_callee
graphics/drawto
graphics/drawto_callee
graphics/undrawto
graphics/undrawto_callee
graphics/xordrawto
graphics/xordrawto_callee
graphics/drawb
graphics/draw_profile
graphics/stencil_render2
graphics/dither_pattern
graphics/stencil_add_circle
graphics/stencil_add_liner
graphics/stencil_add_lineto
graphics/stencil_add_side
graphics/stencil_add_point
graphics/stencil_add_pixel
graphics/stencil_init
graphics/getmaxx
graphics/getmaxy
graphics/lbitmask
graphics/lftscrol
graphics/text6/div3
graphics/bee/loadudg6.asm
graphics/line
graphics/liner2
graphics/lscroll
graphics/plot
graphics/bee/plotpixl
graphics/bee/respixl
graphics/bee/xorpixl
graphics/putsprite3
graphics/point
graphics/bee/pointxy
graphics/fill
graphics/dfill2
graphics/multipoint
graphics/rbitmask
graphics/rscroll
graphics/uncircle
graphics/undrawb
graphics/unplot
graphics/drawbox
graphics/xorborder
graphics/xorplot
graphics/setxy
graphics/move
graphics/pen_up
graphics/pen_down
graphics/putc4x6
graphics/swapgfxbk_foo
graphics/drawbox
graphics/lores/c_plotpixel
graphics/lores/c_respixel
graphics/lores/c_xorpixel
graphics/lores/c_plot
graphics/lores/c_unplot
graphics/lores/c_xorplot
graphics/lores/c_pointxy
graphics/lores/c_point
