@stdio/ansicore.lst
target/coleco/stdio/CRT_FONT
target/coleco/stdio/fgetc_cons
target/coleco/stdio/getk
@stdio/stdio.lst
@font/font_8x8/font_8x8.lst
graphics/dcircle
graphics/fill
graphics/dfill2
graphics/getsprite
@video/tms9918/video_tms9918_nmi.lst
@gfxbase.lst
psg/sn76489/bit_open
target/coleco/games/joystick
target/coleco/games/coleco_joypad
games/obj/coleco/joystick_type
@games/games.lst
psg/sn76489/psg_tone
psg/sn76489/psg_volume
psg/sn76489/psg_envelope
psg/sn76489/psg_init.asm
psg/sn76489/set_psg.asm
psg/sn76489/set_psg_callee.asm
@z80.lst
