stdio/cpc/fgetc_cons
stdio/cpc/fputc_cons
stdio/cpc/getk
stdio/puts_cons
graphics/circle
graphics/cpc/clg
graphics/clga
graphics/cpc/clrarea
graphics/dcircle2
graphics/cpc/draw
graphics/drawb
graphics/cpc/drawr
graphics/lbitmask
graphics/lftscrol
graphics/lscroll
graphics/cpc/plot
graphics/plotpixl
graphics/point
graphics/pointxy
graphics/multipoint
graphics/rbitmask
graphics/respixl
graphics/rscroll
graphics/uncircle
graphics/cpc/undraw
graphics/undrawb
graphics/cpc/undrawr
graphics/cpc/unplot
graphics/drawbox
graphics/xorborder
graphics/xorplot
graphics/xorpixl
graphics/setxy
graphics/cpc/fill
graphics/cpc/putsprite
graphics/getsprite
graphics/bksave
graphics/bkrestore
graphics/cpc/pixladdr
graphics/cpc/swapgfxbk
graphics/clsgraph
games/joystick
@z80.lst
