@cpcgray.lst
@gfxbasew.lst
graphics/w_drawb
graphics/w_undrawb
graphics/w_xorborder
graphics/cpc/clg
graphics/clga
graphics/cpc/w_pixeladdress
graphics/cpc/fill
graphics/clrarea
graphics/w_plotpixl
graphics/w_respixl
graphics/w_xorpixl
graphics/lftscrol
graphics/cpc/swapgfxbk
graphics/cpc/w_putsprite
graphics/w_stencil_render
graphics/draw_profile
graphics/w_pointxy
games/cpc/joystick
cpc/cpmfirmware
cpc/bios_msg
cpc/cpc_fdc
cpc/cpc_model
cpc/cpc_rsx
cpc/cpc_rsx_str
cpc/cpc_rsx_strcpy
cpc/cpc_rsx_strcpy_callee
cpc/fdc_address
psg/cpc/set_psg
psg/cpc/set_psg_callee
psg/cpc/get_psg
psg/cpc/psg_init
@psg/psg.lst
