stdio/excali64/generic_console
stdio/excali64/generic_console_ioctl
stdio/excali64/conio_vars
stdio/excali64/conio_map_colour
stdio/excali64/CRT_FONT
stdio/excali64/copy_font
stdio/excali64/loadudg6
@font/font_8x8/font_8x8.lst
graphics/dcircle
graphics/clg
graphics/generic_console/getmaxx
graphics/generic_console/getmaxy6
graphics/generic_console/clsgraph
graphics/generic_console/plotpixl6
graphics/generic_console/respixl6
graphics/generic_console/xorpixl6
graphics/generic_console/pointxy6
graphics/generic_console/div3
graphics/generic_console/swapgfxbk
graphics/fill
graphics/dfill2
graphics/putsprite3
graphics/stencil_render2
graphics/text/swapgfxbk
@gfxbase.lst
@video/mc6845/mc6845.lst
