_DEVELOPMENT/ctype/obj/${TYPE}/**/*.o
_DEVELOPMENT/font/font_4x8/obj/${TYPE}/**/*.o
_DEVELOPMENT/font/font_8x8/obj/${TYPE}/**/*.o
_DEVELOPMENT/font/font_8x10/obj/${TYPE}/**/*.o
@classic/lib3d/lib3d.lst
_DEVELOPMENT/libgen/obj/${TYPE}/**/*.o
_DEVELOPMENT/setjmp/obj/${TYPE}/**/*.o
@classic/stdlib/stdlib.lst

; Include alloc before strings so we get the malloc version of strdup, not the 
; one inherited form newlib
@classic/alloc/alloc.lst
@classic/string/string.lst
_DEVELOPMENT/string/obj/${TYPE}/**/*.o
_DEVELOPMENT/regex/obj/${TYPE}/**/*.o
classic/stdio/obj/${TYPE}/ansi/ansifont_f3
classic/stdio/obj/${TYPE}/ansi/ansifont_f4
classic/stdio/obj/${TYPE}/ansi/ansifont_f4pack
classic/stdio/obj/${TYPE}/ansi/ansifont_f5
classic/stdio/obj/${TYPE}/ansi/ansifont_f6
classic/stdio/obj/${TYPE}/ansi/ansifont_f8
@classic/compress/zx7/zx7.lst
_DEVELOPMENT/compress/aplib/obj/${TYPE}/**/*.o
_DEVELOPMENT/compress/zx0/obj/${TYPE}/**/*.o
_DEVELOPMENT/compress/zx1/obj/${TYPE}/**/*.o
_DEVELOPMENT/compress/zx2/obj/${TYPE}/**/*.o
@classic/adt/adt.lst
_DEVELOPMENT/adt/obj/${TYPE}/**/*.o
@debug/debug.lst
@classic/rect/rect.lst
@classic/algorithm/alg.lst
_DEVELOPMENT/arch/z80/obj/${TYPE}/**/*.o
@interrupts/interrupts.lst
_DEVELOPMENT/time/obj/${TYPE}/**/*.o
_DEVELOPMENT/math/fix16/obj/${TYPE}/**/*.o
@z80_crt0s/crt0.lst

