target/fp1100/gencon/generic_console
target/fp1100/gencon/generic_console_ioctl
target/fp1100/gencon/CRT_FONT
target/fp1100/gencon/conio_map_colour
target/fp1100/stdio/fputc_cons_native
target/fp1100/stdio/fgetc_cons
target/fp1100/stdio/getk
@stdio/stdio.lst
graphics/generic_console/getmaxx1
graphics/generic_console/getmaxy1
graphics/generic_console/plotpixl1
graphics/generic_console/respixl1
graphics/generic_console/xorpixl1
graphics/generic_console/pointxy1
graphics/generic_console/swapgfxbk.asm
graphics/dcircle2
graphics/__gfx_coords
@gfxbase.lst
@font/font_8x8/font_8x8.lst
@z80.lst
