stdio/g800/fgetc_cons
stdio/g800/getk
@stdio/ansicore.lst
stdio/ansi/g800/f_ansi_attr
stdio/ansi/g800/f_ansi_bel
stdio/ansi/g800/f_ansi_char
stdio/ansi/g800/f_ansi_cls
stdio/ansi/g800/f_ansi_dline
stdio/ansi/g800/f_ansi_scrollup
@stdio/stdio.lst
@z80.lst
graphics/__graphics_end
graphics/circle
graphics/clg
graphics/clga
graphics/clrarea
graphics/dcircle
graphics/dfill2
graphics/drawb
graphics/drawbox
graphics/fill
graphics/multipoint
graphics/plot
graphics/swapgfxbk_foo
graphics/uncircle
graphics/undrawb
graphics/unplot
graphics/xorplot
graphics/xorborder
graphics/g800/clsgraph
graphics/g800/draw
graphics/g800/draw_main
graphics/g800/drawto
graphics/g800/getmaxx
graphics/g800/getmaxy
graphics/g800/plotpixel
graphics/g800/pointxy
graphics/g800/respixel
graphics/g800/undraw
graphics/g800/undrawr
graphics/g800/undrawto
graphics/g800/xordraw
graphics/g800/xordrawr
graphics/g800/xordrawto
graphics/g800/xorpixel
