stdio/g800/fgetc_cons_850
stdio/g800/getk_850
@stdio/ansicore.lst
stdio/ansi/g800/f_ansi_attr
stdio/ansi/g800/f_ansi_bel
stdio/ansi/g800/f_ansi_char_850
stdio/ansi/g800/f_ansi_cls_850
stdio/ansi/generic/f_ansi_dline
stdio/ansi/g800/f_ansi_scrollup_850
@stdio/stdio.lst
@z80.lst
graphics/__graphics_end
graphics/circle
graphics/clg
graphics/clga
graphics/clrarea
graphics/dcircle
graphics/dfill2
graphics/drawb
graphics/drawbox
graphics/fill
graphics/multipoint
graphics/plot
graphics/swapgfxbk_foo
graphics/uncircle
graphics/unplot
graphics/xorplot
graphics/g800/clsgraph_850
graphics/g800/draw
graphics/g800/getmaxx
graphics/g800/getmaxy_850
graphics/g800/plotpixel
