target/g800/invlcd
target/g800/lcd_contrast
target/g800/lcd_on
target/g800/lcd_off
target/g800/stdio/fgetc_cons_850
target/g800/stdio/getk_850
graphics/clg
graphics/dcircle
graphics/dfill2
graphics/fill
graphics/swapgfxbk_foo
graphics/uncircle
target/g800/graphics/clsgraph_850
target/g800/graphics/getmaxx
target/g800/graphics/getmaxy_850
target/g800/graphics/locate
target/g800/graphics/plotpixel
target/g800/graphics/point
graphics/retrofit/point_callee
target/g800/graphics/pointxy
target/g800/graphics/respixel
target/g800/graphics/xorpixel
graphics/putsprite3
graphics/stencil_render2
target/g800/graphics/bksave
target/g800/graphics/bkrestore
@gfxbase.lst
