stdio/gal/fgetc_cons
stdio/gal/fputc_cons
stdio/gal/getk
stdio/gal/generic_console
stdio/gal/generic_console_ioctl
stdio/gal/generic_console_vpeek
stdio/gal/CRT_FONT
stdio/gal/conio_vars
stdio/gal/printc_MODE1
stdio/gal/vpeek_MODE1
stdio/gal/scrollup_MODE1
stdio/gal/vpeek_screendollar
@stdio/stdio.lst
gal/scrolluptxt
gal/scrolldowntxt
gal/invtxt
gal/filltxt
@font/font_8x8/font_8x8.lst
@stdio/ansicore.lst
stdio/ansi/gal/f_ansi_attr
stdio/ansi/gal/f_ansi_char
stdio/ansi/gal/f_ansi_cls
stdio/ansi/gal/f_ansi_bel
stdio/ansi/gal/f_ansi_dline
stdio/ansi/gal/f_ansi_scrollup
time/gal/clock
@gfxbasetxt6.lst
graphics/dcircle2
graphics/__gfx_coords
graphics/gal/textpixl6
games/gal/bit_open
games/gal/bit_open_di
games/gal/bit_close
games/gal/bit_close_ei
games/gal/joystick
@games/games_mwr.lst
@z80.lst
