graphics/c128_64k/w_pixladdr
graphics/c128/w_plotpixl
graphics/c128/w_respixl
graphics/c128/w_xorpixl
graphics/w_plot
graphics/w_xorplot
graphics/w_unplot
graphics/w_draw
graphics/w_drawr
graphics/w_line
graphics/w_liner
graphics/w_setxy
graphics/w_undraw
graphics/w_undrawr
graphics/circle
graphics/c128_64k/clg
graphics/clga
graphics/clrarea
graphics/dcircle
graphics/drawb
graphics/undrawb
graphics/drawbox
graphics/lbitmask
graphics/lftscrol
graphics/lscroll
graphics/swapgfxbk_foo
graphics/c128/w_putsprite
graphics/w_point
graphics/c128/w_pointxy
graphics/w_multipoint
graphics/rbitmask
graphics/rscroll
graphics/uncircle
graphics/xorborder
