@gfxbase.lst
graphics/dcircle2
graphics/zx81/hr/clg
graphics/zx81/hr/g007_clg_hr
graphics/clrarea2
graphics/lftscrol
graphics/liner2
graphics/plotpixl
graphics/pointxy
graphics/respixl
graphics/fill
graphics/dfill2
graphics/getsprite
graphics/putsprite
graphics/stencil_render
graphics/bksave
graphics/bkrestore
graphics/xorpixl
stdio/ansi/zx81/f_ansi_char
stdio/ansi/zx81/f_ansi_cls
stdio/ansi/zx81/f_ansi_dline
stdio/ansi/zx81/f_ansi_scrollup
graphics/zx81/swapgfxbk
graphics/zx81/hr/g007_pixladdr
graphics/zx81/hr/g007_hrg_on
graphics/zx81/hr/g007_hrg_off
