graphics/__gfx_coords
graphics/__graphics_end
graphics/circle
graphics/zx81/udg/clg
graphics/zx81/clsgraph
graphics/clga
graphics/clrarea
graphics/dcircle2
graphics/draw
graphics/xordraw
graphics/draw_profile_nostencil
graphics/drawb
graphics/drawr
graphics/xordrawr
graphics/drawto
graphics/undrawto
graphics/xordrawto
graphics/getmaxx
graphics/getmaxy
graphics/lbitmask
graphics/lftscrol
graphics/text6/div3
graphics/text6/loadudg6
graphics/line
graphics/liner2
graphics/lscroll
graphics/plot
graphics/zx81/udg/plotpixl
graphics/zx81/udg/respixl
graphics/zx81/udg/xorpixl
graphics/putsprite3
graphics/point
graphics/zx81/udg/pointxy
graphics/fill
graphics/dfill2
graphics/multipoint
graphics/rbitmask
graphics/rscroll
graphics/uncircle
graphics/undraw
graphics/undrawb
graphics/undrawr
graphics/unplot
graphics/drawbox
graphics/setxy
graphics/xorborder
graphics/xorplot
graphics/setxy
graphics/zx81/swapgfxbk
graphics/drawbox
