graphics/circle
graphics/zx81/hr/clg
graphics/zx81/hr/copytxt
graphics/clga
graphics/clrarea
graphics/dcircle2
graphics/draw
graphics/draw_profile
graphics/drawb
graphics/drawr
graphics/drawto
graphics/getmaxx
graphics/getmaxy
graphics/lbitmask
graphics/lftscrol
graphics/line
graphics/liner2
graphics/lscroll
graphics/plot
graphics/plotpixl
graphics/point
graphics/pointxy
graphics/stencil_add_circle
graphics/stencil_add_liner
graphics/stencil_add_lineto
graphics/stencil_add_side
graphics/stencil_add_point
graphics/stencil_add_pixel
graphics/stencil_init
graphics/dither_pattern
graphics/stencil_render
graphics/multipoint
graphics/rbitmask
graphics/respixl
graphics/rscroll
graphics/uncircle
graphics/undraw
graphics/undrawb
graphics/undrawr
graphics/undrawto
graphics/unplot
graphics/drawbox
graphics/setxy
graphics/fill
graphics/dfill2
graphics/getsprite
graphics/putsprite
graphics/bksave
graphics/bkrestore
graphics/zx81/hr/pixladdr
graphics/zx81/swapgfxbk
graphics/xorborder
graphics/xorpixl
graphics/xorplot
graphics/gray/g_circle
graphics/gray/zx81/g_clg
graphics/gray/g_draw
graphics/gray/g_drawb
graphics/gray/g_drawr
graphics/gray/g_page
graphics/gray/grpage
graphics/gray/g_plot
graphics/gray/g_point
