@gfxbase.lst
graphics/dcircle2
graphics/zx81/hr/clg
graphics/zx81/hr/clrarea_arx
graphics/lftscrol
graphics/liner2
graphics/plotpixl
graphics/pointxy
graphics/respixl
graphics/fill
graphics/dfill2
graphics/getsprite
graphics/zx81/hr/putsprite_arx
graphics/stencil_render
graphics/bksave
graphics/bkrestore
graphics/xorpixl
graphics/zx81/swapgfxbk
graphics/zx81/hr/pixladdr_arx
graphics/zx81/hr/invhrg_arx
graphics/gray/g_circle
graphics/gray/zx81/g_clg
graphics/gray/g_draw
graphics/gray/g_drawb
graphics/gray/g_drawr
graphics/gray/g_page
graphics/gray/grpage
graphics/gray/g_plot
graphics/gray/g_point
