graphics/__gfx_coords
graphics/__graphics_end
graphics/circle
graphics/zx81/clg
graphics/zx81/clsgraph
graphics/zx81/zx_hardcopy
graphics/clga
graphics/clrarea
graphics/dcircle2
graphics/draw
graphics/draw_callee
graphics/undraw
graphics/undraw_callee
graphics/xordraw
graphics/xordraw_callee
graphics/drawr
graphics/drawr_callee
graphics/undrawr
graphics/undrawr_callee
graphics/xordrawr
graphics/xordrawr_callee
graphics/drawto
graphics/drawto_callee
graphics/undrawto
graphics/undrawto_callee
graphics/xordrawto
graphics/xordrawto_callee
graphics/draw_profile
graphics/stencil_render2
graphics/stencil_add_circle
graphics/stencil_add_liner
graphics/stencil_add_lineto
graphics/stencil_add_side
graphics/stencil_add_point
graphics/stencil_add_pixel
graphics/stencil_init
graphics/dither_pattern
graphics/drawb
graphics/getmaxx
graphics/getmaxy
graphics/lbitmask
graphics/lftscrol
graphics/line
graphics/liner2
graphics/lscroll
graphics/plot
graphics/zx81/plotpixl
graphics/zx81/respixl
graphics/zx81/xorpixl
graphics/putsprite3
graphics/point
graphics/zx81/pointxy
graphics/fill
graphics/dfill2
graphics/multipoint
graphics/rbitmask
graphics/rscroll
graphics/uncircle
graphics/undrawb
graphics/unplot
graphics/drawbox
graphics/xorborder
graphics/xorplot
graphics/setxy
graphics/move
graphics/pen_up
graphics/pen_down
graphics/putc4x6
graphics/zx81/swapgfxbk
graphics/drawbox
stdio/ansi/zx81/text/f_ansi_attr
stdio/ansi/zx81/text/f_ansi_char
stdio/ansi/zx81/text/f_ansi_cls
stdio/ansi/zx81/text/f_ansi_dline
stdio/ansi/zx81/text/f_ansi_scrollup
