graphics/clg
graphics/attache/clsgraph
graphics/clrarea
graphics/w_clga
graphics/attache/w_draw
graphics/attache/w_undraw
graphics/attache/w_drawb
graphics/attache/w_undrawb
graphics/attache/w_drawr
graphics/attache/w_undrawr
graphics/attache/w_drawto
graphics/attache/w_undrawto
graphics/attache/w_line_fast
graphics/attache/w_liner_fast
graphics/w_undrawb
graphics/w_xorborder
graphics/w_putsprite2
graphics/w_stencil_render2
graphics/attache/w_plotpixl
graphics/attache/w_respixl
graphics/lftscrol
graphics/attache/swapgfxbk
graphics/draw_profile
graphics/attache/div64
@gfxbasew.lst
