graphics/__graphics_end
graphics/__gfx_coords
graphics/circle
graphics/clga
graphics/draw
graphics/draw_callee
graphics/undraw
graphics/undraw_callee
graphics/xordraw
graphics/xordraw_callee
graphics/drawr
graphics/drawr_callee
graphics/undrawr
graphics/undrawr_callee
graphics/xordrawr
graphics/xordrawr_callee
graphics/drawto
graphics/drawto_callee
graphics/undrawto
graphics/undrawto_callee
graphics/xordrawto
graphics/xordrawto_callee
graphics/getmaxx
graphics/getmaxy
graphics/lbitmask
graphics/line
graphics/liner
graphics/lftscrol
graphics/lscroll
graphics/plot
graphics/point
graphics/multipoint
graphics/draw_profile
graphics/stencil_add_circle
graphics/stencil_add_liner
graphics/stencil_add_lineto
graphics/stencil_add_side
graphics/stencil_add_point
graphics/stencil_add_pixel
graphics/stencil_init
graphics/dither_pattern
graphics/rbitmask
graphics/rscroll
graphics/uncircle
graphics/unplot
graphics/drawb
graphics/undrawb
graphics/drawbox
graphics/setxy
graphics/setpos
graphics/setpos_callee
graphics/getx
graphics/gety
graphics/move
graphics/pen_up
graphics/pen_down
graphics/putc4x6
graphics/xorborder
graphics/xorplot
graphics/lores/c_plotpixel
graphics/lores/c_respixel
graphics/lores/c_xorpixel
graphics/lores/c_plot
graphics/lores/c_unplot
graphics/lores/c_xorplot
graphics/lores/c_pointxy
graphics/lores/c_point
