graphics/__gfx_coords4
graphics/__graphics_end
graphics/w_bksave
graphics/w_bkrestore
graphics/w_circle
graphics/w_dcircle
graphics/w_draw
graphics/w_xordraw
graphics/w_drawto
graphics/w_xordrawto
graphics/w_drawr
graphics/w_xordrawr
graphics/getmaxx
graphics/getmaxy
graphics/lbitmask
graphics/w_line
graphics/w_liner
graphics/lscroll
graphics/w_plot
graphics/w_point
graphics/w_stencil_add_circle
graphics/w_stencil_add_liner
graphics/w_stencil_add_lineto
graphics/w_stencil_add_side
graphics/w_stencil_add_point
graphics/w_stencil_add_pixel
graphics/w_stencil_init
graphics/w_stencil_render2
graphics/dither_pattern
graphics/w_multipoint
graphics/rbitmask
graphics/rscroll
graphics/w_uncircle
graphics/w_undraw
graphics/w_undrawto
graphics/w_undrawr
graphics/w_unplot
graphics/w_setxy
graphics/w_move
graphics/pen_up
graphics/pen_down
graphics/w_putc4x6
graphics/w_xorplot
graphics/lores/w_c_plotpixel
graphics/lores/w_c_respixel
graphics/lores/w_c_xorpixel
graphics/lores/c_plot
graphics/lores/c_unplot
graphics/lores/c_xorplot
graphics/lores/w_c_pointxy
graphics/lores/c_point
graphics/__gfx_color
graphics/cclg
graphics/cplot
graphics/w_cplot_callee
