graphics/__gfx_coords
graphics/__graphics_end
graphics/circle
graphics/clg
graphics/clga
graphics/clrarea
graphics/text6/clsgraph
graphics/dcircle
graphics/draw
graphics/xordraw
graphics/draw_profile
graphics/stencil_render2
graphics/stencil_add_circle
graphics/stencil_add_liner
graphics/stencil_add_lineto
graphics/stencil_add_side
graphics/stencil_add_point
graphics/stencil_add_pixel
graphics/stencil_init
graphics/drawb
graphics/drawr
graphics/xordrawr
graphics/drawto
graphics/xordrawto
graphics/getmaxx
graphics/getmaxy
graphics/lbitmask
graphics/line
graphics/liner
graphics/lscroll
graphics/plot
graphics/point
graphics/putsprite3
graphics/dither_pattern
graphics/multipoint
graphics/rbitmask
graphics/rscroll
graphics/uncircle
graphics/undraw
graphics/undrawb
graphics/undrawr
graphics/undrawto
graphics/unplot
graphics/drawbox
graphics/setxy
graphics/move
graphics/pen_up
graphics/pen_down
graphics/putc4x6
graphics/xorborder
graphics/xorplot
graphics/text6/plotpixl
graphics/text6/respixl
graphics/text6/xorpixl
graphics/text6/div3
graphics/text6/swapgfxbk
graphics/text6/pointxy
graphics/fill
graphics/dfill2
graphics/c_plotpixel
graphics/c_respixel
graphics/c_xorpixel
graphics/c_plot
graphics/c_unplot
graphics/c_xorplot
graphics/c_pointxy
graphics/c_point
