graphics/__gfx_coords4
graphics/__graphics_end
graphics/enterprise/circle
graphics/enterprise/uncircle
graphics/enterprise/fill
graphics/enterprise/clg
graphics/enterprise/draw
graphics/retrofit/draw_callee
graphics/enterprise/undraw
graphics/retrofit/undraw_callee
graphics/enterprise/drawr
graphics/retrofit/drawr_callee
graphics/enterprise/undrawr
graphics/retrofit/undrawr_callee
graphics/enterprise/drawto
graphics/retrofit/drawto_callee
graphics/enterprise/undrawto
graphics/retrofit/undrawto_callee
graphics/getmaxx
graphics/getmaxy
graphics/enterprise/plot
graphics/enterprise/unplot
graphics/enterprise/xorplot
graphics/enterprise/setxy
graphics/w_putsprite3
graphics/draw_profile_nostencil
graphics/swapgfxbk_foo
