graphics/__gfx_coords
graphics/__graphics_end
graphics/enterprise_hr/circle
graphics/enterprise_hr/uncircle
graphics/enterprise_hr/fill
graphics/enterprise_hr/clg
graphics/enterprise_hr/draw
graphics/retrofit/draw_callee
graphics/enterprise_hr/undraw
graphics/retrofit/undraw_callee
graphics/enterprise_hr/drawr
graphics/retrofit/drawr_callee
graphics/enterprise_hr/undrawr
graphics/retrofit/undrawr_callee
graphics/enterprise_hr/drawto
graphics/retrofit/drawto_callee
graphics/enterprise_hr/undrawto
graphics/retrofit/undrawto_callee
graphics/getmaxx
graphics/getmaxy
graphics/enterprise_hr/plot
graphics/enterprise_hr/unplot
graphics/enterprise_hr/xorplot
graphics/enterprise_hr/setxy
graphics/w_putsprite3
graphics/draw_profile_nostencil
graphics/swapgfxbk_foo
