target/hgmc/stdio/generic_console
target/hgmc/stdio/generic_console_ioctl
target/hgmc/stdio/generic_console_vpeek
target/hgmc/stdio/CRT_FONT
target/hgmc/stdio/fputc_cons_native
target/hgmc/stdio/getk
target/hgmc/stdio/fgetc_cons
@stdio/stdio.lst
@font/font_8x8/font_8x8.lst
graphics/putsprite2
graphics/dcircle
graphics/lftscrol
graphics/plotpixl
graphics/respixl
graphics/xorpixl
graphics/pointxy
graphics/fill
graphics/dfill
graphics/getsprite
graphics/stencil_render
graphics/swapgfxbk_foo
target/hgmc/graphics/pixladdr
target/hgmc/graphics/clg
@gfxbase.lst
@z80.lst
