stdio/kc/fgetc_cons
stdio/kc/getk
stdio/kc/fputc_cons
stdio/kc/generic_console
stdio/kc/generic_console_ioctl
stdio/kc/generic_console_vpeek
stdio/kc/conio_map_colour
stdio/kc/CRT_FONT
@stdio/stdio_ixiy.lst
@font/font_8x8/font_8x8.lst
games/joystick
@gfxbasew.lst
graphics/kc/clg
graphics/kc/w_pixladdr
graphics/kc/swapgfxbk
graphics/w_clga
graphics/kc/w_stencil_render
graphics/w_putsprite
graphics/w_plotpixl
graphics/w_respixl
graphics/w_xorpixl
graphics/w_drawb
graphics/w_undrawb
graphics/w_xorborder
graphics/lftscrol
graphics/swapgfxbk_foo
graphics/draw_profile
graphics/w_pointxy
@z80.lst
