stdio/inkey/fgetc_cons
stdio/inkey/getk
stdio/laser500/generic_console
stdio/laser500/generic_console_ioctl
stdio/laser500/fputc_cons
stdio/laser500/conio_map_colour
stdio/laser500/bordercolour
stdio/laser500/CRT_FONT
@stdio/stdio.lst
@input/input_keyboard.lst
graphics/generic_console/getmaxx
graphics/generic_console/getmaxy
graphics/generic_console/plotpixl
graphics/generic_console/respixl
graphics/generic_console/xorpixl
graphics/generic_console/pointxy
graphics/laser500/textpixl
@gfxbase.lst
graphics/dcircle
graphics/clg
graphics/clrarea
graphics/generic_console/clsgraph
graphics/lftscrol
graphics/putsprite3
graphics/liner
graphics/stencil_render2
graphics/text/swapgfxbk
@z80.lst
