target/lynx/stdio/fgetc_cons
target/lynx/stdio/fputc_cons
target/lynx/stdio/getk
target/lynx/stdio/generic_console
target/lynx/stdio/generic_console_ioctl
target/lynx/stdio/generic_console_vpeek
target/lynx/stdio/conio_map_colour
target/lynx/stdio/conio_vars
target/lynx/stdio/CRT_FONT
@font/font_8x8/font_8x8.lst
@input/input_keyboard.lst
@stdio/stdio.lst
graphics/dcircle
graphics/clg
target/lynx/graphics/textpixl
graphics/generic_console/clsgraph
graphics/generic_console/plotpixl
graphics/generic_console/respixl
graphics/generic_console/xorpixl
graphics/generic_console/pointxy
graphics/generic_console/getmaxx
graphics/generic_console/getmaxy
graphics/putsprite3
graphics/stencil_render2
graphics/text/swapgfxbk
@gfxbase.lst
@video/mc6845/mc6845.lst
target/lynx/games/keys_joystick
@games/games.lst
@z80.lst
