stdio/inkey/fgetc_cons
stdio/inkey/getk
stdio/m5/fgetc_cons_rom
stdio/m5/getk_rom
stdio/m5/fputc_cons_rom
@stdio/ansicore.lst
@stdio/stdio.lst
@font/font_8x8/font_8x8.lst
@input/input_keyboard.lst
graphics/dcircle
graphics/msx/gen_clg
graphics/msx/pixladdr
graphics/msx/plotpixl
graphics/msx/respixl
graphics/msx/xorpixl
graphics/msx/pointxy
graphics/getsprite
graphics/msx/putsprite
graphics/msx/bksave
graphics/msx/bkrestore
graphics/msx/swapgfxbk
graphics/msx/stencil_render
graphics/msx/surface/surface_circle
graphics/msx/surface/surface_draw
graphics/msx/surface/surface_pixladdr
graphics/msx/surface/surface_plotpixl
graphics/msx/surface/surface_stencil_render
@gfxbase.lst
games/m5/joystick
psg/sn76489/bit_open
@games/games.lst
psg/sn76489/psg_tone
psg/sn76489/psg_volume
psg/sn76489/psg_envelope
psg/sn76489/psg_init.asm
psg/sn76489/set_psg.asm
psg/sn76489/set_psg_callee.asm
@video/tms9918/video_tms9918.lst
@z80.lst
