stdio/mc1000/fgetc_cons
stdio/mc1000/getk
stdio/mc1000/fputc_cons
stdio/mc1000/generic_console
stdio/mc1000/generic_console_cls
stdio/mc1000/generic_console_ioctl
stdio/mc1000/generic_console_vpeek
stdio/mc1000/printc_MODE1
stdio/mc1000/printc_MODE2
stdio/mc1000/vpeek_MODE1
stdio/mc1000/vpeek_MODE2
stdio/mc1000/vpeek_screendollar
stdio/mc1000/conio_vars
stdio/mc1000/CRT_FONT
stdio/ansi/mc1000/f_ansi_attr
stdio/ansi/mc1000/f_ansi_scrollup
stdio/ansi/mc1000/f_ansi_bel
stdio/ansi/mc1000/f_ansi_char
@font/font_8x8/font_8x8.lst
@stdio/ansicore.lst
@stdio/stdio.lst
graphics/mc1000/clg
graphics/mc1000/pixladdr
graphics/dcircle2
graphics/mc1000/plotpixl
graphics/mc1000/respixl
graphics/mc1000/xorpixl
graphics/mc1000/pointxy
graphics/fill
graphics/mc1000/dfill
graphics/getsprite
graphics/mc1000/putsprite
graphics/mc1000/bksave
graphics/mc1000/bkrestore
graphics/mc1000/swapgfxbk
graphics/mc1000/stencil_render
@gfxbase.lst
time/mc1000/clock
games/mc1000/joystick
games/mc1000/bit_open
games/mc1000/bit_open_di
games/mc1000/bit_close
games/mc1000/bit_close_ei
@games/games.lst
psg/mc1000/set_psg
psg/mc1000/set_psg_callee
psg/mc1000/get_psg
psg/mc1000/psg_init
@video/mc6847/mc6847.lst
@psg/psg.lst
@z80.lst
