stdio/mc1000/fgetc_cons
stdio/mc1000/getk
stdio/ansi/f_ansi
stdio/ansi/f_ansi_lf
stdio/ansi/f_ansi_putc
stdio/ansi/fputc_cons
stdio/ansi/puts_cons
stdio/ansi/f_ansi_dsr6
stdio/ansi/mc1000/f_ansi_attr
stdio/ansi/mc1000/f_ansi_bel
stdio/ansi/mc1000/f_ansi_char
@gfxbase.lst
graphics/dcircle2
graphics/clrarea
graphics/lftscrol
graphics/mc1000/plotpixl
graphics/mc1000/respixl
graphics/mc1000/xorpixl
graphics/mc1000/pointxy
graphics/fill
graphics/mc1000/dfill
graphics/getsprite
graphics/mc1000/putsprite
graphics/mc1000/bksave
graphics/mc1000/bkrestore
graphics/mc1000/swapgfxbk
graphics/mc1000/stencil_render
@z80.lst
