stdio/msx/fgetc_cons
stdio/msx/getk
stdio/msx/fputc_cons
@font/font_8x8/font_8x8.lst
@stdio/ansicore.lst
@stdio/stdio_binary.lst
time/msx/clock
@fcntl/cpm/fcntl.lst
graphics/dcircle
graphics/msx/clg
graphics/msx/pixladdr
graphics/msx/plotpixl
graphics/msx/respixl
graphics/msx/xorpixl
graphics/msx/pointxy
graphics/msx/fill
graphics/getsprite
graphics/msx/putsprite
graphics/msx/bksave
graphics/msx/bkrestore
graphics/msx/swapgfxbk
graphics/msx/stencil_render
graphics/msx/surface/surface_circle
graphics/msx/surface/surface_draw
graphics/msx/surface/surface_pixladdr
graphics/msx/surface/surface_plotpixl
graphics/msx/surface/surface_stencil_render
@gfxbase.lst
games/msx/joystick
games/msx/bit_open
games/msx/bit_open_di
games/msx/bit_close
games/msx/bit_close_ei
@games/games.lst
psg/msx/psg_init
psg/msx/get_psg
psg/msx/set_psg
psg/msx/set_psg_callee
@psg/psg.lst
@arch/msx/arch_msx.lst
@video/tms9918/video_tms9918.lst
@z80.lst
