stdio/multi8/fputc_cons_native
stdio/multi8/fgetc_cons
stdio/multi8/getk
stdio/multi8/generic_console
stdio/multi8/generic_console_ioctl
stdio/multi8/generic_console_vpeek
stdio/multi8/conio_vars
stdio/multi8/conio_map_colour
stdio/multi8/CRT_FONT
@font/font_8x8/font_8x8.lst
arch/multi8/tape_load
arch/multi8/asm_tape_load
arch/multi8/load_palette
@stdio/stdio.lst
graphics/multi8/clg
graphics/multi8/w_pixladdr
graphics/multi8/w_plotpixl
graphics/multi8/w_respixl
graphics/multi8/w_xorpixl
graphics/multi8/w_pointxy
graphics/draw_profile
graphics/swapgfxbk_foo
graphics/w_putsprite2
@gfxbasew.lst
psg/multi8/set_psg
psg/multi8/set_psg_callee
psg/multi8/get_psg
psg/multi8/psg_init
@psg/psg.lst
@z80.lst
