stdio/mz/fgetc_cons
stdio/mz/fputc_cons
stdio/mz/getk
stdio/puts_cons
graphics/circle
graphics/clg
graphics/clga
graphics/clrarea
graphics/dcircle
graphics/draw
graphics/drawb
graphics/drawr
graphics/lbitmask
graphics/lftscrol
graphics/line
graphics/liner
graphics/lscroll
graphics/plot
graphics/mz/plotpixl
graphics/mz/respixl
graphics/mz/xorpixl
graphics/mz/clsgraph
graphics/putsprite2
graphics/point
graphics/mz/pointxy
graphics/multipoint
graphics/rbitmask
graphics/rscroll
graphics/uncircle
graphics/undraw
graphics/undrawb
graphics/undrawr
graphics/unplot
graphics/drawbox
graphics/xorborder
graphics/xorplot
graphics/setxy
graphics/vz200/swapgfxbk
games/joystick
@z80.lst
