stdio/mz80b/fgetc_cons
stdio/mz80b/fputc_cons
stdio/mz80b/getk
stdio/mz80b/generic_console
@stdio/ansicore.lst
stdio/ansi/mz80b/f_ansi_attr
stdio/ansi/mz80b/f_ansi_bel
stdio/ansi/mz80b/f_ansi_char
stdio/ansi/sharp-mz/f_ansi_cls
stdio/ansi/mz80b/f_ansi_dline
stdio/ansi/mz80b/f_ansi_scrollup
@stdio/stdio.lst
psg/sn76489/bit_open
@gfxbase.lst
graphics/dcircle
graphics/clg
graphics/mz80b/clsgraph
graphics/clrarea
graphics/lftscrol
graphics/mz80b/plotpixl
graphics/mz80b/respixl
graphics/mz80b/xorpixl
graphics/mz80b/pointxy
graphics/fill
graphics/dfill2
graphics/putsprite2
graphics/liner
graphics/stencil_render2
graphics/swapgfxbk_foo
@games/games.lst
psg/sn76489/psg_tone
psg/sn76489/psg_volume
psg/sn76489/psg_envelope
psg/sn76489/psg_init.asm
psg/sn76489/set_psg.asm
psg/sn76489/set_psg_callee.asm
@z80.lst
