stdio/mz/fgetc_cons
stdio/mz/getk
stdio/ansi/f_ansi
stdio/ansi/f_ansi_lf
stdio/ansi/f_ansi_putc
stdio/ansi/fputc_cons
stdio/ansi/puts_cons
stdio/ansi/f_ansi_dsr6
stdio/ansi/sharp-mz/f_ansi_attr
stdio/ansi/sharp-mz/f_ansi_bel
stdio/ansi/sharp-mz/f_ansi_char
stdio/ansi/sharp-mz/f_ansi_cls
stdio/ansi/sharp-mz/f_ansi_dline
stdio/ansi/sharp-mz/f_ansi_scrollup
graphics/circle
graphics/clg
graphics/clga
graphics/clrarea
graphics/dcircle
graphics/draw
graphics/drawb
graphics/drawr
graphics/lbitmask
graphics/lftscrol
graphics/line
graphics/liner
graphics/lscroll
graphics/plot
graphics/mz/plotpixl
graphics/mz/respixl
graphics/mz/xorpixl
graphics/mz/clsgraph
graphics/putsprite2
graphics/point
graphics/mz/pointxy
graphics/multipoint
graphics/rbitmask
graphics/rscroll
graphics/uncircle
graphics/undraw
graphics/undrawb
graphics/undrawr
graphics/unplot
graphics/drawbox
graphics/xorborder
graphics/xorplot
graphics/setxy
graphics/vz200/swapgfxbk
games/joystick
@z80.lst
