stdio/nascom/fgetc_cons
stdio/nascom/getk
stdio/nascom/fputc_cons
stdio/nascom/generic_console
@stdio/ansicore.lst
stdio/ansi/nascom/f_ansi_attr
stdio/ansi/nascom/f_ansi_bel
stdio/ansi/nascom/f_ansi_char
stdio/ansi/nascom/f_ansi_cls
stdio/ansi/generic/f_ansi_dline
stdio/ansi/nascom/f_ansi_scrollup
@stdio/stdio.lst
@gfxbase.lst
graphics/dcircle
graphics/clg
graphics/clrarea
graphics/lftscrol
graphics/generic_console/clsgraph
graphics/generic_console/plotpixl6
graphics/generic_console/respixl6
graphics/generic_console/xorpixl6
graphics/generic_console/pointxy6
graphics/generic_console/div3
graphics/generic_console/swapgfxbk
graphics/nascom/textpixl6
graphics/fill
graphics/dfill2
graphics/putsprite3
graphics/liner
graphics/stencil_render2
games/joystick
@z80.lst
