stdio/oz/fgetc_cons
stdio/oz/getk
stdio/ansi/f_ansi
stdio/ansi/f_ansi_lf
stdio/ansi/f_ansi_putc
stdio/ansi/fputc_cons
stdio/ansi/puts_cons
stdio/ansi/f_ansi_dsr6
stdio/ansi/oz/f_ansi_attr
stdio/ansi/oz/f_ansi_bel
stdio/ansi/oz/f_ansi_char
stdio/ansi/oz/f_ansi_cls
stdio/ansi/generic/f_ansi_dline
stdio/ansi/oz/f_ansi_scrollup
@gfxbase.lst
graphics/dcircle
graphics/oz/clg
graphics/clrarea
graphics/lftscrol
graphics/plotpixl
graphics/respixl
graphics/xorpixl
graphics/pointxy
graphics/fill
graphics/dfill
graphics/getsprite
graphics/oz/putsprite
graphics/bksave
graphics/bkrestore
graphics/spectrum/rowtab
graphics/oz/pixladdr
graphics/oz/swapgfxbk
games/joystick
@z80.lst
