target/p2000/stdio/fgetc_cons
target/p2000/stdio/getk
target/p2000/stdio/fputc_cons
@stdio/ansicore.lst
target/p2000/stdio/ansi/f_ansi_attr
target/p2000/stdio/ansi/f_ansi_bel
target/p2000/stdio/ansi/f_ansi_char
target/p2000/stdio/ansi/f_ansi_cls
target/p2000/stdio/ansi/f_ansi_dline
target/p2000/stdio/ansi/f_ansi_scrollup
@stdio/stdio.lst
target/p2000/time/clock
graphics/dcircle
graphics/clg
target/p2000/graphics/clsgraph
graphics/text6/div3
target/p2000/graphics/plotpixl
target/p2000/graphics/respixl
target/p2000/graphics/xorpixl
target/p2000/graphics/pointxy
graphics/fill
graphics/dfill2
graphics/putsprite2
graphics/stencil_render2
target/p2000/graphics/swapgfxbk
@gfxbase.lst
target/p2000/games/bit_open
target/p2000/games/bit_open_di
target/p2000/games/bit_close
target/p2000/games/bit_close_ei
@games/games.lst
@z80.lst
