@stdio/stdio.lst
stdio/pacman/fgetc_cons
stdio/pacman/fputc_cons
stdio/pacman/getk
@gfxbase.lst
graphics/dcircle
graphics/clg
graphics/clrarea
graphics/pacman/clsgraph
graphics/lftscrol
graphics/pacman/char_address
graphics/pacman/textpixl
graphics/pacman/plotpixl
graphics/pacman/respixl
graphics/pacman/xorpixl
graphics/pacman/pointxy
graphics/fill
graphics/dfill2
graphics/putsprite2
graphics/liner
graphics/stencil_render
graphics/text/swapgfxbk
games/pacman/joystick
@time/time.lst
time/pacman/clock
@z80.lst
