arch/pc88/pc88_break
arch/pc88/pc88_breakon
arch/pc88/pc88_breakoff
arch/pc88/pc88_clearkey
arch/pc88/pc88_v2mode
arch/pc88/pc88_cursoroff
arch/pc88/pc88_cursoron
arch/pc88/pc88_locate
arch/pc88/pc88_crtset
stdio/pc88/fgetc_cons
stdio/pc88/getk
stdio/pc88/fputc_cons
stdio/pc88/generic_console
stdio/pc88/generic_console_ioctl
stdio/pc88/printc_MODE2
stdio/pc88/conio_vars
stdio/pc88/CRT_FONT
@stdio/stdio_binary.lst
@font/font_8x8/font_8x8.lst
games/pc88/bit_open
games/pc88/bit_open_di
games/pc88/bit_close
games/pc88/bit_close_ei
games/joystick
time/pc88/clock
@games/games.lst
@z80.lst
