stdio/pv1000/generic_console
stdio/pv1000/fgetc_cons
stdio/pv1000/getk
@stdio/stdio.lst
games/pv1000/joystick
games/obj/pv1000/joystick_type
@gfxbase.lst
graphics/dcircle
graphics/clg
graphics/clrarea
graphics/generic_console/clsgraph
graphics/lftscrol
graphics/pv1000/textpixl
graphics/generic_console/plotpixl
graphics/generic_console/respixl
graphics/generic_console/xorpixl
graphics/generic_console/pointxy
graphics/putsprite3
graphics/liner
graphics/stencil_render2
graphics/text/swapgfxbk
@z80.lst
