@gfxbase.lst
graphics/dcircle
graphics/px4/clg
graphics/clrarea
graphics/lftscrol
graphics/px4/pixladdr
graphics/plotpixl
graphics/respixl
graphics/xorpixl
graphics/pointxy
graphics/fill
graphics/dfill
graphics/getsprite
graphics/liner
graphics/stencil_render
graphics/px4/putsprite
graphics/px4/bksave
graphics/px4/bkrestore
graphics/px4/swapgfxbk
@stdio/ansicore.lst
stdio/ansi/px4/f_ansi_attr
stdio/ansi/px4/f_ansi_bel
stdio/ansi/px4/f_ansi_char
stdio/ansi/px4/f_ansi_cls
stdio/ansi/px4/f_ansi_dline
stdio/ansi/px4/f_ansi_scrollup
