target/px8/subcpu_call
target/px8/subcpu_command
target/px8/subcpu_function
target/px8/esc_sequence
target/px8/lcd_set_udg
target/px8/px8_break
graphics/w_dcircle_square.asm
graphics/px8/draw
graphics/retrofit/draw_callee
graphics/px8/undraw
graphics/retrofit/undraw_callee
graphics/draw_profile
graphics/px8/clg
graphics/px8/w_putsprite
graphics/px8/w_plotpixl
graphics/px8/w_respixl
graphics/px8/w_xorpixl
graphics/px8/w_pixeladdress
graphics/px8/w_pointxy
graphics/swapgfxbk_foo.asm
@gfxbasew.lst
