_DEVELOPMENT/ctype/obj/${TYPE}/**/*.o
@font/font.lst
@classic/lib3d/lib3d.lst
_DEVELOPMENT/libgen/obj/${TYPE}/**/*.o
_DEVELOPMENT/setjmp/obj/${TYPE}/**/*.o
@stdlib/stdlib.lst
@alloc/alloc.lst
@classic/string/string.lst
_DEVELOPMENT/string/obj/${TYPE}/**/*.o
@regex/regex.lst
stdio/obj/${TYPE}/ansi/ansifont_f3
stdio/obj/${TYPE}/ansi/ansifont_f4
stdio/obj/${TYPE}/ansi/ansifont_f4pack
stdio/obj/${TYPE}/ansi/ansifont_f5
stdio/obj/${TYPE}/ansi/ansifont_f6
stdio/obj/${TYPE}/ansi/ansifont_f8
@compress/zx7/zx7.lst
@compress/zx0/compress_zx0.lst
@compress/zx1/compress_zx1.lst
@compress/zx2/compress_zx2.lst
@classic/adt/adt.lst
_DEVELOPMENT/adt/obj/${TYPE}/**/*.o
@debug/debug.lst
@rect/rect.lst
@classic/algorithm/alg.lst
arch/z80/obj/${TYPE}/AsmCall
@math/fix16/fix16.lst
@z80_crt0s/crt0.lst
