@stdio/stdio_r2k.lst
@adt/adt.lst
@adt-newlib/adt.lst
@algorithm/alg.lst
@alloc/alloc.lst
@ctype/ctype.lst
@debug/debug.lst
stdio/rcmx000/fgetc_cons
stdio/rcmx000/cnvtab
stdio/rcmx000/getk
stdio/rcmx000/fputc_cons
@stdlib/stdlib.lst
@strings/string.lst
setjmp/longjmp
setjmp/setjmp
@assert/assert.lst
time/rcmx000/clock
@rect/rect.lst
@regex/regex.lst
stdio/ansi/ansifont_f3
stdio/ansi/ansifont_f4
stdio/ansi/ansifont_f4pack
stdio/ansi/ansifont_f5
stdio/ansi/ansifont_f6
stdio/ansi/ansifont_f8
@compress/zx7/zx7.lst
