@stdio/stdio.lst
@ctype/ctype.lst
@stdlib/stdlib.lst
@strings/string.lst
arch/rex/DsPrintf
arch/rex/DsPrintfe
arch/rex/input8
arch/rex/output8
arch/rex/syscall0
arch/rex/syscall1
arch/rex/syscall1p
arch/rex/syscall2
arch/rex/syscall3
arch/rex/syscall4
arch/rex/syscall4d
arch/rex/syscall5
arch/rex/syscall5p
arch/rex/syscall6
arch/rex/syscall6p
arch/rex/syscallex
arch/rex/syscallexl
arch/rex/DbFindRecord
arch/rex/DbGetRecordCount
arch/rex/DbReadField
arch/rex/DbUpdateField
arch/rex/DbInsertRecord
arch/rex/DbReadRecord
arch/rex/DbUpdateRecord
arch/rex/DbReadText
arch/rex/DbInsertText
arch/rex/DbDeleteText
arch/rex/DsTrace
arch/rex/farcall/farcall
arch/rex/farcall/farcalld
arch/rex/farcall/findlib
arch/rex/graphics/pixaddr
arch/rex/graphics/setpix
arch/rex/graphics/setpixsave
arch/rex/graphics/set4pix
arch/rex/graphics/ellset4pix
arch/rex/graphics/DsClearScreen
arch/rex/graphics/DsFillScreen
arch/rex/graphics/DsGetPixelAddr
arch/rex/graphics/DsSetPixel
arch/rex/graphics/DsDisplayCircle
arch/rex/graphics/DsDisplayEllipse
setjmp/l_longjmp
setjmp/l_setjmp

