stdio/inkey/fgetc_cons
stdio/inkey/getk
stdio/rx78/generic_console
stdio/rx78/generic_console_ioctl
stdio/rx78/generic_console_vpeek
stdio/rx78/conio_map_colour
stdio/rx78/CRT_FONT
stdio/rx78/fputc_cons_native
@stdio/stdio.lst
@font/font_8x8/font_8x8.lst
@input/input_keyboard.lst
psg/sn76489/bit_open
psg/sn76489/psg_tone
psg/sn76489/psg_volume
psg/sn76489/psg_envelope
psg/sn76489/psg_init.asm
psg/sn76489/set_psg.asm
psg/sn76489/set_psg_callee.asm
@psg/psg.lst
arch/rx78/load_palette
graphics/rx78/clg
graphics/rx78/pixladdr
graphics/rx78/plotpixl
graphics/rx78/respixl
graphics/rx78/xorpixl
graphics/rx78/pointxy
graphics/rx78/swapgfxbk
graphics/putsprite2
graphics/dcircle
graphics/fill
graphics/getsprite
@gfxbase.lst
games/rx78/joystick
games/rx78/keys_joystick
@games/games.lst
@z80.lst
