stdio/sc3000/fgetc_cons
stdio/sc3000/getk
@stdio/ansicore.lst
@font/font_8x8/font_8x8.lst
@stdio/stdio.lst
time/sc3000/clock
@input/input_keyboard.lst
graphics/dcircle
graphics/msx/gen_clg
graphics/msx/pixladdr
graphics/msx/plotpixl
graphics/msx/respixl
graphics/msx/xorpixl
graphics/msx/pointxy
graphics/getsprite
graphics/msx/putsprite
graphics/msx/bksave
graphics/msx/bkrestore
graphics/msx/swapgfxbk
graphics/msx/stencil_render
graphics/msx/surface/surface_circle
graphics/msx/surface/surface_draw
graphics/msx/surface/surface_pixladdr
graphics/msx/surface/surface_plotpixl
graphics/msx/surface/surface_stencil_render
@gfxbase.lst
psg/sn76489/bit_open
games/sc3000/joystick
games/sc3000/keys_joystick
@games/games.lst
psg/sn76489/psg_tone
psg/sn76489/psg_volume
psg/sn76489/psg_envelope
psg/sn76489/psg_init.asm
psg/sn76489/set_psg.asm
psg/sn76489/set_psg_callee.asm
@video/tms9918/video_tms9918.lst
@z80.lst
