target/smc777/stdio/generic_console
target/smc777/stdio/generic_console_ioctl
target/smc777/stdio/conio_vars
target/smc777/stdio/CRT_FONT
target/smc777/stdio/copy_font
@font/font_8x8/font_8x8.lst
graphics/dcircle
graphics/clg
graphics/generic_console/clsgraph
target/smc777/graphics/textpixl
graphics/generic_console/plotpixl
graphics/generic_console/respixl
graphics/generic_console/xorpixl
graphics/generic_console/pointxy
graphics/generic_console/getmaxx
graphics/generic_console/getmaxy
graphics/putsprite2
graphics/stencil_render2
graphics/text/swapgfxbk
@gfxbase.lst
psg/sn76489/bit_open
psg/sn76489/psg_tone
psg/sn76489/psg_volume
psg/sn76489/psg_envelope
psg/sn76489/psg_init.asm
psg/sn76489/set_psg.asm
psg/sn76489/set_psg_callee.asm
@psg/psg.lst
target/smc777/games/joystick
@games/games.lst
@video/mc6845/mc6845.lst
