stdio/sms/fputc_cons
time/spectrum/clock
sms/clear_vram
sms/load_palette
sms/VRAMToHL
sms/load_tiles
sms/DrawOneLine
sms/set_bkg_map
sms/standard_font
sms/scroll_bkg
sms/get_vcount
sms/wait_vblank_noint
sms/set_sprite
sms/read_joypad1
sms/read_joypad2
sms/gotoxy
sms/aplib_depack
sms/add_raster_int
sms/add_pause_int
@games/games.lst
psg/sn76489/bit_open
psg/sn76489/psg_tone
psg/sn76489/psg_volume
psg/sn76489/psg_envelope
psg/sn76489/psg_init.asm
psg/sn76489/set_psg.asm
psg/sn76489/set_psg_callee.asm
@arch/tms9918/arch_tms9918.lst
@stdio/stdio.lst
@z80.lst
