stdio/sorcerer/fgetc_cons
stdio/sorcerer/fputc_cons
stdio/sorcerer/getk
stdio/sorcerer/CRT_FONT
stdio/sorcerer/generic_console
stdio/sorcerer/generic_console_ioctl
@stdio/stdio.lst
@font/font_8x8/font_8x8.lst
@input/input_keyboard.lst
@gfxbase.lst
graphics/dcircle
graphics/clg
graphics/clrarea
graphics/sorcerer/clsgraph
graphics/lftscrol
graphics/text6/div3
graphics/text6/loadudg6
graphics/sorcerer/plotpixl
graphics/sorcerer/respixl
graphics/sorcerer/xorpixl
graphics/sorcerer/pointxy
graphics/fill
graphics/dfill2
graphics/putsprite3
graphics/liner
graphics/stencil_render2
graphics/sorcerer/swapgfxbk
games/joystick
@z80.lst
