target/special/stdio/generic_console
target/special/stdio/generic_console_ioctl
target/special/stdio/generic_console_vpeek
target/special/stdio/CRT_FONT
target/special/stdio/fputc_cons_native
target/special/stdio/fputc_cons_native
target/special/stdio/fgetc_cons
@stdio/stdio_8080.lst
stdio/inkey/getk
stdio/inkey/fgetc_cons
@time/time.lst
@font/font_8x8/font_8x8.lst
;@input/input_keyboard.lst
;@gfx/gencon/gfx_gencon.lst
;@gfx/portable/gfx_portable.lst
;@gfx/narrow/gfx_narrow.lst
;target/special/games/joystick
;target/special/games/keys_joystick
;@games/games.lst
@8080.lst
