target/srr/stdio/fgetc_cons
target/srr/stdio/fputc_cons
target/srr/stdio/getk
target/srr/stdio/CRT_FONT
target/srr/stdio/generic_console
target/srr/stdio/generic_console_ioctl
@stdio/stdio.lst
@font/font_8x8/font_8x8.lst
@input/input_keyboard.lst
graphics/dcircle
graphics/clg
graphics/generic_console/clsgraph
target/srr/graphics/textpixl
graphics/generic_console/plotpixl
graphics/generic_console/respixl
graphics/generic_console/xorpixl
graphics/generic_console/pointxy
graphics/fill
graphics/dfill2
graphics/putsprite3
graphics/stencil_render2
graphics/text/swapgfxbk
@gfxbase.lst
target/srr/games/keys_joystick
@games/games.lst
@z80.lst
