stdio/inkey/fgetc_cons
stdio/inkey/getk
target/super80/stdio/generic_console_vduem
target/super80/stdio/generic_console_vduem_ioctl
target/super80/stdio/conio_map_colour
target/super80/stdio/CRT_FONT
target/shared/copy_font
@font/font_8x8/font_8x8.lst
graphics/generic_console/plotpixl
graphics/generic_console/respixl
graphics/generic_console/xorpixl
graphics/generic_console/pointxy
graphics/generic_console/getmaxy
graphics/generic_console/getmaxx
graphics/dcircle
graphics/clg
graphics/generic_console/clsgraph
target/super80/graphics/textpixl
graphics/putsprite3
graphics/stencil_render2
graphics/text/swapgfxbk
@gfxbase.lst
@input/input_keyboard.lst
@stdio/stdio.lst
target/super80/games/bit_open
target/super80/games/bit_close
target/super80/games/keys_joystick
@games/games.lst
@video/mc6845/mc6845.lst
@z80.lst
