stdio/inkey/fgetc_cons
stdio/inkey/getk
stdio/super80/generic_console
graphics/generic_console/getmaxx
graphics/generic_console/getmaxy6
@gfxbase.lst
graphics/dcircle
graphics/clg
graphics/clrarea
graphics/generic_console/clsgraph
graphics/lftscrol
graphics/super80/textpixl6
graphics/generic_console/clsgraph
graphics/generic_console/plotpixl6
graphics/generic_console/respixl6
graphics/generic_console/xorpixl6
graphics/generic_console/pointxy6
graphics/generic_console/div3
graphics/generic_console/swapgfxbk
graphics/putsprite3
graphics/liner
graphics/stencil_render2
graphics/text/swapgfxbk
@input/input_keyboard.lst
@stdio/stdio.lst
games/super80/bit_open
games/super80/bit_close
@games/games.lst
@z80.lst
