stdio/sv8000/generic_console
stdio/sv8000/generic_console_ioctl
stdio/sv8000/generic_console_vpeek
stdio/sv8000/printc_MODE1
stdio/sv8000/vpeek_MODE1
stdio/sv8000/conio_vars
stdio/sv8000/CRT_FONT
@stdio/stdio.lst
@font/font_8x8/font_8x8.lst
graphics/sv8000/clsgraph
graphics/sv8000/getmaxx
graphics/sv8000/getmaxy
graphics/sv8000/plotpixl
graphics/sv8000/respixl
graphics/sv8000/xorpixl
graphics/sv8000/pointxy
graphics/sv8000/pixladdr
graphics/sv8000/pixladdr_MODE1
graphics/sv8000/plot_MODE0
graphics/sv8000/res_MODE0
graphics/sv8000/xor_MODE0
graphics/sv8000/pointxy_MODE0
graphics/sv8000/plot_MODE1
graphics/sv8000/res_MODE1
graphics/sv8000/xor_MODE1
graphics/sv8000/pointxy_MODE1
graphics/swapgfxbk_foo
graphics/dcircle
graphics/clg
graphics/fill
graphics/dfill
graphics/getsprite
graphics/stencil_render2
@gfxbase.lst
psg/sv8000/set_psg
psg/sv8000/set_psg_callee
psg/sv8000/get_psg
psg/sv8000/psg_init
@psg/psg.lst
games/sv8000/joystick
games/obj/sv8000/joystick_type
@games/games.lst
@z80.lst
