ctype/isalpha
ctype/isalnum
ctype/isascii
ctype/iscntrl
ctype/isdigit
ctype/islower
ctype/isprint
ctype/ispunct
ctype/isspace
ctype/isupper
ctype/isxdigit
ctype/toascii
ctype/tolower
ctype/toupper
stdio/closeall
stdio/fchkstd
stdio/fclose
stdio/feof
stdio/fgetc
stdio/fgetpos
stdio/fgets
stdio/fopen
stdio/fopen_z88
stdio/fputc
stdio/fputs
stdio/fread
stdio/freopen
stdio/freopen_z88
stdio/ftell
stdio/fwrite
stdio/vfprintf_mini
stdio/printk
stdio/printn
stdio/puts
stdio/ungetc
stdio/fabandon
stdio/ti86/fgetc_cons
stdio/fgets_cons
stdio/ti86/fputc_cons
stdio/ti86/getk
stdio/spectrum/puts_cons
fcntl/dummy/open
fcntl/dummy/open_z88
fcntl/dummy/close
fcntl/dummy/creat
fcntl/dummy/readbyte
fcntl/dummy/writebyte
stdlib/abs
stdlib/atoi
stdlib/labs
stdlib/atexit
stdlib/exit
stdlib/rand
stdlib/srand
stdlib/strtol
stdlib/strtoul
strings/memset
strings/memcpy
strings/memchr
strings/reverse
strings/strcat
strings/strchr
strings/strcmp
strings/strcpy
strings/strcspn
strings/stricmp
strings/strlen
strings/strlwr
strings/strncat
strings/strncmp
strings/strncpy
strings/strnicmp
strings/strpbrk
strings/strpos
strings/strrchr
strings/strrstr
strings/strrstrip
strings/strspn
strings/strstr
strings/strstrip
strings/strtok
strings/strupr
time/spectrum/clock
setjmp/longjmp
setjmp/setjmp
assert/assert
printflike/printf
printflike/fprintf
printflike/sprintf
printflike/vfprintf_comp
printflike/vsprintf
printflike/itod
printflike/itou
printflike/itox
printflike/utoi
printflike/scanf
printflike/sscanf
printflike/fscanf
printflike/vfscanf
printflike/vsscanf
graphics/circle
graphics/clg
graphics/clga
graphics/clrarea
graphics/clsgraph
graphics/dcircle
graphics/draw
graphics/drawb
graphics/drawr
graphics/lbitmask
graphics/lftscrol
graphics/line
graphics/liner
graphics/lscroll
graphics/plot
graphics/plotpixl
graphics/point
graphics/pointxy
graphics/rbitmask
graphics/respixl
graphics/rscroll
graphics/uncircle
graphics/undraw
graphics/undrawb
graphics/undrawr
graphics/unplot
graphics/drawbox
graphics/setxy
graphics/spectrum/pixladdr
graphics/spectrum/swapgfxbk
