psg/tiki100/set_psg
psg/tiki100/set_psg_callee
psg/tiki100/get_psg
psg/tiki100/psg_init
@psg/psg.lst
@gfxbasew.lst
graphics/tiki100/clg
graphics/tiki100/w_pixladdr
graphics/tiki100/fill
graphics/w_drawb
graphics/w_undrawb
graphics/w_xorborder
graphics/w_clga
graphics/w_plotpixl
graphics/w_respixl
graphics/w_xorpixl
graphics/w_pointxy
graphics/lftscrol
graphics/tiki100/swapgfxbk
graphics/tiki100/w_putsprite
graphics/tiki100/w_stencil_render
graphics/tiki100/l_graphics_cmp
graphics/draw_profile
tiki100/gr_setpalette
tiki100/gr_defmod
tiki100/gr_scroll
stdio/tiki100/CRT_FONT
stdio/tiki100/generic_console
stdio/tiki100/generic_console_ioctl
stdio/tiki100/generic_console_vpeek
@font/font_8x8/font_8x8.lst
