stdio/trs80/fgetc_cons
stdio/trs80/fputc_cons
stdio/trs80/getk
stdio/trs80/generic_console
stdio/trs80/generic_console_ioctl
stdio/trs80/conio_map_colour
stdio/trs80/CRT_FONT
@stdio/stdio.lst
@font/font_8x8/font_8x8.lst
@input/input_keyboard.lst
psg/trs80/set_psg
psg/trs80/set_psg_callee
psg/trs80/get_psg
psg/trs80/psg_init
@psg/psg.lst
games/trs80/bit_open
games/trs80/bit_open_di
games/trs80/bit_close
games/trs80/bit_close_ei
games/trs80/keys_joystick
@games/games.lst
@video/mc6845/mc6845.lst
@z80.lst
