@input/spectrum.lst
@stdio/stdio.lst
stdio/spectrum/fgetc_cons
stdio/ts2068/fputc_cons
stdio/spectrum/getk
stdio/ansi/f_ansi
stdio/ansi/f_ansi_lf
stdio/ansi/f_ansi_putc
stdio/ansi/fputc_cons
stdio/ansi/puts_cons
stdio/ansi/f_ansi_dsr6
stdio/ansi/ts2068/f_ansi_attr
stdio/ansi/spectrum/f_ansi_bel
stdio/ansi/ts2068/f_ansi_char
stdio/ansi/ts2068/f_ansi_cls
stdio/ansi/ts2068/f_ansi_dline
stdio/ansi/ts2068/f_ansi_scrollup
time/spectrum/clock
games/spectrum/joystick
@games/games.lst
@spectrum/spectrum.lst
ts2068/ts_vmod
psg/ts2068/set_psg
psg/ts2068/set_psg_callee
psg/ts2068/get_psg
psg/ts2068/psg_init
@psg/psg.lst
@z80.lst
