stdio/vg5k/fgetc_cons
stdio/vg5k/getk
@stdio/ansicore.lst
stdio/ansi/vg5k/f_ansi_attr
stdio/ansi/vg5k/f_ansi_bel
stdio/ansi/vg5k/f_ansi_char
stdio/ansi/generic/f_ansi_cls
stdio/ansi/generic/f_ansi_dline
stdio/ansi/vg5k/f_ansi_scrollup
stdio/vg5k/generic_console
stdio/vg5k/generic_console_ioctl
stdio/vg5k/CRT_FONT
stdio/vg5k/set_character
stdio/vg5k/conio_map_colour
stdio/vg5k/conio_vars
@stdio/stdio_ixiy.lst
@font/font_8x8/font_8x8.lst
@input/input_keyboard.lst
graphics/generic_console/plotpixl6
graphics/generic_console/respixl6
graphics/generic_console/xorpixl6
graphics/generic_console/pointxy6
graphics/generic_console/div3
graphics/dcircle2
graphics/vg5k/textpixl6
graphics/vg5k/cleargraphics
@gfxbasetxt6.lst
games/vg5k/joystick
games/vg5k/keys_joystick
games/vg5k/bit_open
games/vg5k/bit_open_di
games/vg5k/bit_close
games/vg5k/bit_close_ei
@games/games.lst
@z80.lst
