stdio/vz200/fgetc_cons
stdio/vz200/fputc_cons
stdio/vz200/getk
stdio/vz200/generic_console
@stdio/ansicore.lst
stdio/ansi/vz200/f_ansi_attr
stdio/ansi/vz200/f_ansi_bel
stdio/ansi/vz200/f_ansi_char
stdio/ansi/vz200/f_ansi_cls
stdio/ansi/vz200/f_ansi_dline
stdio/ansi/vz200/f_ansi_scrollup
@stdio/stdio.lst
graphics/dcircle
graphics/clg
graphics/cclg
graphics/vz200/clsgraph
graphics/vz200/pixladdr
graphics/plotpixl
graphics/respixl
graphics/xorpixl
graphics/pointxy
graphics/fill
graphics/dfill
graphics/getsprite
graphics/stencil_render2
graphics/vz200/putsprite
graphics/vz200/bksave
graphics/vz200/bkrestore
graphics/vz200/swapgfxbk
@gfxbase.lst
games/vz/bit_open
games/vz/bit_open_di
games/vz/bit_close
games/vz/bit_close_ei
games/vz/joystick
@games/games_mwr.lst
@input/input_keyboard.lst
arch/vz/vz_bgrd
arch/vz/vz_brick
arch/vz/vz_brick_callee
arch/vz/vz_char_draw
arch/vz/vz_clrscr
arch/vz/vz_color
arch/vz/vz_getch
arch/vz/vz_gotoxy
arch/vz/vz_gotoxy_callee
arch/vz/vz_inch
arch/vz/vz_line
arch/vz/vz_line_callee
arch/vz/vz_midstr
arch/vz/vz_midstr_callee
arch/vz/vz_mode
arch/vz/vz_plot
arch/vz/vz_plot_callee
arch/vz/vz_point
arch/vz/vz_point_callee
arch/vz/vz_score
arch/vz/vz_score_callee
arch/vz/vz_setbase
arch/vz/vz_shape
arch/vz/vz_sound
arch/vz/vz_sound_callee
arch/vz/vz_soundcopy
arch/vz/vz_soundcopy_callee
@video/mc6847/mc6847.lst
@z80.lst
