stdio/inkey/fgetc_cons
stdio/inkey/getk
stdio/vz700/generic_console
stdio/vz700/generic_console_ioctl
stdio/vz700/fputc_cons
stdio/vz700/conio_map_colour
stdio/vz700/bordercolour
stdio/vz700/CRT_FONT
@stdio/stdio.lst
@input/input_keyboard.lst
graphics/generic_console/getmaxx
graphics/generic_console/getmaxy
graphics/generic_console/plotpixl
graphics/generic_console/respixl
graphics/generic_console/xorpixl
graphics/generic_console/pointxy
graphics/vz700/textpixl
@gfxbase.lst
graphics/dcircle
graphics/clg
graphics/clrarea
graphics/generic_console/clsgraph
graphics/lftscrol
graphics/putsprite3
graphics/liner
graphics/stencil_render2
graphics/text/swapgfxbk
@z80.lst
