@input/x1.lst
stdio/x1/fgetc_cons
stdio/x1/getk
stdio/x1/generic_console
stdio/x1/conio_vars
stdio/x1/conio_map_colour
@stdio/ansicore.lst
stdio/ansi/x1/f_ansi_attr
stdio/ansi/x1/f_ansi_bel
stdio/ansi/x1/f_ansi_char
stdio/ansi/x1/f_ansi_cls
stdio/ansi/x1/f_ansi_dline
stdio/ansi/x1/f_ansi_scrollup
@stdio/stdio.lst
@time/time.lst
time/x1/clock
time/x1/time
arch/x1/subcpu_command
arch/x1/subcpu_get
arch/x1/subcpu_set
arch/x1/set_crtc
arch/x1/set_crtc_10
arch/x1/set_crtc_reg
arch/x1/x1_get_pcg_version
arch/x1/x1_set_text_80
arch/x1/x1_set_text_80_hs
arch/x1/x1_set_text_40
arch/x1/x1_set_text_40_hs
psg/x1/set_psg
psg/x1/set_psg_callee
psg/x1/get_psg
psg/x1/psg_init
@psg/psg.lst
@z80.lst
