target/z1013/stdio/fgetc_cons
target/z1013/stdio/getk
target/z1013/stdio/fputc_cons
target/z1013/stdio/generic_console
@stdio/ansicore.lst
target/z1013/stdio/ansi/f_ansi_attr
target/z1013/stdio/ansi/f_ansi_bel
target/z1013/stdio/ansi/f_ansi_char
target/z1013/stdio/ansi/f_ansi_cls
stdio/ansi/generic/f_ansi_dline
target/z1013/stdio/ansi/f_ansi_scrollup
@stdio/stdio.lst
games/joystick
graphics/dcircle
graphics/clg
graphics/text/clsgraph
target/z1013/graphics/textpixl
graphics/text/plotpixl
graphics/text/respixl
graphics/text/xorpixl
graphics/text/pointxy
graphics/fill
graphics/dfill2
graphics/putsprite3
graphics/stencil_render2
graphics/text/swapgfxbk
@gfxbase.lst
@z80.lst
