stdio/z80tvgame/generic_console
stdio/z80tvgame/generic_console_vpeek
stdio/z80tvgame/generic_console_ioctl
stdio/z80tvgame/CRT_FONT
stdio/z80tvgame/getk
stdio/z80tvgame/fgetc_cons
@stdio/stdio.lst
@font/font_8x8/font_8x8.lst
games/z80tvgame/joystick
@games/games.lst
graphics/dcircle
graphics/plotpixl
graphics/respixl
graphics/xorpixl
graphics/pointxy
graphics/fill
graphics/dfill
graphics/getsprite
graphics/bksave
graphics/bkrestore
target/z80tvgame/graphics/pixladdr
target/z80tvgame/graphics/swapgfxbk
target/z80tvgame/graphics/clsgraph
@gfxbase.lst
@z80.lst
