stdio/z88/fgets_cons
@stdio/ansicore.lst
stdio/ansi/z88/f_ansi_attr
stdio/ansi/z88/f_ansi_bel
stdio/ansi/z88/f_ansi_char
stdio/ansi/z88/f_ansi_cls
stdio/ansi/z88/f_ansi_dline
stdio/ansi/z88/f_ansi_scrollup
stdio/z88/fgetc_cons
stdio/z88/fputc_cons
stdio/z88/getcmd
stdio/z88/getk
stdio/z88/gets
@stdio/stdio.lst
@stdio/stdio_net.lst
fcntl/z88/fdgetpos
fcntl/z88/fdtell
fcntl/z88/rename
fcntl/z88/remove
fcntl/z88/open
fcntl/z88/close
fcntl/z88/lseek
fcntl/z88/read
fcntl/z88/creat
fcntl/z88/write
fcntl/z88/readbyte
fcntl/z88/writebyte
fcntl/z88/stat
fcntl/z88/opendor
fcntl/z88/closedor
fcntl/z88/readdor
fcntl/z88/writedor
fcntl/z88/deletedor
fcntl/z88/sondor
fcntl/z88/brotherdor
stdlib/z88/atol
stdlib/z88/csleep
stdlib/z88/getcwd
stdlib/z88/mkdir
stdlib/z88/sleep
@time/time.lst
time/z88/clock
time/z88/time
games/joystick
games/z88/bit_open
games/z88/bit_open_di
games/z88/bit_close
games/z88/bit_close_ei
games/z88/beeper
@games/games.lst
rs232/z88/rs232_close
rs232/z88/rs232_get
rs232/z88/rs232_init
rs232/z88/rs232_params
rs232/z88/rs232_put
target/z88/di
target/z88/ei
target/z88/freescr
target/z88/readmail
target/z88/restscr
target/z88/savescr
target/z88/sendmail
target/z88/pagewait
target/z88/RegisterInt
target/z88/DeRegisterInt
target/z88/QueryPackage
target/z88/getpid
target/z88/nameapp
target/z88/wcopen
target/z88/wcnext
target/z88/wcclose
target/z88/exec_cli
target/z88/openwindow
target/z88/openpopup
target/z88/opentitled
target/z88/stripdev
target/z88/strippath
target/z88/opwin
target/z88/fnexpand
@gfxbase.lst
graphics/dcircle
graphics/clg
graphics/clsgraph
graphics/z88/closegfx
graphics/z88/clrarea
graphics/plotpixl
graphics/respixl
graphics/xorpixl
graphics/pointxy
graphics/fill
graphics/dfill
graphics/getsprite
graphics/putsprite2
graphics/bksave
graphics/bkrestore
graphics/z88/pixladdr
graphics/z88/swapgfxbk
graphics/stencil_render
graphics/z88/window
@gfxbase.lst
@z80.lst

