stdio/z88/puts_cons
@stdio/stdio_net.lst
stdio/z88/fgetc_cons
stdio/z88/fgets_cons
stdio/z88/fputc_cons
stdio/z88/getcmd
stdio/z88/getk
fcntl/z88/fdgetpos
fcntl/z88/fdtell
fcntl/z88/rename
fcntl/z88/remove
fcntl/z88/open
fcntl/z88/close
fcntl/z88/lseek
fcntl/z88/read
fcntl/z88/creat
fcntl/z88/write
fcntl/z88/readbyte
fcntl/z88/writebyte
fcntl/z88/stat
fcntl/z88/opendor
fcntl/z88/closedor
fcntl/z88/readdor
fcntl/z88/writedor
fcntl/z88/deletedor
fcntl/z88/sondor
fcntl/z88/brotherdor
stdlib/z88/atol
stdlib/z88/csleep
stdlib/z88/getcwd
stdlib/z88/mkdir
stdlib/z88/sleep
@time/time.lst
time/z88/clock
time/z88/time
games/joystick
games/z88/bit_open
games/z88/bit_open_di
games/z88/bit_close
games/z88/bit_close_ei
games/bit_click
games/bit_play
games/bit_fx
games/bit_fx2
games/bit_fx3
games/bit_fx4
games/bit_synth
games/bit_frequency
games/bit_beep
games/z88/beeper
games/__bit_irqstatus
games/__snd_tick
rs232/z88/rs232_close
rs232/z88/rs232_get
rs232/z88/rs232_init
rs232/z88/rs232_params
rs232/z88/rs232_put
@gfxbase.lst
graphics/dcircle
graphics/clg
graphics/clsgraph
graphics/z88/closegfx
graphics/z88/clrarea
graphics/lftscrol
graphics/plotpixl
graphics/respixl
graphics/xorpixl
graphics/pointxy
graphics/fill
graphics/dfill
graphics/getsprite
graphics/liner
graphics/putsprite
graphics/bksave
graphics/bkrestore
graphics/z88/pixladdr
graphics/z88/swapgfxbk
graphics/stencil_render
graphics/z88/window
@z80.lst
