target/z9001/stdio/fgetc_cons
target/z9001/stdio/getk
target/z9001/stdio/fputc_cons
target/z9001/stdio/generic_console
target/z9001/stdio/conio_vars
target/z9001/stdio/conio_map_colour
@stdio/ansicore.lst
target/z9001/stdio/ansi/f_ansi_attr
target/z9001/stdio/ansi/f_ansi_bel
target/z9001/stdio/ansi/f_ansi_char
target/z9001/stdio/ansi/f_ansi_cls
stdio/ansi/generic/f_ansi_dline
target/z9001/stdio/ansi/f_ansi_scrollup
@stdio/stdio.lst
target/z9001/games/joystick
@games/games.lst
graphics/dcircle
graphics/clg
graphics/text/clsgraph
target/z9001/graphics/textpixl
graphics/text/plotpixl
graphics/text/respixl
graphics/text/xorpixl
graphics/text/pointxy
graphics/fill
graphics/dfill2
graphics/putsprite3
graphics/stencil_render2
graphics/text/swapgfxbk
@gfxbase.lst
@z80.lst
