@input/spectrum.lst
stdio/spectrum/fputc_cons_fzx
stdio/spectrum/fputc_cons_rom_rst
stdio/spectrum/fgetc_cons
stdio/spectrum/fputc_cons
stdio/spectrum/conio_map_colour
stdio/spectrum/getk
stdio/spectrum/CRT_FONT
stdio/spectrum/CRT_FONT_64
stdio/spectrum/CRT_FONT_FZX
stdio/spectrum/generic_console_scrollup
stdio/spectrum/generic_console_cls
stdio/spectrum/generic_console_attrs
stdio/spectrum/generic_console_printc
stdio/spectrum/generic_console_ioctl
stdio/spectrum/generic_console_vpeek
stdio/spectrum/console_vars
stdio/spectrum/conio_vars
stdio/spectrum/bordercolour
@stdio/ansicore.lst
stdio/ansi/spectrum/f_ansi_attr
stdio/ansi/spectrum/f_ansi_bel
stdio/ansi/spectrum/f_ansi_char
stdio/ansi/spectrum/f_ansi_cls
stdio/ansi/spectrum/f_ansi_dline
stdio/ansi/spectrum/f_ansi_scrollup
@stdio/stdio.lst
time/spectrum/clock
@gfxspectrum.lst
@font/fzx/fzx.lst
@font/font_4x8/font_4x8.lst
@font/font_8x8/font_8x8.lst
games/spectrum/joystick
games/spectrum/bit_open
games/spectrum/bit_open_di
games/spectrum/bit_close
games/spectrum/bit_close_ei
@games/games.lst
@target/zx/spectrum.lst
@target/zx/fzx/fzx.lst
psg/spectrum/set_psg
psg/spectrum/set_psg_callee
psg/spectrum/get_psg
psg/spectrum/psg_init
@psg/psg.lst
@z80.lst
