@input/zx81.lst
stdio/zx80/fgetc_cons
stdio/zx80/getk
stdio/zx80/zx80_decode_keys
stdio/zx81/fputc_cons
stdio/zx81/generic_console
@stdio/ansicore.lst
stdio/ansi/zx81/f_ansi_bel
stdio/ansi/zx81/text/f_ansi_attr
stdio/ansi/zx81/text/f_ansi_char
stdio/ansi/zx81/text/f_ansi_cls
stdio/ansi/zx81/text/f_ansi_dline
stdio/ansi/zx81/text/f_ansi_scrollup
@stdio/stdio.lst
time/zx81/clock
graphics/dcircle
graphics/clg
graphics/zx81/clsgraph
graphics/zx80/zx_hardcopy
graphics/zx80/textpixl
graphics/zx80/plotpixl
graphics/zx80/respixl
graphics/zx80/xorpixl
graphics/zx80/pointxy
graphics/putsprite3
graphics/stencil_render2
graphics/text/swapgfxbk
@gfxbase.lst
games/zx81snd/bit_open
games/zx81snd/bit_open_di
games/zx81snd/bit_close
games/zx81snd/bit_close_ei
games/zx81snd/bit_fx
games/zx81snd/bit_fx2
games/zx81snd/bit_fx3
games/zx81snd/bit_fx4
games/zx81snd/beeper
games/zx81snd/bit_synth
@games/games.lst
z80_crt0s/z80_emu/afswap
@zx81/zx81.lst
psg/zx81/set_psg
psg/zx81/set_psg_callee
psg/zx81/get_psg
psg/zx81/psg_init
@psg/psg.lst
@z80.lst
