@input/zx81.lst
stdio/zx81/fgetc_cons
stdio/zx81/getk
stdio/zx81/fputc_cons
stdio/zx81/generic_console
@stdio/ansicore.lst
stdio/ansi/zx81/f_ansi_attr
stdio/ansi/zx81/f_ansi_bel
@stdio/stdio_ixiy.lst
@stdlib/stdlib.lst
time/zx81/clock
games/zx81snd/joystick
games/zx81snd/bit_open
games/zx81snd/bit_open_di
games/zx81snd/bit_close
games/zx81snd/bit_close_ei
games/zx81snd/bit_fx
games/zx81snd/bit_fx2
games/zx81snd/bit_fx3
games/zx81snd/bit_fx4
games/zx81snd/beeper
games/zx81snd/bit_synth
@games/games.lst
z80_crt0s/z80_emu/afswap
@target/zx81/arch_zx81.lst
psg/zx81/set_psg
psg/zx81/set_psg_callee
psg/zx81/get_psg
psg/zx81/psg_init
@psg/psg.lst
@z80.lst
