@input/zx81.lst
stdio/zx81/fgetc_cons
stdio/zx81/getk
stdio/ansi/puts_cons
stdio/ansi/f_ansi
stdio/ansi/f_ansi_lf
stdio/ansi/f_ansi_putc
stdio/ansi/fputc_cons
stdio/ansi/f_ansi_dsr6
stdio/ansi/zx81/f_ansi_attr
stdio/ansi/zx81/f_ansi_bel
stdio/ansi/zx81/f_ansi_char
stdio/ansi/zx81/f_ansi_cls
stdio/ansi/zx81/f_ansi_dline
stdio/ansi/zx81/f_ansi_scrollup
time/zx81/clock
games/joystick
games/zx81/bit_open
games/zx81/bit_open_di
games/zx81/bit_close
games/zx81/bit_close_ei
games/bit_play
games/zx81/bit_fx
games/zx81/bit_fx2
games/zx81/bit_fx3
games/zx81/bit_fx4
games/bit_frequency
games/bit_beep
games/zx81/beeper
games/zx81/bit_synth
@zx81/zx81.lst
@z80.lst
