@gfxbase.lst
graphics/dcircle2
graphics/spectrum/cpm/clg
graphics/clrarea
graphics/lftscrol
graphics/plotpixl_smc
graphics/respixl_smc
graphics/xorpixl_smc
graphics/spectrum/cpm/pixel
graphics/spectrum/cpm/pointxy
graphics/fill
graphics/dfill2
graphics/getsprite
graphics/liner
graphics/spectrum/cpm/stencil_render
graphics/spectrum/cpm/putsprite
graphics/spectrum/cpm/bksave
graphics/spectrum/cpm/bkrestore
graphics/spectrum/rowtab
graphics/spectrum/pixladdr
graphics/swapgfxbk_foo
games/spectrum/joystick
games/spectrum/bit_open_cpm
games/spectrum/bit_open_di_cpm
games/spectrum/bit_close
games/spectrum/bit_close_ei
@games/games.lst
graphics/spectrum/rowtab
target/zx/zx_attr
target/zx/cpm/zx_attr_callee
target/zx/cpm/zx_border
target/zx/zx_break
target/zx/cpm/zx_colour
target/zx/diagnostic/zx_floatingbus
target/zx/diagnostic/zx_fullerstick
target/zx/diagnostic/zx_iss_stick
target/zx/diagnostic/zx_kempston
target/zx/diagnostic/zx_kempstonmouse
target/zx/diagnostic/zx_mb02
target/zx/diagnostic/zx_multiface
target/zx/diagnostic/zx_printer
target/zx/diagnostic/zx_soundchip
target/zx/diagnostic/zx_timexsound
target/zx/diagnostic/zx_zxmmc
target/zx/diagnostic/zx_ulaplus
target/zx/display/zx_aaddr2cx
target/zx/display/zx_aaddr2cy
target/zx/display/zx_aaddr2px
target/zx/display/zx_aaddr2py
target/zx/display/zx_aaddr2saddr
target/zx/display/zx_aaddrcdown
target/zx/display/zx_aaddrcleft
target/zx/display/zx_aaddrcright
target/zx/display/zx_aaddrcup
target/zx/display/zx_cy2aaddr
target/zx/display/zx_cy2saddr
target/zx/display/zx_cyx2aaddr
target/zx/display/zx_cyx2aaddr_callee
target/zx/display/zx_cyx2saddr
target/zx/display/zx_cyx2saddr_callee
target/zx/display/zx_pxy2aaddr
target/zx/display/zx_pxy2aaddr_callee
target/zx/display/zx_pxy2saddr
target/zx/display/zx_pxy2saddr_callee
target/zx/display/zx_py2aaddr
target/zx/display/zx_py2saddr
target/zx/display/zx_saddr2aaddr
target/zx/display/zx_saddr2cx
target/zx/display/zx_saddr2cy
target/zx/display/zx_saddr2px
target/zx/display/zx_saddr2px_callee
target/zx/display/zx_saddr2py
target/zx/display/zx_saddrcdown
target/zx/display/zx_saddrcleft
target/zx/display/zx_saddrcright
target/zx/display/zx_saddrcup
target/zx/display/zx_saddrpdown
target/zx/display/zx_saddrpleft
target/zx/display/zx_saddrpleft_callee
target/zx/display/zx_saddrpright
target/zx/display/zx_saddrpright_callee
target/zx/display/zx_saddrpup
target/zx/ulaplus/ula_normal_mode
target/zx/ulaplus/ula_plus_mode
target/zx/ulaplus/ula_sync
target/zx/ulaplus/ulaplus_set
target/zx/ulaplus/ulaplus_get
target/zx/uspeech/currah_direct
target/zx/zxmmc/__mmc_card_select
target/zx/zxmmc/clock32
target/zx/zxmmc/cs_high
target/zx/zxmmc/cs_low
target/zx/zxmmc/mmc_command
target/zx/zxmmc/mmc_fastpage
target/zx/zxmmc/mmc_getpage
target/zx/zxmmc/mmc_get_cid_csd
target/zx/zxmmc/mmc_init
target/zx/zxmmc/mmc_load
target/zx/zxmmc/mmc_read_block
target/zx/zxmmc/mmc_read_multidata
target/zx/zxmmc/mmc_size
target/zx/zxmmc/mmc_send_command
target/zx/zxmmc/mmc_wait_response
target/zx/zxmmc/mmc_waitdata_token
target/zx/zxmmc/mmc_write_block
target/zx/zxmmc/mmc_write_command
psg/spectrum/set_psg
psg/spectrum/set_psg_callee
psg/spectrum/get_psg
psg/spectrum/psg_init
@psg/psg.lst
