graphics/dcircle
target/trs80/graphics_eg2000/clg
target/trs80/graphics_eg2000/clsgraph
graphics/cclg
target/trs80/graphics_eg2000/cplot
target/trs80/graphics_eg2000/cplot_callee
target/trs80/graphics_eg2000/cpoint
target/trs80/graphics_eg2000/cpoint_callee
target/trs80/graphics_eg2000/pixladdr
graphics/plotpixl
graphics/respixl
graphics/xorpixl
graphics/pointxy
graphics/fill
graphics/dfill
graphics/getsprite
graphics/liner
graphics/stencil_render
target/trs80/graphics_eg2000/putsprite
target/trs80/graphics_eg2000/bksave
target/trs80/graphics_eg2000/bkrestore
graphics/swapgfxbk_foo
@gfxbase.lst
