z80/asm_b_vector_append
z80/asm_b_vector_append_block
z80/asm_b_vector_append_n
z80/asm_b_vector_at
z80/asm_b_vector_back
z80/asm_b_vector_destroy
z80/asm_b_vector_empty
z80/asm_b_vector_erase
z80/asm_b_vector_erase_block
z80/asm_b_vector_erase_range
z80/asm_b_vector_front
z80/asm_b_vector_init
z80/asm_b_vector_insert
z80/asm_b_vector_insert_block
z80/asm_b_vector_insert_n
z80/asm_b_vector_max_size
z80/asm_b_vector_pop_back
z80/asm_b_vector_push_back
z80/asm_b_vector_read_block
z80/asm_b_vector_reserve
z80/asm_b_vector_resize
z80/asm_b_vector_shrink_to_fit
z80/asm_b_vector_write_block
z80/__vector_at
z80/__vector_back
z80/__vector_make_room
z80/__vector_reserve
z80/__vector_resize
