c/lr_sdcc/b_vector_append
c/lr_sdcc/b_vector_append_block
c/lr_sdcc/b_vector_append_n
c/lr_sdcc/b_vector_at
c/lr_sdcc/b_vector_back
c/lr_sdcc/b_vector_destroy
c/lr_sdcc/b_vector_empty
c/lr_sdcc/b_vector_erase
c/lr_sdcc/b_vector_erase_block
c/lr_sdcc/b_vector_erase_range
c/lr_sdcc/b_vector_front
c/lr_sdcc/b_vector_init
c/lr_sdcc/b_vector_insert
c/lr_sdcc/b_vector_insert_block
c/lr_sdcc/b_vector_insert_n
c/lr_sdcc/b_vector_max_size
c/lr_sdcc/b_vector_pop_back
c/lr_sdcc/b_vector_push_back
c/lr_sdcc/b_vector_read_block
c/lr_sdcc/b_vector_reserve
c/lr_sdcc/b_vector_resize
c/lr_sdcc/b_vector_shrink_to_fit
c/lr_sdcc/b_vector_write_block
z80/__vector_at
z80/__vector_back
z80/__vector_make_room
z80/__vector_reserve
z80/__vector_resize
