newlib/drivers/tty/state/asm_tty_execute_action
newlib/drivers/tty/state/asm_tty_output_char
newlib/drivers/tty/state/asm_tty_param_b_absorb
newlib/drivers/tty/state/asm_tty_param_b_action
newlib/drivers/tty/state/asm_tty_param_bb_absorb
newlib/drivers/tty/state/asm_tty_param_bb_action
newlib/drivers/tty/state/asm_tty_param_bbb_absorb
newlib/drivers/tty/state/asm_tty_param_bbb_action
newlib/drivers/tty/state/asm_tty_param_bbbb_absorb
newlib/drivers/tty/state/asm_tty_param_bbbb_action
newlib/drivers/tty/state/asm_tty_reset
newlib/drivers/tty/state/asm_tty_state_0
newlib/drivers/tty/state/asm_tty_state_get_1
newlib/drivers/tty/state/asm_tty_state_get_2
newlib/drivers/tty/state/asm_tty_state_get_3
newlib/drivers/tty/state/asm_tty_state_get_4
newlib/drivers/tty/state/asm_tty_state_param_none_absorb
newlib/drivers/tty/state/asm_tty_state_param_none_action
newlib/drivers/tty/state/asm_tty_state_param_store
newlib/drivers/tty/tty_z88dk/tty_z88dk_state_table
