target/lviv/stdio/fputc_cons_native
target/lviv/stdio/generic_console
target/lviv/stdio/generic_console_ioctl
target/lviv/stdio/generic_console_vpeek
target/lviv/stdio/conio_vars
target/lviv/stdio/conio_map_colour
target/lviv/stdio/CRT_FONT
@classic/stdio/stdio.lst


target/lviv/games/joystick
target/lviv/games/keys_joystick
@classic/games/games.lst
target/lviv/graphics/clg
target/lviv/graphics/pixladdr
target/lviv/graphics/plotpixl
target/lviv/graphics/respixl
target/lviv/graphics/xorpixl
target/lviv/graphics/pointxy
@classic/gfx/portable/gfx_portable.lst
@classic/gfx/narrow/gfx_narrow.lst
target/lviv/input/in_keytranstbl_qwerty
classic/stdio/obj/${TYPE}/inkey/getk
classic/stdio/obj/${TYPE}/inkey/fgetc_cons
@classic/input/input_keyboard.lst
