target/tim011/stdio/generic_console
target/tim011/stdio/generic_console_vpeek
target/tim011/stdio/generic_console_ioctl
target/tim011/stdio/conio_vars
target/tim011/stdio/CRT_FONT
target/tim011/graphics/clsgraph
target/tim011/graphics/getmaxx
target/tim011/graphics/getmaxy
target/tim011/graphics/getmaxy
target/tim011/graphics/w_pixladdr
target/tim011/graphics/w_plotpixl
target/tim011/graphics/w_respixl
target/tim011/graphics/w_xorpixl
target/tim011/graphics/w_pointxy
gfx/retrofit/obj/${TYPE}/draw_callee
gfx/retrofit/obj/${TYPE}/drawr_callee
gfx/retrofit/obj/${TYPE}/drawto_callee
gfx/retrofit/obj/${TYPE}/undraw_callee
gfx/retrofit/obj/${TYPE}/undrawr_callee
gfx/retrofit/obj/${TYPE}/undrawto_callee
gfx/retrofit/obj/${TYPE}/xordraw_callee
gfx/retrofit/obj/${TYPE}/xordrawr_callee
gfx/retrofit/obj/${TYPE}/xordrawto_callee
@classic/gfx/portable/gfx_portable_draw_w.lst
@classic/gfx/wide/gfx_wide.lst
@games/games.lst
