target/zxn/graphics/obj/${TARGET}/__set_zx_pixel_colour
target/zxn/graphics/obj/${TARGET}/res_MODE0
target/zxn/graphics/obj/${TARGET}/pointxy_MODE0
target/zxn/graphics/obj/${TARGET}/plot_MODE6
target/zxn/graphics/obj/${TARGET}/pixladdr_MODE6
target/zxn/graphics/obj/${TARGET}/w_xorpixl
target/zxn/graphics/obj/${TARGET}/getmaxx
target/zxn/graphics/obj/${TARGET}/xor_MODE64
target/zxn/graphics/obj/${TARGET}/res_MODE64
target/zxn/graphics/obj/${TARGET}/xor_MODE0
target/zxn/graphics/obj/${TARGET}/w_respixl
target/zxn/graphics/obj/${TARGET}/plot_MODE64
target/zxn/graphics/obj/${TARGET}/plot_MODE0
target/zxn/graphics/obj/${TARGET}/res_MODE6
target/zxn/graphics/obj/${TARGET}/pointxy_MODE64
target/zxn/graphics/obj/${TARGET}/pointxy_MODE6
target/zxn/graphics/obj/${TARGET}/cleargraphics
target/zxn/graphics/obj/${TARGET}/asm_zxn_copytiles
target/zxn/graphics/obj/${TARGET}/pixladdr_MODE0
target/zxn/graphics/obj/${TARGET}/xor_MODE6
target/zxn/graphics/obj/${TARGET}/w_plotpixl
target/zxn/graphics/obj/${TARGET}/w_pointxy
target/zxn/graphics/obj/${TARGET}/asm_zxn_tilemap_palette
target/zxn/graphics/obj/${TARGET}/textpixl
target/zxn/graphics/obj/${TARGET}/getmaxy
