@target/zx/input_zx.lst
@target/zx/stdio/stdio.lst
@classic/stdio/ansicore.lst
@classic/stdio/stdio.lst
target/shared/clock
target/zxn/stdio/generic_console_zxn
@target/zxn/newlib/newlib.lst
@gfx/wide/gfx_wide.lst
_DEVELOPMENT/font/fzx/obj/${TYPE}/**/*.o


target/zx/games/obj/${TARGET}/joystick
target/zx/games/obj/${TARGET}/bit_open
target/zx/games/obj/${TARGET}/bit_open_di
target/zx/games/obj/${TARGET}/bit_close
target/zx/games/obj/${TARGET}/bit_close_ei
@target/zx-common/timex_zxn_graphics.lst
@games/games.lst
@target/zx/spectrum.lst
@target/zx/fzx/fzx.lst
target/zx/psg/set_psg
target/zx/psg/set_psg_callee
target/zx/psg/get_psg
target/zx/psg/psg_init
target/zx/psg/asm_wyz_hardware_out
target/zx/psg/asm_vt2_hardware_out
target/zx/psg/asm_arkos_zx_smc
target/zx/psg/asm_arkos_zx_rom
_DEVELOPMENT/sound/ay/obj/${TYPE}/**/*.o



