math/float/mathd32/c/sdcc/cd32_sdcc_dload
math/float/mathd32/c/sdcc/cd32_sdcc_dread
math/float/mathd32/c/sdcc/cd32_sdcc_dread_callee
math/float/mathd32/c/sdcc/cd32_sdcc_dsadd
math/float/mathd32/c/sdcc/cd32_sdcc_dsadd_callee
math/float/mathd32/c/sdcc/cd32_sdcc_dsdiv
math/float/mathd32/c/sdcc/cd32_sdcc_dsdiv_callee
math/float/mathd32/c/sdcc/cd32_sdcc_dsinv
math/float/mathd32/c/sdcc/cd32_sdcc_dsinv_fastcall
math/float/mathd32/c/sdcc/cd32_sdcc_dsinvsqrt
math/float/mathd32/c/sdcc/cd32_sdcc_dsinvsqrt_fastcall
math/float/mathd32/c/sdcc/cd32_sdcc_dsmax
math/float/mathd32/c/sdcc/cd32_sdcc_dsmax_fastcall
math/float/mathd32/c/sdcc/cd32_sdcc_dsmin
math/float/mathd32/c/sdcc/cd32_sdcc_dsmin_fastcall
math/float/mathd32/c/sdcc/cd32_sdcc_dsmul
math/float/mathd32/c/sdcc/cd32_sdcc_dsmul_callee
math/float/mathd32/c/sdcc/cd32_sdcc_dsneg
math/float/mathd32/c/sdcc/cd32_sdcc_dsneg_fastcall
math/float/mathd32/c/sdcc/cd32_sdcc_dssqrt
math/float/mathd32/c/sdcc/cd32_sdcc_dssqrt_fastcall
math/float/mathd32/c/sdcc/cd32_sdcc_dssub
math/float/mathd32/c/sdcc/cd32_sdcc_dssub_callee
math/float/mathd32/c/sdcc/cd32_sdcc_dszero
math/float/mathd32/c/sdcc/cd32_sdcc_dszero_fastcall

math/float/mathd32/c/sdcc/cd32_sdcc_hspoly
math/float/mathd32/c/sdcc/cd32_sdcc_hspoly_callee
