target/msx/fcntl/msxdos1/__bdos.asm
@classic/stdio/ansicore.lst
@classic/video/tms9918/video_tms9918.lst
@classic/stdio/stdio_binary.lst
target/msx/time/clock
target/msx/time/time
target/msx/time/target_read_structtm
@target/cpm/fcntl/fcntl.lst
@classic/gfx/narrow/gfx_narrow.lst
target/msx/psg/playzb4
target/msx/psg/psg_init
target/msx/psg/get_psg
target/msx/psg/set_psg
target/msx/psg/set_psg_callee
target/msx/psg/asm_wyz_hardware_out
target/msx/psg/asm_vt2_hardware_out
target/msx/psg/asm_arkos_msx_smc
target/msx/psg/asm_arkos_msx_rom
sound/ay/obj/${TYPE}/**/*.o
target/msx/games/joystick
target/msx/games/bit_open
target/msx/games/bit_open_di
target/msx/games/bit_close
target/msx/games/bit_close_ei
@classic/games/games.lst
@target/msx/arch_msx.lst
