target/msx/stdio/fgetc_cons
target/msx/stdio/getk
target/msx/stdio/fputc_cons
target/msx/fcntl/msxdos1/__bdos.asm

@stdio/ansicore.lst
@video/tms9918/video_tms9918.lst
@stdio/stdio_binary.lst
target/msx/time/clock
target/msx/time/time
target/msx/time/target_read_structtm
@target/cpm/fcntl/fcntl.lst
@gfx/narrow/gfx_narrow.lst
target/msx/games/joystick
target/msx/games/bit_open
target/msx/games/bit_open_di
target/msx/games/bit_close
target/msx/games/bit_close_ei
@games/games.lst
target/msx/psg/psg_init
target/msx/psg/get_psg
target/msx/psg/set_psg
target/msx/psg/set_psg_callee
target/msx/psg/asm_wyz_hardware_out
target/msx/psg/asm_vt2_hardware_out
target/msx/psg/asm_arkos_msx_smc
target/msx/psg/asm_arkos_msx_rom
@psg/ay/psg.lst
@psg/ay/vt2/psg_vt2.lst
@psg/ay/wyz/psg_wyz.lst
@psg/ay/arkos/psg_arkos.lst
@target/msx/arch_msx.lst
