target/cpm/graphics/obj/${TYPE}/clg
target/cpm/graphics/obj/${TYPE}/getmaxx
target/cpm/graphics/obj/${TYPE}/getmaxy
target/cpm/graphics/obj/${TYPE}/clga
gfx/retrofit/obj/${TYPE}/clga_callee
target/cpm/graphics/obj/${TYPE}/xorclga
gfx/retrofit/obj/${TYPE}/xorclga_callee
target/cpm/graphics/obj/${TYPE}/draw
gfx/retrofit/obj/${TYPE}/draw_callee
target/cpm/graphics/obj/${TYPE}/drawb
gfx/retrofit/obj/${TYPE}/drawb_callee
target/cpm/graphics/obj/${TYPE}/drawr
gfx/retrofit/obj/${TYPE}/drawr_callee
target/cpm/graphics/obj/${TYPE}/drawto
gfx/retrofit/obj/${TYPE}/drawto_callee
target/cpm/graphics/obj/${TYPE}/undraw
gfx/retrofit/obj/${TYPE}/undraw_callee
target/cpm/graphics/obj/${TYPE}/undrawb
gfx/retrofit/obj/${TYPE}/undrawb_callee
target/cpm/graphics/obj/${TYPE}/undrawr
gfx/retrofit/obj/${TYPE}/undrawr_callee
target/cpm/graphics/obj/${TYPE}/undrawto
gfx/retrofit/obj/${TYPE}/undrawto_callee
target/cpm/graphics/obj/${TYPE}/xordraw
gfx/retrofit/obj/${TYPE}/xordraw_callee
target/cpm/graphics/obj/${TYPE}/xordrawb
gfx/retrofit/obj/${TYPE}/xordrawb_callee
target/cpm/graphics/obj/${TYPE}/xorborder
gfx/retrofit/obj/${TYPE}/xorborder_callee
target/cpm/graphics/obj/${TYPE}/xordrawr
gfx/retrofit/obj/${TYPE}/xordrawr_callee
target/cpm/graphics/obj/${TYPE}/xordrawto
gfx/retrofit/obj/${TYPE}/xordrawto_callee
target/cpm/graphics/obj/${TYPE}/setxy
target/cpm/graphics/obj/${TYPE}/plot
gfx/retrofit/obj/${TYPE}/plot_callee
target/cpm/graphics/obj/${TYPE}/unplot
gfx/retrofit/obj/${TYPE}/unplot_callee
target/cpm/graphics/obj/${TYPE}/xorplot
gfx/retrofit/obj/${TYPE}/xorplot_callee
target/cpm/graphics/obj/${TYPE}/w_putsprite3
gfx/retrofit/obj/${TYPE}/w_plotpixl
gfx/retrofit/obj/${TYPE}/w_respixl
gfx/retrofit/obj/${TYPE}/w_setxy
target/cpm/graphics/obj/${TYPE}/move
target/cpm/graphics/obj/${TYPE}/putc_gsx
target/cpm/graphics/obj/${TYPE}/stencil_render
classic/gfx/wide/obj/${TARGET}/draw_profile_vy
classic/gfx/wide/obj/${TARGET}/stencil_init_vy
classic/gfx/wide/obj/${TARGET}/stencil_add_pixel_vy
@classic/gfx/wide/gfx_wide.lst
