stdlib/obj/${TYPE}/atexit
stdlib/obj/${TYPE}/bpeek
stdlib/obj/${TYPE}/bpoke
stdlib/obj/${TYPE}/bpoke_callee
stdlib/obj/${TYPE}/exit
stdlib/obj/${TYPE}/extract_bits
stdlib/obj/${TYPE}/extract_bits_callee
stdlib/obj/${TYPE}/extract_bits_sub
stdlib/obj/${TYPE}/inp
stdlib/obj/${TYPE}/isqrt
stdlib/obj/${TYPE}/l_bsearch
stdlib/obj/${TYPE}/l_bsearch_callee
stdlib/obj/${TYPE}/l_qsort
stdlib/obj/${TYPE}/l_qsort_callee
stdlib/obj/${TYPE}/Lbsearch
stdlib/obj/${TYPE}/Lqsort
stdlib/obj/${TYPE}/outp
stdlib/obj/${TYPE}/outp_callee
stdlib/obj/${TYPE}/qsort_sccz80
stdlib/obj/${TYPE}/qsort_sccz80_callee
stdlib/obj/${TYPE}/qsort_sdcc
stdlib/obj/${TYPE}/qsort_sdcc_callee
stdlib/obj/${TYPE}/rand
stdlib/obj/${TYPE}/randomize
stdlib/obj/${TYPE}/swapendian
stdlib/obj/${TYPE}/wpeek
stdlib/obj/${TYPE}/wpoke
stdlib/obj/${TYPE}/wpoke_callee
stdlib/obj/${TYPE}/getopt
stdlib/obj/${TARGET}/delay
stdlib/obj/${TYPE}/t_delay
stdlib/obj/${TARGET}/sleep
stdlib/obj/${TARGET}/csleep
stdlib/obj/${TYPE}/wcmatch
stdlib/obj/${TYPE}/unbcd
@stdlib/stdlib-newlib.lst
