graphics/zx81/clg
graphics/zx81/clsgraph
graphics/zx81/zx_hardcopy
graphics/dcircle2
graphics/stencil_render2
graphics/stencil_add_circle
graphics/stencil_add_liner
graphics/stencil_add_lineto
graphics/stencil_add_side
graphics/stencil_add_point
graphics/stencil_add_pixel
graphics/stencil_init
graphics/dither_pattern
graphics/liner2
graphics/zx81/plotpixl
graphics/zx81/respixl
graphics/zx81/xorpixl
graphics/putsprite3
graphics/zx81/pointxy
graphics/fill
graphics/dfill2
graphics/zx81/swapgfxbk
stdio/ansi/zx81/text/f_ansi_attr
stdio/ansi/zx81/text/f_ansi_char
stdio/ansi/zx81/text/f_ansi_cls
stdio/ansi/zx81/text/f_ansi_dline
stdio/ansi/zx81/text/f_ansi_scrollup
@gfxbase.lst
