restore_a000
ozcopy
ozdetectmodel
ozinput/ozclick
ozinput/ozeditline
ozinput/ozkbdon
ozinput/ozkbdoff
ozinput/ozkeyclear
ozinput/ozkeyhit
ozinput/ozkeyupper
ozinput/ozkeylower
ozinterrupt/ozcustomisr
ozinterrupt/serial_int
ozinterrupt/ozsetisr
ozinterrupt/ozinstisr
ozmisc/ozgetautorun
ozmisc/ozportin
ozmisc/ozportout
ozmisc/ozdelay
ozscreen/ozsetcontrast
ozscreen/ozgetcontrast
ozscreen/ozblankscreen
ozscreen/ozunblankscreen
ozscreen/ozfast
ozscreen/ozsetlight
ozscreen/oztogglelight
ozscreen/ozsetlcdstate
oztime/ozt
oztime/ozhour
oztime/ozmin
oztime/ozsec
oztime/ozweekday
oztime/ozday
oztime/ozmonth
oztime/ozyear
oztime/oztimecompute
ozgfx/ozdisplayputbyte
ozgfx/ozdisplayorbyte
ozgfx/ozdisplayandbyte
ozgfx/ozsetfont
ozgfx/ozgetfont
ozgfx/ozputs
ozgfx/ozfontpointers
ozgfx/ozputch
ozgfx/ozrestorescreen
ozgfx/ozsavescreen
ozgfx/ozscroll
ozgfx/ozscrolldown
ozgfx/ozscrollclear
ozgfx/ozscrolllinesclear
ozserial/ozsnap
ozserial/ozclearserialbuffer
ozserial/ozgetrxhandshaking
ozserial/ozsetrxhandshaking
ozserial/ozserialgetc
ozserial/ozserialin
ozserial/ozserialout
ozserial/ozserinton
ozserial/ozserintoff
ozserial/ozdatabits
ozserial/ozstopbits
ozserial/ozparity
ozserial/ozsetbaud
ozserial/ozgetbaud
ozserial/ozsetlcr
ozserial/ozgetlcr
