target/sms/vram/z80/asm_sms_copy_mem_to_vram
target/sms/vram/z80/asm_sms_copy_mem_to_vram_unsafe
target/sms/vram/z80/asm_sms_copy_vram_to_mem
target/sms/vram/z80/asm_sms_copy_vram_to_mem_unsafe
target/sms/vram/z80/asm_sms_memcpy_mem_to_cram
target/sms/vram/z80/asm_sms_memcpy_mem_to_cram_unsafe
target/sms/vram/z80/asm_sms_memcpy_mem_to_vram
target/sms/vram/z80/asm_sms_memcpy_mem_to_vram_unsafe
target/sms/vram/z80/asm_sms_memcpy_vram_to_mem
target/sms/vram/z80/asm_sms_memcpy_vram_to_mem_unsafe
target/sms/vram/z80/asm_sms_memcpy_vram_to_vram
target/sms/vram/z80/asm_sms_memcpy_vram_to_vram_unsafe
target/sms/vram/z80/asm_sms_memset_vram
target/sms/vram/z80/asm_sms_memset_vram_unsafe
target/sms/vram/z80/asm_sms_memsetw_vram
target/sms/vram/z80/asm_sms_memsetw_vram_unsafe
target/sms/vram/z80/asm_sms_set_vram
target/sms/vram/z80/asm_sms_set_vram_unsafe
target/sms/vram/z80/asm_sms_setw_vram
target/sms/vram/z80/asm_sms_setw_vram_unsafe
target/sms/vram/z80/asm_sms_vram_read_hl
target/sms/vram/z80/asm_sms_vram_write_de
