sprites/_sp1_struct_cs_prototype
../spectrum/sprites/_sp1_struct_ss_prototype
../spectrum/sprites/sp1_AddColSpr
sprites/sp1_AddColSpr_callee
../spectrum/sprites/sp1_ChangeSprType
sprites/sp1_ChangeSprType_callee
../spectrum/sprites/sp1_CreateSpr
sprites/sp1_CreateSpr_callee
../spectrum/sprites/sp1_DeleteSpr
../spectrum/sprites/sp1_InitCharStruct
sprites/sp1_InitCharStruct_callee
../spectrum/sprites/sp1_InsertCharStruct
sprites/sp1_InsertCharStruct_callee
../spectrum/sprites/sp1_IterateSprChar
../spectrum/sprites/sp1_IterateSprChar_callee
../spectrum/sprites/sp1_IterateUpdateSpr
../spectrum/sprites/sp1_IterateUpdateSpr_callee
../spectrum/sprites/sp1_MoveSprAbs
sprites/sp1_MoveSprAbs_callee
../spectrum/sprites/sp1_MoveSprPix
../spectrum/sprites/sp1_MoveSprPix_callee
../spectrum/sprites/sp1_MoveSprRel
../spectrum/sprites/sp1_MoveSprRel_callee
../spectrum/sprites/sp1_PreShiftSpr
../spectrum/sprites/sp1_PreShiftSpr_callee
sprites/sp1_RemoveCharStruct
sprites/SP1AddSprChar
sprites/SP1RemoveSprChar
../spectrum/sprites/draw/SP1_DRAW_LOAD1
../spectrum/sprites/draw/SP1_DRAW_LOAD1LB
../spectrum/sprites/draw/SP1_DRAW_LOAD1LBIM
../spectrum/sprites/draw/SP1_DRAW_LOAD1NR
../spectrum/sprites/draw/SP1_DRAW_LOAD1RB
../spectrum/sprites/draw/SP1_DRAW_LOAD1RBIM
../spectrum/sprites/draw/SP1_DRAW_LOAD2
../spectrum/sprites/draw/SP1_DRAW_LOAD2LB
../spectrum/sprites/draw/SP1_DRAW_LOAD2LBIM
../spectrum/sprites/draw/SP1_DRAW_LOAD2NR
../spectrum/sprites/draw/SP1_DRAW_LOAD2RB
../spectrum/sprites/draw/SP1_DRAW_LOAD2RBIM
../spectrum/sprites/draw/SP1_DRAW_MASK2
../spectrum/sprites/draw/SP1_DRAW_MASK2LB
../spectrum/sprites/draw/SP1_DRAW_MASK2NR
../spectrum/sprites/draw/SP1_DRAW_MASK2RB
../spectrum/sprites/draw/SP1_DRAW_OR1
../spectrum/sprites/draw/SP1_DRAW_OR1LB
../spectrum/sprites/draw/SP1_DRAW_OR1NR
../spectrum/sprites/draw/SP1_DRAW_OR1RB
../spectrum/sprites/draw/SP1_DRAW_OR2
../spectrum/sprites/draw/SP1_DRAW_OR2LB
../spectrum/sprites/draw/SP1_DRAW_OR2NR
../spectrum/sprites/draw/SP1_DRAW_OR2RB
../spectrum/sprites/draw/SP1_DRAW_XOR1
../spectrum/sprites/draw/SP1_DRAW_XOR1LB
../spectrum/sprites/draw/SP1_DRAW_XOR1NR
../spectrum/sprites/draw/SP1_DRAW_XOR1RB
../spectrum/sprites/draw/SP1_DRAW_XOR2
../spectrum/sprites/draw/SP1_DRAW_XOR2LB
../spectrum/sprites/draw/SP1_DRAW_XOR2NR
../spectrum/sprites/draw/SP1_DRAW_XOR2RB
tiles/sp1_ClearRect
tiles/sp1_ClearRect_callee
tiles/sp1_ClearRectInv
tiles/sp1_ClearRectInv_callee
../spectrum/tiles/sp1_GetTiles
tiles/sp1_GetTiles_callee
tiles/sp1_PrintAt
tiles/sp1_PrintAt_callee
tiles/sp1_PrintAtInv
tiles/sp1_PrintAtInv_callee
tiles/sp1_PrintString
tiles/sp1_PrintString_callee
../spectrum/tiles/sp1_PutTiles
tiles/sp1_PutTiles_callee
../spectrum/tiles/sp1_PutTilesInv
tiles/sp1_PutTilesInv_callee
../spectrum/tiles/sp1_ScreenStr
tiles/sp1_ScreenStr_callee
../spectrum/tiles/sp1_SetPrintPos
tiles/sp1_SetPrintPos_callee
../spectrum/tiles/sp1_TileEntry
../spectrum/tiles/sp1_TileEntry_callee
../spectrum/updater/sp1_DrawUpdateStructAlways
../spectrum/updater/sp1_DrawUpdateStructIfInv
../spectrum/updater/sp1_DrawUpdateStructIfNotRem
../spectrum/updater/sp1_DrawUpdateStructIfVal
../spectrum/updater/sp1_GetUpdateStruct
updater/sp1_GetUpdateStruct_callee
updater/sp1_Initialize
updater/sp1_Initialize_callee
updater/sp1_Invalidate
updater/sp1_InvUpdateStruct
../spectrum/updater/sp1_IterateUpdateArr
../spectrum/updater/sp1_IterateUpdateArr_callee
../spectrum/updater/sp1_IterateUpdateRect
updater/sp1_IterateUpdateRect_callee
updater/sp1_RemoveUpdateStruct
../spectrum/updater/sp1_RestoreUpdateStruct
updater/sp1_UpdateNow
updater/sp1_Validate
../spectrum/updater/sp1_ValUpdateStruct
updater/SP1DrawUpdateStruct
