classic/sdcard/obj/${TYPE}/sd_initialize
classic/sdcard/obj/${TYPE}/sd_init_main
classic/sdcard/obj/${TYPE}/sd_load
classic/sdcard/obj/${TYPE}/sd_read_bytes
classic/sdcard/obj/${TYPE}/sd_read_cid
classic/sdcard/obj/${TYPE}/sd_read_csd
classic/sdcard/obj/${TYPE}/sd_get_cid_csd
classic/sdcard/obj/${TYPE}/sd_read_block_2gb
classic/sdcard/obj/${TYPE}/sd_read_block_2gb_callee
classic/sdcard/obj/${TYPE}/sd_write_block_2gb
classic/sdcard/obj/${TYPE}/sd_write_block_2gb_callee
classic/sdcard/obj/${TYPE}/sd_read_sector
classic/sdcard/obj/${TYPE}/sd_read_sector_callee
classic/sdcard/obj/${TYPE}/sd_write_sector
classic/sdcard/obj/${TYPE}/sd_write_sector_callee
classic/sdcard/obj/${TYPE}/sd_write_sector_main
classic/sdcard/obj/${TYPE}/sd_send_command_string
classic/sdcard/obj/${TYPE}/sd_send_eight_clocks
classic/sdcard/obj/${TYPE}/sd_set_sector_addr_regs
classic/sdcard/obj/${TYPE}/sd_set_sector_addr_lba0
classic/sdcard/obj/${TYPE}/sd_sectors
classic/sdcard/obj/${TYPE}/sd_size
classic/sdcard/obj/${TYPE}/sd_wait_data_token
classic/sdcard/obj/${TYPE}/UNSTUFF_BITS
classic/sdcard/obj/${TYPE}/UNSTUFF_BITS_callee
