c/lr_sdcc/obstack_1grow
c/lr_sdcc/obstack_1grow_fast
c/lr_sdcc/obstack_align_distance
c/lr_sdcc/obstack_align_to
c/lr_sdcc/obstack_alloc
c/lr_sdcc/obstack_base
c/lr_sdcc/obstack_blank
c/lr_sdcc/obstack_blank_fast
c/lr_sdcc/obstack_copy
c/lr_sdcc/obstack_copy0
c/lr_sdcc/obstack_finish
c/lr_sdcc/obstack_free
c/lr_sdcc/obstack_grow
c/lr_sdcc/obstack_grow0
c/lr_sdcc/obstack_init
c/lr_sdcc/obstack_int_grow
c/lr_sdcc/obstack_int_grow_fast
c/lr_sdcc/obstack_next_free
c/lr_sdcc/obstack_object_size
c/lr_sdcc/obstack_room
