alloc/obstack/c/rl_sdcc/obstack_1grow
alloc/obstack/c/rl_sdcc/obstack_1grow_fast
alloc/obstack/c/rl_sdcc/obstack_align_distance
alloc/obstack/c/rl_sdcc/obstack_align_to
alloc/obstack/c/rl_sdcc/obstack_alloc
alloc/obstack/c/rl_sdcc/obstack_base
alloc/obstack/c/rl_sdcc/obstack_blank
alloc/obstack/c/rl_sdcc/obstack_blank_fast
alloc/obstack/c/rl_sdcc/obstack_copy
alloc/obstack/c/rl_sdcc/obstack_copy0
alloc/obstack/c/rl_sdcc/obstack_finish
alloc/obstack/c/rl_sdcc/obstack_free
alloc/obstack/c/rl_sdcc/obstack_grow
alloc/obstack/c/rl_sdcc/obstack_grow0
alloc/obstack/c/rl_sdcc/obstack_init
alloc/obstack/c/rl_sdcc/obstack_int_grow
alloc/obstack/c/rl_sdcc/obstack_int_grow_fast
alloc/obstack/c/rl_sdcc/obstack_next_free
alloc/obstack/c/rl_sdcc/obstack_object_size
alloc/obstack/c/rl_sdcc/obstack_room
