stdio/c/sdcc_ix/asprintf
stdio/c/sdcc_ix/clearerr
stdio/c/sdcc_ix/clearerr_unlocked
stdio/c/sdcc_ix/fclose
stdio/c/sdcc_ix/fclose_unlocked
stdio/c/sdcc_ix/fdopen
stdio/c/sdcc_ix/feof
stdio/c/sdcc_ix/feof_unlocked
stdio/c/sdcc_ix/ferror
stdio/c/sdcc_ix/ferror_unlocked
stdio/c/sdcc_ix/fflush
stdio/c/sdcc_ix/fflush_unlocked
stdio/c/sdcc_ix/fgetc
stdio/c/sdcc_ix/fgetc_unlocked
stdio/c/sdcc_ix/fgetpos
stdio/c/sdcc_ix/fgetpos_unlocked
stdio/c/sdcc_ix/fgets
stdio/c/sdcc_ix/fgets_unlocked
stdio/c/sdcc_ix/fileno
stdio/c/sdcc_ix/fileno_unlocked
stdio/c/sdcc_ix/flockfile
stdio/c/sdcc_ix/fmemopen
stdio/c/sdcc_ix/fopen
stdio/c/sdcc_ix/fprintf
stdio/c/sdcc_ix/fprintf_unlocked
stdio/c/sdcc_ix/fputc
stdio/c/sdcc_ix/fputc_unlocked
stdio/c/sdcc_ix/fputs
stdio/c/sdcc_ix/fputs_unlocked
stdio/c/sdcc_ix/fread
stdio/c/sdcc_ix/fread_unlocked
stdio/c/sdcc_ix/freopen
stdio/c/sdcc_ix/freopen_unlocked
stdio/c/sdcc_ix/fscanf
stdio/c/sdcc_ix/fscanf_unlocked
stdio/c/sdcc_ix/fseek
stdio/c/sdcc_ix/fseek_unlocked
stdio/c/sdcc_ix/fsetpos
stdio/c/sdcc_ix/fsetpos_unlocked
stdio/c/sdcc_ix/ftell
stdio/c/sdcc_ix/ftell_unlocked
stdio/c/sdcc_ix/ftrylockfile
stdio/c/sdcc_ix/funlockfile
stdio/c/sdcc_ix/fwrite
stdio/c/sdcc_ix/fwrite_unlocked
stdio/c/sdcc_ix/getc
stdio/c/sdcc_ix/getchar
stdio/c/sdcc_ix/getchar_unlocked
stdio/c/sdcc_ix/getc_unlocked
stdio/c/sdcc_ix/getdelim
stdio/c/sdcc_ix/getdelim_unlocked
stdio/c/sdcc_ix/getline
stdio/c/sdcc_ix/getline_unlocked
stdio/c/sdcc_ix/gets
stdio/c/sdcc_ix/gets_unlocked
stdio/c/sdcc_ix/obstack_printf
stdio/c/sdcc_ix/obstack_vprintf
stdio/c/sdcc_ix/open_memstream
stdio/c/sdcc_ix/perror
stdio/c/sdcc_ix/printf
stdio/c/sdcc_ix/printf_unlocked
stdio/c/sdcc_ix/putc
stdio/c/sdcc_ix/putchar
stdio/c/sdcc_ix/putchar_unlocked
stdio/c/sdcc_ix/putc_unlocked
stdio/c/sdcc_ix/puts
stdio/c/sdcc_ix/puts_unlocked
stdio/c/sdcc_ix/rewind
stdio/c/sdcc_ix/rewind_unlocked
stdio/c/sdcc_ix/scanf
stdio/c/sdcc_ix/scanf_unlocked
stdio/c/sdcc_ix/snprintf
stdio/c/sdcc_ix/sprintf
stdio/c/sdcc_ix/sscanf
stdio/c/sdcc_ix/ungetc
stdio/c/sdcc_ix/ungetc_unlocked
stdio/c/sdcc_ix/vasprintf
stdio/c/sdcc_ix/vfprintf
stdio/c/sdcc_ix/vfprintf_unlocked
stdio/c/sdcc_ix/vfscanf
stdio/c/sdcc_ix/vfscanf_unlocked
stdio/c/sdcc_ix/vprintf
stdio/c/sdcc_ix/vprintf_unlocked
stdio/c/sdcc_ix/vscanf
stdio/c/sdcc_ix/vscanf_unlocked
stdio/c/sdcc_ix/vsnprintf
stdio/c/sdcc_ix/vsprintf
stdio/c/sdcc_ix/vsscanf
stdio/c/sdcc_ix/_fmemopen_
stdio/z80/asm__fflushall
stdio/z80/asm__fflushall_unlocked
stdio/z80/__stdio_file_add_list
stdio/z80/__stdio_file_allocate
stdio/z80/__stdio_file_constructor
stdio/z80/__stdio_file_deallocate
stdio/z80/__stdio_file_destructor
stdio/z80/__stdio_file_init
stdio/z80/__stdio_length_modifier
stdio/z80/__stdio_lock_acquire
stdio/z80/__stdio_lock_file_list
stdio/z80/__stdio_lock_release
stdio/z80/__stdio_lock_tryacquire
stdio/z80/__stdio_nextarg_bc
stdio/z80/__stdio_nextarg_de
stdio/z80/__stdio_nextarg_hl
stdio/z80/__stdio_parse_mode
stdio/z80/__stdio_unlock_file_list
stdio/z80/__stdio_varg
stdio/z80/__stdio_verify_input
stdio/z80/__stdio_verify_output
stdio/z80/__stdio_verify_valid
stdio/z80/__stdio_verify_valid_lock
stdio/z80/drivers/memstream/__stdio_memstream_driver
stdio/z80/input_helpers/__stdio_input_sm_fgets
stdio/z80/input_helpers/__stdio_input_sm_getdelim
stdio/z80/input_helpers/__stdio_input_sm_gets
stdio/z80/input_helpers/__stdio_recv_input_eatc
stdio/z80/input_helpers/__stdio_recv_input_eat_ws
stdio/z80/input_helpers/__stdio_recv_input_raw_eatc
stdio/z80/input_helpers/__stdio_recv_input_raw_eat_ws
stdio/z80/input_helpers/__stdio_recv_input_raw_getc
stdio/z80/input_helpers/__stdio_recv_input_raw_read
stdio/z80/input_helpers/__stdio_recv_input_read
stdio/z80/input_helpers/__stdio_scanf_bb
stdio/z80/input_helpers/__stdio_scanf_bkt
stdio/z80/input_helpers/__stdio_scanf_c
stdio/z80/input_helpers/__stdio_scanf_d
stdio/z80/input_helpers/__stdio_scanf_i
stdio/z80/input_helpers/__stdio_scanf_ii
stdio/z80/input_helpers/__stdio_scanf_lbb
stdio/z80/input_helpers/__stdio_scanf_ld
stdio/z80/input_helpers/__stdio_scanf_li
stdio/z80/input_helpers/__stdio_scanf_ln
stdio/z80/input_helpers/__stdio_scanf_lo
stdio/z80/input_helpers/__stdio_scanf_lp
stdio/z80/input_helpers/__stdio_scanf_lu
stdio/z80/input_helpers/__stdio_scanf_lx
stdio/z80/input_helpers/__stdio_scanf_n
stdio/z80/input_helpers/__stdio_scanf_number_head
stdio/z80/input_helpers/__stdio_scanf_number_tail_int
stdio/z80/input_helpers/__stdio_scanf_number_tail_long
stdio/z80/input_helpers/__stdio_scanf_o
stdio/z80/input_helpers/__stdio_scanf_p
stdio/z80/input_helpers/__stdio_scanf_s
stdio/z80/input_helpers/__stdio_scanf_sm_binary
stdio/z80/input_helpers/__stdio_scanf_sm_bkt
stdio/z80/input_helpers/__stdio_scanf_sm_decimal
stdio/z80/input_helpers/__stdio_scanf_sm_format
stdio/z80/input_helpers/__stdio_scanf_sm_hex
stdio/z80/input_helpers/__stdio_scanf_sm_i
stdio/z80/input_helpers/__stdio_scanf_sm_ii
stdio/z80/input_helpers/__stdio_scanf_sm_octal
stdio/z80/input_helpers/__stdio_scanf_sm_string
stdio/z80/input_helpers/__stdio_scanf_sm_write
stdio/z80/input_helpers/__stdio_scanf_u
stdio/z80/input_helpers/__stdio_scanf_x
stdio/z80/output_helpers/__stdio_printf_bb
stdio/z80/output_helpers/__stdio_printf_c
stdio/z80/output_helpers/__stdio_printf_d
stdio/z80/output_helpers/__stdio_printf_i
stdio/z80/output_helpers/__stdio_printf_ii
stdio/z80/output_helpers/__stdio_printf_lbb
stdio/z80/output_helpers/__stdio_printf_ld
stdio/z80/output_helpers/__stdio_printf_li
stdio/z80/output_helpers/__stdio_printf_ln
stdio/z80/output_helpers/__stdio_printf_lo
stdio/z80/output_helpers/__stdio_printf_lp
stdio/z80/output_helpers/__stdio_printf_lu
stdio/z80/output_helpers/__stdio_printf_lx
stdio/z80/output_helpers/__stdio_printf_n
stdio/z80/output_helpers/__stdio_printf_number_tail
stdio/z80/output_helpers/__stdio_printf_number_tail_int
stdio/z80/output_helpers/__stdio_printf_number_tail_long
stdio/z80/output_helpers/__stdio_printf_o
stdio/z80/output_helpers/__stdio_printf_p
stdio/z80/output_helpers/__stdio_printf_s
stdio/z80/output_helpers/__stdio_printf_sign
stdio/z80/output_helpers/__stdio_printf_u
stdio/z80/output_helpers/__stdio_printf_x
stdio/z80/output_helpers/__stdio_send_output
stdio/z80/output_helpers/__stdio_send_output_raw
