stdio/c/sdcc_iy/asprintf
stdio/c/sdcc_iy/clearerr
stdio/c/sdcc_iy/clearerr_unlocked
stdio/c/sdcc_iy/fclose
stdio/c/sdcc_iy/fclose_unlocked
stdio/c/sdcc_iy/fdopen
stdio/c/sdcc_iy/feof
stdio/c/sdcc_iy/feof_unlocked
stdio/c/sdcc_iy/ferror
stdio/c/sdcc_iy/ferror_unlocked
stdio/c/sdcc_iy/fflush
stdio/c/sdcc_iy/fflush_unlocked
stdio/c/sdcc_iy/fgetc
stdio/c/sdcc_iy/fgetc_unlocked
stdio/c/sdcc_iy/fgetpos
stdio/c/sdcc_iy/fgetpos_unlocked
stdio/c/sdcc_iy/fgets
stdio/c/sdcc_iy/fgets_unlocked
stdio/c/sdcc_iy/fileno
stdio/c/sdcc_iy/fileno_unlocked
stdio/c/sdcc_iy/flockfile
stdio/c/sdcc_iy/fmemopen
stdio/c/sdcc_iy/fopen
stdio/c/sdcc_iy/fprintf
stdio/c/sdcc_iy/fprintf_unlocked
stdio/c/sdcc_iy/fputc
stdio/c/sdcc_iy/fputc_unlocked
stdio/c/sdcc_iy/fputs
stdio/c/sdcc_iy/fputs_unlocked
stdio/c/sdcc_iy/fread
stdio/c/sdcc_iy/fread_unlocked
stdio/c/sdcc_iy/freopen
stdio/c/sdcc_iy/freopen_unlocked
stdio/c/sdcc_iy/fscanf
stdio/c/sdcc_iy/fscanf_unlocked
stdio/c/sdcc_iy/fseek
stdio/c/sdcc_iy/fseek_unlocked
stdio/c/sdcc_iy/fsetpos
stdio/c/sdcc_iy/fsetpos_unlocked
stdio/c/sdcc_iy/ftell
stdio/c/sdcc_iy/ftell_unlocked
stdio/c/sdcc_iy/ftrylockfile
stdio/c/sdcc_iy/funlockfile
stdio/c/sdcc_iy/fwrite
stdio/c/sdcc_iy/fwrite_unlocked
stdio/c/sdcc_iy/getc
stdio/c/sdcc_iy/getchar
stdio/c/sdcc_iy/getchar_unlocked
stdio/c/sdcc_iy/getc_unlocked
stdio/c/sdcc_iy/getdelim
stdio/c/sdcc_iy/getdelim_unlocked
stdio/c/sdcc_iy/getline
stdio/c/sdcc_iy/getline_unlocked
stdio/c/sdcc_iy/gets
stdio/c/sdcc_iy/gets_unlocked
stdio/c/sdcc_iy/obstack_printf
stdio/c/sdcc_iy/obstack_vprintf
stdio/c/sdcc_iy/open_memstream
stdio/c/sdcc_iy/perror
stdio/c/sdcc_iy/printf
stdio/c/sdcc_iy/printf_unlocked
stdio/c/sdcc_iy/putc
stdio/c/sdcc_iy/putchar
stdio/c/sdcc_iy/putchar_unlocked
stdio/c/sdcc_iy/putc_unlocked
stdio/c/sdcc_iy/puts
stdio/c/sdcc_iy/puts_unlocked
stdio/c/sdcc_iy/rewind
stdio/c/sdcc_iy/rewind_unlocked
stdio/c/sdcc_iy/scanf
stdio/c/sdcc_iy/scanf_unlocked
stdio/c/sdcc_iy/snprintf
stdio/c/sdcc_iy/sprintf
stdio/c/sdcc_iy/sscanf
stdio/c/sdcc_iy/ungetc
stdio/c/sdcc_iy/ungetc_unlocked
stdio/c/sdcc_iy/vasprintf
stdio/c/sdcc_iy/vfprintf
stdio/c/sdcc_iy/vfprintf_unlocked
stdio/c/sdcc_iy/vfscanf
stdio/c/sdcc_iy/vfscanf_unlocked
stdio/c/sdcc_iy/vprintf
stdio/c/sdcc_iy/vprintf_unlocked
stdio/c/sdcc_iy/vscanf
stdio/c/sdcc_iy/vscanf_unlocked
stdio/c/sdcc_iy/vsnprintf
stdio/c/sdcc_iy/vsprintf
stdio/c/sdcc_iy/vsscanf
stdio/c/sdcc_iy/_fmemopen_
stdio/z80/asm__fflushall
stdio/z80/asm__fflushall_unlocked
stdio/z80/__stdio_file_add_list
stdio/z80/__stdio_file_allocate
stdio/z80/__stdio_file_constructor
stdio/z80/__stdio_file_deallocate
stdio/z80/__stdio_file_destructor
stdio/z80/__stdio_file_init
stdio/z80/__stdio_length_modifier
stdio/z80/__stdio_lock_acquire
stdio/z80/__stdio_lock_file_list
stdio/z80/__stdio_lock_release
stdio/z80/__stdio_lock_tryacquire
stdio/z80/__stdio_nextarg_bc
stdio/z80/__stdio_nextarg_de
stdio/z80/__stdio_nextarg_hl
stdio/z80/__stdio_parse_mode
stdio/z80/__stdio_unlock_file_list
stdio/z80/__stdio_varg
stdio/z80/__stdio_verify_input
stdio/z80/__stdio_verify_output
stdio/z80/__stdio_verify_valid
stdio/z80/__stdio_verify_valid_lock
stdio/z80/drivers/memstream/__stdio_memstream_driver
stdio/z80/input_helpers/__stdio_input_sm_fgets
stdio/z80/input_helpers/__stdio_input_sm_getdelim
stdio/z80/input_helpers/__stdio_input_sm_gets
stdio/z80/input_helpers/__stdio_recv_input_eatc
stdio/z80/input_helpers/__stdio_recv_input_eat_ws
stdio/z80/input_helpers/__stdio_recv_input_raw_eatc
stdio/z80/input_helpers/__stdio_recv_input_raw_eat_ws
stdio/z80/input_helpers/__stdio_recv_input_raw_getc
stdio/z80/input_helpers/__stdio_recv_input_raw_read
stdio/z80/input_helpers/__stdio_recv_input_read
stdio/z80/input_helpers/__stdio_scanf_bb
stdio/z80/input_helpers/__stdio_scanf_bkt
stdio/z80/input_helpers/__stdio_scanf_c
stdio/z80/input_helpers/__stdio_scanf_d
stdio/z80/input_helpers/__stdio_scanf_i
stdio/z80/input_helpers/__stdio_scanf_ii
stdio/z80/input_helpers/__stdio_scanf_lbb
stdio/z80/input_helpers/__stdio_scanf_ld
stdio/z80/input_helpers/__stdio_scanf_li
stdio/z80/input_helpers/__stdio_scanf_ln
stdio/z80/input_helpers/__stdio_scanf_lo
stdio/z80/input_helpers/__stdio_scanf_lp
stdio/z80/input_helpers/__stdio_scanf_lu
stdio/z80/input_helpers/__stdio_scanf_lx
stdio/z80/input_helpers/__stdio_scanf_n
stdio/z80/input_helpers/__stdio_scanf_number_head
stdio/z80/input_helpers/__stdio_scanf_number_tail_int
stdio/z80/input_helpers/__stdio_scanf_number_tail_long
stdio/z80/input_helpers/__stdio_scanf_o
stdio/z80/input_helpers/__stdio_scanf_p
stdio/z80/input_helpers/__stdio_scanf_s
stdio/z80/input_helpers/__stdio_scanf_sm_binary
stdio/z80/input_helpers/__stdio_scanf_sm_bkt
stdio/z80/input_helpers/__stdio_scanf_sm_decimal
stdio/z80/input_helpers/__stdio_scanf_sm_format
stdio/z80/input_helpers/__stdio_scanf_sm_hex
stdio/z80/input_helpers/__stdio_scanf_sm_i
stdio/z80/input_helpers/__stdio_scanf_sm_ii
stdio/z80/input_helpers/__stdio_scanf_sm_octal
stdio/z80/input_helpers/__stdio_scanf_sm_string
stdio/z80/input_helpers/__stdio_scanf_sm_write
stdio/z80/input_helpers/__stdio_scanf_u
stdio/z80/input_helpers/__stdio_scanf_x
stdio/z80/output_helpers/__stdio_printf_bb
stdio/z80/output_helpers/__stdio_printf_c
stdio/z80/output_helpers/__stdio_printf_d
stdio/z80/output_helpers/__stdio_printf_i
stdio/z80/output_helpers/__stdio_printf_ii
stdio/z80/output_helpers/__stdio_printf_lbb
stdio/z80/output_helpers/__stdio_printf_ld
stdio/z80/output_helpers/__stdio_printf_li
stdio/z80/output_helpers/__stdio_printf_ln
stdio/z80/output_helpers/__stdio_printf_lo
stdio/z80/output_helpers/__stdio_printf_lp
stdio/z80/output_helpers/__stdio_printf_lu
stdio/z80/output_helpers/__stdio_printf_lx
stdio/z80/output_helpers/__stdio_printf_n
stdio/z80/output_helpers/__stdio_printf_number_tail
stdio/z80/output_helpers/__stdio_printf_number_tail_int
stdio/z80/output_helpers/__stdio_printf_number_tail_long
stdio/z80/output_helpers/__stdio_printf_o
stdio/z80/output_helpers/__stdio_printf_p
stdio/z80/output_helpers/__stdio_printf_s
stdio/z80/output_helpers/__stdio_printf_sign
stdio/z80/output_helpers/__stdio_printf_u
stdio/z80/output_helpers/__stdio_printf_x
stdio/z80/output_helpers/__stdio_send_output
stdio/z80/output_helpers/__stdio_send_output_raw
