malloc/obj/${TYPE}/calloc
malloc/obj/${TYPE}/calloc_callee
malloc/obj/${TYPE}/free
malloc/obj/${TYPE}/HeapAlloc
malloc/obj/${TYPE}/HeapAlloc_callee
malloc/obj/${TYPE}/HeapCalloc
malloc/obj/${TYPE}/HeapCalloc_callee
malloc/obj/${TYPE}/HeapCreate
malloc/obj/${TYPE}/HeapFree
malloc/obj/${TYPE}/HeapFree_callee
malloc/obj/${TYPE}/HeapInfo
malloc/obj/${TYPE}/HeapInfo_callee
malloc/obj/${TYPE}/HeapRealloc
malloc/obj/${TYPE}/HeapRealloc_callee
malloc/obj/${TYPE}/HeapSbrk
malloc/obj/${TYPE}/HeapSbrk_callee
malloc/obj/${TYPE}/MAHeapInfo
malloc/obj/${TYPE}/mallinfo
malloc/obj/${TYPE}/mallinfo_callee
malloc/obj/${TYPE}/mallinit
malloc/obj/${TYPE}/malloc
malloc/obj/${TYPE}/realloc
malloc/obj/${TYPE}/realloc_callee
malloc/obj/${TYPE}/sbrk
malloc/obj/${TYPE}/sbrk_callee
malloc/obj/${TYPE}/strings/strdup
malloc/obj/${TYPE}/asm_realloc
malloc/obj/${TYPE}/asm_free
