@input/x1.lst
stdio/x1/generic_console_cls
stdio/x1/generic_console_ioctl
stdio/x1/generic_console_printc
stdio/x1/generic_console_scrollup
stdio/x1/generic_console_vpeek
stdio/x1/generic_console_xypos
stdio/x1/generic_console
stdio/x1/conio_vars
stdio/x1/conio_map_colour
stdio/x1/CRT_FONT
@stdio/ansicore.lst
@font/font_8x8/font_8x8.lst
stdio/ansi/x1/f_ansi_attr
stdio/ansi/x1/f_ansi_bel
stdio/ansi/x1/f_ansi_char
stdio/ansi/x1/f_ansi_cls
stdio/ansi/x1/f_ansi_dline
stdio/ansi/x1/f_ansi_scrollup
@stdio/stdio.lst
target/x1/graphics/clg
target/x1/graphics/getmaxx
target/x1/graphics/getmaxy
target/x1/graphics/w_pixladdr
target/x1/graphics/w_plotpixl
target/x1/graphics/w_respixl
target/x1/graphics/w_xorpixl
target/x1/graphics/w_pointxy
graphics/draw_profile
graphics/swapgfxbk_foo
graphics/w_putsprite2
@gfxbasew.lst
target/x1/subcpu_command
target/x1/subcpu_get
target/x1/subcpu_set
target/x1/set_crtc
target/x1/set_crtc_10
target/x1/set_crtc_reg
target/x1/x1_get_pcg_version
target/x1/x1_set_text_80
target/x1/x1_set_text_80_hs
target/x1/x1_set_text_40
target/x1/x1_set_text_40_hs
target/x1/asm_set_palette
target/x1/x1_set_palette
target/x1/x1_load_pcg
target/x1/asm_load_pcg
psg/x1/set_psg
psg/x1/set_psg_callee
psg/x1/get_psg
psg/x1/psg_init
@psg/psg.lst
