font/fzx/z80/__fzx_buffer_glyph_width
font/fzx/z80/__fzx_char_struct
font/fzx/z80/__fzx_partition_width_adjust
font/fzx/z80/__fzx_puts_newline
font/fzx/z80/__fzx_puts_single_spacing
font/fzx/z80/__fzx_string_glyph_width
@font/fzx/fonts/fonts.lst
font/fzx/c/sdcc_iy/fzx_at
font/fzx/c/sdcc_iy/fzx_buffer_extent
font/fzx/c/sdcc_iy/fzx_buffer_partition
font/fzx/c/sdcc_iy/fzx_buffer_partition_ww
font/fzx/c/sdcc_iy/fzx_char_metrics
font/fzx/c/sdcc_iy/fzx_glyph_width
font/fzx/c/sdcc_iy/fzx_puts
font/fzx/c/sdcc_iy/fzx_puts_justified
font/fzx/c/sdcc_iy/fzx_state_init
font/fzx/c/sdcc_iy/fzx_string_extent
font/fzx/c/sdcc_iy/fzx_string_partition
font/fzx/c/sdcc_iy/fzx_string_partition_ww
font/fzx/c/sdcc_iy/fzx_write
font/fzx/c/sdcc_iy/fzx_write_justified
