font/fzx/c/lr_sccz80/fzx_buffer_extent
font/fzx/c/lr_sccz80/fzx_buffer_extent_callee
font/fzx/c/lr_sccz80/fzx_buffer_partition
font/fzx/c/lr_sccz80/fzx_buffer_partition_callee
font/fzx/c/lr_sccz80/fzx_buffer_partition_ww
font/fzx/c/lr_sccz80/fzx_buffer_partition_ww_callee
font/fzx/c/lr_sccz80/fzx_char_metrics
font/fzx/c/lr_sccz80/fzx_char_metrics_callee
font/fzx/c/lr_sccz80/fzx_puts
font/fzx/c/lr_sccz80/fzx_setat
font/fzx/c/lr_sccz80/fzx_setat_callee
font/fzx/c/lr_sccz80/fzx_string_extent
font/fzx/c/lr_sccz80/fzx_string_partition
font/fzx/c/lr_sccz80/fzx_string_partition_callee
font/fzx/c/lr_sccz80/fzx_string_partition_ww
font/fzx/c/lr_sccz80/fzx_string_partition_ww_callee
font/fzx/c/lr_sccz80/fzx_write
font/fzx/c/lr_sccz80/fzx_write_callee
font/fzx/z80/__fzx_char_metrics
font/fzx/z80/__fzx_glyph_width
font/fzx/z80/__fzx_width_sm
@font/fzx/fonts/fonts.lst
