@target/zx/bifrost_l/bifrost_l_asm.lst
target/zx/bifrost_l/c/sdcc/BIFROSTL_drawTileL
target/zx/bifrost_l/c/sdcc/BIFROSTL_drawTileL_callee
target/zx/bifrost_l/c/sdcc/BIFROSTL_fillTileAttrL
target/zx/bifrost_l/c/sdcc/BIFROSTL_fillTileAttrL_callee
target/zx/bifrost_l/c/sdcc/BIFROSTL_findAttrH
target/zx/bifrost_l/c/sdcc/BIFROSTL_findAttrH_callee
target/zx/bifrost_l/c/sdcc/BIFROSTL_getAnimGroup
target/zx/bifrost_l/c/sdcc/BIFROSTL_getAnimGroup_fastcall
target/zx/bifrost_l/c/sdcc/BIFROSTL_getTile
target/zx/bifrost_l/c/sdcc/BIFROSTL_getTile_callee
target/zx/bifrost_l/c/sdcc/BIFROSTL_resetAnim2Frames
target/zx/bifrost_l/c/sdcc/BIFROSTL_resetAnim4Frames
target/zx/bifrost_l/c/sdcc/BIFROSTL_setTile
target/zx/bifrost_l/c/sdcc/BIFROSTL_setTile_callee
target/zx/bifrost_l/c/sdcc/BIFROSTL_showNextTile
target/zx/bifrost_l/c/sdcc/BIFROSTL_showTilePosL
target/zx/bifrost_l/c/sdcc/BIFROSTL_showTilePosL_callee
target/zx/bifrost_l/c/sdcc/BIFROSTL_start
target/zx/bifrost_l/c/sdcc/BIFROSTL_stop
