c/lr_sccz80/w_array_append
c/lr_sccz80/w_array_append_callee
c/lr_sccz80/w_array_append_n
c/lr_sccz80/w_array_append_n_callee
c/lr_sccz80/w_array_at
c/lr_sccz80/w_array_at_callee
c/lr_sccz80/w_array_back
c/lr_sccz80/w_array_capacity
c/lr_sccz80/w_array_clear
c/lr_sccz80/w_array_data
c/lr_sccz80/w_array_destroy
c/lr_sccz80/w_array_empty
c/lr_sccz80/w_array_erase
c/lr_sccz80/w_array_erase_callee
c/lr_sccz80/w_array_erase_range
c/lr_sccz80/w_array_erase_range_callee
c/lr_sccz80/w_array_front
c/lr_sccz80/w_array_init
c/lr_sccz80/w_array_init_callee
c/lr_sccz80/w_array_insert
c/lr_sccz80/w_array_insert_callee
c/lr_sccz80/w_array_insert_n
c/lr_sccz80/w_array_insert_n_callee
c/lr_sccz80/w_array_pop_back
c/lr_sccz80/w_array_push_back
c/lr_sccz80/w_array_push_back_callee
c/lr_sccz80/w_array_resize
c/lr_sccz80/w_array_resize_callee
c/lr_sccz80/w_array_size
z80/__w_array_write_n
