target/g800/invlcd
target/g800/lcd_contrast
target/g800/lcd_on
target/g800/lcd_off
target/g800/games/bit_open
target/g800/games/bit_open_di
target/g800/games/bit_close
target/g800/games/bit_close_ei
@games/games.lst
gfx/narrow/obj/${TARGET}/getsprite2
gfx/narrow/obj/${TARGET}/putsprite2
target/g800/graphics/obj/${TARGET}/plotpixel
target/g800/graphics/obj/${TARGET}/point
target/g800/graphics/obj/${TARGET}/pointxy
target/g800/graphics/obj/${TARGET}/respixel
target/g800/graphics/obj/${TARGET}/xorpixel
target/g800/graphics/obj/${TARGET}/bksave
target/g800/graphics/obj/${TARGET}/bkrestore
target/g800/graphics/obj/${TARGET}/locate
target/g800/graphics/obj/${TARGET}/clsgraph
target/g800/graphics/obj/${TARGET}/plotpixel
target/g800/graphics/obj/${TARGET}/scrollup_1px
target/g800/graphics/obj/${TARGET}/scrollup_4px
@gfx/narrow/gfx_narrow.lst
