math/float/am9511/asm/am32_acos
math/float/am9511/asm/am32_asin
math/float/am9511/asm/am32_atan
math/float/am9511/asm/am32_ceil
math/float/am9511/asm/am32_const
math/float/am9511/asm/am32_conv
math/float/am9511/asm/am32_cos
math/float/am9511/asm/am32_exp
math/float/am9511/asm/am32_fabs
math/float/am9511/asm/am32_fadd
math/float/am9511/asm/am32_fdiv
math/float/am9511/asm/am32_finv
math/float/am9511/asm/am32_floor
math/float/am9511/asm/am32_fmul
math/float/am9511/asm/am32_fsub
math/float/am9511/asm/am32_hypot
math/float/am9511/asm/am32_imul
math/float/am9511/asm/am32_ladd
math/float/am9511/asm/am32_ldiv
math/float/am9511/asm/am32_lmod
math/float/am9511/asm/am32_lmul
math/float/am9511/asm/am32_load
math/float/am9511/asm/am32_log
math/float/am9511/asm/am32_log10
math/float/am9511/asm/am32_lsub
math/float/am9511/asm/am32_nan_b
math/float/am9511/asm/am32_pow
math/float/am9511/asm/am32_sigdig
math/float/am9511/asm/am32_sin
math/float/am9511/asm/am32_sqr
math/float/am9511/asm/am32_sqrt
math/float/am9511/asm/am32_tan
math/float/am9511/asm/am32_util

