../../../math/float/am9511/lam32/z80/asm_acosf
../../../math/float/am9511/lam32/z80/asm_asinf
../../../math/float/am9511/lam32/z80/asm_atanf
../../../math/float/am9511/lam32/z80/asm_ceilf
../../../math/float/am9511/lam32/z80/asm_cosf
../../../math/float/am9511/lam32/z80/asm_fabsf
../../../math/float/am9511/lam32/z80/asm_fadd
../../../math/float/am9511/lam32/z80/asm_fdiv
../../../math/float/am9511/lam32/z80/asm_fdiv2
../../../math/float/am9511/lam32/z80/asm_floorf
../../../math/float/am9511/lam32/z80/asm_fmul
../../../math/float/am9511/lam32/z80/asm_fmul2
../../../math/float/am9511/lam32/z80/asm_fmul10u
../../../math/float/am9511/lam32/z80/asm_fsub
../../../math/float/am9511/lam32/z80/asm_hypotf
../../../math/float/am9511/lam32/z80/asm_negf
../../../math/float/am9511/lam32/z80/asm_sinf
../../../math/float/am9511/lam32/z80/asm_sqrf
../../../math/float/am9511/lam32/z80/asm_sqrtf
../../../math/float/am9511/lam32/z80/asm_tanf
../../../math/float/am9511/lam32/z80/asm_zerof

../../../math/float/am9511/lam32/c/sccz80/acos.asm
../../../math/float/am9511/lam32/c/sccz80/acos_fastcall.asm
../../../math/float/am9511/lam32/c/sccz80/acosh.asm
../../../math/float/am9511/lam32/c/sccz80/acosh_fastcall.asm
../../../math/float/am9511/lam32/c/sccz80/asin.asm
../../../math/float/am9511/lam32/c/sccz80/asin_fastcall.asm
../../../math/float/am9511/lam32/c/sccz80/asinh.asm
../../../math/float/am9511/lam32/c/sccz80/asinh_fastcall.asm
../../../math/float/am9511/lam32/c/sccz80/atan.asm
../../../math/float/am9511/lam32/c/sccz80/atan_fastcall.asm
../../../math/float/am9511/lam32/c/sccz80/atan2.asm
../../../math/float/am9511/lam32/c/sccz80/atanh.asm
../../../math/float/am9511/lam32/c/sccz80/atanh_fastcall.asm
../../../math/float/am9511/lam32/c/sccz80/ceil.asm
../../../math/float/am9511/lam32/c/sccz80/ceil_fastcall.asm
../../../math/float/am9511/lam32/c/sccz80/cos.asm
../../../math/float/am9511/lam32/c/sccz80/cos_fastcall.asm
../../../math/float/am9511/lam32/c/sccz80/cosh.asm
../../../math/float/am9511/lam32/c/sccz80/cosh_fastcall.asm
../../../math/float/am9511/lam32/c/sccz80/div2.asm
../../../math/float/am9511/lam32/c/sccz80/div2_fastcall.asm
../../../math/float/am9511/lam32/c/sccz80/exp.asm
../../../math/float/am9511/lam32/c/sccz80/exp_fastcall.asm
../../../math/float/am9511/lam32/c/sccz80/exp2.asm
../../../math/float/am9511/lam32/c/sccz80/exp2_fastcall.asm
../../../math/float/am9511/lam32/c/sccz80/exp10.asm
../../../math/float/am9511/lam32/c/sccz80/exp10_fastcall.asm
../../../math/float/am9511/lam32/c/sccz80/f32_fam9511.asm
../../../math/float/am9511/lam32/c/sccz80/fabs.asm
../../../math/float/am9511/lam32/c/sccz80/fabs_fastcall.asm
../../../math/float/am9511/lam32/c/sccz80/floor.asm
../../../math/float/am9511/lam32/c/sccz80/floor_fastcall.asm
../../../math/float/am9511/lam32/c/sccz80/fmax.asm
../../../math/float/am9511/lam32/c/sccz80/fmax_callee.asm
../../../math/float/am9511/lam32/c/sccz80/fmin.asm
../../../math/float/am9511/lam32/c/sccz80/fmin_callee.asm
../../../math/float/am9511/lam32/c/sccz80/fmod.asm
../../../math/float/am9511/lam32/c/sccz80/fpclassify.asm
../../../math/float/am9511/lam32/c/sccz80/frexp.asm
../../../math/float/am9511/lam32/c/sccz80/frexp_callee.asm
../../../math/float/am9511/lam32/c/sccz80/hypot.asm
../../../math/float/am9511/lam32/c/sccz80/hypot_callee.asm
../../../math/float/am9511/lam32/c/sccz80/ldexp.asm
../../../math/float/am9511/lam32/c/sccz80/ldexp_callee.asm
../../../math/float/am9511/lam32/c/sccz80/l_f32_add.asm
../../../math/float/am9511/lam32/c/sccz80/l_f32_conv.asm
../../../math/float/am9511/lam32/c/sccz80/l_f32_div.asm
../../../math/float/am9511/lam32/c/sccz80/l_f32_eq.asm
../../../math/float/am9511/lam32/c/sccz80/l_f32_f2int.asm
../../../math/float/am9511/lam32/c/sccz80/l_f32_f2long.asm
../../../math/float/am9511/lam32/c/sccz80/l_f32_ge.asm
../../../math/float/am9511/lam32/c/sccz80/l_f32_gt.asm
../../../math/float/am9511/lam32/c/sccz80/l_f32_invf.asm
../../../math/float/am9511/lam32/c/sccz80/l_f32_ldexp.asm
../../../math/float/am9511/lam32/c/sccz80/l_f32_le.asm
../../../math/float/am9511/lam32/c/sccz80/l_f32_lt.asm
../../../math/float/am9511/lam32/c/sccz80/l_f32_mul.asm
../../../math/float/am9511/lam32/c/sccz80/l_f32_ne.asm
../../../math/float/am9511/lam32/c/sccz80/l_f32_sub.asm
../../../math/float/am9511/lam32/c/sccz80/l_f32_swap.asm
../../../math/float/am9511/lam32/c/sccz80/l_f32_zero.asm
../../../math/float/am9511/lam32/c/sccz80/l_long_div.asm
../../../math/float/am9511/lam32/c/sccz80/l_long_div_u.asm
../../../math/float/am9511/lam32/c/sccz80/l_long_mod.asm
../../../math/float/am9511/lam32/c/sccz80/l_long_mod_u.asm
../../../math/float/am9511/lam32/c/sccz80/l_long_mult.asm
../../../math/float/am9511/lam32/c/sccz80/log.asm
../../../math/float/am9511/lam32/c/sccz80/log_fastcall.asm
../../../math/float/am9511/lam32/c/sccz80/log2.asm
../../../math/float/am9511/lam32/c/sccz80/log2_fastcall.asm
../../../math/float/am9511/lam32/c/sccz80/log10.asm
../../../math/float/am9511/lam32/c/sccz80/log10_fastcall.asm
../../../math/float/am9511/lam32/c/sccz80/modf.asm
../../../math/float/am9511/lam32/c/sccz80/mul2.asm
../../../math/float/am9511/lam32/c/sccz80/mul2_fastcall.asm
../../../math/float/am9511/lam32/c/sccz80/mul10u.asm
../../../math/float/am9511/lam32/c/sccz80/mul10u_fastcall.asm
../../../math/float/am9511/lam32/c/sccz80/pow.asm
../../../math/float/am9511/lam32/c/sccz80/pow_callee.asm
../../../math/float/am9511/lam32/c/sccz80/round.asm
../../../math/float/am9511/lam32/c/sccz80/round_fastcall.asm
../../../math/float/am9511/lam32/c/sccz80/sin.asm
../../../math/float/am9511/lam32/c/sccz80/sin_fastcall.asm
../../../math/float/am9511/lam32/c/sccz80/sinh.asm
../../../math/float/am9511/lam32/c/sccz80/sinh_fastcall.asm
../../../math/float/am9511/lam32/c/sccz80/sqr.asm
../../../math/float/am9511/lam32/c/sccz80/sqr_fastcall.asm
../../../math/float/am9511/lam32/c/sccz80/sqrt.asm
../../../math/float/am9511/lam32/c/sccz80/sqrt_fastcall.asm
../../../math/float/am9511/lam32/c/sccz80/tan.asm
../../../math/float/am9511/lam32/c/sccz80/tan_fastcall.asm
../../../math/float/am9511/lam32/c/sccz80/tanh.asm
../../../math/float/am9511/lam32/c/sccz80/tanh_fastcall.asm

../../../math/float/am9511/asm/am32_acos.asm
../../../math/float/am9511/asm/am32_asin.asm
../../../math/float/am9511/asm/am32_atan.asm
../../../math/float/am9511/asm/am32_ceil.asm
../../../math/float/am9511/asm/am32_const.asm
../../../math/float/am9511/asm/am32_conv.asm
../../../math/float/am9511/asm/am32_cos.asm
../../../math/float/am9511/asm/am32_exp.asm
../../../math/float/am9511/asm/am32_fabs.asm
../../../math/float/am9511/asm/am32_fadd.asm
../../../math/float/am9511/asm/am32_fdiv.asm
../../../math/float/am9511/asm/am32_finv.asm
../../../math/float/am9511/asm/am32_floor.asm
../../../math/float/am9511/asm/am32_fmul.asm
../../../math/float/am9511/asm/am32_fsub.asm
../../../math/float/am9511/asm/am32_hypot.asm
../../../math/float/am9511/asm/am32_ladd.asm
../../../math/float/am9511/asm/am32_ldiv.asm
../../../math/float/am9511/asm/am32_lmod.asm
../../../math/float/am9511/asm/am32_lmul.asm
../../../math/float/am9511/asm/am32_load.asm
../../../math/float/am9511/asm/am32_log.asm
../../../math/float/am9511/asm/am32_log10.asm
../../../math/float/am9511/asm/am32_lsub.asm
../../../math/float/am9511/asm/am32_pow.asm
../../../math/float/am9511/asm/am32_sigdig.asm
../../../math/float/am9511/asm/am32_sin.asm
../../../math/float/am9511/asm/am32_sqr.asm
../../../math/float/am9511/asm/am32_sqrt.asm
../../../math/float/am9511/asm/am32_tan.asm
../../../math/float/am9511/asm/am32_util.asm

../../../math/float/am9511/asm/8085/am32_am9511.asm
../../../math/float/am9511/asm/8085/am32_compare.asm
../../../math/float/am9511/asm/8085/am32_discardfraction.asm
../../../math/float/am9511/asm/8085/am32_f2long.asm
../../../math/float/am9511/asm/8085/am32_fdiv2.asm
../../../math/float/am9511/asm/8085/am32_fmul2.asm
../../../math/float/am9511/asm/8085/am32_fmul10u.asm
../../../math/float/am9511/asm/8085/am32_fpclassify.asm
../../../math/float/am9511/asm/8085/am32_frexp.asm
../../../math/float/am9511/asm/8085/am32_ldexp.asm
../../../math/float/am9511/asm/8085/am32_popf.asm
../../../math/float/am9511/asm/8085/am32_popi.asm
../../../math/float/am9511/asm/8085/am32_popl.asm
../../../math/float/am9511/asm/8085/am32_pushf.asm
../../../math/float/am9511/asm/8085/am32_pushi.asm
../../../math/float/am9511/asm/8085/am32_pushl.asm
../../../math/float/am9511/asm/8085/am32_read.asm
../../../math/float/am9511/asm/8085/am32_switch_arg.asm

../../../math/float/am9511/c/8085/am9511_acosh.asm
../../../math/float/am9511/c/8085/am9511_asinh.asm
../../../math/float/am9511/c/8085/am9511_atan2.asm
../../../math/float/am9511/c/8085/am9511_atanh.asm
../../../math/float/am9511/c/8085/am9511_cosh.asm
../../../math/float/am9511/c/8085/am9511_exp2.asm
../../../math/float/am9511/c/8085/am9511_exp10.asm
../../../math/float/am9511/c/8085/am9511_fmax.asm
../../../math/float/am9511/c/8085/am9511_fmin.asm
../../../math/float/am9511/c/8085/am9511_fmod.asm
../../../math/float/am9511/c/8085/am9511_log2.asm
../../../math/float/am9511/c/8085/am9511_modf.asm
../../../math/float/am9511/c/8085/am9511_round.asm
../../../math/float/am9511/c/8085/am9511_sinh.asm
../../../math/float/am9511/c/8085/am9511_tanh.asm

../../../math/float/am9511/c/sdcc/cam32_sdcc_acos.asm
../../../math/float/am9511/c/sdcc/cam32_sdcc_acosh.asm
../../../math/float/am9511/c/sdcc/cam32_sdcc_asin.asm
../../../math/float/am9511/c/sdcc/cam32_sdcc_asinh.asm
../../../math/float/am9511/c/sdcc/cam32_sdcc_atan.asm
../../../math/float/am9511/c/sdcc/cam32_sdcc_atanh.asm
../../../math/float/am9511/c/sdcc/cam32_sdcc_ceil.asm
../../../math/float/am9511/c/sdcc/cam32_sdcc_cos.asm
../../../math/float/am9511/c/sdcc/cam32_sdcc_cosh.asm
../../../math/float/am9511/c/sdcc/cam32_sdcc_exp.asm
../../../math/float/am9511/c/sdcc/cam32_sdcc_exp2.asm
../../../math/float/am9511/c/sdcc/cam32_sdcc_exp10.asm
../../../math/float/am9511/c/sdcc/cam32_sdcc_fabs.asm
../../../math/float/am9511/c/sdcc/cam32_sdcc_fadd.asm
../../../math/float/am9511/c/sdcc/cam32_sdcc_fadd_callee.asm
../../../math/float/am9511/c/sdcc/cam32_sdcc_fam9511.asm
../../../math/float/am9511/c/sdcc/cam32_sdcc_fdiv.asm
../../../math/float/am9511/c/sdcc/cam32_sdcc_fdiv_callee.asm
../../../math/float/am9511/c/sdcc/cam32_sdcc_fdiv2.asm
../../../math/float/am9511/c/sdcc/cam32_sdcc_floor.asm
../../../math/float/am9511/c/sdcc/cam32_sdcc_fmax.asm
../../../math/float/am9511/c/sdcc/cam32_sdcc_fmax_callee.asm
../../../math/float/am9511/c/sdcc/cam32_sdcc_fmin.asm
../../../math/float/am9511/c/sdcc/cam32_sdcc_fmin_callee.asm
../../../math/float/am9511/c/sdcc/cam32_sdcc_fmul.asm
../../../math/float/am9511/c/sdcc/cam32_sdcc_fmul_callee.asm
../../../math/float/am9511/c/sdcc/cam32_sdcc_fmul2.asm
../../../math/float/am9511/c/sdcc/cam32_sdcc_fmul10u.asm
../../../math/float/am9511/c/sdcc/cam32_sdcc_fpclassify.asm
../../../math/float/am9511/c/sdcc/cam32_sdcc_frexp.asm
../../../math/float/am9511/c/sdcc/cam32_sdcc_frexp_callee.asm
../../../math/float/am9511/c/sdcc/cam32_sdcc_fsub.asm
../../../math/float/am9511/c/sdcc/cam32_sdcc_fsub_callee.asm
../../../math/float/am9511/c/sdcc/cam32_sdcc_hypot.asm
../../../math/float/am9511/c/sdcc/cam32_sdcc_hypot_callee.asm
../../../math/float/am9511/c/sdcc/cam32_sdcc_ldexp.asm
../../../math/float/am9511/c/sdcc/cam32_sdcc_ldexp_callee.asm
../../../math/float/am9511/c/sdcc/cam32_sdcc_log.asm
../../../math/float/am9511/c/sdcc/cam32_sdcc_log2.asm
../../../math/float/am9511/c/sdcc/cam32_sdcc_log10.asm
../../../math/float/am9511/c/sdcc/cam32_sdcc_neg.asm
../../../math/float/am9511/c/sdcc/cam32_sdcc_pow.asm
../../../math/float/am9511/c/sdcc/cam32_sdcc_pow_callee.asm
../../../math/float/am9511/c/sdcc/cam32_sdcc_round.asm
../../../math/float/am9511/c/sdcc/cam32_sdcc_sin.asm
../../../math/float/am9511/c/sdcc/cam32_sdcc_sinh.asm
../../../math/float/am9511/c/sdcc/cam32_sdcc_sqr.asm
../../../math/float/am9511/c/sdcc/cam32_sdcc_sqrt.asm
../../../math/float/am9511/c/sdcc/cam32_sdcc_tan.asm
../../../math/float/am9511/c/sdcc/cam32_sdcc_tanh.asm
../../../math/float/am9511/c/sdcc/cam32_sdcc_zero.asm

../../../math/float/am9511/c/sccz80/cam32_sccz80_acos.asm
../../../math/float/am9511/c/sccz80/cam32_sccz80_acosh.asm
../../../math/float/am9511/c/sccz80/cam32_sccz80_asin.asm
../../../math/float/am9511/c/sccz80/cam32_sccz80_asinh.asm
../../../math/float/am9511/c/sccz80/cam32_sccz80_atan.asm
../../../math/float/am9511/c/sccz80/cam32_sccz80_atan2.asm
../../../math/float/am9511/c/sccz80/cam32_sccz80_atanh.asm
../../../math/float/am9511/c/sccz80/cam32_sccz80_ceil.asm
../../../math/float/am9511/c/sccz80/cam32_sccz80_cos.asm
../../../math/float/am9511/c/sccz80/cam32_sccz80_cosh.asm
../../../math/float/am9511/c/sccz80/cam32_sccz80_exp.asm
../../../math/float/am9511/c/sccz80/cam32_sccz80_exp2.asm
../../../math/float/am9511/c/sccz80/cam32_sccz80_exp10.asm
../../../math/float/am9511/c/sccz80/cam32_sccz80_fabs.asm
../../../math/float/am9511/c/sccz80/cam32_sccz80_fadd.asm
../../../math/float/am9511/c/sccz80/cam32_sccz80_fadd_callee.asm
../../../math/float/am9511/c/sccz80/cam32_sccz80_fam9511.asm
../../../math/float/am9511/c/sccz80/cam32_sccz80_fdiv.asm
../../../math/float/am9511/c/sccz80/cam32_sccz80_fdiv_callee.asm
../../../math/float/am9511/c/sccz80/cam32_sccz80_fdiv2.asm
../../../math/float/am9511/c/sccz80/cam32_sccz80_floor.asm
../../../math/float/am9511/c/sccz80/cam32_sccz80_fmax.asm
../../../math/float/am9511/c/sccz80/cam32_sccz80_fmax_callee.asm
../../../math/float/am9511/c/sccz80/cam32_sccz80_fmin.asm
../../../math/float/am9511/c/sccz80/cam32_sccz80_fmin_callee.asm
../../../math/float/am9511/c/sccz80/cam32_sccz80_fmod.asm
../../../math/float/am9511/c/sccz80/cam32_sccz80_fmul.asm
../../../math/float/am9511/c/sccz80/cam32_sccz80_fmul_callee.asm
../../../math/float/am9511/c/sccz80/cam32_sccz80_fmul2.asm
../../../math/float/am9511/c/sccz80/cam32_sccz80_fmul10u.asm
../../../math/float/am9511/c/sccz80/cam32_sccz80_fpclassify.asm
../../../math/float/am9511/c/sccz80/cam32_sccz80_frexp.asm
../../../math/float/am9511/c/sccz80/cam32_sccz80_frexp_callee.asm
../../../math/float/am9511/c/sccz80/cam32_sccz80_fsub.asm
../../../math/float/am9511/c/sccz80/cam32_sccz80_fsub_callee.asm
../../../math/float/am9511/c/sccz80/cam32_sccz80_hypot.asm
../../../math/float/am9511/c/sccz80/cam32_sccz80_hypot_callee.asm
../../../math/float/am9511/c/sccz80/cam32_sccz80_ldexp.asm
../../../math/float/am9511/c/sccz80/cam32_sccz80_ldexp_callee.asm
../../../math/float/am9511/c/sccz80/cam32_sccz80_ldiv_callee.asm
../../../math/float/am9511/c/sccz80/cam32_sccz80_ldiv_u_callee.asm
../../../math/float/am9511/c/sccz80/cam32_sccz80_lmod_callee.asm
../../../math/float/am9511/c/sccz80/cam32_sccz80_lmod_u_callee.asm
../../../math/float/am9511/c/sccz80/cam32_sccz80_lmul_callee.asm
../../../math/float/am9511/c/sccz80/cam32_sccz80_log.asm
../../../math/float/am9511/c/sccz80/cam32_sccz80_log2.asm
../../../math/float/am9511/c/sccz80/cam32_sccz80_log10.asm
../../../math/float/am9511/c/sccz80/cam32_sccz80_modf.asm
../../../math/float/am9511/c/sccz80/cam32_sccz80_neg.asm
../../../math/float/am9511/c/sccz80/cam32_sccz80_pow.asm
../../../math/float/am9511/c/sccz80/cam32_sccz80_pow_callee.asm
../../../math/float/am9511/c/sccz80/cam32_sccz80_round.asm
../../../math/float/am9511/c/sccz80/cam32_sccz80_sin.asm
../../../math/float/am9511/c/sccz80/cam32_sccz80_sinh.asm
../../../math/float/am9511/c/sccz80/cam32_sccz80_sqr.asm
../../../math/float/am9511/c/sccz80/cam32_sccz80_sqrt.asm
../../../math/float/am9511/c/sccz80/cam32_sccz80_tan.asm
../../../math/float/am9511/c/sccz80/cam32_sccz80_tanh.asm
../../../math/float/am9511/c/sccz80/cam32_sccz80_zero.asm
