../../error/z80/_errno
../../error/z80/errno_mc
../../error/z80/errno_zc
../../error/z80/errno_znc
../../error/z80/error_bc_zc
../../error/z80/error_divide_by_zero_mc
../../error/z80/error_divide_by_zero_zc
../../error/z80/error_eacces_mc
../../error/z80/error_ebadf_mc
../../error/z80/error_ebadf_zc
../../error/z80/error_ebdfd_mc
../../error/z80/error_ebdfd_zc
../../error/z80/error_edom_mc
../../error/z80/error_edom_zc
../../error/z80/error_efbig_mc
../../error/z80/error_efbig_zc
../../error/z80/error_einval_mc
../../error/z80/error_einval_zc
../../error/z80/error_einval_znc
../../error/z80/error_emfile_zc
../../error/z80/error_enfile_mc
../../error/z80/error_enolck_mc
../../error/z80/error_enolck_zc
../../error/z80/error_enomem_mc
../../error/z80/error_enomem_zc
../../error/z80/error_enotsup_mc
../../error/z80/error_enotsup_zc
../../error/z80/error_eoverflow_mc
../../error/z80/error_eoverflow_zc
../../error/z80/error_erange_llmc
../../error/z80/error_erange_lmc
../../error/z80/error_erange_mc
../../error/z80/error_erange_zc
../../error/z80/error_estat_zc
../../error/z80/error_ewouldblock_zc
../../error/z80/error_llmc
../../error/z80/error_llmnc
../../error/z80/error_llzc
../../error/z80/error_llznc
../../error/z80/error_lmc
../../error/z80/error_lmnc
../../error/z80/error_lzc
../../error/z80/error_lznc
../../error/z80/error_mc
../../error/z80/error_mnc
../../error/z80/error_mulu_overflow_mc
../../error/z80/error_oc
../../error/z80/error_onc
../../error/z80/error_zc
../../error/z80/error_znc
../../math/integer/fast/l_fast_divs_8_8x8
../../math/integer/fast/l_fast_divs_16_16x16
../../math/integer/fast/l_fast_divs_32_32x32
../../math/integer/fast/l_fast_divs_64_64x64
../../math/integer/fast/l_fast_divu_8_8x8
../../math/integer/fast/l_fast_divu_16_16x8
../../math/integer/fast/l_fast_divu_16_16x16
../../math/integer/fast/l_fast_divu_24_24x8
../../math/integer/fast/l_fast_divu_24_24x16
../../math/integer/fast/l_fast_divu_24_24x24
../../math/integer/fast/l_fast_divu_32_32x8
../../math/integer/fast/l_fast_divu_32_32x16
../../math/integer/fast/l_fast_divu_32_32x24
../../math/integer/fast/l_fast_divu_32_32x32
../../math/integer/fast/l_fast_divu_64_64x8
../../math/integer/fast/l_fast_divu_64_64x64
../../math/integer/fast/l_fast_muls_8_8x8
../../math/integer/fast/l_fast_muls_16_16x16
../../math/integer/fast/l_fast_muls_32_32x32
../../math/integer/fast/l_fast_mulu_8_8x8
../../math/integer/fast/l_fast_mulu_16_8x8
../../math/integer/fast/l_fast_mulu_16_16x16
../../math/integer/fast/l_fast_mulu_24_16x8
../../math/integer/fast/l_fast_mulu_32_16x16
../../math/integer/fast/l_fast_mulu_32_24x8
../../math/integer/fast/l_fast_mulu_32_24x16
../../math/integer/fast/l_fast_mulu_32_32x32
../../math/integer/fast/l_fast_mulu_40_32x8
../../math/integer/fast/l_fast_mulu_64_32x32
../../math/integer/fast/l_fast_mulu_64_64x64
../../math/integer/fast/l_fast_mulu_72_64x8
../../math/integer/fast/l_fast_mulu_de
../../math/integer/small/l_small_divs_16_16x16
../../math/integer/small/l_small_divs_32_32x32
../../math/integer/small/l_small_divs_64_64x64
../../math/integer/small/l_small_divu_16_16x16
../../math/integer/small/l_small_divu_32_32x32
../../math/integer/small/l_small_divu_64_64x8
../../math/integer/small/l_small_divu_64_64x64
../../math/integer/small/l_small_mul_16_16x16
../../math/integer/small/l_small_mul_32_16x16
../../math/integer/small/l_small_mul_32_32x32
../../math/integer/small/l_small_mul_40_32x8
../../math/integer/small/l_small_mul_64_32x32
../../math/integer/small/l_small_mul_64_64x64
../../math/integer/small/l_small_mul_72_64x8
../../math/integer/small/l_small_muls_16_16x16
../../math/integer/small/l_small_muls_32_32x32
../../math/integer/small/l_small_mulu_de
../../math/integer/l_divs_16_16x16
../../math/integer/l_divs_32_32x32
../../math/integer/l_divs_64_64x64
../../math/integer/l_divu_16_16x8
../../math/integer/l_divu_16_16x16
../../math/integer/l_divu_32_32x8
../../math/integer/l_divu_32_32x16
../../math/integer/l_divu_32_32x32
../../math/integer/l_divu_64_64x8
../../math/integer/l_divu_64_64x64
../../math/integer/l_muls_16_16x16
../../math/integer/l_muls_32_32x32
../../math/integer/l_muls_64_64x64
../../math/integer/l_mulu_16_8x8
../../math/integer/l_mulu_16_16x8
../../math/integer/l_mulu_16_16x16
../../math/integer/l_mulu_24_16x8
../../math/integer/l_mulu_32_16x16
../../math/integer/l_mulu_32_32x32
../../math/integer/l_mulu_40_32x8
../../math/integer/l_mulu_64_32x32
../../math/integer/l_mulu_64_64x64
../../math/integer/l_mulu_72_64x8
../../math/integer/l_mulu_de
../../math/float/math32/z80/f32_z80_mulu_32h_24x24
../../math/float/math32/z80/f32_z80_mulu_32h_32x32
../../math/float/math32/z80/f32_z80_sqr_32h_24x24
../../arch/z80/z80/asm_z80_delay_ms
../../arch/z80/z80/asm_z80_delay_tstate

@../../l/clang.lst
