target/kc/stdio/fgetc_cons
target/kc/stdio/getk
target/kc/stdio/fputc_cons
target/kc/stdio/generic_console
target/kc/stdio/generic_console_ioctl
target/kc/stdio/generic_console_vpeek
target/kc/stdio/conio_map_colour
target/kc/stdio/CRT_FONT
@stdio/stdio_ixiy.lst

games/joystick
target/kc/graphics/clg
target/kc/graphics/w_pixladdr
target/kc/graphics/swapgfxbk
target/kc/graphics/w_stencil_render
# Take portable drawing routines to avoid using both index registers
graphics/retrofit/draw_callee
graphics/retrofit/drawr_callee
graphics/retrofit/drawto_callee
graphics/retrofit/undraw_callee
graphics/retrofit/undrawr_callee
graphics/retrofit/undrawto_callee
graphics/retrofit/xordraw_callee
graphics/retrofit/xordrawr_callee
graphics/retrofit/xordrawto_callee
gfx/portable/obj/${TYPE}/commondraw
gfx/portable/obj/${TYPE}/commondrawr
gfx/portable/obj/${TYPE}/commondrawto
gfx/portable/obj/${TYPE}/draw
gfx/portable/obj/${TYPE}/drawr
gfx/portable/obj/${TYPE}/drawto
gfx/portable/obj/${TYPE}/linedraw
gfx/portable/obj/${TYPE}/undraw
gfx/portable/obj/${TYPE}/undrawr
gfx/portable/obj/${TYPE}/undrawto
gfx/portable/obj/${TYPE}/xordraw
gfx/portable/obj/${TYPE}/xordrawr
gfx/portable/obj/${TYPE}/xordrawto

gfx/wide/obj/${TARGET}/w_putsprite
gfx/wide/obj/${TARGET}/w_dcircle_square
@gfx/wide/gfx_wide.lst
@games/games_joystick.lst

