video/tms9918/obj/${TARGET}/vdp_set_char_attr
video/tms9918/obj/${TARGET}/msx_calculate_side
video/tms9918/obj/${TARGET}/vdp_blit_fill_vram
video/tms9918/obj/${TARGET}/vdp_set_sprite_8
video/tms9918/obj/${TARGET}/vdp_vpeek
video/tms9918/obj/${TARGET}/FILVRM
video/tms9918/obj/${TARGET}/vdp_set_char_form
video/tms9918/obj/${TARGET}/vdp_set_sprite_mode
video/tms9918/obj/${TARGET}/msxbios
video/tms9918/obj/${TARGET}/vdp_put_sprite_16
video/tms9918/obj/${TARGET}/dithpat
video/tms9918/obj/${TARGET}/vdp_color
video/tms9918/obj/${TARGET}/vdp_vram
video/tms9918/obj/${TARGET}/LDIRVM
video/tms9918/obj/${TARGET}/msx_map_m2_block
video/tms9918/obj/${TARGET}/vdp_vwrite_direct
video/tms9918/obj/${TARGET}/SETRD
video/tms9918/obj/${TARGET}/add_raster_im1
video/tms9918/obj/${TARGET}/vdp_set_char_color
video/tms9918/obj/${TARGET}/vdp_vfill
video/tms9918/obj/${TARGET}/l_tms9918_disable_interrupts_im1
video/tms9918/obj/${TARGET}/vdp_set_reg
video/tms9918/obj/${TARGET}/msx_map_m2_subpixel
video/tms9918/obj/${TARGET}/vdp_put_sprite_8
video/tms9918/obj/${TARGET}/SETWRT
video/tms9918/obj/${TARGET}/vdp_vread
video/tms9918/obj/${TARGET}/vdp_blit_ram_vram
video/tms9918/obj/${TARGET}/vdp_vfill_v
video/tms9918/obj/${TARGET}/vdp_get_reg
video/tms9918/obj/${TARGET}/vdp_set_border
video/tms9918/obj/${TARGET}/vdp_blit
video/tms9918/obj/${TARGET}/vdp_set_char
video/tms9918/obj/${TARGET}/vdp_vpoke_callee
video/tms9918/obj/${TARGET}/vdp_vpoke
video/tms9918/obj/${TARGET}/LDIRMV
video/tms9918/obj/${TARGET}/vdp_set_mode
video/tms9918/obj/${TARGET}/vdp_vwrite
video/tms9918/obj/${TARGET}/vdp_vmerge
video/tms9918/obj/${TARGET}/msx_map_m2_pixel
video/tms9918/obj/${TARGET}/vdpport
video/tms9918/obj/${TARGET}/vdp_variables
video/tms9918/obj/${TARGET}/vdp_set_sprite_16
video/tms9918/obj/${TARGET}/__tms9918_status_register
video/tms9918/stdio/**/obj/${TARGET}/*
video/tms9918/graphics/obj/${TARGET}/*
