z80/asm_w_vector_append
z80/asm_w_vector_append_n
z80/asm_w_vector_at
z80/asm_w_vector_back
z80/asm_w_vector_capacity
z80/asm_w_vector_clear
z80/asm_w_vector_data
z80/asm_w_vector_destroy
z80/asm_w_vector_empty
z80/asm_w_vector_erase
z80/asm_w_vector_erase_range
z80/asm_w_vector_front
z80/asm_w_vector_init
z80/asm_w_vector_insert
z80/asm_w_vector_insert_n
z80/asm_w_vector_max_size
z80/asm_w_vector_pop_back
z80/asm_w_vector_push_back
z80/asm_w_vector_reserve
z80/asm_w_vector_resize
z80/asm_w_vector_shrink_to_fit
z80/asm_w_vector_size
