c/rl_sdcc/w_vector_append
c/rl_sdcc/w_vector_append_n
c/rl_sdcc/w_vector_at
c/rl_sdcc/w_vector_back
c/rl_sdcc/w_vector_capacity
c/rl_sdcc/w_vector_clear
c/rl_sdcc/w_vector_data
c/rl_sdcc/w_vector_destroy
c/rl_sdcc/w_vector_empty
c/rl_sdcc/w_vector_erase
c/rl_sdcc/w_vector_erase_range
c/rl_sdcc/w_vector_front
c/rl_sdcc/w_vector_init
c/rl_sdcc/w_vector_insert
c/rl_sdcc/w_vector_insert_n
c/rl_sdcc/w_vector_max_size
c/rl_sdcc/w_vector_pop_back
c/rl_sdcc/w_vector_push_back
c/rl_sdcc/w_vector_reserve
c/rl_sdcc/w_vector_resize
c/rl_sdcc/w_vector_shrink_to_fit
c/rl_sdcc/w_vector_size
