c/lr_sccz80/w_vector_append
c/lr_sccz80/w_vector_append_callee
c/lr_sccz80/w_vector_append_n
c/lr_sccz80/w_vector_append_n_callee
c/lr_sccz80/w_vector_at
c/lr_sccz80/w_vector_at_callee
c/lr_sccz80/w_vector_back
c/lr_sccz80/w_vector_capacity
c/lr_sccz80/w_vector_data
c/lr_sccz80/w_vector_destroy
c/lr_sccz80/w_vector_empty
c/lr_sccz80/w_vector_erase
c/lr_sccz80/w_vector_erase_callee
c/lr_sccz80/w_vector_erase_range
c/lr_sccz80/w_vector_erase_range_callee
c/lr_sccz80/w_vector_front
c/lr_sccz80/w_vector_init
c/lr_sccz80/w_vector_init_callee
c/lr_sccz80/w_vector_insert
c/lr_sccz80/w_vector_insert_callee
c/lr_sccz80/w_vector_insert_n
c/lr_sccz80/w_vector_insert_n_callee
c/lr_sccz80/w_vector_max_size
c/lr_sccz80/w_vector_pop_back
c/lr_sccz80/w_vector_push_back
c/lr_sccz80/w_vector_reserve
c/lr_sccz80/w_vector_reserve_callee
c/lr_sccz80/w_vector_resize
c/lr_sccz80/w_vector_resize_callee
c/lr_sccz80/w_vector_shrink_to_fit
c/lr_sccz80/w_vector_size
z80/__w_vector_write_n
