target/agon/stdio/fputc_cons_native
target/agon/stdio/fgetc_cons
target/agon/stdio/getk
target/agon/stdio/generic_console
target/agon/stdio/generic_console_ioctl
target/agon/stdio/__agon_putc
target/agon/graphics/__gfx_vars
target/agon/graphics/__agon_setmode
target/agon/graphics/__agon_draw
target/agon/graphics/__agon_drawto
target/agon/graphics/__agon_drawr
target/agon/graphics/__agon_drawcircle
target/agon/graphics/w_draw
target/agon/graphics/w_undraw
target/agon/graphics/w_drawto
target/agon/graphics/w_undrawto
target/agon/graphics/w_drawr
target/agon/graphics/w_undrawr
target/agon/graphics/w_circle
target/agon/graphics/w_uncircle
target/agon/graphics/clg
target/agon/graphics/getmaxx
target/agon/graphics/getmaxy
target/agon/graphics/w_plotpixl
target/agon/graphics/w_respixl
target/agon/graphics/w_pointxy
target/agon/graphics/w_xorpixl
target/agon/fcntl/open
target/agon/fcntl/close
target/agon/fcntl/read
target/agon/fcntl/readbyte
target/agon/fcntl/write
target/agon/fcntl/writebyte
target/agon/fcntl/rename
target/agon/fcntl/remove
target/agon/fcntl/mkdir
target/agon/fcntl/chdir
target/agon/time/target_read_structtm
@stdio/stdio.lst
@gfx/wide/gfx_wide.lst
@games/games.lst
