newlib/input/zx/z80/__amx_mouse_variables
newlib/input/zx/z80/__kempston_mouse_variables
newlib/input/zx/z80/asm_in_inkey
newlib/input/zx/z80/asm_in_key_pressed
newlib/input/zx/z80/asm_in_key_scancode
newlib/input/zx/z80/asm_in_mouse_amx
newlib/input/zx/z80/asm_in_mouse_amx_init
newlib/input/zx/z80/asm_in_mouse_amx_setpos
newlib/input/zx/z80/asm_in_mouse_amx_wheel
newlib/input/zx/z80/asm_in_mouse_amx_wheel_delta
newlib/input/zx/z80/asm_in_mouse_kempston
newlib/input/zx/z80/asm_in_mouse_kempston_init
newlib/input/zx/z80/asm_in_mouse_kempston_setpos
newlib/input/zx/z80/asm_in_mouse_kempston_wheel
newlib/input/zx/z80/asm_in_mouse_kempston_wheel_delta
newlib/input/zx/z80/asm_in_pause
newlib/input/zx/z80/asm_in_stick_cursor
newlib/input/zx/z80/asm_in_stick_fuller
newlib/input/zx/z80/asm_in_stick_kempston
newlib/input/zx/z80/asm_in_stick_keyboard
newlib/input/zx/z80/asm_in_stick_sinclair1
newlib/input/zx/z80/asm_in_stick_sinclair2
newlib/input/zx/z80/asm_in_test_key
newlib/input/zx/z80/asm_in_wait_key
newlib/input/zx/z80/asm_in_wait_nokey
newlib/input/zx/z80/in_key_translation_table
