classic/compress/zx7/obj/${TYPE}/dzx7_agile_rcs
classic/compress/zx7/obj/${TYPE}/dzx7_agile_rcs_callee
classic/compress/zx7/obj/${TYPE}/dzx7_agile_rcs_back
classic/compress/zx7/obj/${TYPE}/dzx7_agile_rcs_back_callee
classic/compress/zx7/obj/${TYPE}/dzx7_mega
classic/compress/zx7/obj/${TYPE}/dzx7_mega_callee
classic/compress/zx7/obj/${TYPE}/dzx7_mega_back
classic/compress/zx7/obj/${TYPE}/dzx7_mega_back_callee
classic/compress/zx7/obj/${TYPE}/dzx7_smart_rcs
classic/compress/zx7/obj/${TYPE}/dzx7_smart_rcs_callee
classic/compress/zx7/obj/${TYPE}/dzx7_smart_rcs_back
classic/compress/zx7/obj/${TYPE}/dzx7_smart_rcs_back_callee
classic/compress/zx7/obj/${TYPE}/dzx7_standard
classic/compress/zx7/obj/${TYPE}/dzx7_standard_callee
classic/compress/zx7/obj/${TYPE}/dzx7_standard_back
classic/compress/zx7/obj/${TYPE}/dzx7_standard_back_callee
classic/compress/zx7/obj/${TYPE}/dzx7_turbo
classic/compress/zx7/obj/${TYPE}/dzx7_turbo_callee
classic/compress/zx7/obj/${TYPE}/dzx7_turbo_back
classic/compress/zx7/obj/${TYPE}/dzx7_turbo_back_callee
classic/compress/zx7/obj/${TYPE}/asm_dzx7_agile_rcs
classic/compress/zx7/obj/${TYPE}/asm_dzx7_agile_rcs_back
classic/compress/zx7/obj/${TYPE}/asm_dzx7_mega
classic/compress/zx7/obj/${TYPE}/asm_dzx7_mega_back
classic/compress/zx7/obj/${TYPE}/asm_dzx7_smart_rcs
classic/compress/zx7/obj/${TYPE}/asm_dzx7_smart_rcs_back
classic/compress/zx7/obj/${TYPE}/asm_dzx7_standard
classic/compress/zx7/obj/${TYPE}/asm_dzx7_standard_back
classic/compress/zx7/obj/${TYPE}/asm_dzx7_turbo
classic/compress/zx7/obj/${TYPE}/asm_dzx7_turbo_back
