@${NEWLIB_ROOT}l/sccz80/gbz80.lst
@${NEWLIB_ROOT}l/util/gbz80.lst
${NEWLIB_ROOT}l/sdcc/___sdcc_call_hl
${NEWLIB_ROOT}l/sdcc/gbz80/__divschar
${NEWLIB_ROOT}l/sdcc/gbz80/__divsint
${NEWLIB_ROOT}l/sdcc/gbz80/__divsuchar
${NEWLIB_ROOT}l/sdcc/gbz80/__divuchar
${NEWLIB_ROOT}l/sdcc/gbz80/__divuint
${NEWLIB_ROOT}l/sdcc/gbz80/__divuschar
${NEWLIB_ROOT}l/sdcc/gbz80/__modschar
${NEWLIB_ROOT}l/sdcc/gbz80/__modsint
${NEWLIB_ROOT}l/sdcc/gbz80/__modsuchar
${NEWLIB_ROOT}l/sdcc/gbz80/__moduchar
${NEWLIB_ROOT}l/sdcc/gbz80/__moduint
${NEWLIB_ROOT}l/sdcc/gbz80/__moduschar
${NEWLIB_ROOT}l/sdcc/gbz80/__mulint
${NEWLIB_ROOT}l/sdcc/gbz80/__mulschar
${NEWLIB_ROOT}l/sdcc/gbz80/__mulsuchar
${NEWLIB_ROOT}l/sdcc/gbz80/__muluchar
${NEWLIB_ROOT}l/sdcc/gbz80/__muluschar
${NEWLIB_ROOT}l/sdcc/gbz80/l_div16
${NEWLIB_ROOT}l/sdcc/gbz80/l_divu16
${NEWLIB_ROOT}l/sdcc/gbz80/l_mul16
${NEWLIB_ROOT}l/sdcc/gbz80/l_mul8_signexte
