target/sms-libs/SMSlib/z80/__SMSlib_SRAM
target/sms-libs/SMSlib/z80/__SMSlib_variables_0
target/sms-libs/SMSlib/z80/__SMSlib_variables_1
target/sms-libs/SMSlib/z80/__SMSlib_variables_2
target/sms-libs/SMSlib/z80/_SMS_crt0_RST08
target/sms-libs/SMSlib/z80/_SMS_crt0_RST18
target/sms-libs/SMSlib/z80/asm_SMSlib_addSprite
target/sms-libs/SMSlib/z80/asm_SMSlib_addSpriteClipping
target/sms-libs/SMSlib/z80/asm_SMSlib_addTwoAdjoiningSprites
target/sms-libs/SMSlib/z80/asm_SMSlib_copySpritestoSAT
target/sms-libs/SMSlib/z80/asm_SMSlib_detect_VDP_type
target/sms-libs/SMSlib/z80/asm_SMSlib_finalizeSprites
target/sms-libs/SMSlib/z80/asm_SMSlib_getHCount
target/sms-libs/SMSlib/z80/asm_SMSlib_getKeysHeld
target/sms-libs/SMSlib/z80/asm_SMSlib_getKeysPressed
target/sms-libs/SMSlib/z80/asm_SMSlib_getKeysReleased
target/sms-libs/SMSlib/z80/asm_SMSlib_getKeysStatus
target/sms-libs/SMSlib/z80/asm_SMSlib_getMDKeysHeld
target/sms-libs/SMSlib/z80/asm_SMSlib_getMDKeysPressed
target/sms-libs/SMSlib/z80/asm_SMSlib_getMDKeysStatus
target/sms-libs/SMSlib/z80/asm_SMSlib_getVCount
target/sms-libs/SMSlib/z80/asm_SMSlib_hideSprite
target/sms-libs/SMSlib/z80/asm_SMSlib_init
target/sms-libs/SMSlib/z80/asm_SMSlib_initSprites
target/sms-libs/SMSlib/z80/asm_SMSlib_isr
target/sms-libs/SMSlib/z80/asm_SMSlib_isr_mdpad
target/sms-libs/SMSlib/z80/asm_SMSlib_loadBGPalette
target/sms-libs/SMSlib/z80/asm_SMSlib_loadBGPaletteHalfBrightness
target/sms-libs/SMSlib/z80/asm_SMSlib_loadPSGaidencompressedTiles
target/sms-libs/SMSlib/z80/asm_SMSlib_loadSpritePalette
target/sms-libs/SMSlib/z80/asm_SMSlib_loadSpritePaletteHalfBrightness
target/sms-libs/SMSlib/z80/asm_SMSlib_loadSTMcompressedTileMapArea.c.asm
target/sms-libs/SMSlib/z80/asm_SMSlib_loadTileMap
target/sms-libs/SMSlib/z80/asm_SMSlib_loadTileMapArea
target/sms-libs/SMSlib/z80/asm_SMSlib_loadTiles
target/sms-libs/SMSlib/z80/asm_SMSlib_nmi_isr
target/sms-libs/SMSlib/z80/asm_SMSlib_queryPauseRequested
target/sms-libs/SMSlib/z80/asm_SMSlib_reserveSprite
target/sms-libs/SMSlib/z80/asm_SMSlib_resetPauseRequest
target/sms-libs/SMSlib/z80/asm_SMSlib_setBackdropColor
target/sms-libs/SMSlib/z80/asm_SMSlib_setBGPaletteColor
target/sms-libs/SMSlib/z80/asm_SMSlib_setBGScrollX
target/sms-libs/SMSlib/z80/asm_SMSlib_setBGScrollY
target/sms-libs/SMSlib/z80/asm_SMSlib_setClippingWindow
target/sms-libs/SMSlib/z80/asm_SMSlib_setColor
target/sms-libs/SMSlib/z80/asm_SMSlib_setLineCounter
target/sms-libs/SMSlib/z80/asm_SMSlib_setLineInterruptHandler
target/sms-libs/SMSlib/z80/asm_SMSlib_setSpriteMode
target/sms-libs/SMSlib/z80/asm_SMSlib_setSpritePaletteColor
target/sms-libs/SMSlib/z80/asm_SMSlib_UNSAFE_copySpritestoSAT
${LIBSRC_ROOT}/target/sms-libs/SMSlib/z80/asm_SMSlib_UNSAFE_outi.asm.m4
target/sms-libs/SMSlib/z80/asm_SMSlib_UNSAFE_VRAMmemcpy32
target/sms-libs/SMSlib/z80/asm_SMSlib_UNSAFE_VRAMmemcpy64
target/sms-libs/SMSlib/z80/asm_SMSlib_UNSAFE_VRAMmemcpy128
target/sms-libs/SMSlib/z80/asm_SMSlib_updateSpriteImage
target/sms-libs/SMSlib/z80/asm_SMSlib_updateSpritePosition
target/sms-libs/SMSlib/z80/asm_SMSlib_useFirstHalfTilesforSprites
target/sms-libs/SMSlib/z80/asm_SMSlib_VDPturnOffFeature
target/sms-libs/SMSlib/z80/asm_SMSlib_VDPturnOnFeature
target/sms-libs/SMSlib/z80/asm_SMSlib_VDPType
target/sms-libs/SMSlib/z80/asm_SMSlib_VRAMmemcpy
target/sms-libs/SMSlib/z80/asm_SMSlib_VRAMmemcpy_brief
target/sms-libs/SMSlib/z80/asm_SMSlib_VRAMmemset
target/sms-libs/SMSlib/z80/asm_SMSlib_VRAMmemsetW
target/sms-libs/SMSlib/z80/asm_SMSlib_waitForVBlank
target/sms-libs/SMSlib/z80/asm_SMSlib_zeroBGPalette
target/sms-libs/SMSlib/z80/asm_SMSlib_zeroSpritePalette
