@target/sms-libs/SMSlib/SMSlib_asm.lst
target/sms-libs/SMSlib/c/sccz80/SMS_addSprite
target/sms-libs/SMSlib/c/sccz80/SMS_addSprite_callee
target/sms-libs/SMSlib/c/sccz80/SMS_addSpriteClipping
target/sms-libs/SMSlib/c/sccz80/SMS_addSpriteClipping_callee
target/sms-libs/SMSlib/c/sccz80/SMS_addTwoAdjoiningSprites
target/sms-libs/SMSlib/c/sccz80/SMS_addTwoAdjoiningSprites_callee
target/sms-libs/SMSlib/c/sccz80/SMS_copySpritestoSAT
target/sms-libs/SMSlib/c/sccz80/SMS_finalizeSprites
target/sms-libs/SMSlib/c/sccz80/SMS_getHCount
target/sms-libs/SMSlib/c/sccz80/SMS_getKeysHeld
target/sms-libs/SMSlib/c/sccz80/SMS_getKeysPressed
target/sms-libs/SMSlib/c/sccz80/SMS_getKeysReleased
target/sms-libs/SMSlib/c/sccz80/SMS_getKeysStatus
target/sms-libs/SMSlib/c/sccz80/SMS_getMDKeysHeld
target/sms-libs/SMSlib/c/sccz80/SMS_getMDKeysPressed
target/sms-libs/SMSlib/c/sccz80/SMS_getMDKeysReleased
target/sms-libs/SMSlib/c/sccz80/SMS_getMDKeysStatus
target/sms-libs/SMSlib/c/sccz80/SMS_getVCount
target/sms-libs/SMSlib/c/sccz80/SMS_hideSprite
target/sms-libs/SMSlib/c/sccz80/SMS_init
target/sms-libs/SMSlib/c/sccz80/SMS_initSprites
target/sms-libs/SMSlib/c/sccz80/SMS_isr
target/sms-libs/SMSlib/c/sccz80/SMS_loadBGPalette
target/sms-libs/SMSlib/c/sccz80/SMS_loadBGPaletteHalfBrightness
target/sms-libs/SMSlib/c/sccz80/SMS_loadPSGaidencompressedTiles
target/sms-libs/SMSlib/c/sccz80/SMS_loadPSGaidencompressedTiles_callee
target/sms-libs/SMSlib/c/sccz80/SMS_loadSpritePalette
target/sms-libs/SMSlib/c/sccz80/SMS_loadSpritePaletteHalfBrightness
target/sms-libs/SMSlib/c/sccz80/SMS_loadSTMcompressedTileMapArea
target/sms-libs/SMSlib/c/sccz80/SMS_loadTileMap
target/sms-libs/SMSlib/c/sccz80/SMS_loadTileMap_callee
target/sms-libs/SMSlib/c/sccz80/SMS_loadTileMapArea
target/sms-libs/SMSlib/c/sccz80/SMS_loadTileMapArea_callee
target/sms-libs/SMSlib/c/sccz80/SMS_loadTiles
target/sms-libs/SMSlib/c/sccz80/SMS_loadTiles_callee
target/sms-libs/SMSlib/c/sccz80/SMS_nmi_isr
target/sms-libs/SMSlib/c/sccz80/SMS_queryPauseRequested
target/sms-libs/SMSlib/c/sccz80/SMS_reserveSprite
target/sms-libs/SMSlib/c/sccz80/SMS_resetPauseRequest
target/sms-libs/SMSlib/c/sccz80/SMS_setBackdropColor
target/sms-libs/SMSlib/c/sccz80/SMS_setBGPaletteColor
target/sms-libs/SMSlib/c/sccz80/SMS_setBGPaletteColor_callee
target/sms-libs/SMSlib/c/sccz80/SMS_setBGScrollX
target/sms-libs/SMSlib/c/sccz80/SMS_setBGScrollY
target/sms-libs/SMSlib/c/sccz80/SMS_setClippingWindow
target/sms-libs/SMSlib/c/sccz80/SMS_setClippingWindow_callee
target/sms-libs/SMSlib/c/sccz80/SMS_setColor
target/sms-libs/SMSlib/c/sccz80/SMS_setLineCounter
target/sms-libs/SMSlib/c/sccz80/SMS_setLineInterruptHandler
target/sms-libs/SMSlib/c/sccz80/SMS_setSpriteMode
target/sms-libs/SMSlib/c/sccz80/SMS_setSpritePaletteColor
target/sms-libs/SMSlib/c/sccz80/SMS_setSpritePaletteColor_callee
target/sms-libs/SMSlib/c/sccz80/SMS_updateSpriteImage
target/sms-libs/SMSlib/c/sccz80/SMS_updateSpriteImage_callee
target/sms-libs/SMSlib/c/sccz80/SMS_updateSpritePosition
target/sms-libs/SMSlib/c/sccz80/SMS_updateSpritePosition_callee
target/sms-libs/SMSlib/c/sccz80/SMS_useFirstHalfTilesforSprites
target/sms-libs/SMSlib/c/sccz80/SMS_VDPturnOffFeature
target/sms-libs/SMSlib/c/sccz80/SMS_VDPturnOnFeature
target/sms-libs/SMSlib/c/sccz80/SMS_VDPType
target/sms-libs/SMSlib/c/sccz80/SMS_VRAMmemcpy
target/sms-libs/SMSlib/c/sccz80/SMS_VRAMmemcpy_brief
target/sms-libs/SMSlib/c/sccz80/SMS_VRAMmemcpy_brief_callee
target/sms-libs/SMSlib/c/sccz80/SMS_VRAMmemcpy_callee
target/sms-libs/SMSlib/c/sccz80/SMS_VRAMmemset
target/sms-libs/SMSlib/c/sccz80/SMS_VRAMmemset_callee
target/sms-libs/SMSlib/c/sccz80/SMS_VRAMmemsetW
target/sms-libs/SMSlib/c/sccz80/SMS_VRAMmemsetW_callee
target/sms-libs/SMSlib/c/sccz80/SMS_waitForVBlank
target/sms-libs/SMSlib/c/sccz80/SMS_zeroBGPalette
target/sms-libs/SMSlib/c/sccz80/SMS_zeroSpritePalette
target/sms-libs/SMSlib/c/sccz80/UNSAFE_SMS_copySpritestoSAT
target/sms-libs/SMSlib/c/sccz80/UNSAFE_SMS_VRAMmemcpy32
target/sms-libs/SMSlib/c/sccz80/UNSAFE_SMS_VRAMmemcpy32_callee
target/sms-libs/SMSlib/c/sccz80/UNSAFE_SMS_VRAMmemcpy64
target/sms-libs/SMSlib/c/sccz80/UNSAFE_SMS_VRAMmemcpy64_callee
target/sms-libs/SMSlib/c/sccz80/UNSAFE_SMS_VRAMmemcpy128
target/sms-libs/SMSlib/c/sccz80/UNSAFE_SMS_VRAMmemcpy128_callee
