@target/sms-libs/SMSlib/SMSlib_asm.lst
target/sms-libs/SMSlib/c/sdcc/SMS_addSprite
target/sms-libs/SMSlib/c/sdcc/SMS_addSprite_callee
target/sms-libs/SMSlib/c/sdcc/SMS_addSpriteClipping
target/sms-libs/SMSlib/c/sdcc/SMS_addSpriteClipping_callee
target/sms-libs/SMSlib/c/sdcc/SMS_addTwoAdjoiningSprites
target/sms-libs/SMSlib/c/sdcc/SMS_addTwoAdjoiningSprites_callee
target/sms-libs/SMSlib/c/sdcc/SMS_copySpritestoSAT
target/sms-libs/SMSlib/c/sdcc/SMS_finalizeSprites
target/sms-libs/SMSlib/c/sdcc/SMS_getHCount
target/sms-libs/SMSlib/c/sdcc/SMS_getKeysHeld
target/sms-libs/SMSlib/c/sdcc/SMS_getKeysPressed
target/sms-libs/SMSlib/c/sdcc/SMS_getKeysReleased
target/sms-libs/SMSlib/c/sdcc/SMS_getKeysStatus
target/sms-libs/SMSlib/c/sdcc/SMS_getMDKeysHeld
target/sms-libs/SMSlib/c/sdcc/SMS_getMDKeysPressed
target/sms-libs/SMSlib/c/sdcc/SMS_getMDKeysReleased
target/sms-libs/SMSlib/c/sdcc/SMS_getMDKeysStatus
target/sms-libs/SMSlib/c/sdcc/SMS_getVCount
target/sms-libs/SMSlib/c/sdcc/SMS_hideSprite
target/sms-libs/SMSlib/c/sdcc/SMS_hideSprite_fastcall
target/sms-libs/SMSlib/c/sdcc/SMS_init
target/sms-libs/SMSlib/c/sdcc/SMS_initSprites
target/sms-libs/SMSlib/c/sdcc/SMS_isr
target/sms-libs/SMSlib/c/sdcc/SMS_loadBGPalette
target/sms-libs/SMSlib/c/sdcc/SMS_loadBGPalette_fastcall
target/sms-libs/SMSlib/c/sdcc/SMS_loadBGPaletteHalfBrightness
target/sms-libs/SMSlib/c/sdcc/SMS_loadBGPaletteHalfBrightness_fastcall
target/sms-libs/SMSlib/c/sdcc/SMS_loadPSGaidencompressedTiles
target/sms-libs/SMSlib/c/sdcc/SMS_loadPSGaidencompressedTiles_callee
target/sms-libs/SMSlib/c/sdcc/SMS_loadSpritePalette
target/sms-libs/SMSlib/c/sdcc/SMS_loadSpritePalette_fastcall
target/sms-libs/SMSlib/c/sdcc/SMS_loadSpritePaletteHalfBrightness
target/sms-libs/SMSlib/c/sdcc/SMS_loadSpritePaletteHalfBrightness_fastcall
target/sms-libs/SMSlib/c/sdcc/SMS_loadSTMcompressedTileMapArea
target/sms-libs/SMSlib/c/sdcc/SMS_loadTileMap
target/sms-libs/SMSlib/c/sdcc/SMS_loadTileMap_callee
target/sms-libs/SMSlib/c/sdcc/SMS_loadTileMapArea
target/sms-libs/SMSlib/c/sdcc/SMS_loadTileMapArea_callee
target/sms-libs/SMSlib/c/sdcc/SMS_loadTiles
target/sms-libs/SMSlib/c/sdcc/SMS_loadTiles_callee
target/sms-libs/SMSlib/c/sdcc/SMS_nmi_isr
target/sms-libs/SMSlib/c/sdcc/SMS_queryPauseRequested
target/sms-libs/SMSlib/c/sdcc/SMS_reserveSprite
target/sms-libs/SMSlib/c/sdcc/SMS_resetPauseRequest
target/sms-libs/SMSlib/c/sdcc/SMS_setBackdropColor
target/sms-libs/SMSlib/c/sdcc/SMS_setBackdropColor_fastcall
target/sms-libs/SMSlib/c/sdcc/SMS_setBGPaletteColor
target/sms-libs/SMSlib/c/sdcc/SMS_setBGPaletteColor_callee
target/sms-libs/SMSlib/c/sdcc/SMS_setBGScrollX
target/sms-libs/SMSlib/c/sdcc/SMS_setBGScrollX_fastcall
target/sms-libs/SMSlib/c/sdcc/SMS_setBGScrollY
target/sms-libs/SMSlib/c/sdcc/SMS_setBGScrollY_fastcall
target/sms-libs/SMSlib/c/sdcc/SMS_setClippingWindow
target/sms-libs/SMSlib/c/sdcc/SMS_setClippingWindow_callee
target/sms-libs/SMSlib/c/sdcc/SMS_setColor
target/sms-libs/SMSlib/c/sdcc/SMS_setColor_fastcall
target/sms-libs/SMSlib/c/sdcc/SMS_setLineCounter
target/sms-libs/SMSlib/c/sdcc/SMS_setLineCounter_fastcall
target/sms-libs/SMSlib/c/sdcc/SMS_setLineInterruptHandler
target/sms-libs/SMSlib/c/sdcc/SMS_setLineInterruptHandler_fastcall
target/sms-libs/SMSlib/c/sdcc/SMS_setSpriteMode
target/sms-libs/SMSlib/c/sdcc/SMS_setSpriteMode_fastcall
target/sms-libs/SMSlib/c/sdcc/SMS_setSpritePaletteColor
target/sms-libs/SMSlib/c/sdcc/SMS_setSpritePaletteColor_callee
target/sms-libs/SMSlib/c/sdcc/SMS_updateSpriteImage
target/sms-libs/SMSlib/c/sdcc/SMS_updateSpriteImage_callee
target/sms-libs/SMSlib/c/sdcc/SMS_updateSpritePosition
target/sms-libs/SMSlib/c/sdcc/SMS_updateSpritePosition_callee
target/sms-libs/SMSlib/c/sdcc/SMS_useFirstHalfTilesforSprites
target/sms-libs/SMSlib/c/sdcc/SMS_useFirstHalfTilesforSprites_fastcall
target/sms-libs/SMSlib/c/sdcc/SMS_VDPturnOffFeature
target/sms-libs/SMSlib/c/sdcc/SMS_VDPturnOffFeature_fastcall
target/sms-libs/SMSlib/c/sdcc/SMS_VDPturnOnFeature
target/sms-libs/SMSlib/c/sdcc/SMS_VDPturnOnFeature_fastcall
target/sms-libs/SMSlib/c/sdcc/SMS_VDPType
target/sms-libs/SMSlib/c/sdcc/SMS_VRAMmemcpy
target/sms-libs/SMSlib/c/sdcc/SMS_VRAMmemcpy_brief
target/sms-libs/SMSlib/c/sdcc/SMS_VRAMmemcpy_brief_callee
target/sms-libs/SMSlib/c/sdcc/SMS_VRAMmemcpy_callee
target/sms-libs/SMSlib/c/sdcc/SMS_VRAMmemset
target/sms-libs/SMSlib/c/sdcc/SMS_VRAMmemset_callee
target/sms-libs/SMSlib/c/sdcc/SMS_VRAMmemsetW
target/sms-libs/SMSlib/c/sdcc/SMS_VRAMmemsetW_callee
target/sms-libs/SMSlib/c/sdcc/SMS_waitForVBlank
target/sms-libs/SMSlib/c/sdcc/SMS_zeroBGPalette
target/sms-libs/SMSlib/c/sdcc/SMS_zeroSpritePalette
target/sms-libs/SMSlib/c/sdcc/UNSAFE_SMS_copySpritestoSAT
target/sms-libs/SMSlib/c/sdcc/UNSAFE_SMS_VRAMmemcpy32
target/sms-libs/SMSlib/c/sdcc/UNSAFE_SMS_VRAMmemcpy32_callee
target/sms-libs/SMSlib/c/sdcc/UNSAFE_SMS_VRAMmemcpy64
target/sms-libs/SMSlib/c/sdcc/UNSAFE_SMS_VRAMmemcpy64_callee
target/sms-libs/SMSlib/c/sdcc/UNSAFE_SMS_VRAMmemcpy128
target/sms-libs/SMSlib/c/sdcc/UNSAFE_SMS_VRAMmemcpy128_callee
