target/ticalc/stdio/fputc_cons
target/ticalc/stdio/fgetc_cons
target/ticalc/stdio/getk
target/ticalc/stdio/getk_decode
target/ticalc/stdio/ti_set_small_text
@stdio/ansicore.lst
target/ticalc/stdio/ansi/f_ansi_attr
target/ticalc/stdio/ansi/f_ansi_bel
target/ticalc/stdio/ansi/f_ansi_char
target/ticalc/stdio/ansi/f_ansi_cls
target/ticalc/stdio/ansi/f_ansi_dline
target/ticalc/stdio/ansi/f_ansi_scrollup
target/ticalc/stdio/conio/console_coords
@stdio/stdio.lst
@target/ticalc/tigray.lst
target/ticalc/graphics/clg
target/ticalc/graphics/pixladdr
target/ticalc/graphics/putsprite
target/ticalc/graphics/bksave
target/ticalc/graphics/bkrestore
target/ticalc/graphics/swapgfxbk
@gfx/narrow/gfx_narrow.lst
target/ticalc/games/joystick
target/ticalc/games/bit_open
target/ticalc/games/bit_open_di
target/ticalc/games/bit_close
target/ticalc/games/bit_close_ei
@games/games.lst
target/ticalc/fcntl/close
target/ticalc/fcntl/fdtell
target/ticalc/fcntl/lseek
target/ticalc/fcntl/open
target/ticalc/fcntl/read
target/ticalc/fcntl/readbyte
target/ticalc/fcntl/remove
target/ticalc/fcntl/rename
target/ticalc/fcntl/write
target/ticalc/fcntl/writebyte
target/ticalc/fcntl/ticalc_fcntl
