target/msx/stdio/fgetc_cons
target/msx/stdio/getk
target/msx/stdio/fputc_cons
target/svi/stdio/generic_console

@classic/stdio/ansicore.lst
@classic/input/input_keyboard.lst
target/msx/time/clock
@classic/video/tms9918/video_tms9918.lst
@classic/stdio/stdio.lst
@classic/gfx/narrow/gfx_narrow.lst
target/svi/games/joystick
target/svi/games/keys_joystick
target/msx/games/bit_open
target/msx/games/bit_open_di
target/msx/games/bit_close
target/msx/games/bit_close_ei
@classic/games/games.lst
target/msx/psg/playzb4
target/msx/psg/psg_init
target/msx/psg/get_psg
target/msx/psg/set_psg
target/msx/psg/set_psg_callee
sound/ay/obj/${TYPE}/**/*.o
@classic/video/mc6845/mc6845.lst
target/svi/rs232/rs232_close
target/svi/rs232/rs232_get
target/svi/rs232/rs232_init
target/svi/rs232/rs232_params
target/svi/rs232/rs232_put
@target/svi/arch_svi.lst

