;../../_DEVELOPMENT/math/float/math16/lm16/z80/asm_addf.asm
;../../_DEVELOPMENT/math/float/math16/lm16/z80/asm_ceilf.asm
;../../_DEVELOPMENT/math/float/math16/lm16/z80/asm_divf.asm
;../../_DEVELOPMENT/math/float/math16/lm16/z80/asm_div2f.asm
;../../_DEVELOPMENT/math/float/math16/lm16/z80/asm_fabsf.asm
;../../_DEVELOPMENT/math/float/math16/lm16/z80/asm_floorf.asm
;../../_DEVELOPMENT/math/float/math16/lm16/z80/asm_fpclassifyf.asm
;../../_DEVELOPMENT/math/float/math16/lm16/z80/asm_hypotf.asm
;../../_DEVELOPMENT/math/float/math16/lm16/z80/asm_invf.asm
;../../_DEVELOPMENT/math/float/math16/lm16/z80/asm_invsqrtf.asm
;../../_DEVELOPMENT/math/float/math16/lm16/z80/asm_mulf.asm
;../../_DEVELOPMENT/math/float/math16/lm16/z80/asm_mul2f.asm
;../../_DEVELOPMENT/math/float/math16/lm16/z80/asm_mul10uf.asm
;../../_DEVELOPMENT/math/float/math16/lm16/z80/asm_negf.asm
;../../_DEVELOPMENT/math/float/math16/lm16/z80/asm_polyf.asm
;../../_DEVELOPMENT/math/float/math16/lm16/z80/asm_sqrf.asm
;../../_DEVELOPMENT/math/float/math16/lm16/z80/asm_sqrtf.asm
;../../_DEVELOPMENT/math/float/math16/lm16/z80/asm_subf.asm
;../../_DEVELOPMENT/math/float/math16/lm16/z80/asm_zerof.asm
;../../_DEVELOPMENT/math/float/math16/lm16/z80/asm_nan_b.asm
;../../_DEVELOPMENT/math/float/math16/lm16/z80/asm_dneg.asm
;../../_DEVELOPMENT/math/float/math16/lm16/z80/asm_dadd.asm
;../../_DEVELOPMENT/math/float/math16/lm16/z80/asm_dmul.asm
;../../_DEVELOPMENT/math/float/math16/lm16/z80/asm_dmul10u.asm
;../../_DEVELOPMENT/math/float/math16/lm16/z80/asm_dmulpow2.asm
;../../_DEVELOPMENT/math/float/math16/lm16/z80/asm_dmulpow10.asm
;../../_DEVELOPMENT/math/float/math16/lm16/z80/asm_double8u.asm
;../../_DEVELOPMENT/math/float/math16/lm16/z80/asm_double16u.asm
;../../_DEVELOPMENT/math/float/math16/lm16/z80/asm_double32u.asm
;../../_DEVELOPMENT/math/float/math16/lm16/z80/asm_dhexpop.asm
;../../_DEVELOPMENT/math/float/math16/lm16/z80/asm__dtoa_base10.asm
;../../_DEVELOPMENT/math/float/math16/lm16/z80/asm__dtoa_base16.asm
;../../_DEVELOPMENT/math/float/math16/lm16/z80/asm__dtoa_digits.asm
;../../_DEVELOPMENT/math/float/math16/lm16/z80/asm__dtoa_sgnabs.asm
;../../_DEVELOPMENT/math/float/math16/lm16/z80/asm_derror_zc.asm
;../../_DEVELOPMENT/math/float/math16/lm16/z80/asm_derror_onc.asm
;../../_DEVELOPMENT/math/float/math16/lm16/z80/asm_derror_znc.asm
;../../_DEVELOPMENT/math/float/math16/lm16/z80/asm_derror_nanc.asm
;../../_DEVELOPMENT/math/float/math16/lm16/z80/asm_derror_nannc.asm
;../../_DEVELOPMENT/math/float/math16/lm16/z80/asm_derror_pinfnc.asm
;../../_DEVELOPMENT/math/float/math16/lm16/z80/asm_derror_edom_zc.asm
;../../_DEVELOPMENT/math/float/math16/lm16/z80/asm_derror_edom_infc.asm
;../../_DEVELOPMENT/math/float/math16/lm16/z80/asm_derror_einval_zc.asm
;../../_DEVELOPMENT/math/float/math16/lm16/z80/asm_derror_erange_infc.asm

;../../_DEVELOPMENT/math/float/math16/lm16/c/sdcc/___fs2uchar.asm
;../../_DEVELOPMENT/math/float/math16/lm16/c/sdcc/___fssub_callee.asm
;../../_DEVELOPMENT/math/float/math16/lm16/c/sdcc/___fsdiv.asm
;../../_DEVELOPMENT/math/float/math16/lm16/c/sdcc/___fs2ulong.asm
;../../_DEVELOPMENT/math/float/math16/lm16/c/sdcc/___schar2fs.asm
;../../_DEVELOPMENT/math/float/math16/lm16/c/sdcc/___ulong2fs.asm
;../../_DEVELOPMENT/math/float/math16/lm16/c/sdcc/___ulong2fs_callee.asm
;../../_DEVELOPMENT/math/float/math16/lm16/c/sdcc/___sint2fs_callee.asm
;../../_DEVELOPMENT/math/float/math16/lm16/c/sdcc/___uchar2fs_callee.asm
;../../_DEVELOPMENT/math/float/math16/lm16/c/sdcc/___schar2fs_callee.asm
;../../_DEVELOPMENT/math/float/math16/lm16/c/sdcc/___fsadd_callee.asm
;../../_DEVELOPMENT/math/float/math16/lm16/c/sdcc/___fssub.asm
;../../_DEVELOPMENT/math/float/math16/lm16/c/sdcc/___fs2ulong_callee.asm
;../../_DEVELOPMENT/math/float/math16/lm16/c/sdcc/___slong2fs_callee.asm
;../../_DEVELOPMENT/math/float/math16/lm16/c/sdcc/___fs2uchar_callee.asm
;../../_DEVELOPMENT/math/float/math16/lm16/c/sdcc/___fs2sint_callee.asm
;../../_DEVELOPMENT/math/float/math16/lm16/c/sdcc/___fsadd.asm
;../../_DEVELOPMENT/math/float/math16/lm16/c/sdcc/___fs2slong_callee.asm
;../../_DEVELOPMENT/math/float/math16/lm16/c/sdcc/___fs2schar_callee.asm
;../../_DEVELOPMENT/math/float/math16/lm16/c/sdcc/___fsgt_callee.asm
;../../_DEVELOPMENT/math/float/math16/lm16/c/sdcc/___fseq_callee.asm
;../../_DEVELOPMENT/math/float/math16/lm16/c/sdcc/___fsdiv_callee.asm
;../../_DEVELOPMENT/math/float/math16/lm16/c/sdcc/___fs2uint_callee.asm
;../../_DEVELOPMENT/math/float/math16/lm16/c/sdcc/___fs2sint.asm
;../../_DEVELOPMENT/math/float/math16/lm16/c/sdcc/___fs2slong.asm
;../../_DEVELOPMENT/math/float/math16/lm16/c/sdcc/___uint2fs_callee.asm
;../../_DEVELOPMENT/math/float/math16/lm16/c/sdcc/___fslt_callee.asm
;../../_DEVELOPMENT/math/float/math16/lm16/c/sdcc/___fs2schar.asm
;../../_DEVELOPMENT/math/float/math16/lm16/c/sdcc/___fsneq_callee.asm
;../../_DEVELOPMENT/math/float/math16/lm16/c/sdcc/___fsmul.asm
;../../_DEVELOPMENT/math/float/math16/lm16/c/sdcc/___fs2uint.asm
;../../_DEVELOPMENT/math/float/math16/lm16/c/sdcc/___sint2fs.asm
;../../_DEVELOPMENT/math/float/math16/lm16/c/sdcc/___fsmul_callee.asm
;../../_DEVELOPMENT/math/float/math16/lm16/c/sdcc/___slong2fs.asm
;../../_DEVELOPMENT/math/float/math16/lm16/c/sdcc/___uchar2fs.asm
;../../_DEVELOPMENT/math/float/math16/lm16/c/sdcc/___uint2fs.asm

;../../_DEVELOPMENT/math/float/math16/lm16/c/sccz80/atan.asm
;../../_DEVELOPMENT/math/float/math16/lm16/c/sccz80/atanh_fastcall.asm
;../../_DEVELOPMENT/math/float/math16/lm16/c/sccz80/fabs.asm
;../../_DEVELOPMENT/math/float/math16/lm16/c/sccz80/floor_fastcall.asm
;../../_DEVELOPMENT/math/float/math16/lm16/c/sccz80/round.asm
;../../_DEVELOPMENT/math/float/math16/lm16/c/sccz80/l_f16_ne.asm
;../../_DEVELOPMENT/math/float/math16/lm16/c/sccz80/sin.asm
;../../_DEVELOPMENT/math/float/math16/lm16/c/sccz80/asinh_fastcall.asm
;../../_DEVELOPMENT/math/float/math16/lm16/c/sccz80/l_f16_mul.asm
;../../_DEVELOPMENT/math/float/math16/lm16/c/sccz80/mul2.asm
;../../_DEVELOPMENT/math/float/math16/lm16/c/sccz80/mul2_fastcall.asm
;../../_DEVELOPMENT/math/float/math16/lm16/c/sccz80/mul10u.asm
;../../_DEVELOPMENT/math/float/math16/lm16/c/sccz80/mul10u_fastcall.asm
;../../_DEVELOPMENT/math/float/math16/lm16/c/sccz80/round_fastcall.asm
;../../_DEVELOPMENT/math/float/math16/lm16/c/sccz80/cos.asm
;../../_DEVELOPMENT/math/float/math16/lm16/c/sccz80/l_f16_f2long.asm
;../../_DEVELOPMENT/math/float/math16/lm16/c/sccz80/l_f16_zero.asm
;../../_DEVELOPMENT/math/float/math16/lm16/c/sccz80/l_f16_eq.asm
;../../_DEVELOPMENT/math/float/math16/lm16/c/sccz80/asinh.asm
;../../_DEVELOPMENT/math/float/math16/lm16/c/sccz80/l_f16_conv.asm
;../../_DEVELOPMENT/math/float/math16/lm16/c/sccz80/atanh.asm
;../../_DEVELOPMENT/math/float/math16/lm16/c/sccz80/acosh_fastcall.asm
;../../_DEVELOPMENT/math/float/math16/lm16/c/sccz80/sin_fastcall.asm
;../../_DEVELOPMENT/math/float/math16/lm16/c/sccz80/asin_fastcall.asm
;../../_DEVELOPMENT/math/float/math16/lm16/c/sccz80/modf.asm
;../../_DEVELOPMENT/math/float/math16/lm16/c/sccz80/modf_callee.asm
;../../_DEVELOPMENT/math/float/math16/lm16/c/sccz80/cosh.asm
;../../_DEVELOPMENT/math/float/math16/lm16/c/sccz80/dload.asm
;../../_DEVELOPMENT/math/float/math16/lm16/c/sccz80/dloadb.asm
;../../_DEVELOPMENT/math/float/math16/lm16/c/sccz80/fpclassify.asm
;../../_DEVELOPMENT/math/float/math16/lm16/c/sccz80/ceil.asm
;../../_DEVELOPMENT/math/float/math16/lm16/c/sccz80/l_f16_ge.asm
;../../_DEVELOPMENT/math/float/math16/lm16/c/sccz80/acosh.asm
;../../_DEVELOPMENT/math/float/math16/lm16/c/sccz80/l_f16_add.asm
;../../_DEVELOPMENT/math/float/math16/lm16/c/sccz80/sinh_fastcall.asm
;../../_DEVELOPMENT/math/float/math16/lm16/c/sccz80/log.asm
;../../_DEVELOPMENT/math/float/math16/lm16/c/sccz80/log2.asm
;../../_DEVELOPMENT/math/float/math16/lm16/c/sccz80/log10.asm
;../../_DEVELOPMENT/math/float/math16/lm16/c/sccz80/sqr.asm
;../../_DEVELOPMENT/math/float/math16/lm16/c/sccz80/sqrt.asm
;../../_DEVELOPMENT/math/float/math16/lm16/c/sccz80/inv.asm
;../../_DEVELOPMENT/math/float/math16/lm16/c/sccz80/invsqrt.asm
;../../_DEVELOPMENT/math/float/math16/lm16/c/sccz80/tanh_fastcall.asm
;../../_DEVELOPMENT/math/float/math16/lm16/c/sccz80/atan2.asm
;../../_DEVELOPMENT/math/float/math16/lm16/c/sccz80/l_f16_gt.asm
;../../_DEVELOPMENT/math/float/math16/lm16/c/sccz80/tanh.asm
;../../_DEVELOPMENT/math/float/math16/lm16/c/sccz80/log_fastcall.asm
;../../_DEVELOPMENT/math/float/math16/lm16/c/sccz80/log2_fastcall.asm
;../../_DEVELOPMENT/math/float/math16/lm16/c/sccz80/log10_fastcall.asm
;../../_DEVELOPMENT/math/float/math16/lm16/c/sccz80/l_f16_sub.asm
;../../_DEVELOPMENT/math/float/math16/lm16/c/sccz80/sinh.asm
;../../_DEVELOPMENT/math/float/math16/lm16/c/sccz80/frexp.asm
;../../_DEVELOPMENT/math/float/math16/lm16/c/sccz80/l_f16_swap.asm
;../../_DEVELOPMENT/math/float/math16/lm16/c/sccz80/poly.asm
;../../_DEVELOPMENT/math/float/math16/lm16/c/sccz80/poly_callee.asm
;../../_DEVELOPMENT/math/float/math16/lm16/c/sccz80/pow.asm
;../../_DEVELOPMENT/math/float/math16/lm16/c/sccz80/pow_callee.asm
;../../_DEVELOPMENT/math/float/math16/lm16/c/sccz80/exp_fastcall.asm
;../../_DEVELOPMENT/math/float/math16/lm16/c/sccz80/exp2_fastcall.asm
;../../_DEVELOPMENT/math/float/math16/lm16/c/sccz80/exp10_fastcall.asm
;../../_DEVELOPMENT/math/float/math16/lm16/c/sccz80/ldexp.asm
;../../_DEVELOPMENT/math/float/math16/lm16/c/sccz80/ceil_fastcall.asm
;../../_DEVELOPMENT/math/float/math16/lm16/c/sccz80/exp.asm
;../../_DEVELOPMENT/math/float/math16/lm16/c/sccz80/exp2.asm
;../../_DEVELOPMENT/math/float/math16/lm16/c/sccz80/exp10.asm
;../../_DEVELOPMENT/math/float/math16/lm16/c/sccz80/l_f16_lt.asm
;../../_DEVELOPMENT/math/float/math16/lm16/c/sccz80/tan.asm
;../../_DEVELOPMENT/math/float/math16/lm16/c/sccz80/fmax.asm
;../../_DEVELOPMENT/math/float/math16/lm16/c/sccz80/fmax_callee.asm
;../../_DEVELOPMENT/math/float/math16/lm16/c/sccz80/fmin.asm
;../../_DEVELOPMENT/math/float/math16/lm16/c/sccz80/fmin_callee.asm
;../../_DEVELOPMENT/math/float/math16/lm16/c/sccz80/fmod.asm
;../../_DEVELOPMENT/math/float/math16/lm16/c/sccz80/fmod_callee.asm
;../../_DEVELOPMENT/math/float/math16/lm16/c/sccz80/tan_fastcall.asm
;../../_DEVELOPMENT/math/float/math16/lm16/c/sccz80/atan_fastcall.asm
;../../_DEVELOPMENT/math/float/math16/lm16/c/sccz80/fabs_fastcall.asm
;../../_DEVELOPMENT/math/float/math16/lm16/c/sccz80/l_f16_div.asm
;../../_DEVELOPMENT/math/float/math16/lm16/c/sccz80/div2.asm
;../../_DEVELOPMENT/math/float/math16/lm16/c/sccz80/hypot.asm
;../../_DEVELOPMENT/math/float/math16/lm16/c/sccz80/hypot_callee.asm
;../../_DEVELOPMENT/math/float/math16/lm16/c/sccz80/floor.asm
;../../_DEVELOPMENT/math/float/math16/lm16/c/sccz80/cos_fastcall.asm
;../../_DEVELOPMENT/math/float/math16/lm16/c/sccz80/acos_fastcall.asm
;../../_DEVELOPMENT/math/float/math16/lm16/c/sccz80/l_f16_le.asm
;../../_DEVELOPMENT/math/float/math16/lm16/c/sccz80/l_f16_ldexp.asm
;../../_DEVELOPMENT/math/float/math16/lm16/c/sccz80/l_f16_invf.asm
;../../_DEVELOPMENT/math/float/math16/lm16/c/sccz80/acos.asm
;../../_DEVELOPMENT/math/float/math16/lm16/c/sccz80/cosh_fastcall.asm
;../../_DEVELOPMENT/math/float/math16/lm16/c/sccz80/asin.asm

;../../_DEVELOPMENT/math/float/math16/z80/d16_fsadd.asm
;../../_DEVELOPMENT/math/float/math16/z80/f16_fsconst.asm
;../../_DEVELOPMENT/math/float/math16/z80/d16_fsconv.asm
;../../_DEVELOPMENT/math/float/math16/z80/d16_fsnormalize.asm
;../../_DEVELOPMENT/math/float/math16/z80/d16_fsutil.asm
;../../_DEVELOPMENT/math/float/math16/z80/f16_f2long.asm
;../../_DEVELOPMENT/math/float/math16/z80/f16_fabs.asm
;../../_DEVELOPMENT/math/float/math16/z80/f16_floor.asm
;../../_DEVELOPMENT/math/float/math16/z80/f16_fpclassify.asm
;../../_DEVELOPMENT/math/float/math16/z80/f16_fsadd16.asm
;../../_DEVELOPMENT/math/float/math16/z80/f16_fsceil.asm
;../../_DEVELOPMENT/math/float/math16/z80/f16_fscompare.asm
;../../_DEVELOPMENT/math/float/math16/z80/f16_fsdiv.asm
;../../_DEVELOPMENT/math/float/math16/z80/f16_fsdiv2.asm
;../../_DEVELOPMENT/math/float/math16/z80/f16_fserror.asm
;../../_DEVELOPMENT/math/float/math16/z80/f16_fsfrexp.asm
;../../_DEVELOPMENT/math/float/math16/z80/f16_fshexpop.asm
;../../_DEVELOPMENT/math/float/math16/z80/f16_fshypot.asm
;../../_DEVELOPMENT/math/float/math16/z80/f16_fsldexp.asm
;../../_DEVELOPMENT/math/float/math16/z80/f16_fsmul.asm
;../../_DEVELOPMENT/math/float/math16/z80/f16_fsmul2.asm
;../../_DEVELOPMENT/math/float/math16/z80/f16_fsmul10u.asm
;../../_DEVELOPMENT/math/float/math16/z80/f16_fsmul16.asm
;../../_DEVELOPMENT/math/float/math16/z80/f16_fsnormalize16.asm
;../../_DEVELOPMENT/math/float/math16/z80/f16_fspoly.asm
;../../_DEVELOPMENT/math/float/math16/z80/f16_fssqr.asm
;../../_DEVELOPMENT/math/float/math16/z80/f16_fssqrt.asm

;../../_DEVELOPMENT/math/float/math16/z80/h16_coeff_atanf.asm
;../../_DEVELOPMENT/math/float/math16/z80/h16_coeff_expf.asm
;../../_DEVELOPMENT/math/float/math16/z80/h16_coeff_exp2f.asm
;../../_DEVELOPMENT/math/float/math16/z80/h16_coeff_exp10f.asm
;../../_DEVELOPMENT/math/float/math16/z80/h16_coeff_logf.asm
;../../_DEVELOPMENT/math/float/math16/z80/h16_coeff_sinf.asm
;../../_DEVELOPMENT/math/float/math16/z80/f16_nan_b.asm

;../../_DEVELOPMENT/math/float/math16/c/asm/m16_acosf.asm
;../../_DEVELOPMENT/math/float/math16/c/asm/m16_acoshf.asm
;../../_DEVELOPMENT/math/float/math16/c/asm/m16_asinf.asm
;../../_DEVELOPMENT/math/float/math16/c/asm/m16_asinhf.asm
;../../_DEVELOPMENT/math/float/math16/c/asm/m16_atan2f.asm
;../../_DEVELOPMENT/math/float/math16/c/asm/m16_atanf.asm
;../../_DEVELOPMENT/math/float/math16/c/asm/m16_atanhf.asm
;../../_DEVELOPMENT/math/float/math16/c/asm/m16_cosf.asm
;../../_DEVELOPMENT/math/float/math16/c/asm/m16_coshf.asm
;../../_DEVELOPMENT/math/float/math16/c/asm/m16_exp10f.asm
;../../_DEVELOPMENT/math/float/math16/c/asm/m16_exp2f.asm
;../../_DEVELOPMENT/math/float/math16/c/asm/m16_expf.asm
;../../_DEVELOPMENT/math/float/math16/c/asm/m16_fmodf.asm
;../../_DEVELOPMENT/math/float/math16/c/asm/m16_log10f.asm
;../../_DEVELOPMENT/math/float/math16/c/asm/m16_log2f.asm
;../../_DEVELOPMENT/math/float/math16/c/asm/m16_logf.asm
;../../_DEVELOPMENT/math/float/math16/c/asm/m16_modff.asm
;../../_DEVELOPMENT/math/float/math16/c/asm/m16_powf.asm
;../../_DEVELOPMENT/math/float/math16/c/asm/m16_roundf.asm
;../../_DEVELOPMENT/math/float/math16/c/asm/m16_sinf.asm
;../../_DEVELOPMENT/math/float/math16/c/asm/m16_sinhf.asm
;../../_DEVELOPMENT/math/float/math16/c/asm/m16_tanf.asm
;../../_DEVELOPMENT/math/float/math16/c/asm/m16_tanhf.asm

;../../_DEVELOPMENT/math/float/math16/c/sdcc/cm16_sdcc_fsneg.asm
;../../_DEVELOPMENT/math/float/math16/c/sdcc/cm16_sdcc_fsldexp.asm
;../../_DEVELOPMENT/math/float/math16/c/sdcc/cm16_sdcc_fsldexp_callee.asm
;../../_DEVELOPMENT/math/float/math16/c/sdcc/cm16_sdcc_fssqr.asm
;../../_DEVELOPMENT/math/float/math16/c/sdcc/cm16_sdcc___fs2sint.asm
;../../_DEVELOPMENT/math/float/math16/c/sdcc/cm16_sdcc___fsneq_callee.asm
;../../_DEVELOPMENT/math/float/math16/c/sdcc/cm16_sdcc___fseq_callee.asm
;../../_DEVELOPMENT/math/float/math16/c/sdcc/cm16_sdcc_fssqrt.asm
;../../_DEVELOPMENT/math/float/math16/c/sdcc/cm16_sdcc_fabs.asm
;../../_DEVELOPMENT/math/float/math16/c/sdcc/cm16_sdcc_fmax.asm
;../../_DEVELOPMENT/math/float/math16/c/sdcc/cm16_sdcc_fmax_callee.asm
;../../_DEVELOPMENT/math/float/math16/c/sdcc/cm16_sdcc_fmin.asm
;../../_DEVELOPMENT/math/float/math16/c/sdcc/cm16_sdcc_fmin_callee.asm
;../../_DEVELOPMENT/math/float/math16/c/sdcc/cm16_sdcc_atan.asm
;../../_DEVELOPMENT/math/float/math16/c/sdcc/cm16_sdcc_fspoly_callee.asm
;../../_DEVELOPMENT/math/float/math16/c/sdcc/cm16_sdcc___uint2fs_callee.asm
;../../_DEVELOPMENT/math/float/math16/c/sdcc/cm16_sdcc_fsdiv_callee.asm
;../../_DEVELOPMENT/math/float/math16/c/sdcc/cm16_sdcc___slong2fs.asm
;../../_DEVELOPMENT/math/float/math16/c/sdcc/cm16_sdcc_fshypot.asm
;../../_DEVELOPMENT/math/float/math16/c/sdcc/cm16_sdcc___uchar2fs.asm
;../../_DEVELOPMENT/math/float/math16/c/sdcc/cm16_sdcc_fsinv.asm
;../../_DEVELOPMENT/math/float/math16/c/sdcc/cm16_sdcc___fslt_callee.asm
;../../_DEVELOPMENT/math/float/math16/c/sdcc/cm16_sdcc_fsmul.asm
;../../_DEVELOPMENT/math/float/math16/c/sdcc/cm16_sdcc_fsmul2.asm
;../../_DEVELOPMENT/math/float/math16/c/sdcc/cm16_sdcc_fsmul10u.asm
;../../_DEVELOPMENT/math/float/math16/c/sdcc/cm16_sdcc_round.asm
;../../_DEVELOPMENT/math/float/math16/c/sdcc/cm16_sdcc___fs2uint_callee.asm
;../../_DEVELOPMENT/math/float/math16/c/sdcc/cm16_sdcc_sin.asm
;../../_DEVELOPMENT/math/float/math16/c/sdcc/cm16_sdcc_fsread.asm
;../../_DEVELOPMENT/math/float/math16/c/sdcc/cm16_sdcc_cos.asm
;../../_DEVELOPMENT/math/float/math16/c/sdcc/cm16_sdcc___sint2fs.asm
;../../_DEVELOPMENT/math/float/math16/c/sdcc/cm16_sdcc_fspoly.asm
;../../_DEVELOPMENT/math/float/math16/c/sdcc/cm16_sdcc___fs2uint.asm
;../../_DEVELOPMENT/math/float/math16/c/sdcc/cm16_sdcc_pow_callee.asm
;../../_DEVELOPMENT/math/float/math16/c/sdcc/cm16_sdcc___fs2slong.asm
;../../_DEVELOPMENT/math/float/math16/c/sdcc/cm16_sdcc_ceil.asm
;../../_DEVELOPMENT/math/float/math16/c/sdcc/cm16_sdcc_cosh.asm
;../../_DEVELOPMENT/math/float/math16/c/sdcc/cm16_sdcc_asinh.asm
;../../_DEVELOPMENT/math/float/math16/c/sdcc/cm16_sdcc_atanh.asm
;../../_DEVELOPMENT/math/float/math16/c/sdcc/cm16_sdcc___uint2fs.asm
;../../_DEVELOPMENT/math/float/math16/c/sdcc/cm16_sdcc_fsmul_callee.asm
;../../_DEVELOPMENT/math/float/math16/c/sdcc/cm16_sdcc___sint2fs_callee.asm
;../../_DEVELOPMENT/math/float/math16/c/sdcc/cm16_sdcc_fsadd.asm
;../../_DEVELOPMENT/math/float/math16/c/sdcc/cm16_sdcc_fsfrexp.asm
;../../_DEVELOPMENT/math/float/math16/c/sdcc/cm16_sdcc_fsfrexp_callee.asm
;../../_DEVELOPMENT/math/float/math16/c/sdcc/cm16_sdcc_fshypot_callee.asm
;../../_DEVELOPMENT/math/float/math16/c/sdcc/cm16_sdcc___uchar2fs_callee.asm
;../../_DEVELOPMENT/math/float/math16/c/sdcc/cm16_sdcc_tanh.asm
;../../_DEVELOPMENT/math/float/math16/c/sdcc/cm16_sdcc_fszero.asm
;../../_DEVELOPMENT/math/float/math16/c/sdcc/cm16_sdcc_sinh.asm
;../../_DEVELOPMENT/math/float/math16/c/sdcc/cm16_sdcc_acosh.asm
;../../_DEVELOPMENT/math/float/math16/c/sdcc/cm16_sdcc___ulong2fs_callee.asm
;../../_DEVELOPMENT/math/float/math16/c/sdcc/cm16_sdcc_fpclassify.asm
;../../_DEVELOPMENT/math/float/math16/c/sdcc/cm16_sdcc_fssub.asm
;../../_DEVELOPMENT/math/float/math16/c/sdcc/cm16_sdcc_tan.asm
;../../_DEVELOPMENT/math/float/math16/c/sdcc/cm16_sdcc_fssub_callee.asm
;../../_DEVELOPMENT/math/float/math16/c/sdcc/cm16_sdcc_exp.asm
;../../_DEVELOPMENT/math/float/math16/c/sdcc/cm16_sdcc_exp2.asm
;../../_DEVELOPMENT/math/float/math16/c/sdcc/cm16_sdcc_exp10.asm
;../../_DEVELOPMENT/math/float/math16/c/sdcc/cm16_sdcc___slong2fs_callee.asm
;../../_DEVELOPMENT/math/float/math16/c/sdcc/cm16_sdcc_floor.asm
;../../_DEVELOPMENT/math/float/math16/c/sdcc/cm16_sdcc___fs2ulong_callee.asm
;../../_DEVELOPMENT/math/float/math16/c/sdcc/cm16_sdcc_dload.asm
;../../_DEVELOPMENT/math/float/math16/c/sdcc/cm16_sdcc_fsload.asm
;../../_DEVELOPMENT/math/float/math16/c/sdcc/cm16_sdcc___schar2fs_callee.asm
;../../_DEVELOPMENT/math/float/math16/c/sdcc/cm16_sdcc_fsinvsqrt.asm
;../../_DEVELOPMENT/math/float/math16/c/sdcc/cm16_sdcc_asin.asm
;../../_DEVELOPMENT/math/float/math16/c/sdcc/cm16_sdcc___fsgt_callee.asm
;../../_DEVELOPMENT/math/float/math16/c/sdcc/cm16_sdcc_fsadd_callee.asm
;../../_DEVELOPMENT/math/float/math16/c/sdcc/cm16_sdcc___fs2sint_callee.asm
;../../_DEVELOPMENT/math/float/math16/c/sdcc/cm16_sdcc_fsdiv.asm
;../../_DEVELOPMENT/math/float/math16/c/sdcc/cm16_sdcc_fsdiv2.asm
;../../_DEVELOPMENT/math/float/math16/c/sdcc/cm16_sdcc_acos.asm
;../../_DEVELOPMENT/math/float/math16/c/sdcc/cm16_sdcc_log.asm
;../../_DEVELOPMENT/math/float/math16/c/sdcc/cm16_sdcc_log2.asm
;../../_DEVELOPMENT/math/float/math16/c/sdcc/cm16_sdcc_log10.asm
;../../_DEVELOPMENT/math/float/math16/c/sdcc/cm16_sdcc___fs2slong_callee.asm
;../../_DEVELOPMENT/math/float/math16/c/sdcc/cm16_sdcc___fs2ulong.asm
;../../_DEVELOPMENT/math/float/math16/c/sdcc/cm16_sdcc___schar2fs.asm
;../../_DEVELOPMENT/math/float/math16/c/sdcc/cm16_sdcc_fsread_callee.asm
;../../_DEVELOPMENT/math/float/math16/c/sdcc/cm16_sdcc___ulong2fs.asm

;../../_DEVELOPMENT/math/float/math16/c/sccz80/cm16_sccz80_fsldexp.asm
;../../_DEVELOPMENT/math/float/math16/c/sccz80/cm16_sccz80_fsldexp_callee.asm
;../../_DEVELOPMENT/math/float/math16/c/sccz80/cm16_sccz80_fsdiv.asm
;../../_DEVELOPMENT/math/float/math16/c/sccz80/cm16_sccz80_fsdiv2.asm
;../../_DEVELOPMENT/math/float/math16/c/sccz80/cm16_sccz80_fsdiv_callee.asm
;../../_DEVELOPMENT/math/float/math16/c/sccz80/cm16_sccz80_ceil.asm
;../../_DEVELOPMENT/math/float/math16/c/sccz80/cm16_sccz80_log.asm
;../../_DEVELOPMENT/math/float/math16/c/sccz80/cm16_sccz80_log2.asm
;../../_DEVELOPMENT/math/float/math16/c/sccz80/cm16_sccz80_log10.asm
;../../_DEVELOPMENT/math/float/math16/c/sccz80/cm16_sccz80_cosh.asm
;../../_DEVELOPMENT/math/float/math16/c/sccz80/cm16_sccz80_modf.asm
;../../_DEVELOPMENT/math/float/math16/c/sccz80/cm16_sccz80_modf_callee.asm
;../../_DEVELOPMENT/math/float/math16/c/sccz80/cm16_sccz80_floor.asm
;../../_DEVELOPMENT/math/float/math16/c/sccz80/cm16_sccz80_switch_arg.asm
;../../_DEVELOPMENT/math/float/math16/c/sccz80/cm16_sccz80_fssqrt.asm
;../../_DEVELOPMENT/math/float/math16/c/sccz80/cm16_sccz80_fsmul_callee.asm
;../../_DEVELOPMENT/math/float/math16/c/sccz80/cm16_sccz80_fssub.asm
;../../_DEVELOPMENT/math/float/math16/c/sccz80/cm16_sccz80_acosh.asm
;../../_DEVELOPMENT/math/float/math16/c/sccz80/cm16_sccz80_fabs.asm
;../../_DEVELOPMENT/math/float/math16/c/sccz80/cm16_sccz80_atan.asm
;../../_DEVELOPMENT/math/float/math16/c/sccz80/cm16_sccz80_fshypot_callee.asm
;../../_DEVELOPMENT/math/float/math16/c/sccz80/cm16_sccz80_fsadd.asm
;../../_DEVELOPMENT/math/float/math16/c/sccz80/cm16_sccz80_fsfrexp.asm
;../../_DEVELOPMENT/math/float/math16/c/sccz80/cm16_sccz80_fsfrexp_callee.asm
;../../_DEVELOPMENT/math/float/math16/c/sccz80/cm16_sccz80_tan.asm
;../../_DEVELOPMENT/math/float/math16/c/sccz80/cm16_sccz80_exp.asm
;../../_DEVELOPMENT/math/float/math16/c/sccz80/cm16_sccz80_exp2.asm
;../../_DEVELOPMENT/math/float/math16/c/sccz80/cm16_sccz80_exp10.asm
;../../_DEVELOPMENT/math/float/math16/c/sccz80/cm16_sccz80_atan2.asm
;../../_DEVELOPMENT/math/float/math16/c/sccz80/cm16_sccz80_pow.asm
;../../_DEVELOPMENT/math/float/math16/c/sccz80/cm16_sccz80_pow_callee.asm
;../../_DEVELOPMENT/math/float/math16/c/sccz80/cm16_sccz80_cos.asm
;../../_DEVELOPMENT/math/float/math16/c/sccz80/cm16_sccz80_fssub_callee.asm
;../../_DEVELOPMENT/math/float/math16/c/sccz80/cm16_sccz80_fmax.asm
;../../_DEVELOPMENT/math/float/math16/c/sccz80/cm16_sccz80_fmax_callee.asm
;../../_DEVELOPMENT/math/float/math16/c/sccz80/cm16_sccz80_fmin.asm
;../../_DEVELOPMENT/math/float/math16/c/sccz80/cm16_sccz80_fmin_callee.asm
;../../_DEVELOPMENT/math/float/math16/c/sccz80/cm16_sccz80_fmod.asm
;../../_DEVELOPMENT/math/float/math16/c/sccz80/cm16_sccz80_fmod_callee.asm
;../../_DEVELOPMENT/math/float/math16/c/sccz80/cm16_sccz80_atanh.asm
;../../_DEVELOPMENT/math/float/math16/c/sccz80/cm16_sccz80_asinh.asm
;../../_DEVELOPMENT/math/float/math16/c/sccz80/cm16_sccz80_sin.asm
;../../_DEVELOPMENT/math/float/math16/c/sccz80/cm16_sccz80_fsread.asm
;../../_DEVELOPMENT/math/float/math16/c/sccz80/cm16_sccz80_fsread_callee.asm
;../../_DEVELOPMENT/math/float/math16/c/sccz80/cm16_sccz80_fszero.asm
;../../_DEVELOPMENT/math/float/math16/c/sccz80/cm16_sccz80_fsinvsqrt.asm
;../../_DEVELOPMENT/math/float/math16/c/sccz80/cm16_sccz80_asin.asm
;../../_DEVELOPMENT/math/float/math16/c/sccz80/cm16_sccz80_fpclassify.asm
;../../_DEVELOPMENT/math/float/math16/c/sccz80/cm16_sccz80_acos.asm
;../../_DEVELOPMENT/math/float/math16/c/sccz80/cm16_sccz80_round.asm
;../../_DEVELOPMENT/math/float/math16/c/sccz80/cm16_sccz80_fsmul.asm
;../../_DEVELOPMENT/math/float/math16/c/sccz80/cm16_sccz80_fsmul2.asm
;../../_DEVELOPMENT/math/float/math16/c/sccz80/cm16_sccz80_fsmul10u.asm
;../../_DEVELOPMENT/math/float/math16/c/sccz80/cm16_sccz80_fsinv.asm
;../../_DEVELOPMENT/math/float/math16/c/sccz80/cm16_sccz80_fsadd_callee.asm
;../../_DEVELOPMENT/math/float/math16/c/sccz80/cm16_sccz80_tanh.asm
;../../_DEVELOPMENT/math/float/math16/c/sccz80/cm16_sccz80_dload.asm
;../../_DEVELOPMENT/math/float/math16/c/sccz80/cm16_sccz80_dloadb.asm
;../../_DEVELOPMENT/math/float/math16/c/sccz80/cm16_sccz80_fsload.asm
;../../_DEVELOPMENT/math/float/math16/c/sccz80/cm16_sccz80_fspoly.asm
;../../_DEVELOPMENT/math/float/math16/c/sccz80/cm16_sccz80_fspoly_callee.asm
;../../_DEVELOPMENT/math/float/math16/c/sccz80/cm16_sccz80_fsread.asm
;../../_DEVELOPMENT/math/float/math16/c/sccz80/cm16_sccz80_fsread_callee.asm
;../../_DEVELOPMENT/math/float/math16/c/sccz80/cm16_sccz80_fshypot.asm
;../../_DEVELOPMENT/math/float/math16/c/sccz80/cm16_sccz80_sinh.asm
;../../_DEVELOPMENT/math/float/math16/c/sccz80/cm16_sccz80_fssqr.asm
;../../_DEVELOPMENT/math/float/math16/c/sccz80/cm16_sccz80_fsneg.asm
