@video/mc6847/mc6847.lst
target/phc25/stdio/fgetc_cons
target/phc25/stdio/getk
target/phc25/stdio/fgetc_cons_rom
target/phc25/stdio/getk_rom
target/phc25/stdio/fputc_cons
@stdio/stdio.lst
@input/input_keyboard.lst

gfx/narrow/obj/${TARGET}/clrarea2
gfx/narrow/obj/${TARGET}/fillarea2
gfx/narrow/obj/${TARGET}/xorclrarea2
target/phc25/graphics/textpixl6
@gfx/narrow/gfx_narrow.lst

target/phc25/games/joystick
#@games/games.lst

target/phc25/interrupt/add_raster_int

target/phc25/psg/asm_vt2_hardware_out
target/phc25/psg/asm_wyz_hardware_out
target/phc25/psg/set_psg
target/phc25/psg/set_psg_callee
target/phc25/psg/get_psg
target/phc25/psg/psg_init
@psg/ay/vt2/psg_vt2.lst
@psg/ay/wyz/psg_wyz.lst
@psg/ay/psg.lst
#@psg/ay/wyz/psg_wyz.lst
#@psg/ay/vt2/psg_vt2.lst
