target/nc/stdio/generic_console
target/nc/stdio/generic_console_ioctl
target/nc/stdio/generic_console_vpeek
target/nc/graphics/clg
target/nc/graphics/w_pixladdr
target/nc/graphics/swapgfxbk
target/nc/graphics/fill
target/nc/vram_vars
@classic/gfx/wide/gfx_wide.lst
classic/input/obj/${TYPE}/in_WaitForKey
target/nc/input/in_Inkey
classic/input/obj/${TYPE}/in_GetKey
target/nc/input/in_keytranstbl
target/nc/input/in_KeyPressed
classic/input/obj/${TYPE}/in_WaitForNoKey
target/nc/input/in_LookupKey
classic/input/obj/${TYPE}/in_GetKeyReset
classic/input/obj/${TYPE}/in_GetKeyVariables
classic/input/obj/${TYPE}/fgetc_cons_inkey
target/nc/games/joystick
target/nc/games/keys_joystick
@classic/games/games_joystick.lst
