target/nc/stdio/fgetc_cons
target/nc/stdio/fputc_cons
target/nc/stdio/CRT_FONT
@classic/stdio/stdio.lst
target/nc/fcntl/open
target/nc/fcntl/opendir
target/nc/fcntl/creat
target/nc/fcntl/close
target/nc/fcntl/fsync
target/nc/fcntl/read
target/nc/fcntl/write
target/nc/fcntl/lseek
target/nc/fcntl/readbyte
target/nc/fcntl/_fsize
target/nc/fcntl/_fsizehandle
target/nc/fcntl/_lseek
target/nc/fcntl/_tell
target/nc/fcntl/fabandon
target/nc/fcntl/remove
target/nc/fcntl/rename
target/nc/fcntl/_fdatestamp
target/nc/fcntl/_fgetattr
target/nc/fcntl/_fsetattr
target/nc/fcntl/_findfirst
target/nc/fcntl/_findnext
target/nc/fcntl/_ftesteof
target/nc/fcntl/_fdatestamp
target/nc/fcntl/_setdta
target/nc/fcntl/writebyte
target/nc/col1
target/nc/col1text
target/nc/editbuf
target/nc/heapaddress
target/nc/heapalloc
target/nc/heapfree
target/nc/heaplock
target/nc/heapmaxfree
target/nc/heaprealloc
target/nc/kmcharreturn
target/nc/kmgetyellow
target/nc/kmreadchar
target/nc/kmreadkbd
target/nc/kmsetexpand
target/nc/kmsettickcount
target/nc/kmsetyellow
target/nc/kmwaitkbd
target/nc/lapcat_receive
target/nc/lapcat_send
target/nc/mcprintchar
target/nc/mcreadyprinter
target/nc/mcsetprinter
target/nc/padgetticker
target/nc/padgettime
target/nc/padgetversion
target/nc/padinitserial
target/nc/padinserial
target/nc/padoutparallel
target/nc/padoutserial
target/nc/padreadyparallel
target/nc/padreadyserial
target/nc/padresetserial
target/nc/padserialwaiting
target/nc/padsetalarm
target/nc/padsettime
target/nc/pagemodeoff
target/nc/pagemodeon
target/nc/readbuf
target/nc/selectfile
target/nc/testescape
target/nc/textout
target/nc/textoutcount
target/nc/txtboldoff
target/nc/txtboldon
target/nc/txtcuroff
target/nc/txtcuron
target/nc/txtgetcursor
target/nc/txtgetwindow
target/nc/txtinverseoff
target/nc/txtinverseon
target/nc/txtoutput
target/nc/txtsetcursor
target/nc/txtsetwindow
target/nc/txtunderlineoff
target/nc/txtunderlineon
target/nc/txtwrchar

