sdcard/obj/${TYPE}/sd_initialize
sdcard/obj/${TYPE}/sd_init_main
sdcard/obj/${TYPE}/sd_load
sdcard/obj/${TYPE}/sd_read_bytes
sdcard/obj/${TYPE}/sd_read_cid
sdcard/obj/${TYPE}/sd_read_csd
sdcard/obj/${TYPE}/sd_get_cid_csd
sdcard/obj/${TYPE}/sd_read_block_2gb
sdcard/obj/${TYPE}/sd_read_block_2gb_callee
sdcard/obj/${TYPE}/sd_write_block_2gb
sdcard/obj/${TYPE}/sd_write_block_2gb_callee
sdcard/obj/${TYPE}/sd_read_sector
sdcard/obj/${TYPE}/sd_read_sector_callee
sdcard/obj/${TYPE}/sd_write_sector
sdcard/obj/${TYPE}/sd_write_sector_callee
sdcard/obj/${TYPE}/sd_write_sector_main
sdcard/obj/${TYPE}/sd_send_command_string
sdcard/obj/${TYPE}/sd_send_eight_clocks
sdcard/obj/${TYPE}/sd_set_sector_addr_regs
sdcard/obj/${TYPE}/sd_set_sector_addr_lba0
sdcard/obj/${TYPE}/sd_sectors
sdcard/obj/${TYPE}/sd_size
sdcard/obj/${TYPE}/sd_wait_data_token
sdcard/obj/${TYPE}/UNSTUFF_BITS
sdcard/obj/${TYPE}/UNSTUFF_BITS_callee
