classic/stdio/obj/__cons_state
classic/stdio/obj/_fprintf
classic/stdio/obj/_printf
classic/stdio/obj/_printk
classic/stdio/obj/_snprintf
classic/stdio/obj/_sprintf
classic/stdio/obj/_vfprintf
classic/stdio/obj/_vsnprintf
classic/stdio/obj/closeall
classic/stdio/obj/fabandon
classic/stdio/obj/fchkstd
classic/stdio/obj/fclose
classic/stdio/obj/fdopen
classic/stdio/obj/feof
classic/stdio/obj/ferror
classic/stdio/obj/fflush
classic/stdio/obj/fgetc
classic/stdio/obj/fgetpos
classic/stdio/obj/fgets
classic/stdio/obj/fgets_cons
classic/stdio/obj/fgets_cons_erase_character
classic/stdio/obj/fileno
classic/stdio/obj/fmemopen
classic/stdio/obj/fopen
classic/stdio/obj/fprintf
classic/stdio/obj/fputc
classic/stdio/obj/fputc_callee
classic/stdio/obj/fputs
classic/stdio/obj/fputs_callee
classic/stdio/obj/fread
classic/stdio/obj/freopen
classic/stdio/obj/_freopen1
classic/stdio/obj/fseek
classic/stdio/obj/ftell
classic/stdio/obj/fwrite
classic/stdio/obj/gets
classic/stdio/obj/perror
classic/stdio/obj/printf
classic/stdio/obj/printk
classic/stdio/obj/printk_outc
classic/stdio/obj/printn
classic/stdio/obj/puts
classic/stdio/obj/puts_cons
classic/stdio/obj/snprintf
classic/stdio/obj/sprintf
classic/stdio/obj/sprintf_outc
classic/stdio/obj/ungetc
classic/stdio/obj/vfprintf
classic/stdio/obj/vsnprintf
classic/stdio/obj/__scanf_common_start
classic/stdio/obj/__scanf_consume_whitespace
classic/stdio/obj/__scanf_format_table
classic/stdio/obj/__scanf_get_number
classic/stdio/obj/__scanf_handle_B
classic/stdio/obj/__scanf_handle_c
classic/stdio/obj/__scanf_handle_d
classic/stdio/obj/__scanf_handle_f
classic/stdio/obj/__scanf_handle_i
classic/stdio/obj/__scanf_handle_n
classic/stdio/obj/__scanf_handle_o
classic/stdio/obj/__scanf_handle_s
classic/stdio/obj/__scanf_handle_x
classic/stdio/obj/__scanf_parse_number
classic/stdio/obj/_fscanf
classic/stdio/obj/_scanf
classic/stdio/obj/_sscanf
classic/stdio/obj/_vfscanf
classic/stdio/obj/_vsscanf
classic/stdio/obj/asm_scanf
classic/stdio/obj/fscanf
classic/stdio/obj/scanf
classic/stdio/obj/sscanf
classic/stdio/obj/vfscanf
classic/stdio/obj/vsscanf
classic/stdio/obj/__printf_doprint
classic/stdio/obj/__printf_format_table
classic/stdio/obj/__printf_format_table64
classic/stdio/obj/__printf_get_buffer_address
classic/stdio/obj/__printf_get_flags_impl
classic/stdio/obj/__printf_handle_XX
classic/stdio/obj/__printf_handle_c
classic/stdio/obj/__printf_handle_d
classic/stdio/obj/__printf_handle_f
classic/stdio/obj/__printf_handle_n
classic/stdio/obj/__printf_handle_o
classic/stdio/obj/__printf_handle_s
classic/stdio/obj/__printf_handle_u
classic/stdio/obj/__printf_handle_x
classic/stdio/obj/__printf_handle_B
classic/stdio/obj/__printf_number
classic/stdio/obj/__printf_print_aligned
classic/stdio/obj/__printf_print_the_buffer
classic/stdio/obj/asm_printf
classic/stdio/obj/get_16bit_ap_parameter
classic/stdio/obj/__printf_print_to_buf
classic/stdio/obj/__printf_number64
classic/stdio/obj/__printf_handle_ll
classic/stdio/obj/__printf_handle_llB
classic/stdio/obj/__printf_handle_llXX
classic/stdio/obj/__printf_handle_lld
classic/stdio/obj/__printf_handle_llo
classic/stdio/obj/__printf_handle_llu
classic/stdio/obj/__printf_handle_llx
classic/stdio/obj/kbhit
classic/stdio/obj/fputc_cons_generic_full
classic/stdio/obj/fputc_cons_generic_minimal
classic/stdio/obj/fputc_cons_generic_ioctl
classic/stdio/obj/conio/**
