../../_DEVELOPMENT/math/float/math32//lm32/z80/asm_fsdiv.asm
../../_DEVELOPMENT/math/float/math32//lm32/z80/asm_invsqrtf.asm
../../_DEVELOPMENT/math/float/math32//lm32/z80/asm_hypot.asm
../../_DEVELOPMENT/math/float/math32//lm32/z80/asm_sqrtf.asm
../../_DEVELOPMENT/math/float/math32//lm32/z80/asm_invf.asm
../../_DEVELOPMENT/math/float/math32//lm32/z80/asm_fszero.asm
../../_DEVELOPMENT/math/float/math32//lm32/z80/asm_fssub.asm
../../_DEVELOPMENT/math/float/math32//lm32/z80/asm_polyf.asm
../../_DEVELOPMENT/math/float/math32//lm32/z80/asm_fsmin.asm
../../_DEVELOPMENT/math/float/math32//lm32/z80/asm_fsadd.asm
../../_DEVELOPMENT/math/float/math32//lm32/z80/asm_sqrf.asm
../../_DEVELOPMENT/math/float/math32//lm32/z80/asm_fsmul.asm
../../_DEVELOPMENT/math/float/math32//lm32/z80/asm_fsneg.asm
../../_DEVELOPMENT/math/float/math32//lm32/z80/asm_fsmax.asm
../../_DEVELOPMENT/math/float/math32//lm32/c/sccz80/l_f32_long2f.asm
../../_DEVELOPMENT/math/float/math32//lm32/c/sccz80/l_f32_ne.asm
../../_DEVELOPMENT/math/float/math32//lm32/c/sccz80/l_f32_mul.asm
../../_DEVELOPMENT/math/float/math32//lm32/c/sccz80/l_f32_f2long.asm
../../_DEVELOPMENT/math/float/math32//lm32/c/sccz80/l_f32_zero.asm
../../_DEVELOPMENT/math/float/math32//lm32/c/sccz80/l_f32_eq.asm
../../_DEVELOPMENT/math/float/math32//lm32/c/sccz80/l_f32_compare.asm
../../_DEVELOPMENT/math/float/math32//lm32/c/sccz80/l_f32_charint2f.asm
../../_DEVELOPMENT/math/float/math32//lm32/c/sccz80/l_f32_ge.asm
../../_DEVELOPMENT/math/float/math32//lm32/c/sccz80/l_f32_add.asm
../../_DEVELOPMENT/math/float/math32//lm32/c/sccz80/sqrt.asm
../../_DEVELOPMENT/math/float/math32//lm32/c/sccz80/l_f32_gt.asm
../../_DEVELOPMENT/math/float/math32//lm32/c/sccz80/l_f32_sub.asm
../../_DEVELOPMENT/math/float/math32//lm32/c/sccz80/l_f32_swap.asm
../../_DEVELOPMENT/math/float/math32//lm32/c/sccz80/l_f32_lt.asm
../../_DEVELOPMENT/math/float/math32//lm32/c/sccz80/l_f32_div.asm
../../_DEVELOPMENT/math/float/math32//lm32/c/sccz80/l_f32_le.asm
../../_DEVELOPMENT/math/float/math32//z80/f32_fshypot.asm
../../_DEVELOPMENT/math/float/math32//z80/f32_fsdiv.asm
../../_DEVELOPMENT/math/float/math32//z80/f32_fsinvsqrt.asm
../../_DEVELOPMENT/math/float/math32//z80/f32_z80_sqr_32h_24x24.asm
../../_DEVELOPMENT/math/float/math32//z80/d32_fsutil.asm
../../_DEVELOPMENT/math/float/math32//z80/h32_coeff_sin.asm
../../_DEVELOPMENT/math/float/math32//z80/f32_z80_mulu_de.asm
../../_DEVELOPMENT/math/float/math32//z80/d32_fsadd.asm
../../_DEVELOPMENT/math/float/math32//z80/h32_coeff_exp.asm
../../_DEVELOPMENT/math/float/math32//z80/f32_z80_mulu_32h_32x32.asm
../../_DEVELOPMENT/math/float/math32//z80/f32_z80_mulu_32_16x16.asm
../../_DEVELOPMENT/math/float/math32//z80/f32_fssqr.asm
../../_DEVELOPMENT/math/float/math32//z80/f32_z80_mulu_32h_24x24.asm
../../_DEVELOPMENT/math/float/math32//z80/h32_coeff_log.asm
../../_DEVELOPMENT/math/float/math32//z80/f32_fsmul.asm
../../_DEVELOPMENT/math/float/math32//z80/h32_coeff_atan.asm
../../_DEVELOPMENT/math/float/math32//z80/d32_fsconv.asm
../../_DEVELOPMENT/math/float/math32//z80/f32_fspoly.asm
../../_DEVELOPMENT/math/float/math32//c/sdcc/cm32_sdcc_fsneg.asm
../../_DEVELOPMENT/math/float/math32//c/sdcc/cm32_sdcc_fssqr.asm
../../_DEVELOPMENT/math/float/math32//c/sdcc/cm32_sdcc_fssqrt.asm
../../_DEVELOPMENT/math/float/math32//c/sdcc/cm32_sdcc_fsmax.asm
../../_DEVELOPMENT/math/float/math32//c/sdcc/cm32_sdcc_fsinvsqrt_fastcall.asm
../../_DEVELOPMENT/math/float/math32//c/sdcc/cm32_sdcc_fspoly_callee.asm
../../_DEVELOPMENT/math/float/math32//c/sdcc/cm32_sdcc_fssqr_fastcall.asm
../../_DEVELOPMENT/math/float/math32//c/sdcc/cm32_sdcc_fsdiv_callee.asm
../../_DEVELOPMENT/math/float/math32//c/sdcc/cm32_sdcc_fshypot.asm
../../_DEVELOPMENT/math/float/math32//c/sdcc/cm32_sdcc_fsmin_fastcall.asm
../../_DEVELOPMENT/math/float/math32//c/sdcc/cm32_sdcc_fsmax_fastcall.asm
../../_DEVELOPMENT/math/float/math32//c/sdcc/cm32_sdcc_fsinv.asm
../../_DEVELOPMENT/math/float/math32//c/sdcc/cm32_sdcc_fsmul.asm
../../_DEVELOPMENT/math/float/math32//c/sdcc/cm32_sdcc_fsread.asm
../../_DEVELOPMENT/math/float/math32//c/sdcc/cm32_sdcc_fspoly.asm
../../_DEVELOPMENT/math/float/math32//c/sdcc/cm32_sdcc_fsinv_fastcall.asm
../../_DEVELOPMENT/math/float/math32//c/sdcc/cm32_sdcc_fsmul_callee.asm
../../_DEVELOPMENT/math/float/math32//c/sdcc/cm32_sdcc_fsneg_fastcall.asm
../../_DEVELOPMENT/math/float/math32//c/sdcc/cm32_sdcc_fssqrt_fastcall.asm
../../_DEVELOPMENT/math/float/math32//c/sdcc/cm32_sdcc_fsadd.asm
../../_DEVELOPMENT/math/float/math32//c/sdcc/cm32_sdcc_fsmin.asm
../../_DEVELOPMENT/math/float/math32//c/sdcc/cm32_sdcc_fshypot_callee.asm
../../_DEVELOPMENT/math/float/math32//c/sdcc/cm32_sdcc_fszero.asm
../../_DEVELOPMENT/math/float/math32//c/sdcc/cm32_sdcc_fssub.asm
../../_DEVELOPMENT/math/float/math32//c/sdcc/cm32_sdcc_fssub_callee.asm
../../_DEVELOPMENT/math/float/math32//c/sdcc/cm32_sdcc_fsload.asm
../../_DEVELOPMENT/math/float/math32//c/sdcc/cm32_sdcc_fsinvsqrt.asm
../../_DEVELOPMENT/math/float/math32//c/sdcc/cm32_sdcc_fszero_fastcall.asm
../../_DEVELOPMENT/math/float/math32//c/sdcc/cm32_sdcc_fsadd_callee.asm
../../_DEVELOPMENT/math/float/math32//c/sdcc/cm32_sdcc_fsdiv.asm
../../_DEVELOPMENT/math/float/math32//c/sdcc/cm32_sdcc_fsread_callee.asm
../../_DEVELOPMENT/math/float/math32//c/sccz80/cm32_sccz80_fsneg_callee.asm
../../_DEVELOPMENT/math/float/math32//c/sccz80/cm32_sccz80_fsdiv.asm
../../_DEVELOPMENT/math/float/math32//c/sccz80/cm32_sccz80_fszero_callee.asm
../../_DEVELOPMENT/math/float/math32//c/sccz80/cm32_sccz80_fsdiv_callee.asm
../../_DEVELOPMENT/math/float/math32//c/sccz80/cm32_sccz80_fssqrt_callee.asm
../../_DEVELOPMENT/math/float/math32//c/sccz80/cm32_sccz80_fssqrt.asm
../../_DEVELOPMENT/math/float/math32//c/sccz80/cm32_sccz80_fsmul_callee.asm
../../_DEVELOPMENT/math/float/math32//c/sccz80/cm32_sccz80_fssub.asm
../../_DEVELOPMENT/math/float/math32//c/sccz80/cm32_sccz80_fshypot_callee.asm
../../_DEVELOPMENT/math/float/math32//c/sccz80/cm32_sccz80_fsmin.asm
../../_DEVELOPMENT/math/float/math32//c/sccz80/cm32_sccz80_fsadd.asm
../../_DEVELOPMENT/math/float/math32//c/sccz80/cm32_sccz80_fspoly.asm
../../_DEVELOPMENT/math/float/math32//c/sccz80/cm32_sccz80_fsmin_callee.asm
../../_DEVELOPMENT/math/float/math32//c/sccz80/cm32_sccz80_fssub_callee.asm
../../_DEVELOPMENT/math/float/math32//c/sccz80/cm32_sccz80_fspoly_callee.asm
../../_DEVELOPMENT/math/float/math32//c/sccz80/cm32_sccz80_fszero.asm
../../_DEVELOPMENT/math/float/math32//c/sccz80/cm32_sccz80_fsinv_callee.asm
../../_DEVELOPMENT/math/float/math32//c/sccz80/cm32_sccz80_fsinvsqrt.asm
../../_DEVELOPMENT/math/float/math32//c/sccz80/cm32_sccz80_fsmul.asm
../../_DEVELOPMENT/math/float/math32//c/sccz80/cm32_sccz80_fsinv.asm
../../_DEVELOPMENT/math/float/math32//c/sccz80/cm32_sccz80_fsadd_callee.asm
../../_DEVELOPMENT/math/float/math32//c/sccz80/cm32_sccz80_fsmax.asm
../../_DEVELOPMENT/math/float/math32//c/sccz80/cm32_sccz80_fsinvsqrt_callee.asm
../../_DEVELOPMENT/math/float/math32//c/sccz80/cm32_sccz80_fshypot.asm
../../_DEVELOPMENT/math/float/math32//c/sccz80/cm32_sccz80_fssqr.asm
../../_DEVELOPMENT/math/float/math32//c/sccz80/cm32_sccz80_fsmax_callee.asm
../../_DEVELOPMENT/math/float/math32//c/sccz80/cm32_sccz80_fssqr_callee.asm
../../_DEVELOPMENT/math/float/math32//c/sccz80/cm32_sccz80_fsneg.asm
