../../_DEVELOPMENT/math/float/math32//lm32/z80/asm_fsdiv.asm
../../_DEVELOPMENT/math/float/math32//lm32/z80/asm_ceil.asm
../../_DEVELOPMENT/math/float/math32//lm32/z80/asm_invsqrtf.asm
../../_DEVELOPMENT/math/float/math32//lm32/z80/asm_hypot.asm
../../_DEVELOPMENT/math/float/math32//lm32/z80/asm_floor.asm
../../_DEVELOPMENT/math/float/math32//lm32/z80/asm_sqrtf.asm
../../_DEVELOPMENT/math/float/math32//lm32/z80/asm_invf.asm
../../_DEVELOPMENT/math/float/math32//lm32/z80/asm_fszero.asm
../../_DEVELOPMENT/math/float/math32//lm32/z80/asm_fssub.asm
../../_DEVELOPMENT/math/float/math32//lm32/z80/asm_fabs.asm
../../_DEVELOPMENT/math/float/math32//lm32/z80/asm_polyf.asm
../../_DEVELOPMENT/math/float/math32//lm32/z80/asm_fsmin.asm
../../_DEVELOPMENT/math/float/math32//lm32/z80/asm_fsadd.asm
../../_DEVELOPMENT/math/float/math32//lm32/z80/asm_fpclassify.asm
../../_DEVELOPMENT/math/float/math32//lm32/z80/asm_sqrf.asm
../../_DEVELOPMENT/math/float/math32//lm32/z80/asm_fsmul.asm
../../_DEVELOPMENT/math/float/math32//lm32/z80/asm_fsneg.asm
../../_DEVELOPMENT/math/float/math32//lm32/z80/asm_fsmax.asm
../../_DEVELOPMENT/math/float/math32//lm32/c/sdcc/atan.asm
../../_DEVELOPMENT/math/float/math32//lm32/c/sdcc/fabs.asm
../../_DEVELOPMENT/math/float/math32//lm32/c/sdcc/___fs2uchar.asm
../../_DEVELOPMENT/math/float/math32//lm32/c/sdcc/floor_fastcall.asm
../../_DEVELOPMENT/math/float/math32//lm32/c/sdcc/___fssub_callee.asm
../../_DEVELOPMENT/math/float/math32//lm32/c/sdcc/___fsdiv.asm
../../_DEVELOPMENT/math/float/math32//lm32/c/sdcc/___fs2ulong.asm
../../_DEVELOPMENT/math/float/math32//lm32/c/sdcc/___schar2fs.asm
../../_DEVELOPMENT/math/float/math32//lm32/c/sdcc/log10_fastcall.asm
../../_DEVELOPMENT/math/float/math32//lm32/c/sdcc/___ulong2fs.asm
../../_DEVELOPMENT/math/float/math32//lm32/c/sdcc/___ulong2fs_callee.asm
../../_DEVELOPMENT/math/float/math32//lm32/c/sdcc/sin.asm
../../_DEVELOPMENT/math/float/math32//lm32/c/sdcc/___sint2fs_callee.asm
../../_DEVELOPMENT/math/float/math32//lm32/c/sdcc/___uchar2fs_callee.asm
../../_DEVELOPMENT/math/float/math32//lm32/c/sdcc/cos.asm
../../_DEVELOPMENT/math/float/math32//lm32/c/sdcc/___schar2fs_callee.asm
../../_DEVELOPMENT/math/float/math32//lm32/c/sdcc/___fsadd_callee.asm
../../_DEVELOPMENT/math/float/math32//lm32/c/sdcc/___fssub.asm
../../_DEVELOPMENT/math/float/math32//lm32/c/sdcc/___fs2ulong_callee.asm
../../_DEVELOPMENT/math/float/math32//lm32/c/sdcc/___slong2fs_callee.asm
../../_DEVELOPMENT/math/float/math32//lm32/c/sdcc/___fs2uchar_callee.asm
../../_DEVELOPMENT/math/float/math32//lm32/c/sdcc/___fs2sint_callee.asm
../../_DEVELOPMENT/math/float/math32//lm32/c/sdcc/sin_fastcall.asm
../../_DEVELOPMENT/math/float/math32//lm32/c/sdcc/asin_fastcall.asm
../../_DEVELOPMENT/math/float/math32//lm32/c/sdcc/___fsadd.asm
../../_DEVELOPMENT/math/float/math32//lm32/c/sdcc/___fs2slong_callee.asm
../../_DEVELOPMENT/math/float/math32//lm32/c/sdcc/___fs2schar_callee.asm
../../_DEVELOPMENT/math/float/math32//lm32/c/sdcc/___fsgt_callee.asm
../../_DEVELOPMENT/math/float/math32//lm32/c/sdcc/cosh.asm
../../_DEVELOPMENT/math/float/math32//lm32/c/sdcc/ceil.asm
../../_DEVELOPMENT/math/float/math32//lm32/c/sdcc/log10.asm
../../_DEVELOPMENT/math/float/math32//lm32/c/sdcc/___fseq_callee.asm
../../_DEVELOPMENT/math/float/math32//lm32/c/sdcc/___fsdiv_callee.asm
../../_DEVELOPMENT/math/float/math32//lm32/c/sdcc/___fs2uint_callee.asm
../../_DEVELOPMENT/math/float/math32//lm32/c/sdcc/___fs2sint.asm
../../_DEVELOPMENT/math/float/math32//lm32/c/sdcc/___fs2slong.asm
../../_DEVELOPMENT/math/float/math32//lm32/c/sdcc/sinh_fastcall.asm
../../_DEVELOPMENT/math/float/math32//lm32/c/sdcc/___uint2fs_callee.asm
../../_DEVELOPMENT/math/float/math32//lm32/c/sdcc/log.asm
../../_DEVELOPMENT/math/float/math32//lm32/c/sdcc/sqrt.asm
../../_DEVELOPMENT/math/float/math32//lm32/c/sdcc/___fslt_callee.asm
../../_DEVELOPMENT/math/float/math32//lm32/c/sdcc/tanh_fastcall.asm
../../_DEVELOPMENT/math/float/math32//lm32/c/sdcc/atan2.asm
../../_DEVELOPMENT/math/float/math32//lm32/c/sdcc/___fs2schar.asm
../../_DEVELOPMENT/math/float/math32//lm32/c/sdcc/___fsneq_callee.asm
../../_DEVELOPMENT/math/float/math32//lm32/c/sdcc/tanh.asm
../../_DEVELOPMENT/math/float/math32//lm32/c/sdcc/log_fastcall.asm
../../_DEVELOPMENT/math/float/math32//lm32/c/sdcc/sinh.asm
../../_DEVELOPMENT/math/float/math32//lm32/c/sdcc/pow.asm
../../_DEVELOPMENT/math/float/math32//lm32/c/sdcc/exp_fastcall.asm
../../_DEVELOPMENT/math/float/math32//lm32/c/sdcc/ceil_fastcall.asm
../../_DEVELOPMENT/math/float/math32//lm32/c/sdcc/exp.asm
../../_DEVELOPMENT/math/float/math32//lm32/c/sdcc/tan.asm
../../_DEVELOPMENT/math/float/math32//lm32/c/sdcc/___fsmul.asm
../../_DEVELOPMENT/math/float/math32//lm32/c/sdcc/___fs2uint.asm
../../_DEVELOPMENT/math/float/math32//lm32/c/sdcc/tan_fastcall.asm
../../_DEVELOPMENT/math/float/math32//lm32/c/sdcc/___sint2fs.asm
../../_DEVELOPMENT/math/float/math32//lm32/c/sdcc/atan_fastcall.asm
../../_DEVELOPMENT/math/float/math32//lm32/c/sdcc/___fsmul_callee.asm
../../_DEVELOPMENT/math/float/math32//lm32/c/sdcc/fabs_fastcall.asm
../../_DEVELOPMENT/math/float/math32//lm32/c/sdcc/floor.asm
../../_DEVELOPMENT/math/float/math32//lm32/c/sdcc/cos_fastcall.asm
../../_DEVELOPMENT/math/float/math32//lm32/c/sdcc/acos_fastcall.asm
../../_DEVELOPMENT/math/float/math32//lm32/c/sdcc/acos.asm
../../_DEVELOPMENT/math/float/math32//lm32/c/sdcc/___slong2fs.asm
../../_DEVELOPMENT/math/float/math32//lm32/c/sdcc/cosh_fastcall.asm
../../_DEVELOPMENT/math/float/math32//lm32/c/sdcc/___uchar2fs.asm
../../_DEVELOPMENT/math/float/math32//lm32/c/sdcc/___uint2fs.asm
../../_DEVELOPMENT/math/float/math32//lm32/c/sdcc/asin.asm
../../_DEVELOPMENT/math/float/math32//lm32/c/sccz80/atan.asm
../../_DEVELOPMENT/math/float/math32//lm32/c/sccz80/fabs.asm
../../_DEVELOPMENT/math/float/math32//lm32/c/sccz80/floor_fastcall.asm
../../_DEVELOPMENT/math/float/math32//lm32/c/sccz80/l_f32_ne.asm
../../_DEVELOPMENT/math/float/math32//lm32/c/sccz80/log10_fastcall.asm
../../_DEVELOPMENT/math/float/math32//lm32/c/sccz80/sin.asm
../../_DEVELOPMENT/math/float/math32//lm32/c/sccz80/l_f32_mul.asm
../../_DEVELOPMENT/math/float/math32//lm32/c/sccz80/cos.asm
../../_DEVELOPMENT/math/float/math32//lm32/c/sccz80/l_f32_f2long.asm
../../_DEVELOPMENT/math/float/math32//lm32/c/sccz80/bak/l_f32_long2f.asm
../../_DEVELOPMENT/math/float/math32//lm32/c/sccz80/bak/l_f32_charint2f.asm
../../_DEVELOPMENT/math/float/math32//lm32/c/sccz80/l_f32_zero.asm
../../_DEVELOPMENT/math/float/math32//lm32/c/sccz80/l_f32_eq.asm
../../_DEVELOPMENT/math/float/math32//lm32/c/sccz80/l_f32_conv.asm
../../_DEVELOPMENT/math/float/math32//lm32/c/sccz80/sin_fastcall.asm
../../_DEVELOPMENT/math/float/math32//lm32/c/sccz80/asin_fastcall.asm
../../_DEVELOPMENT/math/float/math32//lm32/c/sccz80/cosh.asm
../../_DEVELOPMENT/math/float/math32//lm32/c/sccz80/ceil.asm
../../_DEVELOPMENT/math/float/math32//lm32/c/sccz80/log10.asm
../../_DEVELOPMENT/math/float/math32//lm32/c/sccz80/l_f32_ge.asm
../../_DEVELOPMENT/math/float/math32//lm32/c/sccz80/l_f32_add.asm
../../_DEVELOPMENT/math/float/math32//lm32/c/sccz80/sinh_fastcall.asm
../../_DEVELOPMENT/math/float/math32//lm32/c/sccz80/log.asm
../../_DEVELOPMENT/math/float/math32//lm32/c/sccz80/sqrt.asm
../../_DEVELOPMENT/math/float/math32//lm32/c/sccz80/tanh_fastcall.asm
../../_DEVELOPMENT/math/float/math32//lm32/c/sccz80/l_f32_gt.asm
../../_DEVELOPMENT/math/float/math32//lm32/c/sccz80/tanh.asm
../../_DEVELOPMENT/math/float/math32//lm32/c/sccz80/log_fastcall.asm
../../_DEVELOPMENT/math/float/math32//lm32/c/sccz80/l_f32_sub.asm
../../_DEVELOPMENT/math/float/math32//lm32/c/sccz80/sinh.asm
../../_DEVELOPMENT/math/float/math32//lm32/c/sccz80/l_f32_swap.asm
../../_DEVELOPMENT/math/float/math32//lm32/c/sccz80/exp_fastcall.asm
../../_DEVELOPMENT/math/float/math32//lm32/c/sccz80/ceil_fastcall.asm
../../_DEVELOPMENT/math/float/math32//lm32/c/sccz80/exp.asm
../../_DEVELOPMENT/math/float/math32//lm32/c/sccz80/l_f32_lt.asm
../../_DEVELOPMENT/math/float/math32//lm32/c/sccz80/tan.asm
../../_DEVELOPMENT/math/float/math32//lm32/c/sccz80/tan_fastcall.asm
../../_DEVELOPMENT/math/float/math32//lm32/c/sccz80/atan_fastcall.asm
../../_DEVELOPMENT/math/float/math32//lm32/c/sccz80/fabs_fastcall.asm
../../_DEVELOPMENT/math/float/math32//lm32/c/sccz80/l_f32_div.asm
../../_DEVELOPMENT/math/float/math32//lm32/c/sccz80/floor.asm
../../_DEVELOPMENT/math/float/math32//lm32/c/sccz80/cos_fastcall.asm
../../_DEVELOPMENT/math/float/math32//lm32/c/sccz80/acos_fastcall.asm
../../_DEVELOPMENT/math/float/math32//lm32/c/sccz80/l_f32_le.asm
../../_DEVELOPMENT/math/float/math32//lm32/c/sccz80/acos.asm
../../_DEVELOPMENT/math/float/math32//lm32/c/sccz80/cosh_fastcall.asm
../../_DEVELOPMENT/math/float/math32//lm32/c/sccz80/asin.asm
../../_DEVELOPMENT/math/float/math32//z80/m32_compare_callee.asm
../../_DEVELOPMENT/math/float/math32//z80/f32_floor.asm
../../_DEVELOPMENT/math/float/math32//z80/f32_fshypot.asm
../../_DEVELOPMENT/math/float/math32//z80/f32_fsdiv.asm
../../_DEVELOPMENT/math/float/math32//z80/f32_fsinvsqrt.asm
../../_DEVELOPMENT/math/float/math32//z80/f32_z80_sqr_32h_24x24.asm
../../_DEVELOPMENT/math/float/math32//z80/f32_f2long.asm
../../_DEVELOPMENT/math/float/math32//z80/d32_fsutil.asm
../../_DEVELOPMENT/math/float/math32//z80/f32_fabs_fastcall.asm
../../_DEVELOPMENT/math/float/math32//z80/h32_coeff_sin.asm
../../_DEVELOPMENT/math/float/math32//z80/f32_z80_mulu_de.asm
../../_DEVELOPMENT/math/float/math32//z80/d32_fsadd.asm
../../_DEVELOPMENT/math/float/math32//z80/h32_coeff_exp.asm
../../_DEVELOPMENT/math/float/math32//z80/f32_z80_mulu_32h_32x32.asm
../../_DEVELOPMENT/math/float/math32//z80/f32_z80_mulu_32_16x16.asm
../../_DEVELOPMENT/math/float/math32//z80/f32_unity.asm
../../_DEVELOPMENT/math/float/math32//z80/f32_fabs.asm
../../_DEVELOPMENT/math/float/math32//z80/m32_fpclassify.asm
../../_DEVELOPMENT/math/float/math32//z80/f32_ceil.asm
../../_DEVELOPMENT/math/float/math32//z80/f32_fssqr.asm
../../_DEVELOPMENT/math/float/math32//z80/f32_z80_mulu_32h_24x24.asm
../../_DEVELOPMENT/math/float/math32//z80/h32_coeff_log.asm
../../_DEVELOPMENT/math/float/math32//z80/f32_fsmul.asm
../../_DEVELOPMENT/math/float/math32//z80/h32_coeff_atan.asm
../../_DEVELOPMENT/math/float/math32//z80/d32_fsconv.asm
../../_DEVELOPMENT/math/float/math32//z80/f32_fspoly.asm
../../_DEVELOPMENT/math/float/math32//c/asm/m32_sinhf.asm
../../_DEVELOPMENT/math/float/math32//c/asm/m32_tanf.asm
../../_DEVELOPMENT/math/float/math32//c/asm/m32_sinf.asm
../../_DEVELOPMENT/math/float/math32//c/asm/m32_fmodf.asm
../../_DEVELOPMENT/math/float/math32//c/asm/m32_modff.asm
../../_DEVELOPMENT/math/float/math32//c/asm/m32_acosf.asm
../../_DEVELOPMENT/math/float/math32//c/asm/m32_logf.asm
../../_DEVELOPMENT/math/float/math32//c/asm/m32_frexpf.asm
../../_DEVELOPMENT/math/float/math32//c/asm/m32_atanf.asm
../../_DEVELOPMENT/math/float/math32//c/asm/m32_coshf.asm
../../_DEVELOPMENT/math/float/math32//c/asm/m32_asinf.asm
../../_DEVELOPMENT/math/float/math32//c/asm/m32_atan2f.asm
../../_DEVELOPMENT/math/float/math32//c/asm/m32_powf.asm
../../_DEVELOPMENT/math/float/math32//c/asm/m32_expf.asm
../../_DEVELOPMENT/math/float/math32//c/asm/m32_ldexpf.asm
../../_DEVELOPMENT/math/float/math32//c/asm/m32_tanhf.asm
../../_DEVELOPMENT/math/float/math32//c/asm/m32_cosf.asm
../../_DEVELOPMENT/math/float/math32//c/asm/m32_log10f.asm
../../_DEVELOPMENT/math/float/math32//c/sdcc/cm32_sdcc_fsneg.asm
../../_DEVELOPMENT/math/float/math32//c/sdcc/cm32_sdcc_fssqr.asm
../../_DEVELOPMENT/math/float/math32//c/sdcc/cm32_sdcc___fs2sint.asm
../../_DEVELOPMENT/math/float/math32//c/sdcc/cm32_sdcc___fsneq_callee.asm
../../_DEVELOPMENT/math/float/math32//c/sdcc/cm32_sdcc___fseq_callee.asm
../../_DEVELOPMENT/math/float/math32//c/sdcc/cm32_sdcc_fssqrt.asm
../../_DEVELOPMENT/math/float/math32//c/sdcc/cm32_sdcc_fabs.asm
../../_DEVELOPMENT/math/float/math32//c/sdcc/cm32_sdcc_fsmax.asm
../../_DEVELOPMENT/math/float/math32//c/sdcc/cm32_sdcc_fsinvsqrt_fastcall.asm
../../_DEVELOPMENT/math/float/math32//c/sdcc/cm32_sdcc_fspoly_callee.asm
../../_DEVELOPMENT/math/float/math32//c/sdcc/cm32_sdcc_fssqr_fastcall.asm
../../_DEVELOPMENT/math/float/math32//c/sdcc/cm32_sdcc___uint2fs_callee.asm
../../_DEVELOPMENT/math/float/math32//c/sdcc/cm32_sdcc_fsdiv_callee.asm
../../_DEVELOPMENT/math/float/math32//c/sdcc/cm32_sdcc___slong2fs.asm
../../_DEVELOPMENT/math/float/math32//c/sdcc/cm32_sdcc_fshypot.asm
../../_DEVELOPMENT/math/float/math32//c/sdcc/cm32_sdcc_fsmin_fastcall.asm
../../_DEVELOPMENT/math/float/math32//c/sdcc/cm32_sdcc_fsmax_fastcall.asm
../../_DEVELOPMENT/math/float/math32//c/sdcc/cm32_sdcc___uchar2fs.asm
../../_DEVELOPMENT/math/float/math32//c/sdcc/cm32_sdcc_fsinv.asm
../../_DEVELOPMENT/math/float/math32//c/sdcc/cm32_sdcc___fslt_callee.asm
../../_DEVELOPMENT/math/float/math32//c/sdcc/cm32_sdcc_fsmul.asm
../../_DEVELOPMENT/math/float/math32//c/sdcc/cm32_sdcc___fs2uint_callee.asm
../../_DEVELOPMENT/math/float/math32//c/sdcc/cm32_sdcc_fsread.asm
../../_DEVELOPMENT/math/float/math32//c/sdcc/cm32_sdcc___sint2fs.asm
../../_DEVELOPMENT/math/float/math32//c/sdcc/cm32_sdcc_fspoly.asm
../../_DEVELOPMENT/math/float/math32//c/sdcc/cm32_sdcc___fs2uint.asm
../../_DEVELOPMENT/math/float/math32//c/sdcc/cm32_sdcc_fsinv_fastcall.asm
../../_DEVELOPMENT/math/float/math32//c/sdcc/cm32_sdcc___fs2slong.asm
../../_DEVELOPMENT/math/float/math32//c/sdcc/cm32_sdcc_ceil.asm
../../_DEVELOPMENT/math/float/math32//c/sdcc/cm32_sdcc___uint2fs.asm
../../_DEVELOPMENT/math/float/math32//c/sdcc/cm32_sdcc_fsmul_callee.asm
../../_DEVELOPMENT/math/float/math32//c/sdcc/cm32_sdcc_fsneg_fastcall.asm
../../_DEVELOPMENT/math/float/math32//c/sdcc/cm32_sdcc___sint2fs_callee.asm
../../_DEVELOPMENT/math/float/math32//c/sdcc/cm32_sdcc_fssqrt_fastcall.asm
../../_DEVELOPMENT/math/float/math32//c/sdcc/cm32_sdcc_fsadd.asm
../../_DEVELOPMENT/math/float/math32//c/sdcc/cm32_sdcc_fsmin.asm
../../_DEVELOPMENT/math/float/math32//c/sdcc/cm32_sdcc_fshypot_callee.asm
../../_DEVELOPMENT/math/float/math32//c/sdcc/cm32_sdcc___uchar2fs_callee.asm
../../_DEVELOPMENT/math/float/math32//c/sdcc/cm32_sdcc_fszero.asm
../../_DEVELOPMENT/math/float/math32//c/sdcc/cm32_sdcc___ulong2fs_callee.asm
../../_DEVELOPMENT/math/float/math32//c/sdcc/cm32_sdcc_fssub.asm
../../_DEVELOPMENT/math/float/math32//c/sdcc/cm32_sdcc_fssub_callee.asm
../../_DEVELOPMENT/math/float/math32//c/sdcc/cm32_sdcc___slong2fs_callee.asm
../../_DEVELOPMENT/math/float/math32//c/sdcc/cm32_sdcc_floor.asm
../../_DEVELOPMENT/math/float/math32//c/sdcc/cm32_sdcc___fs2ulong_callee.asm
../../_DEVELOPMENT/math/float/math32//c/sdcc/cm32_sdcc_fsload.asm
../../_DEVELOPMENT/math/float/math32//c/sdcc/cm32_sdcc___schar2fs_callee.asm
../../_DEVELOPMENT/math/float/math32//c/sdcc/cm32_sdcc_fsinvsqrt.asm
../../_DEVELOPMENT/math/float/math32//c/sdcc/cm32_sdcc_fszero_fastcall.asm
../../_DEVELOPMENT/math/float/math32//c/sdcc/cm32_sdcc___fsgt_callee.asm
../../_DEVELOPMENT/math/float/math32//c/sdcc/cm32_sdcc_fsadd_callee.asm
../../_DEVELOPMENT/math/float/math32//c/sdcc/cm32_sdcc___fs2sint_callee.asm
../../_DEVELOPMENT/math/float/math32//c/sdcc/cm32_sdcc_fsdiv.asm
../../_DEVELOPMENT/math/float/math32//c/sdcc/cm32_sdcc___fs2slong_callee.asm
../../_DEVELOPMENT/math/float/math32//c/sdcc/cm32_sdcc___fs2ulong.asm
../../_DEVELOPMENT/math/float/math32//c/sdcc/cm32_sdcc___schar2fs.asm
../../_DEVELOPMENT/math/float/math32//c/sdcc/cm32_sdcc_fsread_callee.asm
../../_DEVELOPMENT/math/float/math32//c/sdcc/cm32_sdcc___ulong2fs.asm
../../_DEVELOPMENT/math/float/math32//c/sccz80/cm32_sccz80_fsneg_callee.asm
../../_DEVELOPMENT/math/float/math32//c/sccz80/cm32_sccz80_fsdiv.asm
../../_DEVELOPMENT/math/float/math32//c/sccz80/cm32_sccz80_fszero_callee.asm
../../_DEVELOPMENT/math/float/math32//c/sccz80/cm32_sccz80_fsdiv_callee.asm
../../_DEVELOPMENT/math/float/math32//c/sccz80/cm32_sccz80_fssqrt_callee.asm
../../_DEVELOPMENT/math/float/math32//c/sccz80/cm32_sccz80_ceil.asm
../../_DEVELOPMENT/math/float/math32//c/sccz80/cm32_sccz80_floor.asm
../../_DEVELOPMENT/math/float/math32//c/sccz80/cm32_sccz80_fssqrt.asm
../../_DEVELOPMENT/math/float/math32//c/sccz80/cm32_sccz80_fsmul_callee.asm
../../_DEVELOPMENT/math/float/math32//c/sccz80/cm32_sccz80_fssub.asm
../../_DEVELOPMENT/math/float/math32//c/sccz80/cm32_sccz80_fabs.asm
../../_DEVELOPMENT/math/float/math32//c/sccz80/cm32_sccz80_fshypot_callee.asm
../../_DEVELOPMENT/math/float/math32//c/sccz80/cm32_sccz80_fsmin.asm
../../_DEVELOPMENT/math/float/math32//c/sccz80/cm32_sccz80_fsadd.asm
../../_DEVELOPMENT/math/float/math32//c/sccz80/cm32_sccz80_fspoly.asm
../../_DEVELOPMENT/math/float/math32//c/sccz80/cm32_sccz80_fsmin_callee.asm
../../_DEVELOPMENT/math/float/math32//c/sccz80/cm32_sccz80_fssub_callee.asm
../../_DEVELOPMENT/math/float/math32//c/sccz80/cm32_sccz80_fspoly_callee.asm
../../_DEVELOPMENT/math/float/math32//c/sccz80/cm32_sccz80_fszero.asm
../../_DEVELOPMENT/math/float/math32//c/sccz80/cm32_sccz80_fsinv_callee.asm
../../_DEVELOPMENT/math/float/math32//c/sccz80/cm32_sccz80_fsinvsqrt.asm
../../_DEVELOPMENT/math/float/math32//c/sccz80/cm32_sccz80_fsmul.asm
../../_DEVELOPMENT/math/float/math32//c/sccz80/cm32_sccz80_fsinv.asm
../../_DEVELOPMENT/math/float/math32//c/sccz80/cm32_sccz80_fsadd_callee.asm
../../_DEVELOPMENT/math/float/math32//c/sccz80/cm32_sccz80_fsmax.asm
../../_DEVELOPMENT/math/float/math32//c/sccz80/cm32_sccz80_fsinvsqrt_callee.asm
../../_DEVELOPMENT/math/float/math32//c/sccz80/cm32_sccz80_fshypot.asm
../../_DEVELOPMENT/math/float/math32//c/sccz80/cm32_sccz80_fssqr.asm
../../_DEVELOPMENT/math/float/math32//c/sccz80/cm32_sccz80_fsmax_callee.asm
../../_DEVELOPMENT/math/float/math32//c/sccz80/cm32_sccz80_fssqr_callee.asm
../../_DEVELOPMENT/math/float/math32//c/sccz80/cm32_sccz80_fsneg.asm
