@target/zx-libs/nirvanap/nirvanap_asm.lst
target/zx-libs/nirvanap/c/sdcc_iy/NIRVANAP_drawT
target/zx-libs/nirvanap/c/sdcc_iy/NIRVANAP_drawT_callee
target/zx-libs/nirvanap/c/sdcc_iy/NIRVANAP_drawT_raw
target/zx-libs/nirvanap/c/sdcc_iy/NIRVANAP_drawT_raw_callee
target/zx-libs/nirvanap/c/sdcc_iy/NIRVANAP_drawTW
target/zx-libs/nirvanap/c/sdcc_iy/NIRVANAP_drawTW_callee
target/zx-libs/nirvanap/c/sdcc_iy/NIRVANAP_drawTW_raw
target/zx-libs/nirvanap/c/sdcc_iy/NIRVANAP_drawTW_raw_callee
target/zx-libs/nirvanap/c/sdcc_ix/NIRVANAP_drawW
target/zx-libs/nirvanap/c/sdcc_ix/NIRVANAP_drawW_callee
target/zx-libs/nirvanap/c/sdcc_ix/NIRVANAP_drawW_raw
target/zx-libs/nirvanap/c/sdcc_ix/NIRVANAP_drawW_raw_callee
target/zx-libs/nirvanap/c/sdcc_iy/NIRVANAP_fillC
target/zx-libs/nirvanap/c/sdcc_iy/NIRVANAP_fillC_callee
target/zx-libs/nirvanap/c/sdcc_iy/NIRVANAP_fillT
target/zx-libs/nirvanap/c/sdcc_iy/NIRVANAP_fillT_callee
target/zx-libs/nirvanap/c/sdcc_iy/NIRVANAP_fillT_raw
target/zx-libs/nirvanap/c/sdcc_iy/NIRVANAP_fillT_raw_callee
target/zx-libs/nirvanap/c/sdcc_iy/NIRVANAP_paintC
target/zx-libs/nirvanap/c/sdcc_iy/NIRVANAP_paintC_callee
target/zx-libs/nirvanap/c/sdcc_iy/NIRVANAP_printC
target/zx-libs/nirvanap/c/sdcc_iy/NIRVANAP_printC_callee
target/zx-libs/nirvanap/c/sdcc_iy/NIRVANAP_readC
target/zx-libs/nirvanap/c/sdcc_iy/NIRVANAP_readC_callee
target/zx-libs/nirvanap/c/sdcc_iy/NIRVANAP_spriteT
target/zx-libs/nirvanap/c/sdcc_iy/NIRVANAP_spriteT_callee
target/zx-libs/nirvanap/c/sdcc_iy/NIRVANAP_start
target/zx-libs/nirvanap/c/sdcc_iy/NIRVANAP_stop
