target/aquarius/graphicsp/__aquarius_set_attribute
target/aquarius/graphics/textpixl
target/aquarius/graphicsp/clg
target/aquarius/graphicsp/getmaxx
target/aquarius/graphicsp/getmaxy
target/aquarius/graphicsp/w_pixladdr
target/aquarius/graphicsp/w_plotpixl
target/aquarius/graphicsp/w_plotpixl_BITMAP
target/aquarius/graphicsp/w_pointxy
target/aquarius/graphicsp/w_pointxy_BITMAP
target/aquarius/graphicsp/w_respixl
target/aquarius/graphicsp/w_respixl_BITMAP
target/aquarius/graphicsp/w_xorpixl
target/aquarius/graphicsp/w_xorpixl_BITMAP
@gfx/wide/gfx_wide.lst
target/aquarius/far/__far_misc
target/aquarius/far/__far_page
target/aquarius/far/l_far_mapaddr
target/aquarius/fcntl/chdir
target/aquarius/fcntl/close
target/aquarius/fcntl/esp
target/aquarius/fcntl/fdgetpos
target/aquarius/fcntl/fdtell
target/aquarius/fcntl/lseek
target/aquarius/fcntl/mkdir
target/aquarius/fcntl/open
target/aquarius/fcntl/fsync
target/aquarius/fcntl/read
target/aquarius/fcntl/readbyte
target/aquarius/fcntl/remove
target/aquarius/fcntl/rename
target/aquarius/fcntl/write
target/aquarius/fcntl/writebyte
target/aquarius/stdio/fputc_cons_aqplus
target/aquarius/stdio/fgetc_cons_aqplus
