target/aquarius/stdio/bordercolour
target/aquarius/stdio/set_default_palette
target/aquarius/stdio/CRT_FONT
target/aquarius/stdio/cls_BITMAP
target/aquarius/stdio/cls_TEXT
target/aquarius/stdio/conio_map_colour
target/aquarius/stdio/conio_vars
target/aquarius/stdio/fgetc_cons
target/aquarius/stdio/fputc_cons
target/aquarius/stdio/generic_console
target/aquarius/stdio/generic_console_attr
target/aquarius/stdio/generic_console_ioctl
target/aquarius/stdio/generic_console_vpeek
target/aquarius/stdio/get_video_base
target/aquarius/stdio/getk
target/aquarius/stdio/printc_BITMAP
target/aquarius/stdio/printc_TEXT
target/aquarius/stdio/scrollup_BITMAP
target/aquarius/stdio/scrollup_TEXT
target/aquarius/stdio/vpeek_BITMAP
target/aquarius/stdio/vpeek_TEXT
target/aquarius/stdio/xypos_BITMAP
target/aquarius/stdio/xypos_TEXT
@classic/stdio/ansicore.lst
target/aquarius/stdio/ansi/f_ansi_attr
target/aquarius/stdio/ansi/f_ansi_bel
target/aquarius/stdio/ansi/f_ansi_char
target/aquarius/stdio/ansi/f_ansi_cls
target/aquarius/stdio/ansi/f_ansi_dline
target/aquarius/stdio/ansi/f_ansi_scrollup
@classic/stdio/stdio.lst
target/aquarius/input/in_Inkey
target/aquarius/input/in_KeyPressed
target/aquarius/input/in_LookupKey
target/aquarius/input/in_keytranstbl
@classic/input/input_keyboard.lst
target/aquarius/graphics/textpixl6
@classic/gfx/text6/gfx_text6.lst
target/aquarius/games/bit_open
target/aquarius/games/bit_open_di
target/aquarius/games/bit_close
target/aquarius/games/bit_close_ei
target/aquarius/games/joystick
target/aquarius/games/keys_joystick
@classic/games/games.lst
target/aquarius/psg/asm_arkos_aq_smc
target/aquarius/psg/asm_wyz_hardware_out
target/aquarius/psg/asm_vt2_hardware_out
target/aquarius/psg/set_psg
target/aquarius/psg/set_psg_callee
target/aquarius/psg/get_psg
target/aquarius/psg/psg_init
target/aquarius/tape/tape_load_block
target/aquarius/tape/tape_load_block_callee
sound/ay/obj/${TYPE}/**/*.o

