stdlib/c/sdcc_ix/abort
stdlib/c/sdcc_ix/abs
stdlib/c/sdcc_ix/abs_fastcall
stdlib/c/sdcc_ix/atexit
stdlib/c/sdcc_ix/atexit_fastcall
stdlib/c/sdcc_ix/atoi
stdlib/c/sdcc_ix/atoi_fastcall
stdlib/c/sdcc_ix/atol
stdlib/c/sdcc_ix/atol_fastcall
stdlib/c/sdcc_ix/at_quick_exit
stdlib/c/sdcc_ix/at_quick_exit_fastcall
stdlib/c/sdcc_ix/bsearch
stdlib/c/sdcc_ix/bsearch_callee
stdlib/c/sdcc_ix/exit
stdlib/c/sdcc_ix/exit_fastcall
stdlib/c/sdcc_ix/itoa
stdlib/c/sdcc_ix/itoa_callee
stdlib/c/sdcc_ix/labs
stdlib/c/sdcc_ix/labs_fastcall
stdlib/c/sdcc_ix/ltoa
stdlib/c/sdcc_ix/ltoa_callee
stdlib/c/sdcc_ix/qsort
stdlib/c/sdcc_ix/qsort_callee
stdlib/c/sdcc_ix/quick_exit
stdlib/c/sdcc_ix/quick_exit_fastcall
stdlib/c/sdcc_ix/rand
stdlib/c/sdcc_ix/srand
stdlib/c/sdcc_ix/srand_fastcall
stdlib/c/sdcc_ix/strtol
stdlib/c/sdcc_ix/strtol_callee
stdlib/c/sdcc_ix/strtoul
stdlib/c/sdcc_ix/strtoul_callee
stdlib/c/sdcc_ix/system
stdlib/c/sdcc_ix/system_fastcall
stdlib/c/sdcc_ix/ultoa
stdlib/c/sdcc_ix/ultoa_callee
stdlib/c/sdcc_ix/utoa
stdlib/c/sdcc_ix/utoa_callee
stdlib/c/sdcc_ix/_div_
stdlib/c/sdcc_ix/_div__callee
stdlib/c/sdcc_ix/_insertion_sort_
stdlib/c/sdcc_ix/_insertion_sort__callee
stdlib/c/sdcc_ix/_ldiv_
stdlib/c/sdcc_ix/_ldiv__callee
stdlib/c/sdcc_ix/_quicksort_
stdlib/c/sdcc_ix/_quicksort__callee
stdlib/c/sdcc_ix/_random_uniform_cmwc_8_
stdlib/c/sdcc_ix/_random_uniform_cmwc_8__fastcall
stdlib/c/sdcc_ix/_random_uniform_xor_8_
stdlib/c/sdcc_ix/_random_uniform_xor_8__fastcall
stdlib/c/sdcc_ix/_random_uniform_xor_32_
stdlib/c/sdcc_ix/_random_uniform_xor_32__fastcall
stdlib/c/sdcc_ix/_shellsort_
stdlib/c/sdcc_ix/_shellsort__callee
stdlib/c/sdcc_ix/_strtoi_
stdlib/c/sdcc_ix/_strtoi__callee
stdlib/c/sdcc_ix/_strtou_
stdlib/c/sdcc_ix/_strtou__callee
stdlib/z80/__dtoa__
stdlib/z80/__dtoa_asm_exit
stdlib/z80/__dtoa_count
stdlib/z80/__dtoa_exp_digit
stdlib/z80/__dtoa_inf_s
stdlib/z80/__dtoa_infinity_s
stdlib/z80/__dtoa_nan_s
stdlib/z80/__dtoa_postamble
stdlib/z80/__dtoa_preamble
stdlib/z80/__dtoa_print
stdlib/z80/__dtoa_print_zeroes
stdlib/z80/__dtoa_remove_zeroes
stdlib/z80/__dtoa_round
stdlib/z80/__dtoa_special_form
stdlib/z80/__dtoe__
stdlib/z80/__dtog__
stdlib/z80/__dtoh__
stdlib/z80/__stdlib_seed
stdlib/z80/__strtod_dec
stdlib/z80/__strtod_exponent
stdlib/z80/__strtod_hex
stdlib/z80/__strtod_special_form
stdlib/z80/__strtod_suffix
stdlib/z80/__strtou__
stdlib/z80/__strtoul__
stdlib/z80/sort/__sort_parameters
