stdlib/c/lr_sdcc/abs
stdlib/c/lr_sdcc/atexit
stdlib/c/lr_sdcc/atoi
stdlib/c/lr_sdcc/atol
stdlib/c/lr_sdcc/at_quick_exit
stdlib/c/lr_sdcc/bsearch
stdlib/c/lr_sdcc/exit
stdlib/c/lr_sdcc/itoa
stdlib/c/lr_sdcc/labs
stdlib/c/lr_sdcc/ltoa
stdlib/c/lr_sdcc/qsort
stdlib/c/lr_sdcc/quick_exit
stdlib/c/lr_sdcc/rand
stdlib/c/lr_sdcc/srand
stdlib/c/lr_sdcc/strtol
stdlib/c/lr_sdcc/strtoul
stdlib/c/lr_sdcc/system
stdlib/c/lr_sdcc/ultoa
stdlib/c/lr_sdcc/utoa
stdlib/c/lr_sdcc/_div
stdlib/c/lr_sdcc/_ldiv
stdlib/c/lr_sdcc/_strtoi
stdlib/c/lr_sdcc/_strtou
stdlib/z80/__strtou
stdlib/z80/__strtoul
