stdlib/c/rl_sdcc/abs
stdlib/c/rl_sdcc/atexit
stdlib/c/rl_sdcc/atoi
stdlib/c/rl_sdcc/atol
stdlib/c/rl_sdcc/at_quick_exit
stdlib/c/rl_sdcc/bsearch
stdlib/c/rl_sdcc/exit
stdlib/c/rl_sdcc/itoa
stdlib/c/rl_sdcc/labs
stdlib/c/rl_sdcc/ltoa
stdlib/c/rl_sdcc/qsort
stdlib/c/rl_sdcc/quick_exit
stdlib/c/rl_sdcc/rand
stdlib/c/rl_sdcc/srand
stdlib/c/rl_sdcc/strtol
stdlib/c/rl_sdcc/strtoul
stdlib/c/rl_sdcc/system
stdlib/c/rl_sdcc/ultoa
stdlib/c/rl_sdcc/utoa
stdlib/c/rl_sdcc/_div
stdlib/c/rl_sdcc/_ldiv
stdlib/c/rl_sdcc/_strtoi
stdlib/c/rl_sdcc/_strtou
stdlib/z80/__strtou
stdlib/z80/__strtoul
