stdlib/z80/asm_abs
stdlib/z80/asm_atexit
stdlib/z80/asm_atoi
stdlib/z80/asm_atol
stdlib/z80/asm_at_quick_exit
stdlib/z80/asm_bsearch
stdlib/z80/asm_exit
stdlib/z80/asm_itoa
stdlib/z80/asm_labs
stdlib/z80/asm_ltoa
stdlib/z80/asm_qsort
stdlib/z80/asm_quick_exit
stdlib/z80/asm_rand
stdlib/z80/asm_srand
stdlib/z80/asm_strtol
stdlib/z80/asm_strtoul
stdlib/z80/asm_system
stdlib/z80/asm_ultoa
stdlib/z80/asm_utoa
stdlib/z80/asm__div
stdlib/z80/asm__ldiv
stdlib/z80/asm__strtoi
stdlib/z80/asm__strtou
stdlib/z80/__stdlib_seed
stdlib/z80/__strtou__
stdlib/z80/__strtoul__
stdlib/z80/random/asm_random_uniform_xor_32
stdlib/z80/sort/__sort_parameters
stdlib/z80/sort/asm_insertion_sort
stdlib/z80/sort/asm_quicksort
stdlib/z80/sort/asm_shellsort
