target/ts2068/graphics_hr/zx_hardcopy
target/ts2068/graphics_hr/xorborder
target/ts2068/graphics_hr/clg
target/ts2068/graphics_hr/w_clga
graphics/retrofit/clga_callee
target/ts2068/graphics_hr/w_pixladdr
target/ts2068/graphics_hr/fill
graphics/w_plotpixl
graphics/w_respixl
graphics/w_xorpixl
graphics/w_pointxy
graphics/lftscrol
target/zx/graphics/swapgfxbk
target/ts2068/graphics_hr/w_putsprite
target/ts2068/graphics_hr/w_stencil_render
target/ts2068/graphics_hr/w_bksave
target/ts2068/graphics_hr/w_bkrestore
graphics/draw_profile
graphics/w_pointxy
@gfxbasew.lst
