@target/zx/input_zx.lst
target/ts2068/stdio/fputc_cons
target/ts2068/stdio/ansi/f_ansi_attr
target/ts2068/stdio/ansi/f_ansi_char
target/ts2068/stdio/ansi/f_ansi_cls
target/ts2068/stdio/ansi/f_ansi_dline
target/ts2068/stdio/ansi/f_ansi_scrollup
target/ts2068/obj/ts2068/ts_vmod
target/ts2068/obj/ts2068/call_extrom
@target/zx/stdio/stdio.lst
@classic/stdio/ansicore.lst
@classic/stdio/stdio.lst
target/ts2068/graphics_hr/zx_hardcopy
@target/zx-common/timex_zxn_graphics.lst
;gfx/wide/obj/ts2068/w_stencil_render2
@classic/gfx/wide/gfx_wide.lst
target/shared/clock

target/ts2068/psg/playzb4
target/ts2068/psg/set_psg
target/ts2068/psg/set_psg_callee
target/ts2068/psg/get_psg
target/ts2068/psg/psg_init
target/ts2068/psg/asm_wyz_hardware_out
target/ts2068/psg/asm_vt2_hardware_out
_DEVELOPMENT/sound/ay/obj/${TYPE}/**/*.o

target/zx/games/obj/${TARGET}/joystick
@classic/games/games.lst
@target/zx/spectrum.lst

@target/ts2068/newlib/newlib.lst
