arch/zx/display/c/sdcc_ix/zx_aaddr2cx
arch/zx/display/c/sdcc_ix/zx_aaddr2cy
arch/zx/display/c/sdcc_ix/zx_aaddr2px
arch/zx/display/c/sdcc_ix/zx_aaddr2py
arch/zx/display/c/sdcc_ix/zx_aaddr2saddr
arch/zx/display/c/sdcc_ix/zx_aaddrcdown
arch/zx/display/c/sdcc_ix/zx_aaddrcleft
arch/zx/display/c/sdcc_ix/zx_aaddrcright
arch/zx/display/c/sdcc_ix/zx_aaddrcup
arch/zx/display/c/sdcc_ix/zx_bitmask2px
arch/zx/display/c/sdcc_ix/zx_cy2aaddr
arch/zx/display/c/sdcc_ix/zx_cy2saddr
arch/zx/display/c/sdcc_ix/zx_cyx2aaddr
arch/zx/display/c/sdcc_ix/zx_cyx2saddr
arch/zx/display/c/sdcc_ix/zx_px2bitmask
arch/zx/display/c/sdcc_ix/zx_pxy2aaddr
arch/zx/display/c/sdcc_ix/zx_pxy2saddr
arch/zx/display/c/sdcc_ix/zx_py2aaddr
arch/zx/display/c/sdcc_ix/zx_py2saddr
arch/zx/display/c/sdcc_ix/zx_saddr2aaddr
arch/zx/display/c/sdcc_ix/zx_saddr2cx
arch/zx/display/c/sdcc_ix/zx_saddr2cy
arch/zx/display/c/sdcc_ix/zx_saddr2px
arch/zx/display/c/sdcc_ix/zx_saddr2py
arch/zx/display/c/sdcc_ix/zx_saddrcdown
arch/zx/display/c/sdcc_ix/zx_saddrcleft
arch/zx/display/c/sdcc_ix/zx_saddrcright
arch/zx/display/c/sdcc_ix/zx_saddrcup
arch/zx/display/c/sdcc_ix/zx_saddrpdown
arch/zx/display/c/sdcc_ix/zx_saddrpleft
arch/zx/display/c/sdcc_ix/zx_saddrpright
arch/zx/display/c/sdcc_ix/zx_saddrpup
