target/tvc/stdio/fputc_cons
target/tvc/stdio/fgetc_cons
target/tvc/stdio/getk
@stdio/stdio.lst
target/tvc/games/joystick
target/tvc/games/bit_open
target/tvc/games/bit_open_di
target/tvc/games/bit_close
target/tvc/games/bit_close_ei
@games/games.lst
target/tvc/time/clock
target/tvc/tvc_cls
target/tvc/tvc_ed_cfix
target/tvc/tvc_ed_cpos
target/tvc/tvc_ed_getch
target/tvc/tvc_get_bordercolor
target/tvc/tvc_kbd_status
target/tvc/tvc_set_bordercolor
target/tvc/tvc_set_palette
target/tvc/tvc_vmode
target/tvc/tvc_get_vmode
target/tvc/tvc_fgets_cons
target/tvc/tvc_get_border
target/tvc/tvc_set_border
target/tvc/tvc_set_paper
target/tvc/tvc_get_paper
target/tvc/tvc_set_ink
target/tvc/tvc_get_ink
target/tvc/tvc_set_linestyle
target/tvc/tvc_set_linemode
target/tvc/tvc_get_linestyle
target/tvc/tvc_get_linemode
target/tvc/tvc_set_memorymap
target/tvc/tvc_mapin_vram
target/tvc/tvc_mapout_vram
target/tvc/sound/tvc_enable_sound
target/tvc/sound/tvc_set_sound_volume
target/tvc/sound/tvc_set_sound_pitch
target/tvc/sound/tvc_set_sound_pitch_raw
target/tvc/sound/tvc_get_raw_pitch
target/tvc/sound/tvc_set_os_sound_interrupting
target/tvc/sound/tvc_is_os_sound_playing
target/tvc/sound/tvc_play_os_sound
target/tvc/sound/tvc_tune_play
