zx81/cnvtab
zx81/copytxt
zx81/invtxt
zx81/mirrortxt
zx81/_clg_hr
zx81/basic/zx_basemem.asm
zx81/basic/zx_basic_length.asm
zx81/basic/zx_getint.asm
zx81/basic/zx_getstr.asm
zx81/basic/zx_getstr_callee.asm
zx81/basic/zx_line.asm
zx81/basic/zx_locatenum.asm
zx81/basic/zx_setint.asm
zx81/basic/zx_setint_callee.asm
zx81/basic/zx_setstr.asm
zx81/basic/zx_setstr_callee.asm
zx81/basic/zx_var_length.asm
zx81/zx81toasc
zx81/asctozx81
zx81/zx_ascii
zx81/ascii_zx
zx81/zx_asciimode
zx81/zx_fast
zx81/zx_slow
