target/mc1000/stdio/fgetc_cons
target/mc1000/stdio/getk
target/mc1000/stdio/fputc_cons
target/mc1000/stdio/ansi/f_ansi_attr
target/mc1000/stdio/ansi/f_ansi_scrollup
target/mc1000/stdio/ansi/f_ansi_bel
target/mc1000/stdio/ansi/f_ansi_char
@classic/stdio/ansicore.lst
@classic/stdio/stdio.lst
target/mc1000/graphics/clg
target/mc1000/graphics/dfill
target/mc1000/graphics/bksave
target/mc1000/graphics/bkrestore
target/mc1000/graphics/swapgfxbk
target/mc1000/graphics/stencil_render
classic/gfx/narrow/obj/${TARGET}/clrarea2
classic/gfx/narrow/obj/${TARGET}/fillarea2
classic/gfx/narrow/obj/${TARGET}/xorclrarea2
@classic/video/mc6847/mc6847.lst
@classic/gfx/narrow/gfx_narrow.lst


target/mc1000/time/clock
target/mc1000/games/joystick
target/mc1000/games/bit_open
target/mc1000/games/bit_open_di
target/mc1000/games/bit_close
target/mc1000/games/bit_close_ei
@classic/games/games.lst
target/mc1000/psg/set_psg
target/mc1000/psg/set_psg_callee
target/mc1000/psg/get_psg
target/mc1000/psg/psg_init
target/mc1000/psg/asm_vt2_hardware_out
target/mc1000/psg/asm_wyz_hardware_out
target/mc1000/interrupts/im1_handler
target/mc1000/interrupts/add_raster_int
sound/ay/obj/${TYPE}/**/*.o
