target/zx/display/z80/asm_zx_aaddr2cx
target/zx/display/z80/asm_zx_aaddr2cy
target/zx/display/z80/asm_zx_aaddr2px
target/zx/display/z80/asm_zx_aaddr2py
target/zx/display/z80/asm_zx_aaddr2saddr
target/zx/display/z80/asm_zx_aaddrcdown
target/zx/display/z80/asm_zx_aaddrcleft
target/zx/display/z80/asm_zx_aaddrcright
target/zx/display/z80/asm_zx_aaddrcup
target/zx/display/z80/asm_zx_bitmask2px
target/zx/display/z80/asm_zx_cxy2aaddr
target/zx/display/z80/asm_zx_cxy2saddr
target/zx/display/z80/asm_zx_cy2aaddr
target/zx/display/z80/asm_zx_cy2saddr
target/zx/display/z80/asm_zx_px2bitmask
target/zx/display/z80/asm_zx_pxy2aaddr
target/zx/display/z80/asm_zx_pxy2saddr
target/zx/display/z80/asm_zx_py2aaddr
target/zx/display/z80/asm_zx_py2saddr
target/zx/display/z80/asm_zx_saddr2aaddr
target/zx/display/z80/asm_zx_saddr2cx
target/zx/display/z80/asm_zx_saddr2cy
target/zx/display/z80/asm_zx_saddr2px
target/zx/display/z80/asm_zx_saddr2py
target/zx/display/z80/asm_zx_saddrcdown
target/zx/display/z80/asm_zx_saddrcleft
target/zx/display/z80/asm_zx_saddrcright
target/zx/display/z80/asm_zx_saddrcup
target/zx/display/z80/asm_zx_saddrpdown
target/zx/display/z80/asm_zx_saddrpleft
target/zx/display/z80/asm_zx_saddrpright
target/zx/display/z80/asm_zx_saddrpup
