@stdio/ansicore.lst
target/lm80c/stdio/fputc_cons_native
target/lm80c/stdio/fgetc_cons
target/lm80c/stdio/getk
@font/font_8x8/font_8x8.lst
@video/tms9918/video_tms9918_nmi.lst
@stdio/stdio.lst
@gfx/narrow/gfx_narrow.lst
@sound/ay/psg.lst
@sound/ay/vt2/psg_vt2.lst
@sound/ay/wyz/psg_wyz.lst
target/lm80c/psg/set_psg
target/lm80c/psg/set_psg_callee
target/lm80c/psg/get_psg
target/lm80c/psg/psg_init
target/lm80c/psg/asm_wyz_hardware_out
target/lm80c/psg/asm_vt2_hardware_out
@sound/onebit/onebit.lst
@games/games.lst
@target/lm80c/rs232/rs232.lst

