target/zx/misc/c/sdcc_iy/zx_border
target/zx/misc/c/sdcc_iy/zx_border_fastcall
target/zx/misc/c/sdcc_iy/zx_cls
target/zx/misc/c/sdcc_iy/zx_cls_fastcall
target/zx/misc/c/sdcc_iy/zx_cls_attr
target/zx/misc/c/sdcc_iy/zx_cls_attr_fastcall
target/zx/misc/c/sdcc_iy/zx_cls_pix
target/zx/misc/c/sdcc_iy/zx_cls_pix_fastcall
target/zx/misc/c/sdcc_iy/zx_cls_wc
target/zx/misc/c/sdcc_iy/zx_cls_wc_callee
target/zx/misc/c/sdcc_iy/zx_cls_wc_attr
target/zx/misc/c/sdcc_iy/zx_cls_wc_attr_callee
target/zx/misc/c/sdcc_iy/zx_cls_wc_pix
target/zx/misc/c/sdcc_iy/zx_cls_wc_pix_callee
target/zx/misc/c/sdcc_iy/zx_scroll_up
target/zx/misc/c/sdcc_iy/zx_scroll_up_callee
target/zx/misc/c/sdcc_iy/zx_scroll_up_attr
target/zx/misc/c/sdcc_iy/zx_scroll_up_attr_callee
target/zx/misc/c/sdcc_iy/zx_scroll_up_pix
target/zx/misc/c/sdcc_iy/zx_scroll_up_pix_callee
target/zx/misc/c/sdcc_iy/zx_scroll_wc_up
target/zx/misc/c/sdcc_iy/zx_scroll_wc_up_callee
target/zx/misc/c/sdcc_iy/zx_scroll_wc_up_attr
target/zx/misc/c/sdcc_iy/zx_scroll_wc_up_attr_callee
target/zx/misc/c/sdcc_iy/zx_scroll_wc_up_pix
target/zx/misc/c/sdcc_iy/zx_scroll_wc_up_pix_callee
target/zx/misc/c/sdcc_iy/zx_visit_wc_attr
target/zx/misc/c/sdcc_iy/zx_visit_wc_attr_callee
target/zx/misc/c/sdcc_iy/zx_visit_wc_pix
target/zx/misc/c/sdcc_iy/zx_visit_wc_pix_callee
@target/zx/misc/misc_asm.lst
