@adt/adt_sdcc_iy.lst
@alloc/alloc_sdcc_iy.lst
@arch/zx/zx_sdcc_iy.lst
@compress/compress_sdcc_iy.lst
@ctype/ctype_sdcc_iy.lst
@error/error.lst
@fcntl/fcntl_sdcc_iy.lst
@font/font_4x8/fonts.lst
@font/fzx/fzx_sdcc_iy.lst
@font/fzx/zx/zx_sdcc_iy.lst
@input/zx/input_sdcc_iy.lst
@inttypes/inttypes_sdcc_iy.lst
@l/l.lst
@l/sdcc.lst
@locale/locale.lst
@math/math.lst
@sound/sound_sdcc_iy.lst
@stdio/stdio_sdcc_iy.lst
@stdlib/stdlib_sdcc_iy.lst
@string/string_sdcc_iy.lst
@target/zx/driver/driver.lst
@temp/sp1/zx/sp1_zx_sdcc_iy.lst
@threads/threads_sdcc_iy.lst
@z80/z80_sdcc_iy.lst
