hashtable/adt_HashAdd
hashtable/adt_HashCreate
hashtable/adt_HashDelete
hashtable/adt_HashLookup
hashtable/adt_HashRemove
hashtable/ADTHashAdd
hashtable/ADTHashDelete
hashtable/ADTHashLookup
hashtable/ADTHashRemove
heap/adt_HeapAdd
heap/adt_HeapExtract
heap/adt_Heapify
heap/ADTHeapAdd
heap/ADTHeapExtract
heap/ADTHeapify
heap/ADTHeapSiftDown
heap/ADTHeapSiftUp
linkedlist/adt_ListAdd
linkedlist/adt_ListAppend
linkedlist/adt_ListConcat
linkedlist/adt_ListCount
linkedlist/adt_ListCreate
linkedlist/adt_ListCurr
linkedlist/adt_ListFirst
linkedlist/adt_ListDelete
linkedlist/adt_ListInsert
linkedlist/adt_ListLast
linkedlist/adt_ListNext
linkedlist/adt_ListPrepend
linkedlist/adt_ListPrev
linkedlist/adt_ListRemove
linkedlist/adt_ListSearch
linkedlist/adt_ListTrim
linkedlist/ADTemptylistadd
linkedlist/ADTListAdd
linkedlist/ADTListAppend
linkedlist/ADTListConcat
linkedlist/ADTListCount
linkedlist/ADTListCurr
linkedlist/ADTListFirst
linkedlist/ADTListDelete
linkedlist/ADTListInsert
linkedlist/ADTListLast
linkedlist/ADTListNext
linkedlist/ADTListPrepend
linkedlist/ADTListPrev
linkedlist/ADTListRemove
linkedlist/ADTListSearch
linkedlist/ADTListTrim
queue/adt_QueueBack
queue/adt_QueueCreate
queue/adt_QueueDelete
queue/adt_QueueEmpty
queue/adt_QueueFront
queue/adt_QueuePopFront
queue/adt_QueuePushBack
queue/ADTQueueDelete
queue/ADTQueuePushBack
stack/adt_StackCreate
stack/adt_StackDelete
stack/adt_StackPeek
stack/adt_StackPop
stack/adt_StackPush
stack/ADTStackDelete
stack/ADTStackPush
