heap\adt_HeapAdd
heap\adt_HeapExtract
heap\adt_Heapify
heap\ADTHeapAdd
heap\ADTHeapExtract
heap\ADTHeapify
heap\ADTHeapSiftDown
heap\ADTHeapSiftUp
linkedlist\adt_ListAdd
linkedlist\adt_ListAppend
linkedlist\adt_ListConcat
linkedlist\adt_ListCount
linkedlist\adt_ListCreate
linkedlist\adt_ListCurr
linkedlist\adt_ListFirst
linkedlist\adt_ListFree
linkedlist\adt_ListInsert
linkedlist\adt_ListLast
linkedlist\adt_ListNext
linkedlist\adt_ListPrepend
linkedlist\adt_ListPrev
linkedlist\adt_ListRemove
linkedlist\adt_ListSearch
linkedlist\adt_ListTrim
linkedlist\ADTemptylistadd
linkedlist\ADTListAdd
linkedlist\ADTListAppend
linkedlist\ADTListConcat
linkedlist\ADTListCount
linkedlist\ADTListCurr
linkedlist\ADTListFirst
linkedlist\ADTListFree
linkedlist\ADTListInsert
linkedlist\ADTListLast
linkedlist\ADTListNext
linkedlist\ADTListPrepend
linkedlist\ADTListPrev
linkedlist\ADTListRemove
linkedlist\ADTListSearch
linkedlist\ADTListTrim
