math/float/math48/lm/c/sdcc_ix/acos
math/float/math48/lm/c/sdcc_ix/acosh
math/float/math48/lm/c/sdcc_ix/asin
math/float/math48/lm/c/sdcc_ix/asinh
math/float/math48/lm/c/sdcc_ix/atan
math/float/math48/lm/c/sdcc_ix/atan2
math/float/math48/lm/c/sdcc_ix/atanh
math/float/math48/lm/c/sdcc_ix/cbrt
math/float/math48/lm/c/sdcc_ix/ceil
math/float/math48/lm/c/sdcc_ix/copysign
math/float/math48/lm/c/sdcc_ix/cos
math/float/math48/lm/c/sdcc_ix/cosh
math/float/math48/lm/c/sdcc_ix/d2mlib
math/float/math48/lm/c/sdcc_ix/dcallee1
math/float/math48/lm/c/sdcc_ix/dcallee2
math/float/math48/lm/c/sdcc_ix/dload
math/float/math48/lm/c/sdcc_ix/dread
math/float/math48/lm/c/sdcc_ix/dstore
math/float/math48/lm/c/sdcc_ix/erf
math/float/math48/lm/c/sdcc_ix/erfc
math/float/math48/lm/c/sdcc_ix/exp
math/float/math48/lm/c/sdcc_ix/exp2
math/float/math48/lm/c/sdcc_ix/expm1
math/float/math48/lm/c/sdcc_ix/fabs
math/float/math48/lm/c/sdcc_ix/fdim
math/float/math48/lm/c/sdcc_ix/floor
math/float/math48/lm/c/sdcc_ix/fma
math/float/math48/lm/c/sdcc_ix/fmax
math/float/math48/lm/c/sdcc_ix/fmin
math/float/math48/lm/c/sdcc_ix/fmod
math/float/math48/lm/c/sdcc_ix/frexp
math/float/math48/lm/c/sdcc_ix/hypot
math/float/math48/lm/c/sdcc_ix/ilogb
math/float/math48/lm/c/sdcc_ix/isgreater
math/float/math48/lm/c/sdcc_ix/isgreaterequal
math/float/math48/lm/c/sdcc_ix/isless
math/float/math48/lm/c/sdcc_ix/islessequal
math/float/math48/lm/c/sdcc_ix/islessgreater
math/float/math48/lm/c/sdcc_ix/isunordered
math/float/math48/lm/c/sdcc_ix/ldexp
math/float/math48/lm/c/sdcc_ix/lgamma
math/float/math48/lm/c/sdcc_ix/llrint
math/float/math48/lm/c/sdcc_ix/llround
math/float/math48/lm/c/sdcc_ix/log
math/float/math48/lm/c/sdcc_ix/log10
math/float/math48/lm/c/sdcc_ix/log1p
math/float/math48/lm/c/sdcc_ix/log2
math/float/math48/lm/c/sdcc_ix/logb
math/float/math48/lm/c/sdcc_ix/lrint
math/float/math48/lm/c/sdcc_ix/lround
math/float/math48/lm/c/sdcc_ix/mlib2d
math/float/math48/lm/c/sdcc_ix/modf
math/float/math48/lm/c/sdcc_ix/nan
math/float/math48/lm/c/sdcc_ix/nearbyint
math/float/math48/lm/c/sdcc_ix/nextafter
math/float/math48/lm/c/sdcc_ix/nexttoward
math/float/math48/lm/c/sdcc_ix/pow
math/float/math48/lm/c/sdcc_ix/remainder
math/float/math48/lm/c/sdcc_ix/remquo
math/float/math48/lm/c/sdcc_ix/rint
math/float/math48/lm/c/sdcc_ix/round
math/float/math48/lm/c/sdcc_ix/scalbln
math/float/math48/lm/c/sdcc_ix/scalbn
math/float/math48/lm/c/sdcc_ix/sin
math/float/math48/lm/c/sdcc_ix/sinh
math/float/math48/lm/c/sdcc_ix/sqrt
math/float/math48/lm/c/sdcc_ix/tan
math/float/math48/lm/c/sdcc_ix/tanh
math/float/math48/lm/c/sdcc_ix/tgamma
math/float/math48/lm/c/sdcc_ix/trunc
math/float/math48/lm/c/sdcc_ix/___fs2schar
math/float/math48/lm/c/sdcc_ix/___fs2sint
math/float/math48/lm/c/sdcc_ix/___fs2slong
math/float/math48/lm/c/sdcc_ix/___fs2uchar
math/float/math48/lm/c/sdcc_ix/___fs2uint
math/float/math48/lm/c/sdcc_ix/___fs2ulong
math/float/math48/lm/c/sdcc_ix/___fsadd
math/float/math48/lm/c/sdcc_ix/___fsdiv
math/float/math48/lm/c/sdcc_ix/___fseq
math/float/math48/lm/c/sdcc_ix/___fsgt
math/float/math48/lm/c/sdcc_ix/___fslt
math/float/math48/lm/c/sdcc_ix/___fsmul
math/float/math48/lm/c/sdcc_ix/___fsneq
math/float/math48/lm/c/sdcc_ix/___fssub
math/float/math48/lm/c/sdcc_ix/___schar2fs
math/float/math48/lm/c/sdcc_ix/___sint2fs
math/float/math48/lm/c/sdcc_ix/___slong2fs
math/float/math48/lm/c/sdcc_ix/___uchar2fs
math/float/math48/lm/c/sdcc_ix/___uint2fs
math/float/math48/lm/c/sdcc_ix/___ulong2fs
@math/float/math48/m_asm.lst
