math/float/math48/c_standard/lm48__ftoa_base10
math/float/math48/c_standard/lm48__ftoa_digits
math/float/math48/c_standard/lm48__ftoa_sgnabs
math/float/math48/c_standard/lm48_acos
math/float/math48/c_standard/lm48_add
math/float/math48/c_standard/lm48_asin
math/float/math48/c_standard/lm48_atan
math/float/math48/c_standard/lm48_atan2
math/float/math48/c_standard/lm48_cbrt
math/float/math48/c_standard/lm48_compare
math/float/math48/c_standard/lm48_copysign
math/float/math48/c_standard/lm48_cos
math/float/math48/c_standard/lm48_div
math/float/math48/c_standard/lm48_exp
math/float/math48/c_standard/lm48_exp2
math/float/math48/c_standard/lm48_expm1
math/float/math48/c_standard/lm48_fabs
math/float/math48/c_standard/lm48_fdim
math/float/math48/c_standard/lm48_fma
math/float/math48/c_standard/lm48_fmax
math/float/math48/c_standard/lm48_fmin
math/float/math48/c_standard/lm48_fmod
math/float/math48/c_standard/lm48_fpclassify
math/float/math48/c_standard/lm48_frexp
math/float/math48/c_standard/lm48_hypot
math/float/math48/c_standard/lm48_ilogb
math/float/math48/c_standard/lm48_isgreater
math/float/math48/c_standard/lm48_isgreaterequal
math/float/math48/c_standard/lm48_isless
math/float/math48/c_standard/lm48_islessequal
math/float/math48/c_standard/lm48_islessgreater
math/float/math48/c_standard/lm48_isunordered
math/float/math48/c_standard/lm48_ldexp
math/float/math48/c_standard/lm48_log
math/float/math48/c_standard/lm48_log10
math/float/math48/c_standard/lm48_log1p
math/float/math48/c_standard/lm48_log2
math/float/math48/c_standard/lm48_logb
math/float/math48/c_standard/lm48_modf
math/float/math48/c_standard/lm48_mul
math/float/math48/c_standard/lm48_pow
math/float/math48/c_standard/lm48_scalbn
math/float/math48/c_standard/lm48_sin
math/float/math48/c_standard/lm48_sqrt
math/float/math48/c_standard/lm48_sub
math/float/math48/c_standard/lm48_tan
math/float/math48/c_standard/lm48_trunc
math/float/math48/primitives/mm48_atn
math/float/math48/primitives/mm48_cmp
math/float/math48/primitives/mm48_cos
math/float/math48/primitives/mm48_equal
math/float/math48/primitives/mm48_error_edom_infc
math/float/math48/primitives/mm48_error_edom_zc
math/float/math48/primitives/mm48_error_erange_infc
math/float/math48/primitives/mm48_error_erange_infxc
math/float/math48/primitives/mm48_error_erange_intc
math/float/math48/primitives/mm48_error_erange_longc
math/float/math48/primitives/mm48_exp
math/float/math48/primitives/mm48_fix
math/float/math48/primitives/mm48_fix_long
math/float/math48/primitives/mm48_float
math/float/math48/primitives/mm48_float_long
math/float/math48/primitives/mm48_fpadd
math/float/math48/primitives/mm48_fpdiv
math/float/math48/primitives/mm48_fpmul
math/float/math48/primitives/mm48_fpsub
math/float/math48/primitives/mm48_frac
math/float/math48/primitives/mm48_int
math/float/math48/primitives/mm48_ln
math/float/math48/primitives/mm48_log
math/float/math48/primitives/mm48_mod
math/float/math48/primitives/mm48_mul10
math/float/math48/primitives/mm48_negate
math/float/math48/primitives/mm48_pwr
math/float/math48/primitives/mm48_sin
math/float/math48/primitives/mm48_sqr
math/float/math48/primitives/mm48_tan
math/float/math48/primitives/mm48_tenf
math/float/math48/primitives/mm48_ufloat
math/float/math48/primitives/mm48_ufloat_long
math/float/math48/primitives/mm48__ac1
math/float/math48/primitives/mm48__ac1_3
math/float/math48/primitives/mm48__acinfc
math/float/math48/primitives/mm48__acln2
math/float/math48/primitives/mm48__acpi
math/float/math48/primitives/mm48__addac
math/float/math48/primitives/mm48__calcs
math/float/math48/primitives/mm48__cmpac
math/float/math48/primitives/mm48__comser
math/float/math48/primitives/mm48__expsgn
math/float/math48/primitives/mm48__getncix
math/float/math48/primitives/mm48__sleft
math/float/math48/primitives/mm48__sright
math/float/math48/primitives/mm48__subac
math/float/math48/primitives/mm48__zero
