math/float/math48/c/sdcc_iy/cm48_sdcciyp_d2m48
math/float/math48/c/sdcc_iy/cm48_sdcciyp_dcallee2
math/float/math48/c/sdcc_iy/cm48_sdcciyp_dload
math/float/math48/c/sdcc_iy/cm48_sdcciyp_dread
math/float/math48/c/sdcc_iy/cm48_sdcciyp_ds2schar
math/float/math48/c/sdcc_iy/cm48_sdcciyp_ds2sint
math/float/math48/c/sdcc_iy/cm48_sdcciyp_ds2slong
math/float/math48/c/sdcc_iy/cm48_sdcciyp_ds2uchar
math/float/math48/c/sdcc_iy/cm48_sdcciyp_ds2uint
math/float/math48/c/sdcc_iy/cm48_sdcciyp_ds2ulong
math/float/math48/c/sdcc_iy/cm48_sdcciyp_dsadd
math/float/math48/c/sdcc_iy/cm48_sdcciyp_dsdiv
math/float/math48/c/sdcc_iy/cm48_sdcciyp_dseq
math/float/math48/c/sdcc_iy/cm48_sdcciyp_dsgt
math/float/math48/c/sdcc_iy/cm48_sdcciyp_dslt
math/float/math48/c/sdcc_iy/cm48_sdcciyp_dsmul
math/float/math48/c/sdcc_iy/cm48_sdcciyp_dsneq
math/float/math48/c/sdcc_iy/cm48_sdcciyp_dssub
math/float/math48/c/sdcc_iy/cm48_sdcciyp_dstore
math/float/math48/c/sdcc_iy/cm48_sdcciyp_m482d
math/float/math48/c/sdcc_iy/cm48_sdcciyp_schar2ds
math/float/math48/c/sdcc_iy/cm48_sdcciyp_sint2ds
math/float/math48/c/sdcc_iy/cm48_sdcciyp_slong2ds
math/float/math48/c/sdcc_iy/cm48_sdcciyp_uchar2ds
math/float/math48/c/sdcc_iy/cm48_sdcciyp_uint2ds
math/float/math48/c/sdcc_iy/cm48_sdcciyp_ulong2ds
math/float/math48/c/sdcc_iy/cm48_sdcciy_acos
math/float/math48/c/sdcc_iy/cm48_sdcciy_acosh
math/float/math48/c/sdcc_iy/cm48_sdcciy_asin
math/float/math48/c/sdcc_iy/cm48_sdcciy_asinh
math/float/math48/c/sdcc_iy/cm48_sdcciy_atan
math/float/math48/c/sdcc_iy/cm48_sdcciy_atan2
math/float/math48/c/sdcc_iy/cm48_sdcciy_atanh
math/float/math48/c/sdcc_iy/cm48_sdcciy_cbrt
math/float/math48/c/sdcc_iy/cm48_sdcciy_ceil
math/float/math48/c/sdcc_iy/cm48_sdcciy_copysign
math/float/math48/c/sdcc_iy/cm48_sdcciy_cos
math/float/math48/c/sdcc_iy/cm48_sdcciy_cosh
math/float/math48/c/sdcc_iy/cm48_sdcciy_erf
math/float/math48/c/sdcc_iy/cm48_sdcciy_erfc
math/float/math48/c/sdcc_iy/cm48_sdcciy_exp
math/float/math48/c/sdcc_iy/cm48_sdcciy_exp2
math/float/math48/c/sdcc_iy/cm48_sdcciy_expm1
math/float/math48/c/sdcc_iy/cm48_sdcciy_fabs
math/float/math48/c/sdcc_iy/cm48_sdcciy_fdim
math/float/math48/c/sdcc_iy/cm48_sdcciy_floor
math/float/math48/c/sdcc_iy/cm48_sdcciy_fma
math/float/math48/c/sdcc_iy/cm48_sdcciy_fmax
math/float/math48/c/sdcc_iy/cm48_sdcciy_fmin
math/float/math48/c/sdcc_iy/cm48_sdcciy_fmod
math/float/math48/c/sdcc_iy/cm48_sdcciy_frexp
math/float/math48/c/sdcc_iy/cm48_sdcciy_hypot
math/float/math48/c/sdcc_iy/cm48_sdcciy_ilogb
math/float/math48/c/sdcc_iy/cm48_sdcciy_isgreater
math/float/math48/c/sdcc_iy/cm48_sdcciy_isgreaterequal
math/float/math48/c/sdcc_iy/cm48_sdcciy_isless
math/float/math48/c/sdcc_iy/cm48_sdcciy_islessequal
math/float/math48/c/sdcc_iy/cm48_sdcciy_islessgreater
math/float/math48/c/sdcc_iy/cm48_sdcciy_isunordered
math/float/math48/c/sdcc_iy/cm48_sdcciy_ldexp
math/float/math48/c/sdcc_iy/cm48_sdcciy_lgamma
math/float/math48/c/sdcc_iy/cm48_sdcciy_llrint
math/float/math48/c/sdcc_iy/cm48_sdcciy_llround
math/float/math48/c/sdcc_iy/cm48_sdcciy_log
math/float/math48/c/sdcc_iy/cm48_sdcciy_log10
math/float/math48/c/sdcc_iy/cm48_sdcciy_log1p
math/float/math48/c/sdcc_iy/cm48_sdcciy_log2
math/float/math48/c/sdcc_iy/cm48_sdcciy_logb
math/float/math48/c/sdcc_iy/cm48_sdcciy_lrint
math/float/math48/c/sdcc_iy/cm48_sdcciy_lround
math/float/math48/c/sdcc_iy/cm48_sdcciy_modf
math/float/math48/c/sdcc_iy/cm48_sdcciy_nan
math/float/math48/c/sdcc_iy/cm48_sdcciy_nearbyint
math/float/math48/c/sdcc_iy/cm48_sdcciy_nextafter
math/float/math48/c/sdcc_iy/cm48_sdcciy_nexttoward
math/float/math48/c/sdcc_iy/cm48_sdcciy_pow
math/float/math48/c/sdcc_iy/cm48_sdcciy_remainder
math/float/math48/c/sdcc_iy/cm48_sdcciy_remquo
math/float/math48/c/sdcc_iy/cm48_sdcciy_rint
math/float/math48/c/sdcc_iy/cm48_sdcciy_round
math/float/math48/c/sdcc_iy/cm48_sdcciy_scalbln
math/float/math48/c/sdcc_iy/cm48_sdcciy_scalbn
math/float/math48/c/sdcc_iy/cm48_sdcciy_sin
math/float/math48/c/sdcc_iy/cm48_sdcciy_sinh
math/float/math48/c/sdcc_iy/cm48_sdcciy_sqrt
math/float/math48/c/sdcc_iy/cm48_sdcciy_tan
math/float/math48/c/sdcc_iy/cm48_sdcciy_tanh
math/float/math48/c/sdcc_iy/cm48_sdcciy_tgamma
math/float/math48/c/sdcc_iy/cm48_sdcciy_trunc
@math/float/math48/math48_asm.lst
