math/float/math48/c/sdcc_ix/cm48_sdccixp_d2m48
math/float/math48/c/sdcc_ix/cm48_sdccixp_dcallee2
math/float/math48/c/sdcc_ix/cm48_sdccixp_dload
math/float/math48/c/sdcc_ix/cm48_sdccixp_dread
math/float/math48/c/sdcc_ix/cm48_sdccixp_ds2schar
math/float/math48/c/sdcc_ix/cm48_sdccixp_ds2sint
math/float/math48/c/sdcc_ix/cm48_sdccixp_ds2slong
math/float/math48/c/sdcc_ix/cm48_sdccixp_ds2uchar
math/float/math48/c/sdcc_ix/cm48_sdccixp_ds2uint
math/float/math48/c/sdcc_ix/cm48_sdccixp_ds2ulong
math/float/math48/c/sdcc_ix/cm48_sdccixp_dsadd
math/float/math48/c/sdcc_ix/cm48_sdccixp_dsdiv
math/float/math48/c/sdcc_ix/cm48_sdccixp_dseq
math/float/math48/c/sdcc_ix/cm48_sdccixp_dsgt
math/float/math48/c/sdcc_ix/cm48_sdccixp_dslt
math/float/math48/c/sdcc_ix/cm48_sdccixp_dsmul
math/float/math48/c/sdcc_ix/cm48_sdccixp_dsneq
math/float/math48/c/sdcc_ix/cm48_sdccixp_dssub
math/float/math48/c/sdcc_ix/cm48_sdccixp_dstore
math/float/math48/c/sdcc_ix/cm48_sdccixp_m482d
math/float/math48/c/sdcc_ix/cm48_sdccixp_schar2ds
math/float/math48/c/sdcc_ix/cm48_sdccixp_sint2ds
math/float/math48/c/sdcc_ix/cm48_sdccixp_slong2ds
math/float/math48/c/sdcc_ix/cm48_sdccixp_uchar2ds
math/float/math48/c/sdcc_ix/cm48_sdccixp_uint2ds
math/float/math48/c/sdcc_ix/cm48_sdccixp_ulong2ds
math/float/math48/c/sdcc_ix/cm48_sdccix_acos
math/float/math48/c/sdcc_ix/cm48_sdccix_acosh
math/float/math48/c/sdcc_ix/cm48_sdccix_asin
math/float/math48/c/sdcc_ix/cm48_sdccix_asinh
math/float/math48/c/sdcc_ix/cm48_sdccix_atan
math/float/math48/c/sdcc_ix/cm48_sdccix_atan2
math/float/math48/c/sdcc_ix/cm48_sdccix_atanh
math/float/math48/c/sdcc_ix/cm48_sdccix_cbrt
math/float/math48/c/sdcc_ix/cm48_sdccix_ceil
math/float/math48/c/sdcc_ix/cm48_sdccix_copysign
math/float/math48/c/sdcc_ix/cm48_sdccix_cos
math/float/math48/c/sdcc_ix/cm48_sdccix_cosh
math/float/math48/c/sdcc_ix/cm48_sdccix_erf
math/float/math48/c/sdcc_ix/cm48_sdccix_erfc
math/float/math48/c/sdcc_ix/cm48_sdccix_exp
math/float/math48/c/sdcc_ix/cm48_sdccix_exp2
math/float/math48/c/sdcc_ix/cm48_sdccix_expm1
math/float/math48/c/sdcc_ix/cm48_sdccix_fabs
math/float/math48/c/sdcc_ix/cm48_sdccix_fdim
math/float/math48/c/sdcc_ix/cm48_sdccix_floor
math/float/math48/c/sdcc_ix/cm48_sdccix_fma
math/float/math48/c/sdcc_ix/cm48_sdccix_fmax
math/float/math48/c/sdcc_ix/cm48_sdccix_fmin
math/float/math48/c/sdcc_ix/cm48_sdccix_fmod
math/float/math48/c/sdcc_ix/cm48_sdccix_frexp
math/float/math48/c/sdcc_ix/cm48_sdccix_hypot
math/float/math48/c/sdcc_ix/cm48_sdccix_ilogb
math/float/math48/c/sdcc_ix/cm48_sdccix_isgreater
math/float/math48/c/sdcc_ix/cm48_sdccix_isgreaterequal
math/float/math48/c/sdcc_ix/cm48_sdccix_isless
math/float/math48/c/sdcc_ix/cm48_sdccix_islessequal
math/float/math48/c/sdcc_ix/cm48_sdccix_islessgreater
math/float/math48/c/sdcc_ix/cm48_sdccix_isunordered
math/float/math48/c/sdcc_ix/cm48_sdccix_ldexp
math/float/math48/c/sdcc_ix/cm48_sdccix_lgamma
math/float/math48/c/sdcc_ix/cm48_sdccix_log
math/float/math48/c/sdcc_ix/cm48_sdccix_log10
math/float/math48/c/sdcc_ix/cm48_sdccix_log1p
math/float/math48/c/sdcc_ix/cm48_sdccix_log2
math/float/math48/c/sdcc_ix/cm48_sdccix_logb
math/float/math48/c/sdcc_ix/cm48_sdccix_lrint
math/float/math48/c/sdcc_ix/cm48_sdccix_lround
math/float/math48/c/sdcc_ix/cm48_sdccix_modf
math/float/math48/c/sdcc_ix/cm48_sdccix_nan
math/float/math48/c/sdcc_ix/cm48_sdccix_nearbyint
math/float/math48/c/sdcc_ix/cm48_sdccix_pow
math/float/math48/c/sdcc_ix/cm48_sdccix_rint
math/float/math48/c/sdcc_ix/cm48_sdccix_round
math/float/math48/c/sdcc_ix/cm48_sdccix_scalbn
math/float/math48/c/sdcc_ix/cm48_sdccix_sin
math/float/math48/c/sdcc_ix/cm48_sdccix_sinh
math/float/math48/c/sdcc_ix/cm48_sdccix_sqrt
math/float/math48/c/sdcc_ix/cm48_sdccix_tan
math/float/math48/c/sdcc_ix/cm48_sdccix_tanh
math/float/math48/c/sdcc_ix/cm48_sdccix_tgamma
math/float/math48/c/sdcc_ix/cm48_sdccix_trunc
@math/float/math48/math48_asm.lst
