@target/zx/nirvanap/nirvanap_asm.lst
target/zx/nirvanap/c/sccz80/NIRVANAP_drawT
target/zx/nirvanap/c/sccz80/NIRVANAP_drawT_callee
target/zx/nirvanap/c/sccz80/NIRVANAP_drawT_raw
target/zx/nirvanap/c/sccz80/NIRVANAP_drawT_raw_callee
target/zx/nirvanap/c/sccz80/NIRVANAP_drawTW
target/zx/nirvanap/c/sccz80/NIRVANAP_drawTW_callee
target/zx/nirvanap/c/sccz80/NIRVANAP_drawTW_raw
target/zx/nirvanap/c/sccz80/NIRVANAP_drawTW_raw_callee
target/zx/nirvanap/c/sccz80/NIRVANAP_drawW
target/zx/nirvanap/c/sccz80/NIRVANAP_drawW_callee
target/zx/nirvanap/c/sccz80/NIRVANAP_drawW_raw
target/zx/nirvanap/c/sccz80/NIRVANAP_drawW_raw_callee
target/zx/nirvanap/c/sccz80/NIRVANAP_fillC
target/zx/nirvanap/c/sccz80/NIRVANAP_fillC_callee
target/zx/nirvanap/c/sccz80/NIRVANAP_fillT
target/zx/nirvanap/c/sccz80/NIRVANAP_fillT_callee
target/zx/nirvanap/c/sccz80/NIRVANAP_fillT_raw
target/zx/nirvanap/c/sccz80/NIRVANAP_fillT_raw_callee
target/zx/nirvanap/c/sccz80/NIRVANAP_paintC
target/zx/nirvanap/c/sccz80/NIRVANAP_paintC_callee
target/zx/nirvanap/c/sccz80/NIRVANAP_printC
target/zx/nirvanap/c/sccz80/NIRVANAP_printC_callee
target/zx/nirvanap/c/sccz80/NIRVANAP_readC
target/zx/nirvanap/c/sccz80/NIRVANAP_readC_callee
target/zx/nirvanap/c/sccz80/NIRVANAP_spriteT
target/zx/nirvanap/c/sccz80/NIRVANAP_spriteT_callee
target/zx/nirvanap/c/sccz80/NIRVANAP_start
target/zx/nirvanap/c/sccz80/NIRVANAP_stop
