@target/sms/vram/vram_asm.lst
target/sms/vram/c/sdcc/sms_copy_mem_to_vram
target/sms/vram/c/sdcc/sms_copy_mem_to_vram_callee
target/sms/vram/c/sdcc/sms_copy_mem_to_vram_unsafe
target/sms/vram/c/sdcc/sms_copy_mem_to_vram_unsafe_callee
target/sms/vram/c/sdcc/sms_copy_vram_to_mem
target/sms/vram/c/sdcc/sms_copy_vram_to_mem_callee
target/sms/vram/c/sdcc/sms_copy_vram_to_mem_unsafe
target/sms/vram/c/sdcc/sms_copy_vram_to_mem_unsafe_callee
target/sms/vram/c/sdcc/sms_memcpy_mem_to_cram
target/sms/vram/c/sdcc/sms_memcpy_mem_to_cram_callee
target/sms/vram/c/sdcc/sms_memcpy_mem_to_cram_unsafe
target/sms/vram/c/sdcc/sms_memcpy_mem_to_cram_unsafe_callee
target/sms/vram/c/sdcc/sms_memcpy_mem_to_vram
target/sms/vram/c/sdcc/sms_memcpy_mem_to_vram_callee
target/sms/vram/c/sdcc/sms_memcpy_mem_to_vram_unsafe
target/sms/vram/c/sdcc/sms_memcpy_mem_to_vram_unsafe_callee
target/sms/vram/c/sdcc/sms_memcpy_vram_to_mem
target/sms/vram/c/sdcc/sms_memcpy_vram_to_mem_callee
target/sms/vram/c/sdcc/sms_memcpy_vram_to_mem_unsafe
target/sms/vram/c/sdcc/sms_memcpy_vram_to_mem_unsafe_callee
target/sms/vram/c/sdcc/sms_memcpy_vram_to_vram
target/sms/vram/c/sdcc/sms_memcpy_vram_to_vram_callee
target/sms/vram/c/sdcc/sms_memcpy_vram_to_vram_unsafe
target/sms/vram/c/sdcc/sms_memcpy_vram_to_vram_unsafe_callee
target/sms/vram/c/sdcc/sms_memset_vram
target/sms/vram/c/sdcc/sms_memset_vram_callee
target/sms/vram/c/sdcc/sms_memset_vram_unsafe
target/sms/vram/c/sdcc/sms_memset_vram_unsafe_callee
target/sms/vram/c/sdcc/sms_memsetw_vram
target/sms/vram/c/sdcc/sms_memsetw_vram_callee
target/sms/vram/c/sdcc/sms_memsetw_vram_unsafe
target/sms/vram/c/sdcc/sms_memsetw_vram_unsafe_callee
target/sms/vram/c/sdcc/sms_set_vram
target/sms/vram/c/sdcc/sms_set_vram_callee
target/sms/vram/c/sdcc/sms_set_vram_unsafe
target/sms/vram/c/sdcc/sms_set_vram_unsafe_callee
target/sms/vram/c/sdcc/sms_setw_vram
target/sms/vram/c/sdcc/sms_setw_vram_callee
target/sms/vram/c/sdcc/sms_setw_vram_unsafe
target/sms/vram/c/sdcc/sms_setw_vram_unsafe_callee
