arch/z180/c/sdcc/z180_delay_ms
arch/z180/c/sdcc/z180_delay_ms_fastcall
arch/z180/c/sdcc/z180_delay_tstate
arch/z180/c/sdcc/z180_delay_tstate_fastcall
arch/z180/c/sdcc/z180_get_int_state
arch/z180/c/sdcc/z180_indr
arch/z180/c/sdcc/z180_indr_callee
arch/z180/c/sdcc/z180_inir
arch/z180/c/sdcc/z180_inir_callee
arch/z180/c/sdcc/z180_inp
arch/z180/c/sdcc/z180_inp_fastcall
arch/z180/c/sdcc/z180_otdmr
arch/z180/c/sdcc/z180_otdmr_callee
arch/z180/c/sdcc/z180_otdr
arch/z180/c/sdcc/z180_otdr_callee
arch/z180/c/sdcc/z180_otimr
arch/z180/c/sdcc/z180_otimr_callee
arch/z180/c/sdcc/z180_otir
arch/z180/c/sdcc/z180_otir_callee
arch/z180/c/sdcc/z180_outp
arch/z180/c/sdcc/z180_outp_callee
arch/z180/c/sdcc/z180_set_int_state
arch/z180/c/sdcc/z180_set_int_state_fastcall
@arch/z180/z180_asm.lst
