stdio/obj/${TYPE}/inkey/fgetc_cons
stdio/obj/${TYPE}/inkey/getk
@stdio/ansicore.lst
target/alphatro/stdio/ansi/f_ansi_attr
target/alphatro/stdio/ansi/f_ansi_bel
target/alphatro/stdio/ansi/f_ansi_char
target/alphatro/stdio/ansi/f_ansi_cls
target/alphatro/stdio/ansi/f_ansi_dline
target/alphatro/stdio/ansi/f_ansi_scrollup
target/alphatro/stdio/fputc_cons_native
target/alphatro/stdio/generic_console
target/alphatro/stdio/generic_console_ioctl
target/alphatro/stdio/conio_vars
target/alphatro/stdio/conio_map_colour
@stdio/stdio.lst
@input/input_keyboard.lst
target/alphatro/graphics/textpixl6
target/alphatro/graphics/cleargraphics
@gfx/gencon/gfx_gencon6.lst
@video/mc6845/mc6845.lst
target/alphatro/games/keys_joystick
@games/games.lst

