@arch/zx/nirvanam/nirvanam_asm.lst
arch/zx/nirvanam/c/sccz80/NIRVANAM_chars
arch/zx/nirvanam/c/sccz80/NIRVANAM_drawT
arch/zx/nirvanam/c/sccz80/NIRVANAM_drawT_callee
arch/zx/nirvanam/c/sccz80/NIRVANAM_drawW
arch/zx/nirvanam/c/sccz80/NIRVANAM_drawW_callee
arch/zx/nirvanam/c/sccz80/NIRVANAM_fillC
arch/zx/nirvanam/c/sccz80/NIRVANAM_fillC_callee
arch/zx/nirvanam/c/sccz80/NIRVANAM_fillT
arch/zx/nirvanam/c/sccz80/NIRVANAM_fillT_callee
arch/zx/nirvanam/c/sccz80/NIRVANAM_paintC
arch/zx/nirvanam/c/sccz80/NIRVANAM_paintC_callee
arch/zx/nirvanam/c/sccz80/NIRVANAM_printC
arch/zx/nirvanam/c/sccz80/NIRVANAM_printC_callee
arch/zx/nirvanam/c/sccz80/NIRVANAM_spriteT
arch/zx/nirvanam/c/sccz80/NIRVANAM_spriteT_callee
arch/zx/nirvanam/c/sccz80/NIRVANAM_start
arch/zx/nirvanam/c/sccz80/NIRVANAM_stop
arch/zx/nirvanam/c/sccz80/NIRVANAM_tiles
arch/zx/nirvanam/c/sccz80/NIRVANAM_wides
