@arch/zx/nirvanam/NIRVANAM_asm.lst
arch/zx/nirvanam/c/sdcc/NIRVANAM_chars
arch/zx/nirvanam/c/sdcc/NIRVANAM_chars_fastcall
arch/zx/nirvanam/c/sdcc/NIRVANAM_drawT
arch/zx/nirvanam/c/sdcc/NIRVANAM_drawT_callee
arch/zx/nirvanam/c/sdcc/NIRVANAM_drawW
arch/zx/nirvanam/c/sdcc/NIRVANAM_drawW_callee
arch/zx/nirvanam/c/sdcc/NIRVANAM_fillC
arch/zx/nirvanam/c/sdcc/NIRVANAM_fillC_callee
arch/zx/nirvanam/c/sdcc/NIRVANAM_fillT
arch/zx/nirvanam/c/sdcc/NIRVANAM_fillT_callee
arch/zx/nirvanam/c/sdcc/NIRVANAM_paintC
arch/zx/nirvanam/c/sdcc/NIRVANAM_paintC_callee
arch/zx/nirvanam/c/sdcc/NIRVANAM_printC
arch/zx/nirvanam/c/sdcc/NIRVANAM_printC_callee
arch/zx/nirvanam/c/sdcc/NIRVANAM_spriteT
arch/zx/nirvanam/c/sdcc/NIRVANAM_spriteT_callee
arch/zx/nirvanam/c/sdcc/NIRVANAM_start
arch/zx/nirvanam/c/sdcc/NIRVANAM_stop
arch/zx/nirvanam/c/sdcc/NIRVANAM_tiles
arch/zx/nirvanam/c/sdcc/NIRVANAM_tiles_fastcall
arch/zx/nirvanam/c/sdcc/NIRVANAM_wides
arch/zx/nirvanam/c/sdcc/NIRVANAM_wides_fastcall
