@games/zx/nirvanap/nirvanap_asm.lst
games/zx/nirvanap/c/sdcc/NIRVANA_chars
games/zx/nirvanap/c/sdcc/NIRVANA_chars_fastcall
games/zx/nirvanap/c/sdcc/NIRVANA_drawT
games/zx/nirvanap/c/sdcc/NIRVANA_drawT_callee
games/zx/nirvanap/c/sdcc/NIRVANA_drawW
games/zx/nirvanap/c/sdcc/NIRVANA_drawW_callee
games/zx/nirvanap/c/sdcc/NIRVANA_fillC
games/zx/nirvanap/c/sdcc/NIRVANA_fillC_callee
games/zx/nirvanap/c/sdcc/NIRVANA_fillT
games/zx/nirvanap/c/sdcc/NIRVANA_fillT_callee
games/zx/nirvanap/c/sdcc/NIRVANA_paintC
games/zx/nirvanap/c/sdcc/NIRVANA_paintC_callee
games/zx/nirvanap/c/sdcc/NIRVANA_printC
games/zx/nirvanap/c/sdcc/NIRVANA_printC_callee
games/zx/nirvanap/c/sdcc/NIRVANA_spriteT
games/zx/nirvanap/c/sdcc/NIRVANA_spriteT_callee
games/zx/nirvanap/c/sdcc/NIRVANA_tiles
games/zx/nirvanap/c/sdcc/NIRVANA_tiles_fastcall
games/zx/nirvanap/c/sdcc/NIRVANA_wides
games/zx/nirvanap/c/sdcc/NIRVANA_wides_fastcall
