newlib/fcntl/z80/__fcntl_fd_from_fdstruct
newlib/fcntl/z80/__fcntl_fdchain_descend
newlib/fcntl/z80/__fcntl_fdstruct_from_fd_1
newlib/fcntl/z80/__fcntl_fdstruct_from_fd_2
newlib/fcntl/z80/__fcntl_fdtbl_lock
newlib/fcntl/z80/__fcntl_first_available_fd
newlib/fcntl/z80/__fcntl_inc_refcount
newlib/fcntl/z80/__fcntl_lock_fdtbl
newlib/fcntl/z80/__fcntl_unlock_fdtbl
newlib/fcntl/z80/asm__exit
newlib/fcntl/z80/asm_close
newlib/fcntl/z80/asm_creat
newlib/fcntl/z80/asm_dup
newlib/fcntl/z80/asm_dup2
newlib/fcntl/z80/asm_ioctl
newlib/fcntl/z80/asm_lseek
newlib/fcntl/z80/asm_open
newlib/fcntl/z80/asm_read
newlib/fcntl/z80/asm_vioctl
newlib/fcntl/z80/asm_vopen
newlib/fcntl/z80/asm_write
