@target/zx/esxdos/esxdos_asm.lst
target/zx/esxdos/c/sdcc_ix/errno_from_esxdos
target/zx/esxdos/c/sdcc_ix/errno_from_esxdos_fastcall
target/zx/esxdos/c/sdcc_ix/esxdos_disk_info
target/zx/esxdos/c/sdcc_ix/esxdos_disk_info_callee
target/zx/esxdos/c/sdcc_ix/esxdos_disk_read
target/zx/esxdos/c/sdcc_ix/esxdos_disk_read_callee
target/zx/esxdos/c/sdcc_ix/esxdos_disk_write
target/zx/esxdos/c/sdcc_ix/esxdos_disk_write_callee
target/zx/esxdos/c/sdcc_ix/esxdos_f_chdir
target/zx/esxdos/c/sdcc_ix/esxdos_f_chdir_fastcall
target/zx/esxdos/c/sdcc_ix/esxdos_f_close
target/zx/esxdos/c/sdcc_ix/esxdos_f_close_fastcall
target/zx/esxdos/c/sdcc_ix/esxdos_f_fgetpos
target/zx/esxdos/c/sdcc_ix/esxdos_f_fgetpos_fastcall
target/zx/esxdos/c/sdcc_ix/esxdos_f_fstat
target/zx/esxdos/c/sdcc_ix/esxdos_f_fstat_callee
target/zx/esxdos/c/sdcc_ix/esxdos_f_getcwd
target/zx/esxdos/c/sdcc_ix/esxdos_f_getcwd_fastcall
target/zx/esxdos/c/sdcc_ix/esxdos_f_open
target/zx/esxdos/c/sdcc_ix/esxdos_f_open_callee
target/zx/esxdos/c/sdcc_ix/esxdos_f_open_p3
target/zx/esxdos/c/sdcc_ix/esxdos_f_open_p3_callee
target/zx/esxdos/c/sdcc_ix/esxdos_f_opendir
target/zx/esxdos/c/sdcc_ix/esxdos_f_opendir_fastcall
target/zx/esxdos/c/sdcc_ix/esxdos_f_opendir_p3
target/zx/esxdos/c/sdcc_ix/esxdos_f_opendir_p3_fastcall
target/zx/esxdos/c/sdcc_ix/esxdos_f_read
target/zx/esxdos/c/sdcc_ix/esxdos_f_read_callee
target/zx/esxdos/c/sdcc_ix/esxdos_f_readdir
target/zx/esxdos/c/sdcc_ix/esxdos_f_readdir_callee
target/zx/esxdos/c/sdcc_ix/esxdos_f_seek
target/zx/esxdos/c/sdcc_ix/esxdos_f_seek_callee
target/zx/esxdos/c/sdcc_ix/esxdos_f_sync
target/zx/esxdos/c/sdcc_ix/esxdos_f_sync_fastcall
target/zx/esxdos/c/sdcc_ix/esxdos_f_unlink
target/zx/esxdos/c/sdcc_ix/esxdos_f_unlink_fastcall
target/zx/esxdos/c/sdcc_ix/esxdos_f_write
target/zx/esxdos/c/sdcc_ix/esxdos_f_write_callee
target/zx/esxdos/c/sdcc_ix/esxdos_m_getdate
target/zx/esxdos/c/sdcc_ix/esxdos_m_getdrv
target/zx/esxdos/c/sdcc_ix/esxdos_m_gethandle
target/zx/esxdos/c/sdcc_ix/esxdos_m_setdrv
target/zx/esxdos/c/sdcc_ix/esxdos_m_setdrv_fastcall
