target/zx/esxdos/z80/__esxdos_error_mc
target/zx/esxdos/z80/__esxdos_error_zc
target/zx/esxdos/z80/asm_errno_from_esxdos
target/zx/esxdos/z80/asm_esxdos_disk_info
target/zx/esxdos/z80/asm_esxdos_disk_read
target/zx/esxdos/z80/asm_esxdos_disk_write
target/zx/esxdos/z80/asm_esxdos_f_chdir
target/zx/esxdos/z80/asm_esxdos_f_close
target/zx/esxdos/z80/asm_esxdos_f_fgetpos
target/zx/esxdos/z80/asm_esxdos_f_fstat
target/zx/esxdos/z80/asm_esxdos_f_getcwd
target/zx/esxdos/z80/asm_esxdos_f_open
target/zx/esxdos/z80/asm_esxdos_f_opendir
target/zx/esxdos/z80/asm_esxdos_f_read
target/zx/esxdos/z80/asm_esxdos_f_readdir
target/zx/esxdos/z80/asm_esxdos_f_seek
target/zx/esxdos/z80/asm_esxdos_f_sync
target/zx/esxdos/z80/asm_esxdos_f_unlink
target/zx/esxdos/z80/asm_esxdos_f_write
target/zx/esxdos/z80/asm_esxdos_m_getdate
target/zx/esxdos/z80/asm_esxdos_m_gethandle
target/zx/esxdos/z80/asm_esxdos_m_getsetdrv
