target/hdos/stdio/obj/${TYPE}/fgetc_cons
target/hdos/stdio/obj/${TYPE}/getk
target/hdos/stdio/obj/${TYPE}/fputc_cons
target/hdos/hdos/obj/${TYPE}/hdos_ver
target/hdos/hdos/obj/${TYPE}/hdos_decode
target/hdos/hdos/obj/${TYPE}/hdos_decode_callee
target/hdos/hdos/obj/${TYPE}/hdos_default
target/hdos/hdos/obj/${TYPE}/hdos_delete
target/hdos/hdos/obj/${TYPE}/hdos_close
target/hdos/hdos/obj/${TYPE}/hdos_open_rd
target/hdos/hdos/obj/${TYPE}/hdos_open_rd_callee
target/hdos/hdos/obj/${TYPE}/hdos_open_wr
target/hdos/hdos/obj/${TYPE}/hdos_open_wr_callee
target/hdos/hdos/obj/${TYPE}/hdos_open_upd
target/hdos/hdos/obj/${TYPE}/hdos_open_upd_callee
target/hdos/hdos/obj/${TYPE}/hdos_posit
target/hdos/hdos/obj/${TYPE}/hdos_posit_callee
target/hdos/hdos/obj/${TYPE}/hdos_overlay
target/hdos/hdos/obj/${TYPE}/hdos_read
target/hdos/hdos/obj/${TYPE}/hdos_read_callee
target/hdos/hdos/obj/${TYPE}/hdos_write
target/hdos/hdos/obj/${TYPE}/hdos_write_callee
target/hdos/hdos/obj/${TYPE}/hdos_rename
target/hdos/hdos/obj/${TYPE}/hdos_rename_callee
target/hdos/hdos/obj/${TYPE}/hdos_chflg
target/hdos/hdos/obj/${TYPE}/hdos_chflg_callee
target/hdos/fcntl/obj/${TYPE}/creat
target/hdos/fcntl/obj/${TYPE}/cache
target/hdos/fcntl/obj/${TYPE}/open
target/hdos/fcntl/obj/${TYPE}/close
target/hdos/fcntl/obj/${TYPE}/read
target/hdos/fcntl/obj/${TYPE}/readbyte
target/hdos/fcntl/obj/${TYPE}/write
target/hdos/fcntl/obj/${TYPE}/writebyte
target/hdos/fcntl/obj/${TYPE}/remove
target/hdos/fcntl/obj/${TYPE}/rename
target/hdos/fcntl/obj/${TYPE}/getfcb
target/hdos/fcntl/obj/${TYPE}/setfcb
target/hdos/fcntl/obj/${TYPE}/parsefcb
@classic/stdio/stdio_binary.lst
