@target/zx-libs/bifrost2/bifrost2_asm.lst
target/zx-libs/bifrost2/c/sdcc/BIFROST2_drawTileH
target/zx-libs/bifrost2/c/sdcc/BIFROST2_drawTileH_callee
target/zx-libs/bifrost2/c/sdcc/BIFROST2_fillTileAttrH
target/zx-libs/bifrost2/c/sdcc/BIFROST2_fillTileAttrH_callee
target/zx-libs/bifrost2/c/sdcc/BIFROST2_findAttrH
target/zx-libs/bifrost2/c/sdcc/BIFROST2_findAttrH_callee
target/zx-libs/bifrost2/c/sdcc/BIFROST2_getAnimGroup
target/zx-libs/bifrost2/c/sdcc/BIFROST2_getAnimGroup_fastcall
target/zx-libs/bifrost2/c/sdcc/BIFROST2_getTile
target/zx-libs/bifrost2/c/sdcc/BIFROST2_getTile_callee
target/zx-libs/bifrost2/c/sdcc/BIFROST2_install
target/zx-libs/bifrost2/c/sdcc/BIFROST2_resetAnim2Frames
target/zx-libs/bifrost2/c/sdcc/BIFROST2_resetAnim4Frames
target/zx-libs/bifrost2/c/sdcc/BIFROST2_setTile
target/zx-libs/bifrost2/c/sdcc/BIFROST2_setTile_callee
target/zx-libs/bifrost2/c/sdcc/BIFROST2_showNext2Tiles
target/zx-libs/bifrost2/c/sdcc/BIFROST2_showNextTile
target/zx-libs/bifrost2/c/sdcc/BIFROST2_showTilePosH
target/zx-libs/bifrost2/c/sdcc/BIFROST2_showTilePosH_callee
target/zx-libs/bifrost2/c/sdcc/BIFROST2_start
target/zx-libs/bifrost2/c/sdcc/BIFROST2_stop
