l/sccz80/8080
l/sccz80/8080/l_cm_bc.asm
l/sccz80/8080/l_gintspsp.asm
l/sccz80/8080/l_div_u.asm
l/sccz80/8080/l_mult.asm
l/sccz80/8080/l_gcharspsp.asm
l/sccz80/8080/l_g2charspsp.asm
l/sccz80/8080/l_ne.asm
l/sccz80/8080/l_asr.asm
l/sccz80/8080/l_g2intspsp.asm
l/sccz80/8080/l_cmpbcde.asm
l/sccz80/8080/l_rlde.asm
l/sccz80/8080/l_glong2sp.asm
l/sccz80/8080/l_cm_de.asm
l/sccz80/8080/crt_variables_math.asm
l/sccz80/8080/crt0_variables.asm
l/sccz80/8080/i32
l/sccz80/8080/i32/l_long_sub.asm
l/sccz80/8080/i32/l_long_div_u.asm
l/sccz80/8080/i32/l_long_add.asm
l/sccz80/8080/i32/l_long_asl.asm
l/sccz80/8080/i32/l_long_div.asm
l/sccz80/8080/i32/l_long_xor.asm
l/sccz80/8080/i32/l_long_mult.asm
l/sccz80/8080/i32/l_long_and.asm
l/sccz80/8080/i32/l_long_eq.asm
l/sccz80/8080/i32/l_long_cmp.asm
l/sccz80/8080/i32/l_long_mod.asm
l/sccz80/8080/i32/l_long_ucmp.asm
l/sccz80/8080/i32/l_long_or.asm
l/sccz80/8080/i32/l_long_divide.asm
l/sccz80/8080/i32/l_long_asr_u.asm
l/sccz80/8080/i32/l_long_ne.asm
l/sccz80/8080/i32/l_long_mod_u.asm
l/sccz80/8080/i32/l_long_asr.asm
l/sccz80/8080/l_getptr.asm
l/sccz80/8080/l_glong.asm
l/sccz80/8080/l_asr_u.asm
l/sccz80/8080/l_div.asm
