${NEWLIB_ROOT}l/sccz80/8-gbz80/int2long_s
${NEWLIB_ROOT}l/sccz80/8-gbz80/l_asl
${NEWLIB_ROOT}l/sccz80/8-gbz80/l_asr
${NEWLIB_ROOT}l/sccz80/8-gbz80/l_cm_bc
${NEWLIB_ROOT}l/sccz80/8-gbz80/l_cm_de
${NEWLIB_ROOT}l/sccz80/8-gbz80/l_div_u
${NEWLIB_ROOT}l/sccz80/8-gbz80/l_glongsp
${NEWLIB_ROOT}l/sccz80/8-gbz80/l_mod
${NEWLIB_ROOT}l/sccz80/8-gbz80/l_mult
${NEWLIB_ROOT}l/sccz80/8-gbz80/l_mult_ulong
${NEWLIB_ROOT}l/sccz80/8-gbz80/l_pint
${NEWLIB_ROOT}l/sccz80/8-gbz80/i32/l_long_sub
${NEWLIB_ROOT}l/sccz80/8-gbz80/i32/l_long_div
${NEWLIB_ROOT}l/sccz80/8-gbz80/i32/l_long_div_0
${NEWLIB_ROOT}l/sccz80/8-gbz80/i32/l_long_div_m
${NEWLIB_ROOT}l/sccz80/8-gbz80/i32/l_long_div_u
${NEWLIB_ROOT}l/sccz80/8-gbz80/i32/l_long_add
${NEWLIB_ROOT}l/sccz80/8-gbz80/i32/l_long_asl
${NEWLIB_ROOT}l/sccz80/8-gbz80/i32/l_long_xor
${NEWLIB_ROOT}l/sccz80/8-gbz80/i32/l_long_mult
${NEWLIB_ROOT}l/sccz80/8-gbz80/i32/l_long_and
${NEWLIB_ROOT}l/sccz80/8-gbz80/i32/l_long_eq
${NEWLIB_ROOT}l/sccz80/8-gbz80/i32/l_long_cmp
${NEWLIB_ROOT}l/sccz80/8-gbz80/i32/l_long_mod
${NEWLIB_ROOT}l/sccz80/8-gbz80/i32/l_long_ucmp
${NEWLIB_ROOT}l/sccz80/8-gbz80/i32/l_long_or
${NEWLIB_ROOT}l/sccz80/8-gbz80/i32/l_long_asr_u
${NEWLIB_ROOT}l/sccz80/8-gbz80/i32/l_long_ne
${NEWLIB_ROOT}l/sccz80/8-gbz80/i32/l_long_mod_u
${NEWLIB_ROOT}l/sccz80/8-gbz80/i32/l_long_asr
${NEWLIB_ROOT}l/sccz80/8-gbz80/i32/l_long_cpl_mhl
${NEWLIB_ROOT}l/sccz80/8-gbz80/i32/l_long_neg_mhl
${NEWLIB_ROOT}l/sccz80/8-gbz80/i32/l_long_rl_mhl
${NEWLIB_ROOT}l/sccz80/8-gbz80/l_mod_u
${NEWLIB_ROOT}l/sccz80/8-gbz80/l_getptr
${NEWLIB_ROOT}l/sccz80/8-gbz80/l_glong
${NEWLIB_ROOT}l/sccz80/8-gbz80/division16
${NEWLIB_ROOT}l/sccz80/8-gbz80/l_asr_u
${NEWLIB_ROOT}l/sccz80/8-gbz80/f48/dldpsh
${NEWLIB_ROOT}l/sccz80/8-gbz80/f48/dload
${NEWLIB_ROOT}l/sccz80/8-gbz80/f48/dpush2
${NEWLIB_ROOT}l/sccz80/8-gbz80/f48/dstore
${NEWLIB_ROOT}l/sccz80/8-gbz80/l_div
${NEWLIB_ROOT}l/sccz80/8-gbz80/l_case
@${NEWLIB_ROOT}l/sccz80/common.lst
