${NEWLIB_ROOT}l/sccz80/5-z80/l_cm_bc
${NEWLIB_ROOT}l/sccz80/5-z80/int2long_s
${NEWLIB_ROOT}l/sccz80/5-z80/l_div
${NEWLIB_ROOT}l/sccz80/5-z80/l_div_u
${NEWLIB_ROOT}l/sccz80/5-z80/l_jpix
${NEWLIB_ROOT}l/sccz80/5-z80/l_jpix_00
${NEWLIB_ROOT}l/sccz80/5-z80/l_jpix_dd
${NEWLIB_ROOT}l/sccz80/5-z80/l_jpiy
${NEWLIB_ROOT}l/sccz80/5-z80/l_mult
${NEWLIB_ROOT}l/sccz80/5-z80/l_mult_u
${NEWLIB_ROOT}l/sccz80/5-z80/l_retn
${NEWLIB_ROOT}l/sccz80/5-z80/l_setix
${NEWLIB_ROOT}l/sccz80/5-z80/l_setiy
${NEWLIB_ROOT}l/sccz80/5-z80/l_bitset_locate
${NEWLIB_ROOT}l/sccz80/5-z80/l_call_hl
${NEWLIB_ROOT}l/sccz80/5-z80/l_call_ix
${NEWLIB_ROOT}l/sccz80/5-z80/l_call_ix_00
${NEWLIB_ROOT}l/sccz80/5-z80/l_call_ix_dd
${NEWLIB_ROOT}l/sccz80/5-z80/l_call_iy
${NEWLIB_ROOT}l/sccz80/5-z80/l_command_line_parse
${NEWLIB_ROOT}l/sccz80/5-z80/l_command_line_parse_in_place
${NEWLIB_ROOT}l/sccz80/5-z80/l_compare_de_hl
${NEWLIB_ROOT}l/sccz80/5-z80/l_ei_reti
${NEWLIB_ROOT}l/sccz80/5-z80/l_ini
${NEWLIB_ROOT}l/sccz80/5-z80/l_ini_loop
${NEWLIB_ROOT}l/sccz80/5-z80/l_ldd
${NEWLIB_ROOT}l/sccz80/5-z80/l_ldd_loop
${NEWLIB_ROOT}l/sccz80/5-z80/l_ldi
${NEWLIB_ROOT}l/sccz80/5-z80/l_ldi_loop
${NEWLIB_ROOT}l/sccz80/5-z80/l_offset_ix_bc
${NEWLIB_ROOT}l/sccz80/5-z80/l_offset_ix_de
${NEWLIB_ROOT}l/sccz80/5-z80/l_outi
${NEWLIB_ROOT}l/sccz80/5-z80/l_outi_loop
${NEWLIB_ROOT}l/sccz80/5-z80/l_readword_2_hl
${NEWLIB_ROOT}l/sccz80/5-z80/l_swap_ixiy
${NEWLIB_ROOT}l/sccz80/5-z80/l_ne
${NEWLIB_ROOT}l/sccz80/5-z80/l_asr
${NEWLIB_ROOT}l/sccz80/5-z80/l_asr_u
${NEWLIB_ROOT}l/sccz80/5-z80/l_eq
${NEWLIB_ROOT}l/sccz80/5-z80/l_cm_de
${NEWLIB_ROOT}l/sccz80/5-z80/l_asl
${NEWLIB_ROOT}l/sccz80/5-z80/l_sub
${NEWLIB_ROOT}l/sccz80/5-z80/l_mirror
${NEWLIB_ROOT}l/sccz80/5-z80/ascii/l_char2num
${NEWLIB_ROOT}l/sccz80/5-z80/ascii/l_eat_base_prefix
${NEWLIB_ROOT}l/sccz80/5-z80/ascii/l_eat_ddigits
${NEWLIB_ROOT}l/sccz80/5-z80/ascii/l_eat_digits
${NEWLIB_ROOT}l/sccz80/5-z80/ascii/l_eat_hdigits
${NEWLIB_ROOT}l/sccz80/5-z80/ascii/l_eat_sign
${NEWLIB_ROOT}l/sccz80/5-z80/ascii/l_eat_ws
${NEWLIB_ROOT}l/sccz80/5-z80/ascii/l_hex_nibble
${NEWLIB_ROOT}l/sccz80/5-z80/ascii/l_num2char
${NEWLIB_ROOT}l/sccz80/5-z80/ascii/l_valid_base
${NEWLIB_ROOT}l/sccz80/5-z80/ascii/num_to_txt/l_ultoa
${NEWLIB_ROOT}l/sccz80/5-z80/ascii/num_to_txt/small/l_small_ultoa
${NEWLIB_ROOT}l/sccz80/5-z80/ascii/num_to_txt/fast/l_fast_ultoa
${NEWLIB_ROOT}l/sccz80/5-z80/ascii/num_to_txt/fast/l_fast_ultob
${NEWLIB_ROOT}l/sccz80/5-z80/ascii/num_to_txt/fast/l_fast_ultoh
${NEWLIB_ROOT}l/sccz80/5-z80/ascii/num_to_txt/fast/l_fast_ultoo
${NEWLIB_ROOT}l/sccz80/5-z80/ascii/num_to_txt/fast/l_fast_utoa
${NEWLIB_ROOT}l/sccz80/5-z80/ascii/num_to_txt/fast/l_fast_utob
${NEWLIB_ROOT}l/sccz80/5-z80/ascii/num_to_txt/fast/l_fast_utoh
${NEWLIB_ROOT}l/sccz80/5-z80/ascii/num_to_txt/fast/l_fast_utoo
${NEWLIB_ROOT}l/sccz80/5-z80/ascii/txt_to_num/fast/l_fast_atou
${NEWLIB_ROOT}l/sccz80/5-z80/ascii/txt_to_num/fast/l_fast_atoul
${NEWLIB_ROOT}l/sccz80/5-z80/ascii/txt_to_num/fast/l_fast_btou
${NEWLIB_ROOT}l/sccz80/5-z80/ascii/txt_to_num/fast/l_fast_btoul
${NEWLIB_ROOT}l/sccz80/5-z80/ascii/txt_to_num/fast/l_fast_htou
${NEWLIB_ROOT}l/sccz80/5-z80/ascii/txt_to_num/fast/l_fast_htoul
${NEWLIB_ROOT}l/sccz80/5-z80/ascii/txt_to_num/fast/l_fast_otou
${NEWLIB_ROOT}l/sccz80/5-z80/ascii/txt_to_num/fast/l_fast_otoul
${NEWLIB_ROOT}l/sccz80/5-z80/integer/l_divu_hl
${NEWLIB_ROOT}l/sccz80/5-z80/integer/l_utod_de
${NEWLIB_ROOT}l/sccz80/5-z80/integer/l_utod_hl
${NEWLIB_ROOT}l/sccz80/5-z80/integer/l_power_2_bc
${NEWLIB_ROOT}l/sccz80/5-z80/integer/l_power_2_c
${NEWLIB_ROOT}l/sccz80/5-z80/integer/l_asr_hl
${NEWLIB_ROOT}l/sccz80/5-z80/integer/l_lsr_hl
${NEWLIB_ROOT}l/sccz80/5-z80/integer/small/l_small_asr_hl
${NEWLIB_ROOT}l/sccz80/5-z80/integer/small/l_small_lsr_hl
${NEWLIB_ROOT}l/sccz80/5-z80/integer/fast/l_fast_asr_hl
${NEWLIB_ROOT}l/sccz80/5-z80/integer/fast/l_fast_lsl_hl
${NEWLIB_ROOT}l/sccz80/5-z80/integer/fast/l_fast_lsr_hl
${NEWLIB_ROOT}l/sccz80/5-z80/i32/l_long_sub
${NEWLIB_ROOT}l/sccz80/5-z80/i32/l_long_asr_uo
${NEWLIB_ROOT}l/sccz80/5-z80/i32/l_long_add
${NEWLIB_ROOT}l/sccz80/5-z80/i32/l_long_asl
${NEWLIB_ROOT}l/sccz80/5-z80/i32/l_long_div
${NEWLIB_ROOT}l/sccz80/5-z80/i32/l_long_div_u
${NEWLIB_ROOT}l/sccz80/5-z80/i32/l_long_xor
${NEWLIB_ROOT}l/sccz80/5-z80/i32/l_long_mult
${NEWLIB_ROOT}l/sccz80/5-z80/i32/l_long_mult_u
${NEWLIB_ROOT}l/sccz80/5-z80/i32/l_long_and
${NEWLIB_ROOT}l/sccz80/5-z80/i32/l_long_eq
${NEWLIB_ROOT}l/sccz80/5-z80/i32/l_long_cmp
${NEWLIB_ROOT}l/sccz80/5-z80/i32/l_long_aslo
${NEWLIB_ROOT}l/sccz80/5-z80/i32/l_long_ucmp
${NEWLIB_ROOT}l/sccz80/5-z80/i32/l_long_asro
${NEWLIB_ROOT}l/sccz80/5-z80/i32/l_long_or
${NEWLIB_ROOT}l/sccz80/5-z80/i32/l_long_asr
${NEWLIB_ROOT}l/sccz80/5-z80/i32/l_long_asr_u
${NEWLIB_ROOT}l/sccz80/5-z80/i32/l_long_ne
${NEWLIB_ROOT}l/sccz80/5-z80/long/l_asr_dehl
${NEWLIB_ROOT}l/sccz80/5-z80/long/l_long_add_exx
${NEWLIB_ROOT}l/sccz80/5-z80/long/l_long_add_mhl_bc
${NEWLIB_ROOT}l/sccz80/5-z80/long/l_long_add_stack
${NEWLIB_ROOT}l/sccz80/5-z80/long/l_long_addu_exx
${NEWLIB_ROOT}l/sccz80/5-z80/long/l_long_addu_stack
${NEWLIB_ROOT}l/sccz80/5-z80/long/l_long_addus_exx
${NEWLIB_ROOT}l/sccz80/5-z80/long/l_long_cmpu_mde_mhl
${NEWLIB_ROOT}l/sccz80/5-z80/long/l_long_inc_mhl
${NEWLIB_ROOT}l/sccz80/5-z80/long/l_long_load_mhl
${NEWLIB_ROOT}l/sccz80/5-z80/long/l_long_sbc_mde_mhl
${NEWLIB_ROOT}l/sccz80/5-z80/long/l_long_sbc_stack
${NEWLIB_ROOT}l/sccz80/5-z80/long/l_long_sbcu_exx
${NEWLIB_ROOT}l/sccz80/5-z80/long/l_long_store_mhl
${NEWLIB_ROOT}l/sccz80/5-z80/long/l_lsl_dehl
${NEWLIB_ROOT}l/sccz80/5-z80/long/l_lsr_dehl
${NEWLIB_ROOT}l/sccz80/5-z80/long/l_minu_bc_dehl
${NEWLIB_ROOT}l/sccz80/5-z80/long/fast/l_fast_asr_dehl
${NEWLIB_ROOT}l/sccz80/5-z80/long/fast/l_fast_lsl_dehl
${NEWLIB_ROOT}l/sccz80/5-z80/long/fast/l_fast_lsr_dehl
${NEWLIB_ROOT}l/sccz80/5-z80/long/small/l_small_asr_dehl
${NEWLIB_ROOT}l/sccz80/5-z80/long/small/l_small_lsl_dehl
${NEWLIB_ROOT}l/sccz80/5-z80/long/small/l_small_lsr_dehl
${NEWLIB_ROOT}l/sccz80/5-z80/f48/dldpsh
${NEWLIB_ROOT}l/sccz80/5-z80/f48/dload
${NEWLIB_ROOT}l/sccz80/5-z80/f48/dpush3
${NEWLIB_ROOT}l/sccz80/5-z80/f48/dstore
${NEWLIB_ROOT}l/sccz80/5-z80/i64/l_i64_div
${NEWLIB_ROOT}l/sccz80/5-z80/i64/l_i64_asr_u
${NEWLIB_ROOT}l/sccz80/5-z80/i64/l_i64_dec
${NEWLIB_ROOT}l/sccz80/5-z80/i64/l_i64_xor
${NEWLIB_ROOT}l/sccz80/5-z80/i64/l_i64_ugt
${NEWLIB_ROOT}l/sccz80/5-z80/i64/l_i64_mod_u
${NEWLIB_ROOT}l/sccz80/5-z80/i64/l_i64_eq
${NEWLIB_ROOT}l/sccz80/5-z80/i64/l_i64_lneg
${NEWLIB_ROOT}l/sccz80/5-z80/i64/l_i64_and
${NEWLIB_ROOT}l/sccz80/5-z80/i64/l_i64_mult
${NEWLIB_ROOT}l/sccz80/5-z80/i64/l_i64_mult_u
${NEWLIB_ROOT}l/sccz80/5-z80/i64/l_i64_push_under_int
${NEWLIB_ROOT}l/sccz80/5-z80/i64/l_i64_uge
${NEWLIB_ROOT}l/sccz80/5-z80/i64/l_i64_ule
${NEWLIB_ROOT}l/sccz80/5-z80/i64/l_i64_ne
${NEWLIB_ROOT}l/sccz80/5-z80/i64/l_i64_push
${NEWLIB_ROOT}l/sccz80/5-z80/i64/l_i64_sub
${NEWLIB_ROOT}l/sccz80/5-z80/i64/l_i64_sint2i64
${NEWLIB_ROOT}l/sccz80/5-z80/i64/l_i64_eq0
${NEWLIB_ROOT}l/sccz80/5-z80/i64/l_i64_ult
${NEWLIB_ROOT}l/sccz80/5-z80/i64/l_i64_add
${NEWLIB_ROOT}l/sccz80/5-z80/i64/l_i64_or
${NEWLIB_ROOT}l/sccz80/5-z80/i64/l_i64_asl
${NEWLIB_ROOT}l/sccz80/5-z80/i64/l_i64_uint2i64
${NEWLIB_ROOT}l/sccz80/5-z80/i64/l_i64_le
${NEWLIB_ROOT}l/sccz80/5-z80/i64/l_i64_store
${NEWLIB_ROOT}l/sccz80/5-z80/i64/l_i64_ucmp
${NEWLIB_ROOT}l/sccz80/5-z80/i64/l_i64_lt
${NEWLIB_ROOT}l/sccz80/5-z80/i64/l_i64_asr
${NEWLIB_ROOT}l/sccz80/5-z80/i64/__i64_acc
${NEWLIB_ROOT}l/sccz80/5-z80/i64/l_i64_pop
${NEWLIB_ROOT}l/sccz80/5-z80/i64/l_i64_cmp
${NEWLIB_ROOT}l/sccz80/5-z80/i64/l_i64_com
${NEWLIB_ROOT}l/sccz80/5-z80/i64/l_i64_case
${NEWLIB_ROOT}l/sccz80/5-z80/i64/l_i64_gt
${NEWLIB_ROOT}l/sccz80/5-z80/i64/l_i64_inc
${NEWLIB_ROOT}l/sccz80/5-z80/i64/l_i64_neg
${NEWLIB_ROOT}l/sccz80/5-z80/i64/l_i64_load
${NEWLIB_ROOT}l/sccz80/5-z80/i64/l_i64_mod
${NEWLIB_ROOT}l/sccz80/5-z80/i64/l_i64_ge
${NEWLIB_ROOT}l/sccz80/5-z80/i64/l_i64_div_u
${NEWLIB_ROOT}l/sccz80/5-z80/i64/l_i64_u64_toi32
${NEWLIB_ROOT}l/sccz80/5-z80/longlong/l_add_64_dehldehl_a
${NEWLIB_ROOT}l/sccz80/5-z80/longlong/l_add_64_mde_mbc_mhl
${NEWLIB_ROOT}l/sccz80/5-z80/longlong/l_add_64_mde_mhl
${NEWLIB_ROOT}l/sccz80/5-z80/longlong/l_asr_dehldehl
${NEWLIB_ROOT}l/sccz80/5-z80/longlong/l_cpl_64_dehldehl
${NEWLIB_ROOT}l/sccz80/5-z80/longlong/l_cpl_64_mhl
${NEWLIB_ROOT}l/sccz80/5-z80/longlong/l_inc_64_dehldehl
${NEWLIB_ROOT}l/sccz80/5-z80/longlong/l_load_64_dehldehl_mbc
${NEWLIB_ROOT}l/sccz80/5-z80/longlong/l_lsl_dehldehl
${NEWLIB_ROOT}l/sccz80/5-z80/longlong/l_lsr_dehldehl
${NEWLIB_ROOT}l/sccz80/5-z80/longlong/l_neg_64_dehldehl
${NEWLIB_ROOT}l/sccz80/5-z80/longlong/l_neg_64_mhl
${NEWLIB_ROOT}l/sccz80/5-z80/longlong/l_store_64_dehldehl_mbc
${NEWLIB_ROOT}l/sccz80/5-z80/longlong/l_sub_64_mde_mbc_mhl
${NEWLIB_ROOT}l/sccz80/5-z80/longlong/l_sub_64_mde_mhl
${NEWLIB_ROOT}l/sccz80/5-z80/longlong/l_testzero_64_mhl
${NEWLIB_ROOT}l/sccz80/5-z80/longlong/l_testzero_64_dehldehl
${NEWLIB_ROOT}l/sccz80/5-z80/longlong/fast/l_fast_asr_dehldehl
${NEWLIB_ROOT}l/sccz80/5-z80/longlong/fast/l_fast_lsl_dehldehl
${NEWLIB_ROOT}l/sccz80/5-z80/longlong/fast/l_fast_lsr_dehldehl
${NEWLIB_ROOT}l/sccz80/5-z80/longlong/small/l_small_asr_dehldehl
${NEWLIB_ROOT}l/sccz80/5-z80/longlong/small/l_small_lsl_dehldehl
${NEWLIB_ROOT}l/sccz80/5-z80/longlong/small/l_small_lsr_dehldehl
@${NEWLIB_ROOT}l/sccz80/8080.lst
