newlib/fcntl/c/sdcc_ix/close
newlib/fcntl/c/sdcc_ix/close_fastcall
newlib/fcntl/c/sdcc_ix/creat
newlib/fcntl/c/sdcc_ix/creat_callee
newlib/fcntl/c/sdcc_ix/dup
newlib/fcntl/c/sdcc_ix/dup_fastcall
newlib/fcntl/c/sdcc_ix/dup2
newlib/fcntl/c/sdcc_ix/dup2_callee
newlib/fcntl/c/sdcc_ix/ioctl
newlib/fcntl/c/sdcc_ix/lseek
newlib/fcntl/c/sdcc_ix/lseek_callee
newlib/fcntl/c/sdcc_ix/open
newlib/fcntl/c/sdcc_ix/read
newlib/fcntl/c/sdcc_ix/read_callee
newlib/fcntl/c/sdcc_ix/vioctl
newlib/fcntl/c/sdcc_ix/vioctl_callee
newlib/fcntl/c/sdcc_ix/vopen
newlib/fcntl/c/sdcc_ix/vopen_callee
newlib/fcntl/c/sdcc_ix/write
newlib/fcntl/c/sdcc_ix/write_callee
@newlib/fcntl/fcntl_asm.lst
