newlib/fcntl/c/sdcc_iy/close
newlib/fcntl/c/sdcc_iy/close_fastcall
newlib/fcntl/c/sdcc_iy/creat
newlib/fcntl/c/sdcc_iy/creat_callee
newlib/fcntl/c/sdcc_iy/dup
newlib/fcntl/c/sdcc_iy/dup_fastcall
newlib/fcntl/c/sdcc_iy/dup2
newlib/fcntl/c/sdcc_iy/dup2_callee
newlib/fcntl/c/sdcc_iy/ioctl
newlib/fcntl/c/sdcc_iy/lseek
newlib/fcntl/c/sdcc_iy/lseek_callee
newlib/fcntl/c/sdcc_iy/open
newlib/fcntl/c/sdcc_iy/read
newlib/fcntl/c/sdcc_iy/read_callee
newlib/fcntl/c/sdcc_iy/vioctl
newlib/fcntl/c/sdcc_iy/vioctl_callee
newlib/fcntl/c/sdcc_iy/vopen
newlib/fcntl/c/sdcc_iy/vopen_callee
newlib/fcntl/c/sdcc_iy/write
newlib/fcntl/c/sdcc_iy/write_callee
@newlib/fcntl/fcntl_asm.lst
