newlib/fcntl/c/sccz80/_exit
newlib/fcntl/c/sccz80/close
newlib/fcntl/c/sccz80/creat
newlib/fcntl/c/sccz80/creat_callee
newlib/fcntl/c/sccz80/dup
newlib/fcntl/c/sccz80/dup2
newlib/fcntl/c/sccz80/dup2_callee
newlib/fcntl/c/sccz80/ioctl
newlib/fcntl/c/sccz80/lseek
newlib/fcntl/c/sccz80/lseek_callee
newlib/fcntl/c/sccz80/open
newlib/fcntl/c/sccz80/read
newlib/fcntl/c/sccz80/read_callee
newlib/fcntl/c/sccz80/vioctl
newlib/fcntl/c/sccz80/vioctl_callee
newlib/fcntl/c/sccz80/vopen
newlib/fcntl/c/sccz80/vopen_callee
newlib/fcntl/c/sccz80/write
newlib/fcntl/c/sccz80/write_callee
@newlib/fcntl/fcntl_asm.lst
