@stdio/ansicore.lst
@font/font_8x8/font_8x8.lst
@video/tms9918/video_tms9918.lst
@stdio/stdio.lst
@gfx/narrow/gfx_narrow.lst
target/nabu/psg/asm_vt2_hardware_out
target/nabu/psg/set_psg_callee
target/nabu/psg/psg_init
target/nabu/psg/asm_wyz_hardware_out
target/nabu/psg/set_psg
target/nabu/psg/get_psg
@psg/ay/psg.lst
@psg/ay/wyz/psg_wyz.lst
@psg/ay/vt2/psg_vt2.lst
target/nabu/interrupts/nabu_interrupts
target/nabu/interrupts/asm_interrupt_init
target/nabu/stdio/fgetc_cons.asm
target/nabu/stdio/getk.asm
target/nabu/stdio/vars.asm
target/nabu/games/joystick.asm
target/nabu/hcca/hcca
target/nabu/hcca/hcca_ints
target/nabu/hcca/vars
target/nabu/retronet/rn_fileDelete
target/nabu/retronet/rn_fileDetails
target/nabu/retronet/rn_fileHandleAppend
target/nabu/retronet/rn_fileHandleClose
target/nabu/retronet/rn_fileHandleCopy
target/nabu/retronet/rn_fileHandleDeleteRange
target/nabu/retronet/rn_fileHandleDetails
target/nabu/retronet/rn_fileHandleEmptyFile
target/nabu/retronet/rn_fileHandleInsert
target/nabu/retronet/rn_fileHandleMove
target/nabu/retronet/rn_fileHandleRead
target/nabu/retronet/rn_fileHandleReadSeq
target/nabu/retronet/rn_fileHandleReplace
target/nabu/retronet/rn_fileHandleSeek
target/nabu/retronet/rn_fileHandleSize
target/nabu/retronet/rn_fileList
target/nabu/retronet/rn_fileListItem
target/nabu/retronet/rn_fileOpen
target/nabu/retronet/rn_fileSize
@games/games.lst
