c/rl_sdcc/b_array_append
c/rl_sdcc/b_array_append_block
c/rl_sdcc/b_array_append_n
c/rl_sdcc/b_array_at
c/rl_sdcc/b_array_back
c/rl_sdcc/b_array_capacity
c/rl_sdcc/b_array_clear
c/rl_sdcc/b_array_data
c/rl_sdcc/b_array_destroy
c/rl_sdcc/b_array_empty
c/rl_sdcc/b_array_erase
c/rl_sdcc/b_array_erase_block
c/rl_sdcc/b_array_erase_range
c/rl_sdcc/b_array_front
c/rl_sdcc/b_array_init
c/rl_sdcc/b_array_insert
c/rl_sdcc/b_array_insert_block
c/rl_sdcc/b_array_insert_n
c/rl_sdcc/b_array_pop_back
c/rl_sdcc/b_array_push_back
c/rl_sdcc/b_array_read_block
c/rl_sdcc/b_array_resize
c/rl_sdcc/b_array_size
c/rl_sdcc/b_array_write_block
z80/__array_at
z80/__array_expand
z80/__array_info
z80/__array_make_room
z80/__array_make_room_best_effort
