z80/asm_b_array_append
z80/asm_b_array_append_block
z80/asm_b_array_append_n
z80/asm_b_array_at
z80/asm_b_array_back
z80/asm_b_array_capacity
z80/asm_b_array_clear
z80/asm_b_array_data
z80/asm_b_array_destroy
z80/asm_b_array_empty
z80/asm_b_array_erase
z80/asm_b_array_erase_block
z80/asm_b_array_erase_range
z80/asm_b_array_front
z80/asm_b_array_init
z80/asm_b_array_insert
z80/asm_b_array_insert_block
z80/asm_b_array_insert_n
z80/asm_b_array_pop_back
z80/asm_b_array_push_back
z80/asm_b_array_read_block
z80/asm_b_array_resize
z80/asm_b_array_size
z80/asm_b_array_write_block
z80/__array_at
z80/__array_expand
z80/__array_info
z80/__array_make_room
z80/__array_make_room_best_effort
