classic/gfx/x11/obj/${TYPE}/BlackPixel
classic/gfx/x11/obj/${TYPE}/DefaultDepth
classic/gfx/x11/obj/${TYPE}/DefaultScreen
classic/gfx/x11/obj/${TYPE}/DisplayHeight
classic/gfx/x11/obj/${TYPE}/DisplayWidth
classic/gfx/x11/obj/${TYPE}/RootWindow
classic/gfx/x11/obj/${TYPE}/WhitePixel
classic/gfx/x11/obj/${TYPE}/win_close
classic/gfx/x11/obj/${TYPE}/win_move
classic/gfx/x11/obj/${TYPE}/win_open
classic/gfx/x11/obj/${TYPE}/XCheckTypedEvent
classic/gfx/x11/obj/${TYPE}/XCheckWindowEvent
classic/gfx/x11/obj/${TYPE}/XClearWindow
classic/gfx/x11/obj/${TYPE}/XCloseDisplay
classic/gfx/x11/obj/${TYPE}/XCreateBitmapFromData
classic/gfx/x11/obj/${TYPE}/XCreateGC
classic/gfx/x11/obj/${TYPE}/XCreateSimpleWindow
classic/gfx/x11/obj/${TYPE}/XDestroyWindow
classic/gfx/x11/obj/${TYPE}/XDisplayName
classic/gfx/x11/obj/${TYPE}/XDrawLine
classic/gfx/x11/obj/${TYPE}/XDrawPoint
classic/gfx/x11/obj/${TYPE}/XDrawRectangle
classic/gfx/x11/obj/${TYPE}/XDrawString
classic/gfx/x11/obj/${TYPE}/XFlush
classic/gfx/x11/obj/${TYPE}/XFreeGC
classic/gfx/x11/obj/${TYPE}/XLoadQueryFont
classic/gfx/x11/obj/${TYPE}/XMapWindow
classic/gfx/x11/obj/${TYPE}/XNextEvent
classic/gfx/x11/obj/${TYPE}/XOpenDisplay
classic/gfx/x11/obj/${TYPE}/XSelectInput
classic/gfx/x11/obj/${TYPE}/XSetDashes
classic/gfx/x11/obj/${TYPE}/XSetFont
classic/gfx/x11/obj/${TYPE}/XSetForeground
classic/gfx/x11/obj/${TYPE}/XSetLineAttributes
classic/gfx/x11/obj/${TYPE}/XSetStandardProperties
classic/gfx/x11/obj/${TYPE}/XTextWidth
classic/gfx/x11/obj/${TYPE}/XUnloadFont
classic/gfx/x11/obj/${TYPE}/_xfindchar
classic/gfx/x11/obj/${TYPE}/_xfputc
classic/gfx/x11/obj/${TYPE}/variables
