newlib/stdio/z80/asm_asprintf
newlib/stdio/z80/asm_clearerr
newlib/stdio/z80/asm_clearerr_unlocked
newlib/stdio/z80/asm_fclose
newlib/stdio/z80/asm_fclose_unlocked
newlib/stdio/z80/asm_fdopen
newlib/stdio/z80/asm_feof
newlib/stdio/z80/asm_feof_unlocked
newlib/stdio/z80/asm_ferror
newlib/stdio/z80/asm_ferror_unlocked
newlib/stdio/z80/asm_fflush
newlib/stdio/z80/asm_fflush_unlocked
newlib/stdio/z80/asm_fileno
newlib/stdio/z80/asm_fileno_unlocked
newlib/stdio/z80/asm_fgetc
newlib/stdio/z80/asm_fgetc_unlocked
newlib/stdio/z80/asm_fgetpos
newlib/stdio/z80/asm_fgetpos_unlocked
newlib/stdio/z80/asm_fgets
newlib/stdio/z80/asm_fgets_unlocked
newlib/stdio/z80/asm_fileno
newlib/stdio/z80/asm_fileno_unlocked
newlib/stdio/z80/asm_flockfile
newlib/stdio/z80/asm_fmemopen
newlib/stdio/z80/asm_fopen
newlib/stdio/z80/asm_fprintf
newlib/stdio/z80/asm_fprintf_unlocked
newlib/stdio/z80/asm_fputc
newlib/stdio/z80/asm_fputc_unlocked
newlib/stdio/z80/asm_fputs
newlib/stdio/z80/asm_fputs_unlocked
newlib/stdio/z80/asm_fread
newlib/stdio/z80/asm_fread_unlocked
newlib/stdio/z80/asm_freopen
newlib/stdio/z80/asm_freopen_unlocked
newlib/stdio/z80/asm_fscanf
newlib/stdio/z80/asm_fscanf_unlocked
newlib/stdio/z80/asm_fseek
newlib/stdio/z80/asm_fseek_unlocked
newlib/stdio/z80/asm_fsetpos
newlib/stdio/z80/asm_fsetpos_unlocked
newlib/stdio/z80/asm_ftell
newlib/stdio/z80/asm_ftell_unlocked
newlib/stdio/z80/asm_ftrylockfile
newlib/stdio/z80/asm_funlockfile
newlib/stdio/z80/asm_fwrite
newlib/stdio/z80/asm_fwrite_unlocked
newlib/stdio/z80/asm_getc
newlib/stdio/z80/asm_getchar
newlib/stdio/z80/asm_getchar_unlocked
newlib/stdio/z80/asm_getc_unlocked
newlib/stdio/z80/asm_getdelim
newlib/stdio/z80/asm_getdelim_unlocked
newlib/stdio/z80/asm_getline
newlib/stdio/z80/asm_getline_unlocked
newlib/stdio/z80/asm_gets
newlib/stdio/z80/asm_gets_unlocked
newlib/stdio/z80/asm_obstack_printf
newlib/stdio/z80/asm_obstack_vprintf
newlib/stdio/z80/asm_open_memstream
newlib/stdio/z80/asm_perror
newlib/stdio/z80/asm_printf
newlib/stdio/z80/asm_printf_unlocked
newlib/stdio/z80/asm_putc
newlib/stdio/z80/asm_putchar
newlib/stdio/z80/asm_putchar_unlocked
newlib/stdio/z80/asm_putc_unlocked
newlib/stdio/z80/asm_puts
newlib/stdio/z80/asm_puts_unlocked
newlib/stdio/z80/asm_rewind
newlib/stdio/z80/asm_rewind_unlocked
newlib/stdio/z80/asm_scanf
newlib/stdio/z80/asm_scanf_unlocked
newlib/stdio/z80/asm_snprintf
newlib/stdio/z80/asm_sprintf
newlib/stdio/z80/asm_sscanf
newlib/stdio/z80/asm_ungetc
newlib/stdio/z80/asm_ungetc_unlocked
newlib/stdio/z80/asm_vasprintf
newlib/stdio/z80/asm_vfprintf
newlib/stdio/z80/asm_vfprintf_unlocked
newlib/stdio/z80/asm_vfscanf
newlib/stdio/z80/asm_vfscanf_unlocked
newlib/stdio/z80/asm_vprintf
newlib/stdio/z80/asm_vprintf_unlocked
newlib/stdio/z80/asm_vscanf
newlib/stdio/z80/asm_vscanf_unlocked
newlib/stdio/z80/asm_vsnprintf
newlib/stdio/z80/asm_vsprintf
newlib/stdio/z80/asm_vsscanf
newlib/stdio/z80/asm__fflushall
newlib/stdio/z80/asm__fflushall_unlocked
newlib/stdio/z80/asm__fmemopen
newlib/stdio/z80/__stdio_file_add_list
newlib/stdio/z80/__stdio_file_allocate
newlib/stdio/z80/__stdio_file_constructor
newlib/stdio/z80/__stdio_file_deallocate
newlib/stdio/z80/__stdio_file_destructor
newlib/stdio/z80/__stdio_file_init
newlib/stdio/z80/__stdio_file_list_lock
newlib/stdio/z80/__stdio_length_modifier
newlib/stdio/z80/__stdio_lock_acquire
newlib/stdio/z80/__stdio_lock_file_list
newlib/stdio/z80/__stdio_lock_release
newlib/stdio/z80/__stdio_lock_tryacquire
newlib/stdio/z80/__stdio_nextarg_bc
newlib/stdio/z80/__stdio_nextarg_de
newlib/stdio/z80/__stdio_nextarg_hl
newlib/stdio/z80/__stdio_parse_mode
newlib/stdio/z80/__stdio_unlock_file_list
newlib/stdio/z80/__stdio_varg
newlib/stdio/z80/__stdio_verify_input
newlib/stdio/z80/__stdio_verify_output
newlib/stdio/z80/__stdio_verify_valid
newlib/stdio/z80/__stdio_verify_valid_lock
newlib/stdio/z80/input_helpers/__stdio_input_sm_fgets
newlib/stdio/z80/input_helpers/__stdio_input_sm_getdelim
newlib/stdio/z80/input_helpers/__stdio_input_sm_gets
newlib/stdio/z80/input_helpers/__stdio_recv_input_eatc
newlib/stdio/z80/input_helpers/__stdio_recv_input_eat_ws
newlib/stdio/z80/input_helpers/__stdio_recv_input_raw_eatc
newlib/stdio/z80/input_helpers/__stdio_recv_input_raw_eat_ws
newlib/stdio/z80/input_helpers/__stdio_recv_input_raw_getc
newlib/stdio/z80/input_helpers/__stdio_recv_input_raw_read
newlib/stdio/z80/input_helpers/__stdio_recv_input_read
newlib/stdio/z80/input_helpers/__stdio_scanf_bb
newlib/stdio/z80/input_helpers/__stdio_scanf_bkt
newlib/stdio/z80/input_helpers/__stdio_scanf_c
newlib/stdio/z80/input_helpers/__stdio_scanf_d
newlib/stdio/z80/input_helpers/__stdio_scanf_i
newlib/stdio/z80/input_helpers/__stdio_scanf_ii
newlib/stdio/z80/input_helpers/__stdio_scanf_lbb
newlib/stdio/z80/input_helpers/__stdio_scanf_ld
newlib/stdio/z80/input_helpers/__stdio_scanf_li
newlib/stdio/z80/input_helpers/__stdio_scanf_lld
newlib/stdio/z80/input_helpers/__stdio_scanf_lli
newlib/stdio/z80/input_helpers/__stdio_scanf_llo
newlib/stdio/z80/input_helpers/__stdio_scanf_llu
newlib/stdio/z80/input_helpers/__stdio_scanf_llx
newlib/stdio/z80/input_helpers/__stdio_scanf_ln
newlib/stdio/z80/input_helpers/__stdio_scanf_lo
newlib/stdio/z80/input_helpers/__stdio_scanf_lp
newlib/stdio/z80/input_helpers/__stdio_scanf_lu
newlib/stdio/z80/input_helpers/__stdio_scanf_lx
newlib/stdio/z80/input_helpers/__stdio_scanf_n
newlib/stdio/z80/input_helpers/__stdio_scanf_number_head
newlib/stdio/z80/input_helpers/__stdio_scanf_number_tail_int
newlib/stdio/z80/input_helpers/__stdio_scanf_number_tail_long
newlib/stdio/z80/input_helpers/__stdio_scanf_number_tail_longlong
newlib/stdio/z80/input_helpers/__stdio_scanf_o
newlib/stdio/z80/input_helpers/__stdio_scanf_p
newlib/stdio/z80/input_helpers/__stdio_scanf_s
newlib/stdio/z80/input_helpers/__stdio_scanf_sm_binary
newlib/stdio/z80/input_helpers/__stdio_scanf_sm_bkt
newlib/stdio/z80/input_helpers/__stdio_scanf_sm_decimal
newlib/stdio/z80/input_helpers/__stdio_scanf_sm_format
newlib/stdio/z80/input_helpers/__stdio_scanf_sm_hex
newlib/stdio/z80/input_helpers/__stdio_scanf_sm_i
newlib/stdio/z80/input_helpers/__stdio_scanf_sm_ii
newlib/stdio/z80/input_helpers/__stdio_scanf_sm_octal
newlib/stdio/z80/input_helpers/__stdio_scanf_sm_string
newlib/stdio/z80/input_helpers/__stdio_scanf_sm_write
newlib/stdio/z80/input_helpers/__stdio_scanf_u
newlib/stdio/z80/input_helpers/__stdio_scanf_x
newlib/stdio/z80/output_helpers/__stdio_printf_a
newlib/stdio/z80/output_helpers/__stdio_printf_bb
newlib/stdio/z80/output_helpers/__stdio_printf_c
newlib/stdio/z80/output_helpers/__stdio_printf_d
newlib/stdio/z80/output_helpers/__stdio_printf_e
newlib/stdio/z80/output_helpers/__stdio_printf_f
newlib/stdio/z80/output_helpers/__stdio_printf_float_tail
newlib/stdio/z80/output_helpers/__stdio_printf_g
newlib/stdio/z80/output_helpers/__stdio_printf_i
newlib/stdio/z80/output_helpers/__stdio_printf_ii
newlib/stdio/z80/output_helpers/__stdio_printf_lbb
newlib/stdio/z80/output_helpers/__stdio_printf_ld
newlib/stdio/z80/output_helpers/__stdio_printf_li
newlib/stdio/z80/output_helpers/__stdio_printf_lld
newlib/stdio/z80/output_helpers/__stdio_printf_lli
newlib/stdio/z80/output_helpers/__stdio_printf_llo
newlib/stdio/z80/output_helpers/__stdio_printf_llu
newlib/stdio/z80/output_helpers/__stdio_printf_llx
newlib/stdio/z80/output_helpers/__stdio_printf_ln
newlib/stdio/z80/output_helpers/__stdio_printf_lo
newlib/stdio/z80/output_helpers/__stdio_printf_lp
newlib/stdio/z80/output_helpers/__stdio_printf_lu
newlib/stdio/z80/output_helpers/__stdio_printf_lx
newlib/stdio/z80/output_helpers/__stdio_printf_n
newlib/stdio/z80/output_helpers/__stdio_printf_number_tail
newlib/stdio/z80/output_helpers/__stdio_printf_number_tail_int
newlib/stdio/z80/output_helpers/__stdio_printf_number_tail_long
newlib/stdio/z80/output_helpers/__stdio_printf_number_tail_longlong
newlib/stdio/z80/output_helpers/__stdio_printf_o
newlib/stdio/z80/output_helpers/__stdio_printf_p
newlib/stdio/z80/output_helpers/__stdio_printf_s
newlib/stdio/z80/output_helpers/__stdio_printf_sign
newlib/stdio/z80/output_helpers/__stdio_printf_u
newlib/stdio/z80/output_helpers/__stdio_printf_x
newlib/stdio/z80/output_helpers/__stdio_send_output
newlib/stdio/z80/output_helpers/__stdio_send_output_raw
