newlib/stdio/c/sdcc_ix/asprintf
newlib/stdio/c/sdcc_ix/clearerr
newlib/stdio/c/sdcc_ix/clearerr_fastcall
newlib/stdio/c/sdcc_ix/clearerr_unlocked
newlib/stdio/c/sdcc_ix/clearerr_unlocked_fastcall
newlib/stdio/c/sdcc_ix/fclose
newlib/stdio/c/sdcc_ix/fclose_fastcall
newlib/stdio/c/sdcc_ix/fclose_unlocked
newlib/stdio/c/sdcc_ix/fclose_unlocked_fastcall
newlib/stdio/c/sdcc_ix/fdopen
newlib/stdio/c/sdcc_ix/fdopen_callee
newlib/stdio/c/sdcc_ix/feof
newlib/stdio/c/sdcc_ix/feof_fastcall
newlib/stdio/c/sdcc_ix/feof_unlocked
newlib/stdio/c/sdcc_ix/feof_unlocked_fastcall
newlib/stdio/c/sdcc_ix/ferror
newlib/stdio/c/sdcc_ix/ferror_fastcall
newlib/stdio/c/sdcc_ix/ferror_unlocked
newlib/stdio/c/sdcc_ix/ferror_unlocked_fastcall
newlib/stdio/c/sdcc_ix/fflush
newlib/stdio/c/sdcc_ix/fflush_fastcall
newlib/stdio/c/sdcc_ix/fflush_unlocked
newlib/stdio/c/sdcc_ix/fflush_unlocked_fastcall
newlib/stdio/c/sdcc_ix/fgetc
newlib/stdio/c/sdcc_ix/fgetc_fastcall
newlib/stdio/c/sdcc_ix/fgetc_unlocked
newlib/stdio/c/sdcc_ix/fgetc_unlocked_fastcall
newlib/stdio/c/sdcc_ix/fgetpos
newlib/stdio/c/sdcc_ix/fgetpos_callee
newlib/stdio/c/sdcc_ix/fgetpos_unlocked
newlib/stdio/c/sdcc_ix/fgetpos_unlocked_callee
newlib/stdio/c/sdcc_ix/fgets
newlib/stdio/c/sdcc_ix/fgets_callee
newlib/stdio/c/sdcc_ix/fgets_unlocked
newlib/stdio/c/sdcc_ix/fgets_unlocked_callee
newlib/stdio/c/sdcc_ix/fileno
newlib/stdio/c/sdcc_ix/fileno_fastcall
newlib/stdio/c/sdcc_ix/fileno_unlocked
newlib/stdio/c/sdcc_ix/fileno_unlocked_fastcall
newlib/stdio/c/sdcc_ix/flockfile
newlib/stdio/c/sdcc_ix/flockfile_fastcall
newlib/stdio/c/sdcc_ix/fmemopen
newlib/stdio/c/sdcc_ix/fmemopen_callee
newlib/stdio/c/sdcc_ix/fopen
newlib/stdio/c/sdcc_ix/fopen_callee
newlib/stdio/c/sdcc_ix/fprintf
newlib/stdio/c/sdcc_ix/fprintf_unlocked
newlib/stdio/c/sdcc_ix/fputc
newlib/stdio/c/sdcc_ix/fputc_callee
newlib/stdio/c/sdcc_ix/fputc_unlocked
newlib/stdio/c/sdcc_ix/fputc_unlocked_callee
newlib/stdio/c/sdcc_ix/fputs
newlib/stdio/c/sdcc_ix/fputs_callee
newlib/stdio/c/sdcc_ix/fputs_unlocked
newlib/stdio/c/sdcc_ix/fputs_unlocked_callee
newlib/stdio/c/sdcc_ix/fread
newlib/stdio/c/sdcc_ix/fread_callee
newlib/stdio/c/sdcc_ix/fread_unlocked
newlib/stdio/c/sdcc_ix/fread_unlocked_callee
newlib/stdio/c/sdcc_ix/freopen
newlib/stdio/c/sdcc_ix/freopen_callee
newlib/stdio/c/sdcc_ix/freopen_unlocked
newlib/stdio/c/sdcc_ix/freopen_unlocked_callee
newlib/stdio/c/sdcc_ix/fscanf
newlib/stdio/c/sdcc_ix/fscanf_unlocked
newlib/stdio/c/sdcc_ix/fseek
newlib/stdio/c/sdcc_ix/fseek_callee
newlib/stdio/c/sdcc_ix/fseek_unlocked
newlib/stdio/c/sdcc_ix/fseek_unlocked_callee
newlib/stdio/c/sdcc_ix/fsetpos
newlib/stdio/c/sdcc_ix/fsetpos_callee
newlib/stdio/c/sdcc_ix/fsetpos_unlocked
newlib/stdio/c/sdcc_ix/fsetpos_unlocked_callee
newlib/stdio/c/sdcc_ix/ftell
newlib/stdio/c/sdcc_ix/ftell_fastcall
newlib/stdio/c/sdcc_ix/ftell_unlocked
newlib/stdio/c/sdcc_ix/ftell_unlocked_fastcall
newlib/stdio/c/sdcc_ix/ftrylockfile
newlib/stdio/c/sdcc_ix/ftrylockfile_fastcall
newlib/stdio/c/sdcc_ix/funlockfile
newlib/stdio/c/sdcc_ix/funlockfile_fastcall
newlib/stdio/c/sdcc_ix/fwrite
newlib/stdio/c/sdcc_ix/fwrite_callee
newlib/stdio/c/sdcc_ix/fwrite_unlocked
newlib/stdio/c/sdcc_ix/fwrite_unlocked_callee
newlib/stdio/c/sdcc_ix/getc
newlib/stdio/c/sdcc_ix/getc_fastcall
newlib/stdio/c/sdcc_ix/getchar
newlib/stdio/c/sdcc_ix/getchar_unlocked
newlib/stdio/c/sdcc_ix/getc_unlocked
newlib/stdio/c/sdcc_ix/getc_unlocked_fastcall
newlib/stdio/c/sdcc_ix/getdelim
newlib/stdio/c/sdcc_ix/getdelim_callee
newlib/stdio/c/sdcc_ix/getdelim_unlocked
newlib/stdio/c/sdcc_ix/getdelim_unlocked_callee
newlib/stdio/c/sdcc_ix/getline
newlib/stdio/c/sdcc_ix/getline_callee
newlib/stdio/c/sdcc_ix/getline_unlocked
newlib/stdio/c/sdcc_ix/getline_unlocked_callee
newlib/stdio/c/sdcc_ix/gets
newlib/stdio/c/sdcc_ix/gets_fastcall
newlib/stdio/c/sdcc_ix/gets_unlocked
newlib/stdio/c/sdcc_ix/gets_unlocked_fastcall
newlib/stdio/c/sdcc_ix/obstack_printf
newlib/stdio/c/sdcc_ix/obstack_vprintf
newlib/stdio/c/sdcc_ix/obstack_vprintf_callee
newlib/stdio/c/sdcc_ix/open_memstream
newlib/stdio/c/sdcc_ix/open_memstream_callee
newlib/stdio/c/sdcc_ix/perror
newlib/stdio/c/sdcc_ix/perror_fastcall
newlib/stdio/c/sdcc_ix/printf
newlib/stdio/c/sdcc_ix/printf_unlocked
newlib/stdio/c/sdcc_ix/putc
newlib/stdio/c/sdcc_ix/putc_callee
newlib/stdio/c/sdcc_ix/putchar
newlib/stdio/c/sdcc_ix/putchar_fastcall
newlib/stdio/c/sdcc_ix/putchar_unlocked
newlib/stdio/c/sdcc_ix/putchar_unlocked_fastcall
newlib/stdio/c/sdcc_ix/putc_unlocked
newlib/stdio/c/sdcc_ix/putc_unlocked_callee
newlib/stdio/c/sdcc_ix/puts
newlib/stdio/c/sdcc_ix/puts_fastcall
newlib/stdio/c/sdcc_ix/puts_unlocked
newlib/stdio/c/sdcc_ix/puts_unlocked_fastcall
newlib/stdio/c/sdcc_ix/rewind
newlib/stdio/c/sdcc_ix/rewind_fastcall
newlib/stdio/c/sdcc_ix/rewind_unlocked
newlib/stdio/c/sdcc_ix/rewind_unlocked_fastcall
newlib/stdio/c/sdcc_ix/scanf
newlib/stdio/c/sdcc_ix/scanf_unlocked
newlib/stdio/c/sdcc_ix/snprintf
newlib/stdio/c/sdcc_ix/sprintf
newlib/stdio/c/sdcc_ix/sscanf
newlib/stdio/c/sdcc_ix/ungetc
newlib/stdio/c/sdcc_ix/ungetc_callee
newlib/stdio/c/sdcc_ix/ungetc_unlocked
newlib/stdio/c/sdcc_ix/ungetc_unlocked_callee
newlib/stdio/c/sdcc_ix/vasprintf
newlib/stdio/c/sdcc_ix/vasprintf_callee
newlib/stdio/c/sdcc_ix/vfprintf
newlib/stdio/c/sdcc_ix/vfprintf_callee
newlib/stdio/c/sdcc_ix/vfprintf_unlocked
newlib/stdio/c/sdcc_ix/vfprintf_unlocked_callee
newlib/stdio/c/sdcc_ix/vfscanf
newlib/stdio/c/sdcc_ix/vfscanf_callee
newlib/stdio/c/sdcc_ix/vfscanf_unlocked
newlib/stdio/c/sdcc_ix/vfscanf_unlocked_callee
newlib/stdio/c/sdcc_ix/vprintf
newlib/stdio/c/sdcc_ix/vprintf_callee
newlib/stdio/c/sdcc_ix/vprintf_unlocked
newlib/stdio/c/sdcc_ix/vprintf_unlocked_callee
newlib/stdio/c/sdcc_ix/vscanf
newlib/stdio/c/sdcc_ix/vscanf_callee
newlib/stdio/c/sdcc_ix/vscanf_unlocked
newlib/stdio/c/sdcc_ix/vscanf_unlocked_callee
newlib/stdio/c/sdcc_ix/vsnprintf
newlib/stdio/c/sdcc_ix/vsnprintf_callee
newlib/stdio/c/sdcc_ix/vsprintf
newlib/stdio/c/sdcc_ix/vsprintf_callee
newlib/stdio/c/sdcc_ix/vsscanf
newlib/stdio/c/sdcc_ix/vsscanf_callee
newlib/stdio/c/sdcc_ix/_fmemopen_
newlib/stdio/c/sdcc_ix/_fmemopen__callee
@newlib/stdio/stdio_asm.lst
