math/float/am9511/c/sdcc/cam32_sdcc_acos
math/float/am9511/c/sdcc/cam32_sdcc_acosh
math/float/am9511/c/sdcc/cam32_sdcc_add
math/float/am9511/c/sdcc/cam32_sdcc_add_callee
math/float/am9511/c/sdcc/cam32_sdcc_asin
math/float/am9511/c/sdcc/cam32_sdcc_asinh
math/float/am9511/c/sdcc/cam32_sdcc_atan
math/float/am9511/c/sdcc/cam32_sdcc_atan2_callee
math/float/am9511/c/sdcc/cam32_sdcc_atanh
math/float/am9511/c/sdcc/cam32_sdcc_ceil
math/float/am9511/c/sdcc/cam32_sdcc_cos
math/float/am9511/c/sdcc/cam32_sdcc_cosh
math/float/am9511/c/sdcc/cam32_sdcc_div
math/float/am9511/c/sdcc/cam32_sdcc_div2
math/float/am9511/c/sdcc/cam32_sdcc_div_callee
math/float/am9511/c/sdcc/cam32_sdcc_dload
math/float/am9511/c/sdcc/cam32_sdcc_exp
math/float/am9511/c/sdcc/cam32_sdcc_exp2
math/float/am9511/c/sdcc/cam32_sdcc_exp10
math/float/am9511/c/sdcc/cam32_sdcc_fabs
math/float/am9511/c/sdcc/cam32_sdcc_fam9511
math/float/am9511/c/sdcc/cam32_sdcc_floor
math/float/am9511/c/sdcc/cam32_sdcc_fmax
math/float/am9511/c/sdcc/cam32_sdcc_fmax_callee
math/float/am9511/c/sdcc/cam32_sdcc_fmin
math/float/am9511/c/sdcc/cam32_sdcc_fmin_callee
math/float/am9511/c/sdcc/cam32_sdcc_fpclassify
math/float/am9511/c/sdcc/cam32_sdcc_frexp
math/float/am9511/c/sdcc/cam32_sdcc_frexp_callee
math/float/am9511/c/sdcc/cam32_sdcc___fs2sint
math/float/am9511/c/sdcc/cam32_sdcc___fs2sint_callee
math/float/am9511/c/sdcc/cam32_sdcc___fs2slong
math/float/am9511/c/sdcc/cam32_sdcc___fs2slong_callee
math/float/am9511/c/sdcc/cam32_sdcc___fs2uint
math/float/am9511/c/sdcc/cam32_sdcc___fs2uint_callee
math/float/am9511/c/sdcc/cam32_sdcc___fs2ulong
math/float/am9511/c/sdcc/cam32_sdcc___fs2ulong_callee
math/float/am9511/c/sdcc/cam32_sdcc___fseq_callee
math/float/am9511/c/sdcc/cam32_sdcc___fsgt_callee
math/float/am9511/c/sdcc/cam32_sdcc___fslt_callee
math/float/am9511/c/sdcc/cam32_sdcc___fsneq_callee
math/float/am9511/c/sdcc/cam32_sdcc_hypot
math/float/am9511/c/sdcc/cam32_sdcc_hypot_callee
math/float/am9511/c/sdcc/cam32_sdcc_ldexp
math/float/am9511/c/sdcc/cam32_sdcc_ldexp_callee
math/float/am9511/c/sdcc/cam32_sdcc_load
math/float/am9511/c/sdcc/cam32_sdcc_log
math/float/am9511/c/sdcc/cam32_sdcc_log2
math/float/am9511/c/sdcc/cam32_sdcc_log10
math/float/am9511/c/sdcc/cam32_sdcc_mul
math/float/am9511/c/sdcc/cam32_sdcc_mul2
math/float/am9511/c/sdcc/cam32_sdcc_mul10u
math/float/am9511/c/sdcc/cam32_sdcc_mul_callee
math/float/am9511/c/sdcc/cam32_sdcc_neg
math/float/am9511/c/sdcc/cam32_sdcc_pow_callee
math/float/am9511/c/sdcc/cam32_sdcc_read
math/float/am9511/c/sdcc/cam32_sdcc_read_callee
math/float/am9511/c/sdcc/cam32_sdcc_round
math/float/am9511/c/sdcc/cam32_sdcc___schar2fs
math/float/am9511/c/sdcc/cam32_sdcc___schar2fs_callee
math/float/am9511/c/sdcc/cam32_sdcc_sin
math/float/am9511/c/sdcc/cam32_sdcc_sinh
math/float/am9511/c/sdcc/cam32_sdcc___sint2fs
math/float/am9511/c/sdcc/cam32_sdcc___sint2fs_callee
math/float/am9511/c/sdcc/cam32_sdcc___slong2fs
math/float/am9511/c/sdcc/cam32_sdcc___slong2fs_callee
math/float/am9511/c/sdcc/cam32_sdcc_sqr
math/float/am9511/c/sdcc/cam32_sdcc_sqrt
math/float/am9511/c/sdcc/cam32_sdcc_sub
math/float/am9511/c/sdcc/cam32_sdcc_sub_callee
math/float/am9511/c/sdcc/cam32_sdcc_tan
math/float/am9511/c/sdcc/cam32_sdcc_tanh
math/float/am9511/c/sdcc/cam32_sdcc___uchar2fs
math/float/am9511/c/sdcc/cam32_sdcc___uchar2fs_callee
math/float/am9511/c/sdcc/cam32_sdcc___uint2fs
math/float/am9511/c/sdcc/cam32_sdcc___uint2fs_callee
math/float/am9511/c/sdcc/cam32_sdcc___ulong2fs
math/float/am9511/c/sdcc/cam32_sdcc___ulong2fs_callee
math/float/am9511/c/sdcc/cam32_sdcc_zero
