target/ace/stdio/fputc_cons
target/ace/stdio/fgetc_cons
target/ace/stdio/getk
target/ace/stdio/generic_console
target/ace/stdio/generic_console_ioctl
target/ace/stdio/CRT_FONT
@classic/stdio/ansicore.lst
classic/stdio/obj/${TYPE}/ansi/f_ansi_dsr6
target/ace/stdio/ansi/f_ansi_attr
target/ace/stdio/ansi/f_ansi_bel
target/ace/stdio/ansi/f_ansi_char
target/ace/stdio/ansi/f_ansi_cls
classic/stdio/obj/${TYPE}/ansi/generic/f_ansi_dline
target/ace/stdio/ansi/f_ansi_scrollup
@classic/stdio/stdio.lst
target/ace/time/clock

target/ace/games/joystick
@classic/games/games.lst
@target/ace/ace/ace.lst
target/ace/tape/obj/${TARGET}/tape_load_block
target/ace/tape/obj/${TARGET}/tape_load_block_callee
target/ace/tape/obj/${TARGET}/tape_save
target/ace/tape/obj/${TARGET}/tape_save_block
target/ace/tape/obj/${TARGET}/tape_save_block_callee
@classic/input/input_keyboard.lst
