${NEWLIB_ROOT}l/util/5-z80/l_bitset_locate
${NEWLIB_ROOT}l/util/5-z80/l_call_hl
${NEWLIB_ROOT}l/util/5-z80/l_call_ix
${NEWLIB_ROOT}l/util/5-z80/l_call_ix_00
${NEWLIB_ROOT}l/util/5-z80/l_call_ix_dd
${NEWLIB_ROOT}l/util/5-z80/l_call_iy
${NEWLIB_ROOT}l/util/5-z80/l_command_line_parse
${NEWLIB_ROOT}l/util/5-z80/l_command_line_parse_in_place
${NEWLIB_ROOT}l/util/5-z80/l_compare_de_hl
${NEWLIB_ROOT}l/util/5-z80/l_ei_reti
${NEWLIB_ROOT}l/util/5-z80/l_jpix_00
${NEWLIB_ROOT}l/util/5-z80/l_jpix_dd
${NEWLIB_ROOT}l/util/5-z80/l_ini
${NEWLIB_ROOT}l/util/5-z80/l_ini_loop
${NEWLIB_ROOT}l/util/5-z80/l_ldd
${NEWLIB_ROOT}l/util/5-z80/l_ldd_loop
${NEWLIB_ROOT}l/util/5-z80/l_ldi
${NEWLIB_ROOT}l/util/5-z80/l_ldi_loop
${NEWLIB_ROOT}l/util/5-z80/l_mirror
${NEWLIB_ROOT}l/util/5-z80/l_offset_ix_bc
${NEWLIB_ROOT}l/util/5-z80/l_offset_ix_de
${NEWLIB_ROOT}l/util/5-z80/l_outi
${NEWLIB_ROOT}l/util/5-z80/l_outi_loop
${NEWLIB_ROOT}l/util/5-z80/l_readword_2_hl
${NEWLIB_ROOT}l/util/5-z80/l_retn
${NEWLIB_ROOT}l/util/5-z80/l_swap_ixiy
${NEWLIB_ROOT}l/util/5-z80/ascii/num_to_txt/l_ultoa
${NEWLIB_ROOT}l/util/5-z80/ascii/num_to_txt/small/l_small_ultoa
${NEWLIB_ROOT}l/util/5-z80/ascii/num_to_txt/fast/l_fast_ultoa
${NEWLIB_ROOT}l/util/5-z80/ascii/txt_to_num/fast/l_fast_atou
${NEWLIB_ROOT}l/util/5-z80/ascii/txt_to_num/fast/l_fast_atoul
${NEWLIB_ROOT}l/util/5-z80/ascii/txt_to_num/fast/l_fast_btou
${NEWLIB_ROOT}l/util/5-z80/ascii/txt_to_num/fast/l_fast_btoul
${NEWLIB_ROOT}l/util/5-z80/ascii/txt_to_num/fast/l_fast_htou
${NEWLIB_ROOT}l/util/5-z80/ascii/txt_to_num/fast/l_fast_htoul
${NEWLIB_ROOT}l/util/5-z80/ascii/txt_to_num/fast/l_fast_otou
${NEWLIB_ROOT}l/util/5-z80/ascii/txt_to_num/fast/l_fast_otoul
${NEWLIB_ROOT}l/util/5-z80/integer/l_divu_hl
${NEWLIB_ROOT}l/util/5-z80/integer/l_utod_de
${NEWLIB_ROOT}l/util/5-z80/integer/l_utod_hl
${NEWLIB_ROOT}l/util/5-z80/integer/l_power_2_bc
${NEWLIB_ROOT}l/util/5-z80/integer/l_power_2_c
${NEWLIB_ROOT}l/util/5-z80/integer/l_asr_hl
${NEWLIB_ROOT}l/util/5-z80/integer/l_lsr_hl
${NEWLIB_ROOT}l/util/5-z80/integer/small/l_small_asr_hl
${NEWLIB_ROOT}l/util/5-z80/integer/small/l_small_lsr_hl
${NEWLIB_ROOT}l/util/5-z80/integer/fast/l_fast_asr_hl
${NEWLIB_ROOT}l/util/5-z80/integer/fast/l_fast_lsl_hl
${NEWLIB_ROOT}l/util/5-z80/integer/fast/l_fast_lsr_hl
${NEWLIB_ROOT}l/util/5-z80/long/l_asr_dehl
${NEWLIB_ROOT}l/util/5-z80/long/l_long_add_exx
${NEWLIB_ROOT}l/util/5-z80/long/l_long_add_mhl_bc
${NEWLIB_ROOT}l/util/5-z80/long/l_long_add_stack
${NEWLIB_ROOT}l/util/5-z80/long/l_long_addu_exx
${NEWLIB_ROOT}l/util/5-z80/long/l_long_addu_stack
${NEWLIB_ROOT}l/util/5-z80/long/l_long_addus_exx
${NEWLIB_ROOT}l/util/5-z80/long/l_long_cmpu_mde_mhl
${NEWLIB_ROOT}l/util/5-z80/long/l_long_inc_mhl
${NEWLIB_ROOT}l/util/5-z80/long/l_long_load_mhl
${NEWLIB_ROOT}l/util/5-z80/long/l_long_sbc_mde_mhl
${NEWLIB_ROOT}l/util/5-z80/long/l_long_sbc_stack
${NEWLIB_ROOT}l/util/5-z80/long/l_long_sbcu_exx
${NEWLIB_ROOT}l/util/5-z80/long/l_long_store_mhl
${NEWLIB_ROOT}l/util/5-z80/long/l_lsl_dehl
${NEWLIB_ROOT}l/util/5-z80/long/l_lsr_dehl
${NEWLIB_ROOT}l/util/5-z80/long/l_minu_bc_dehl
${NEWLIB_ROOT}l/util/5-z80/long/fast/l_fast_asr_dehl
${NEWLIB_ROOT}l/util/5-z80/long/fast/l_fast_lsl_dehl
${NEWLIB_ROOT}l/util/5-z80/long/fast/l_fast_lsr_dehl
${NEWLIB_ROOT}l/util/5-z80/long/small/l_small_asr_dehl
${NEWLIB_ROOT}l/util/5-z80/long/small/l_small_lsl_dehl
${NEWLIB_ROOT}l/util/5-z80/long/small/l_small_lsr_dehl
${NEWLIB_ROOT}l/util/5-z80/longlong/l_add_64_dehldehl_a
${NEWLIB_ROOT}l/util/5-z80/longlong/l_add_64_mde_mbc_mhl
${NEWLIB_ROOT}l/util/5-z80/longlong/l_add_64_mde_mhl
${NEWLIB_ROOT}l/util/5-z80/longlong/l_asr_dehldehl
${NEWLIB_ROOT}l/util/5-z80/longlong/l_cpl_64_dehldehl
${NEWLIB_ROOT}l/util/5-z80/longlong/l_cpl_64_mhl
${NEWLIB_ROOT}l/util/5-z80/longlong/l_inc_64_dehldehl
${NEWLIB_ROOT}l/util/5-z80/longlong/l_load_64_dehldehl_mbc
${NEWLIB_ROOT}l/util/5-z80/longlong/l_lsl_dehldehl
${NEWLIB_ROOT}l/util/5-z80/longlong/l_lsr_dehldehl
${NEWLIB_ROOT}l/util/5-z80/longlong/l_neg_64_dehldehl
${NEWLIB_ROOT}l/util/5-z80/longlong/l_neg_64_mhl
${NEWLIB_ROOT}l/util/5-z80/longlong/l_store_64_dehldehl_mbc
${NEWLIB_ROOT}l/util/5-z80/longlong/l_sub_64_mde_mbc_mhl
${NEWLIB_ROOT}l/util/5-z80/longlong/l_sub_64_mde_mhl
${NEWLIB_ROOT}l/util/5-z80/longlong/l_testzero_64_mhl
${NEWLIB_ROOT}l/util/5-z80/longlong/l_testzero_64_dehldehl
${NEWLIB_ROOT}l/util/5-z80/longlong/fast/l_fast_asr_dehldehl
${NEWLIB_ROOT}l/util/5-z80/longlong/fast/l_fast_lsl_dehldehl
${NEWLIB_ROOT}l/util/5-z80/longlong/fast/l_fast_lsr_dehldehl
${NEWLIB_ROOT}l/util/5-z80/longlong/small/l_small_asr_dehldehl
${NEWLIB_ROOT}l/util/5-z80/longlong/small/l_small_lsl_dehldehl
${NEWLIB_ROOT}l/util/5-z80/longlong/small/l_small_lsr_dehldehl
@${NEWLIB_ROOT}l/util/8080.lst
