stdio/conio/wherex
stdio/conio/wherey
stdio/conio/cputs
stdio/conio/gotoxy
stdio/conio/gotoxy_callee
stdio/conio/screensize
stdio/conio/screensize_callee
stdio/conio/console_coords
stdio/conio/screendollar
stdio/conio/screendollar_no_inverse
stdio/conio/cvpeek
stdio/conio/textbackground
stdio/conio/textcolour
stdio/conio/conio_map_colour_noop
stdio/conio/bordercolour
stdio/conio/generic_console_fonts
stdio/conio/generic_console_font64
stdio/conio/vpeek_noop
stdio/conio/vpeek_screendollar
stdio/conio/generic_console_toggle_cursor
stdio/conio/generic_console_draw_cursor
