stdio/obj/net/__cons_state
stdio/obj/net/_fprintf
stdio/obj/net/_printf
stdio/obj/net/_printk
stdio/obj/net/_snprintf
stdio/obj/net/_sprintf
stdio/obj/net/_vfprintf
stdio/obj/net/_vsnprintf
stdio/obj/net/asm_vfprintf_level1
stdio/obj/net/asm_vfprintf_level2
stdio/obj/net/asm_vfprintf_level3
stdio/obj/net/asm_vfprintf_nolong_level1
stdio/obj/net/asm_vfprintf_nolong_level2
stdio/obj/net/asm_vfprintf_nolong_level3
stdio/obj/net/closeall
stdio/obj/net/fabandon
stdio/obj/net/fchkstd
stdio/obj/net/fclose
stdio/obj/net/fdopen
stdio/obj/net/feof
stdio/obj/net/fflush
stdio/obj/net/fgetc
stdio/obj/net/fgetpos
stdio/obj/net/fgets
stdio/obj/net/fgets_cons
stdio/obj/net/fopen
stdio/obj/net/fopen_z88
stdio/obj/net/fprintf
stdio/obj/net/fputc
stdio/obj/net/fputc_callee
stdio/obj/net/fputs
stdio/obj/net/fputs_callee
stdio/obj/net/fread
stdio/obj/net/freopen
stdio/obj/net/freopen_z88
stdio/obj/net/fseek
stdio/obj/net/ftell
stdio/obj/net/fwrite
stdio/obj/net/gets
stdio/obj/net/printf
stdio/obj/net/printk
stdio/obj/net/printk_outc
stdio/obj/net/printn
stdio/obj/net/puts
stdio/obj/net/puts_cons
stdio/obj/net/snprintf
stdio/obj/net/sprintf
stdio/obj/net/sprintf_outc
stdio/obj/net/ungetc
stdio/obj/net/vfprintf
stdio/obj/net/vsnprintf
stdio/obj/net/zsock/closenet
stdio/obj/net/zsock/fflush_net
stdio/obj/net/zsock/fgetc_net
stdio/obj/net/zsock/fputc_net
stdio/obj/net/zsock/opennet
stdio/obj/net/asm_scanf_core
stdio/obj/net/sscanf
stdio/obj/net/vfscanf
stdio/obj/net/scanf
stdio/obj/net/vsscanf
stdio/obj/net/_sscanf
stdio/obj/net/_vfscanf
stdio/obj/net/_scanf
stdio/obj/net/_vsscanf
stdio/obj/net/fscanf
stdio/obj/net/_fscanf
stdio/obj/net/__scanf_handle_f
