stdio/obj/cpm/__cons_state
stdio/obj/cpm/_fprintf
stdio/obj/cpm/_printf
stdio/obj/cpm/_printk
stdio/obj/cpm/_snprintf
stdio/obj/cpm/_sprintf
stdio/obj/cpm/_vfprintf
stdio/obj/cpm/_vsnprintf
stdio/obj/cpm/asm_vfprintf_level1
stdio/obj/cpm/asm_vfprintf_level2
stdio/obj/cpm/asm_vfprintf_level3
stdio/obj/cpm/asm_vfprintf_nolong_level1
stdio/obj/cpm/asm_vfprintf_nolong_level2
stdio/obj/cpm/asm_vfprintf_nolong_level3
stdio/obj/cpm/closeall
stdio/obj/cpm/fabandon
stdio/obj/cpm/fchkstd
stdio/obj/cpm/fclose
stdio/obj/cpm/fdopen
stdio/obj/cpm/feof
stdio/obj/cpm/fgetc
stdio/obj/cpm/fgetpos
stdio/obj/cpm/fgets
stdio/obj/cpm/fgets_cons
stdio/obj/cpm/fopen
stdio/obj/cpm/fopen_z88
stdio/obj/cpm/fprintf
stdio/obj/cpm/fputc
stdio/obj/cpm/fputc_callee
stdio/obj/cpm/fputs
stdio/obj/cpm/fputs_callee
stdio/obj/cpm/fread
stdio/obj/cpm/freopen
stdio/obj/cpm/freopen_z88
stdio/obj/cpm/fseek
stdio/obj/cpm/ftell
stdio/obj/cpm/fwrite
stdio/obj/cpm/gets
stdio/obj/cpm/printf
stdio/obj/cpm/printk
stdio/obj/cpm/printk_outc
stdio/obj/cpm/printn
stdio/obj/cpm/puts
stdio/obj/cpm/puts_cons
stdio/obj/cpm/snprintf
stdio/obj/cpm/sprintf
stdio/obj/cpm/sprintf_outc
stdio/obj/cpm/ungetc
stdio/obj/cpm/vfprintf
stdio/obj/cpm/vsnprintf
stdio/obj/cpm/__scanf_common_start
stdio/obj/cpm/__scanf_consume_whitespace
stdio/obj/cpm/__scanf_format_table
stdio/obj/cpm/__scanf_get_number
stdio/obj/cpm/__scanf_handle_B
stdio/obj/cpm/__scanf_handle_c
stdio/obj/cpm/__scanf_handle_d
stdio/obj/cpm/__scanf_handle_f
stdio/obj/cpm/__scanf_handle_i
stdio/obj/cpm/__scanf_handle_n
stdio/obj/cpm/__scanf_handle_o
stdio/obj/cpm/__scanf_handle_s
stdio/obj/cpm/__scanf_handle_x
stdio/obj/cpm/__scanf_parse_number
stdio/obj/cpm/_fscanf
stdio/obj/cpm/_scanf
stdio/obj/cpm/_sscanf
stdio/obj/cpm/_vfscanf
stdio/obj/cpm/_vsscanf
stdio/obj/cpm/asm_scanf
stdio/obj/cpm/fscanf
stdio/obj/cpm/scanf
stdio/obj/cpm/sscanf
stdio/obj/cpm/vfscanf
stdio/obj/cpm/vsscanf
