arch/z80/c/sdcc/z80_delay_ms
arch/z80/c/sdcc/z80_delay_ms_fastcall
arch/z80/c/sdcc/z80_delay_tstate
arch/z80/c/sdcc/z80_delay_tstate_fastcall
arch/z80/c/sdcc/z80_get_int_state
arch/z80/c/sdcc/z80_indr
arch/z80/c/sdcc/z80_indr_callee
arch/z80/c/sdcc/z80_inir
arch/z80/c/sdcc/z80_inir_callee
arch/z80/c/sdcc/z80_inp
arch/z80/c/sdcc/z80_inp_fastcall
arch/z80/c/sdcc/z80_otdr
arch/z80/c/sdcc/z80_otdr_callee
arch/z80/c/sdcc/z80_otir
arch/z80/c/sdcc/z80_otir_callee
arch/z80/c/sdcc/z80_outp
arch/z80/c/sdcc/z80_outp_callee
arch/z80/c/sdcc/z80_set_int_state
arch/z80/c/sdcc/z80_set_int_state_fastcall
@arch/z80/z80_asm.lst
