target/srr/stdio/fgetc_cons
target/srr/stdio/fputc_cons
target/srr/stdio/getk
target/srr/stdio/CRT_FONT
target/srr/stdio/generic_console
target/srr/stdio/generic_console_ioctl
@stdio/stdio.lst

@input/input_keyboard.lst
target/srr/graphics/textpixl
@gfx/gencon/gfx_gencon.lst
target/srr/games/keys_joystick
@games/games.lst
target/srr/srr/obj/${TARGET}/getplot
target/srr/srr/obj/${TARGET}/invid
target/srr/srr/obj/${TARGET}/monitor
target/srr/srr/obj/${TARGET}/rtape
target/srr/srr/obj/${TARGET}/wtape
target/srr/srr/obj/${TARGET}/rtapeg
target/srr/srr/obj/${TARGET}/fillplot
target/srr/srr/obj/${TARGET}/linefill
target/srr/srr/obj/${TARGET}/fillcur
target/srr/srr/obj/${TARGET}/srr_arghak
target/srr/srr/obj/${TARGET}/srr_args
target/srr/srr/obj/${TARGET}/srr_fillb
target/srr/srr/obj/${TARGET}/srr_fill
target/srr/srr/obj/${TARGET}/srr_wait
target/srr/srr/obj/${TARGET}/strrot
target/srr/srr/obj/${TARGET}/cursor
target/srr/srr/obj/${TARGET}/remcur
target/srr/srr/obj/${TARGET}/mwa
target/srr/srr/obj/${TARGET}/exycall
target/srr/srr/obj/${TARGET}/tape_load_block
target/srr/srr/obj/${TARGET}/tape_save_block
