@target/zx-libs/bifrost_h/bifrost_h_asm.lst
target/zx-libs/bifrost_h/c/sccz80/BIFROSTH_drawBackTilesH
target/zx-libs/bifrost_h/c/sccz80/BIFROSTH_drawBackTilesH_callee
target/zx-libs/bifrost_h/c/sccz80/BIFROSTH_drawTileH
target/zx-libs/bifrost_h/c/sccz80/BIFROSTH_drawTileH_callee
target/zx-libs/bifrost_h/c/sccz80/BIFROSTH_drawTilePosH
target/zx-libs/bifrost_h/c/sccz80/BIFROSTH_drawTilePosH_callee
target/zx-libs/bifrost_h/c/sccz80/BIFROSTH_fillTileAttrH
target/zx-libs/bifrost_h/c/sccz80/BIFROSTH_fillTileAttrH_callee
target/zx-libs/bifrost_h/c/sccz80/BIFROSTH_findAttrH
target/zx-libs/bifrost_h/c/sccz80/BIFROSTH_findAttrH_callee
target/zx-libs/bifrost_h/c/sccz80/BIFROSTH_getAnimGroup
target/zx-libs/bifrost_h/c/sccz80/BIFROSTH_getTile
target/zx-libs/bifrost_h/c/sccz80/BIFROSTH_getTile_callee
target/zx-libs/bifrost_h/c/sccz80/BIFROSTH_resetAnim2Frames
target/zx-libs/bifrost_h/c/sccz80/BIFROSTH_resetAnim4Frames
target/zx-libs/bifrost_h/c/sccz80/BIFROSTH_setTile
target/zx-libs/bifrost_h/c/sccz80/BIFROSTH_setTile_callee
target/zx-libs/bifrost_h/c/sccz80/BIFROSTH_showNextTile
target/zx-libs/bifrost_h/c/sccz80/BIFROSTH_showTilePosH
target/zx-libs/bifrost_h/c/sccz80/BIFROSTH_showTilePosH_callee
target/zx-libs/bifrost_h/c/sccz80/BIFROSTH_start
target/zx-libs/bifrost_h/c/sccz80/BIFROSTH_stop
