classic/rect/obj/${TYPE}/r_IntersectIval16
classic/rect/obj/${TYPE}/r_IntersectIval8
classic/rect/obj/${TYPE}/r_IntersectRect16
classic/rect/obj/${TYPE}/r_IntersectRect8
classic/rect/obj/${TYPE}/r_IsIvalInIval16
classic/rect/obj/${TYPE}/r_IsIvalInIval8
classic/rect/obj/${TYPE}/r_IsPtInIval16
classic/rect/obj/${TYPE}/r_IsPtInIval8
classic/rect/obj/${TYPE}/r_IsPtInRect16
classic/rect/obj/${TYPE}/r_IsPtInRect8
classic/rect/obj/${TYPE}/r_IsRectInRect16
classic/rect/obj/${TYPE}/r_IsRectInRect8
classic/rect/obj/${TYPE}/RIntersectIval16
classic/rect/obj/${TYPE}/RIntersectIval8
classic/rect/obj/${TYPE}/RIntersectRect16
classic/rect/obj/${TYPE}/RIntersectRect8
classic/rect/obj/${TYPE}/RIsIvalInIval16
classic/rect/obj/${TYPE}/RIsIvalInIval8
classic/rect/obj/${TYPE}/RIsPtInIval16
classic/rect/obj/${TYPE}/RIsPtInIval8
classic/rect/obj/${TYPE}/RIsPtInRect16
classic/rect/obj/${TYPE}/RIsPtInRect8
classic/rect/obj/${TYPE}/RIsRectInRect16
classic/rect/obj/${TYPE}/RIsRectInRect8
