target/z9001/stdio/fgetc_cons
target/z9001/stdio/getk
target/z9001/stdio/fputc_cons
target/z9001/stdio/generic_console
target/z9001/stdio/generic_console_MODE1
target/z9001/stdio/generic_console_ioctl
target/z9001/stdio/CRT_FONT
target/z9001/stdio/conio_vars
target/z9001/stdio/conio_map_colour
@stdio/ansicore.lst
target/z9001/stdio/ansi/f_ansi_attr
target/z9001/stdio/ansi/f_ansi_bel
target/z9001/stdio/ansi/f_ansi_char
target/z9001/stdio/ansi/f_ansi_cls
stdio/obj/${TYPE}/ansi/generic/f_ansi_dline
target/z9001/stdio/ansi/f_ansi_scrollup
@stdio/stdio.lst
target/z9001/games/joystick
@games/games.lst
target/z9001/graphics/textpixl



target/z9001/graphics/cleargraphics
target/z9001/graphics/getmaxx
target/z9001/graphics/getmaxy
target/z9001/graphics/plot_MODE0
target/z9001/graphics/plot_MODE1
target/z9001/graphics/w_plotpixl
target/z9001/graphics/w_pointxy
target/z9001/graphics/pointxy_MODE0
target/z9001/graphics/pointxy_MODE1
target/z9001/graphics/res_MODE0
target/z9001/graphics/res_MODE1
target/z9001/graphics/w_respixl
target/z9001/graphics/textpixl
target/z9001/graphics/w_pixladdr
target/z9001/graphics/w_putsprite
target/z9001/graphics/w_stencil_render
target/z9001/graphics/xor_MODE0
target/z9001/graphics/xor_MODE1
target/z9001/graphics/w_xorpixl
@video/krt/video_krt.lst
@gfx/wide/gfx_wide.lst

