@arch/zx/esxdos/esxdos_asm.lst
arch/zx/esxdos/c/sdcc_ix/esxdos_dot_disk_info
arch/zx/esxdos/c/sdcc_ix/esxdos_dot_disk_info_callee
arch/zx/esxdos/c/sdcc_ix/esxdos_dot_disk_read
arch/zx/esxdos/c/sdcc_ix/esxdos_dot_disk_read_callee
arch/zx/esxdos/c/sdcc_ix/esxdos_dot_disk_write
arch/zx/esxdos/c/sdcc_ix/esxdos_dot_disk_write_callee
arch/zx/esxdos/c/sdcc_ix/esxdos_dot_f_chdir
arch/zx/esxdos/c/sdcc_ix/esxdos_dot_f_chdir_fastcall
arch/zx/esxdos/c/sdcc_ix/esxdos_dot_f_close
arch/zx/esxdos/c/sdcc_ix/esxdos_dot_f_close_fastcall
arch/zx/esxdos/c/sdcc_ix/esxdos_dot_f_fgetpos
arch/zx/esxdos/c/sdcc_ix/esxdos_dot_f_fgetpos_fastcall
arch/zx/esxdos/c/sdcc_ix/esxdos_dot_f_fstat
arch/zx/esxdos/c/sdcc_ix/esxdos_dot_f_fstat_callee
arch/zx/esxdos/c/sdcc_ix/esxdos_dot_f_getcwd
arch/zx/esxdos/c/sdcc_ix/esxdos_dot_f_getcwd_fastcall
arch/zx/esxdos/c/sdcc_ix/esxdos_dot_f_open
arch/zx/esxdos/c/sdcc_ix/esxdos_dot_f_open_callee
arch/zx/esxdos/c/sdcc_ix/esxdos_dot_f_open_p3
arch/zx/esxdos/c/sdcc_ix/esxdos_dot_f_open_p3_callee
arch/zx/esxdos/c/sdcc_ix/esxdos_dot_f_opendir
arch/zx/esxdos/c/sdcc_ix/esxdos_dot_f_opendir_fastcall
arch/zx/esxdos/c/sdcc_ix/esxdos_dot_f_opendir_p3
arch/zx/esxdos/c/sdcc_ix/esxdos_dot_f_opendir_p3_fastcall
arch/zx/esxdos/c/sdcc_ix/esxdos_dot_f_read
arch/zx/esxdos/c/sdcc_ix/esxdos_dot_f_read_callee
arch/zx/esxdos/c/sdcc_ix/esxdos_dot_f_readdir
arch/zx/esxdos/c/sdcc_ix/esxdos_dot_f_readdir_callee
arch/zx/esxdos/c/sdcc_ix/esxdos_dot_f_seek
arch/zx/esxdos/c/sdcc_ix/esxdos_dot_f_seek_callee
arch/zx/esxdos/c/sdcc_ix/esxdos_dot_f_sync
arch/zx/esxdos/c/sdcc_ix/esxdos_dot_f_sync_fastcall
arch/zx/esxdos/c/sdcc_ix/esxdos_dot_f_unlink
arch/zx/esxdos/c/sdcc_ix/esxdos_dot_f_unlink_fastcall
arch/zx/esxdos/c/sdcc_ix/esxdos_dot_f_write
arch/zx/esxdos/c/sdcc_ix/esxdos_dot_f_write_callee
arch/zx/esxdos/c/sdcc_ix/esxdos_dot_m_getdate
arch/zx/esxdos/c/sdcc_ix/esxdos_dot_m_getdrv
arch/zx/esxdos/c/sdcc_ix/esxdos_dot_m_gethandle
arch/zx/esxdos/c/sdcc_ix/esxdos_dot_m_setdrv
arch/zx/esxdos/c/sdcc_ix/esxdos_dot_m_setdrv_fastcall
arch/zx/esxdos/c/sdcc_ix/esxdos_ram_disk_info
arch/zx/esxdos/c/sdcc_ix/esxdos_ram_disk_info_callee
arch/zx/esxdos/c/sdcc_ix/esxdos_ram_disk_read
arch/zx/esxdos/c/sdcc_ix/esxdos_ram_disk_read_callee
arch/zx/esxdos/c/sdcc_ix/esxdos_ram_disk_write
arch/zx/esxdos/c/sdcc_ix/esxdos_ram_disk_write_callee
arch/zx/esxdos/c/sdcc_ix/esxdos_ram_f_chdir
arch/zx/esxdos/c/sdcc_ix/esxdos_ram_f_chdir_fastcall
arch/zx/esxdos/c/sdcc_ix/esxdos_ram_f_close
arch/zx/esxdos/c/sdcc_ix/esxdos_ram_f_close_fastcall
arch/zx/esxdos/c/sdcc_ix/esxdos_ram_f_fgetpos
arch/zx/esxdos/c/sdcc_ix/esxdos_ram_f_fgetpos_fastcall
arch/zx/esxdos/c/sdcc_ix/esxdos_ram_f_fstat
arch/zx/esxdos/c/sdcc_ix/esxdos_ram_f_fstat_callee
arch/zx/esxdos/c/sdcc_ix/esxdos_ram_f_getcwd
arch/zx/esxdos/c/sdcc_ix/esxdos_ram_f_getcwd_fastcall
arch/zx/esxdos/c/sdcc_ix/esxdos_ram_f_open
arch/zx/esxdos/c/sdcc_ix/esxdos_ram_f_open_callee
arch/zx/esxdos/c/sdcc_ix/esxdos_ram_f_open_p3
arch/zx/esxdos/c/sdcc_ix/esxdos_ram_f_open_p3_callee
arch/zx/esxdos/c/sdcc_ix/esxdos_ram_f_opendir
arch/zx/esxdos/c/sdcc_ix/esxdos_ram_f_opendir_fastcall
arch/zx/esxdos/c/sdcc_ix/esxdos_ram_f_opendir_p3
arch/zx/esxdos/c/sdcc_ix/esxdos_ram_f_opendir_p3_fastcall
arch/zx/esxdos/c/sdcc_ix/esxdos_ram_f_read
arch/zx/esxdos/c/sdcc_ix/esxdos_ram_f_read_callee
arch/zx/esxdos/c/sdcc_ix/esxdos_ram_f_readdir
arch/zx/esxdos/c/sdcc_ix/esxdos_ram_f_readdir_callee
arch/zx/esxdos/c/sdcc_ix/esxdos_ram_f_seek
arch/zx/esxdos/c/sdcc_ix/esxdos_ram_f_seek_callee
arch/zx/esxdos/c/sdcc_ix/esxdos_ram_f_sync
arch/zx/esxdos/c/sdcc_ix/esxdos_ram_f_sync_fastcall
arch/zx/esxdos/c/sdcc_ix/esxdos_ram_f_unlink
arch/zx/esxdos/c/sdcc_ix/esxdos_ram_f_unlink_fastcall
arch/zx/esxdos/c/sdcc_ix/esxdos_ram_f_write
arch/zx/esxdos/c/sdcc_ix/esxdos_ram_f_write_callee
arch/zx/esxdos/c/sdcc_ix/esxdos_ram_m_getdate
arch/zx/esxdos/c/sdcc_ix/esxdos_ram_m_getdrv
arch/zx/esxdos/c/sdcc_ix/esxdos_ram_m_gethandle
arch/zx/esxdos/c/sdcc_ix/esxdos_ram_m_setdrv
arch/zx/esxdos/c/sdcc_ix/esxdos_ram_m_setdrv_fastcall
