spectrum/cwrapper/sp1_AddColSpr
spectrum/cwrapper/sp1_ChangeSprType
spectrum/cwrapper/sp1_ClearRect
spectrum/cwrapper/sp1_ClearRectInv
spectrum/cwrapper/sp1_CreateSpr
spectrum/cwrapper/sp1_DeleteSpr
spectrum/cwrapper/sp1_GetSprClr
spectrum/cwrapper/sp1_GetSprClrAddr
spectrum/cwrapper/sp1_GetTiles
spectrum/cwrapper/sp1_GetUpdateStruct
spectrum/cwrapper/sp1_Initialize
spectrum/cwrapper/sp1_Invalidate
spectrum/cwrapper/sp1_InvUpdateStruct
spectrum/cwrapper/sp1_IterateSprChar
spectrum/cwrapper/sp1_IterateUpdateArr
spectrum/cwrapper/sp1_IterateUpdateRect
spectrum/cwrapper/sp1_MoveSprAbs
spectrum/cwrapper/sp1_MoveSprPix
spectrum/cwrapper/sp1_MoveSprRel
spectrum/cwrapper/sp1_PrintAt
spectrum/cwrapper/sp1_PrintAtInv
spectrum/cwrapper/sp1_PutSprClr
spectrum/cwrapper/sp1_PutTiles
spectrum/cwrapper/sp1_PutTilesInv
spectrum/cwrapper/sp1_Screen
spectrum/cwrapper/sp1_ScreenAttr
spectrum/cwrapper/sp1_ScreenStr
spectrum/cwrapper/sp1_SprId2Type
spectrum/cwrapper/sp1_TileEntry
spectrum/cwrapper/sp1_UpdateNow
spectrum/cwrapper/sp1_Validate
spectrum/cwrapper/sp1_ValUpdateStruct
spectrum/sprites/SP1_CS_PROTOTYPE
spectrum/sprites/SP1_SS_PROTOTYPE
spectrum/sprites/SP1AddColSpr
spectrum/sprites/SP1ChangeSprType
spectrum/sprites/SP1CreateSpr
spectrum/sprites/SP1DeleteSpr
spectrum/sprites/SP1GetSprClr
spectrum/sprites/SP1GetSprClrAddr
spectrum/sprites/SP1IterateSprChar
spectrum/sprites/SP1MoveSprPix
spectrum/sprites/SP1MoveSprRel
spectrum/sprites/SP1PutSprClr
spectrum/sprites/SP1SprId2Type
spectrum/sprites/draw/***
spectrum/tiles/SP1ClearRect
spectrum/tiles/SP1ClearRectInv
spectrum/tiles/SP1GetTiles
spectrum/tiles/SP1PrintAt
spectrum/tiles/SP1PrintAtInv
spectrum/tiles/SP1PutTiles
spectrum/tiles/SP1PutTilesInv
spectrum/tiles/SP1Screen
spectrum/tiles/SP1ScreenAttr
spectrum/tiles/SP1ScreenStr
spectrum/tiles/SP1TileEntry
spectrum/updater/SP1GetUpdateStruct
spectrum/updater/SP1Initialize
spectrum/updater/SP1Invalidate
spectrum/updater/SP1InvUpdateStruct
spectrum/updater/SP1IterateUpdateArr
spectrum/updater/SP1IterateUpdateRect
spectrum/updater/SP1UpdateNow
spectrum/updater/SP1Validate
spectrum/updater/SP1ValUpdateStruct
