icos
isin
i2f
f2i
div256
ellipse
mesh_new
mesh_delete
stencil_add_polygon
stencil_add_ellipse
vector_cross_product
vector_cross_product_z
vector_add
vector_dot_product
vector_length
vector_normalize
vector_rotate
vector_scalar
vector_subtract
object_apply_transformations
object_render_flatshading
object_render_wireframe
ozcopyvector
oztranslatevector
ozplotpoint
ozplotpointcam
ozrotatepointx
ozrotatepointy
ozrotatepointz
polygon
set_direction
get_direction
fwd
turn_left
turn_right
dot_v
mult_v
scale_v
unit_v
identity_m
mult_m
rotx_m
roty_m
rotz_m
scale_m
shear_m
translate_m
projection_opengl_m
projection_w3woody_m
