target/zx-common/graphics/obj/${TARGET}/__set_zx_pixel_colour
target/zx-common/graphics/obj/${TARGET}/hl_inc_x_MODE6
target/zx-common/graphics/obj/${TARGET}/inc_x_MODE6
target/zx-common/graphics/obj/${TARGET}/inc_y_MODE6
target/zx-common/graphics/obj/${TARGET}/res_MODE0
target/zx-common/graphics/obj/${TARGET}/pointxy_MODE0
target/zx-common/graphics/obj/${TARGET}/plot_MODE6
target/zx-common/graphics/obj/${TARGET}/pixladdr_MODE6
target/zx-common/graphics/obj/${TARGET}/w_pixladdr
target/zx-common/graphics/obj/${TARGET}/w_xorpixl
target/zx-common/graphics/obj/${TARGET}/getmaxx
target/zx-common/graphics/obj/${TARGET}/xor_MODE64
target/zx-common/graphics/obj/${TARGET}/res_MODE64
target/zx-common/graphics/obj/${TARGET}/xor_MODE0
target/zx-common/graphics/obj/${TARGET}/w_respixl
target/zx-common/graphics/obj/${TARGET}/plot_MODE64
target/zx-common/graphics/obj/${TARGET}/plot_MODE0
target/zx-common/graphics/obj/${TARGET}/res_MODE6
target/zx-common/graphics/obj/${TARGET}/pointxy_MODE64
target/zx-common/graphics/obj/${TARGET}/pointxy_MODE6
target/zx-common/graphics/obj/${TARGET}/cleargraphics
target/zx-common/graphics/obj/${TARGET}/asm_zxn_copytiles
target/zx-common/graphics/obj/${TARGET}/pixladdr_MODE0
target/zx-common/graphics/obj/${TARGET}/xor_MODE6
target/zx-common/graphics/obj/${TARGET}/w_plotpixl
target/zx-common/graphics/obj/${TARGET}/w_pointxy
target/zx-common/graphics/obj/${TARGET}/asm_zxn_tilemap_palette
target/zx-common/graphics/obj/${TARGET}/textpixl
target/zx-common/graphics/obj/${TARGET}/getmaxy
target/zx-common/graphics/obj/${TARGET}/w_putsprite
target/zx-common/graphics/obj/${TARGET}/w_stencil_render
target/zx-common/graphics/obj/${TARGET}/w_clga_callee
target/zx-common/graphics/obj/${TARGET}/w_xorclga_callee
target/zx-common/graphics/obj/${TARGET}/w_fillb_callee
