target/mz/stdio/fgetc_cons
target/mz/stdio/fputc_cons
target/mz/stdio/getk
target/mz/stdio/generic_console
target/mz/stdio/sharpmz_conversion
target/mz/stdio/conio_map_colour
@classic/stdio/ansicore.lst
target/mz/stdio/ansi/f_ansi_attr
target/mz/stdio/ansi/f_ansi_bel
target/mz/stdio/ansi/f_ansi_char
target/mz/stdio/ansi/f_ansi_cls
classic/stdio/obj/${TYPE}/ansi/generic/f_ansi_dline
target/mz/stdio/ansi/f_ansi_scrollup
@classic/stdio/stdio.lst
sound/sn76489/obj/${TYPE}/**/*.o
target/mz/graphics/clsgraph
target/mz/graphics/plotpixl
target/mz/graphics/respixl
target/mz/graphics/xorpixl
target/mz/graphics/pointxy
target/mz/mz_border
target/mz/get_mz800_vmode
target/mz/set_mz800_vmode
target/mz/mz800_vsync
target/mz/tape/obj/${TARGET}/mztape_load_block
target/mz/tape/obj/${TARGET}/mztape_load_block_callee
target/mz/tape/obj/${TARGET}/mztape_save_block
target/mz/tape/obj/${TARGET}/mztape_save_block_callee
target/mz/tape/obj/${TARGET}/mztape_load_header
target/mz/tape/obj/${TARGET}/mztape_load_header_callee
target/mz/tape/obj/${TARGET}/mztape_save_header
target/mz/tape/obj/${TARGET}/mztape_save_header_callee
target/mz/tape/obj/${TARGET}/tape_save
target/mz/tape/obj/${TARGET}/tape_save_block
target/mz/tape/obj/${TARGET}/tape_load_block
target/mz/tape/obj/${TARGET}/mztape_motor
target/mz/tape/obj/${TARGET}/bit_load_block_zx
target/mz/tape/obj/${TARGET}/bit_load_block_zx_callee
target/mz/tape/obj/${TARGET}/bit_save_block_zx
target/mz/tape/obj/${TARGET}/bit_save_block_zx_callee
@classic/gfx/narrow/gfx_narrow.lst
@classic/games/games.lst

