target/zxn-libs/esxdos/z80/__esx_exx_mmu67_bc
target/zxn-libs/esxdos/z80/__vars_esx_errh
target/zxn-libs/esxdos/z80/__vars_esx_stream
target/zxn-libs/esxdos/z80/asm_esx_disk_filemap
target/zxn-libs/esxdos/z80/asm_esx_disk_stream_bytes
target/zxn-libs/esxdos/z80/asm_esx_disk_stream_end
target/zxn-libs/esxdos/z80/asm_esx_disk_stream_sectors
target/zxn-libs/esxdos/z80/asm_esx_disk_stream_start
target/zxn-libs/esxdos/z80/asm_esx_dos_catalog
target/zxn-libs/esxdos/z80/asm_esx_dos_catalog_next
target/zxn-libs/esxdos/z80/asm_esx_dos_getset_drive
target/zxn-libs/esxdos/z80/asm_esx_f_chdir
target/zxn-libs/esxdos/z80/asm_esx_f_chmod
target/zxn-libs/esxdos/z80/asm_esx_f_close
target/zxn-libs/esxdos/z80/asm_esx_f_closedir
target/zxn-libs/esxdos/z80/asm_esx_f_fgetpos
target/zxn-libs/esxdos/z80/asm_esx_f_fstat
target/zxn-libs/esxdos/z80/asm_esx_f_ftrunc
target/zxn-libs/esxdos/z80/asm_esx_f_get_canonical_path
target/zxn-libs/esxdos/z80/asm_esx_f_getcwd
target/zxn-libs/esxdos/z80/asm_esx_f_getcwd_drive
target/zxn-libs/esxdos/z80/asm_esx_f_getfree
target/zxn-libs/esxdos/z80/asm_esx_f_mkdir
target/zxn-libs/esxdos/z80/asm_esx_f_open
target/zxn-libs/esxdos/z80/asm_esx_f_opendir
target/zxn-libs/esxdos/z80/asm_esx_f_open_p3
target/zxn-libs/esxdos/z80/asm_esx_f_read
target/zxn-libs/esxdos/z80/asm_esx_f_readdir
target/zxn-libs/esxdos/z80/asm_esx_f_rename
target/zxn-libs/esxdos/z80/asm_esx_f_rewinddir
target/zxn-libs/esxdos/z80/asm_esx_f_rmdir
target/zxn-libs/esxdos/z80/asm_esx_f_seek
target/zxn-libs/esxdos/z80/asm_esx_f_seekdir
target/zxn-libs/esxdos/z80/asm_esx_f_stat
target/zxn-libs/esxdos/z80/asm_esx_f_sync
target/zxn-libs/esxdos/z80/asm_esx_f_telldir
target/zxn-libs/esxdos/z80/asm_esx_f_trunc
target/zxn-libs/esxdos/z80/asm_esx_f_unlink
target/zxn-libs/esxdos/z80/asm_esx_f_write
target/zxn-libs/esxdos/z80/asm_esx_ide_bank_alloc
target/zxn-libs/esxdos/z80/asm_esx_ide_bank_avail
target/zxn-libs/esxdos/z80/asm_esx_ide_bank_free
target/zxn-libs/esxdos/z80/asm_esx_ide_bank_reserve
target/zxn-libs/esxdos/z80/asm_esx_ide_bank_total
target/zxn-libs/esxdos/z80/asm_esx_ide_browser
target/zxn-libs/esxdos/z80/asm_esx_ide_get_lfn
target/zxn-libs/esxdos/z80/asm_esx_ide_mode_get
target/zxn-libs/esxdos/z80/asm_esx_ide_mode_set
target/zxn-libs/esxdos/z80/asm_esx_m_dosversion
target/zxn-libs/esxdos/z80/asm_esx_m_drvapi
target/zxn-libs/esxdos/z80/asm_esx_m_errh
target/zxn-libs/esxdos/z80/asm_esx_m_execcmd
target/zxn-libs/esxdos/z80/asm_esx_m_getdate
target/zxn-libs/esxdos/z80/asm_esx_m_geterr
target/zxn-libs/esxdos/z80/asm_esx_m_gethandle
target/zxn-libs/esxdos/z80/asm_esx_m_getsetdrv
target/zxn-libs/esxdos/z80/asm_esx_m_setcaps
target/zxn-libs/esxdos/z80/asm_esx_m_tapein_close
target/zxn-libs/esxdos/z80/asm_esx_m_tapein_flags
target/zxn-libs/esxdos/z80/asm_esx_m_tapein_getpos
target/zxn-libs/esxdos/z80/asm_esx_m_tapein_info
target/zxn-libs/esxdos/z80/asm_esx_m_tapein_open
target/zxn-libs/esxdos/z80/asm_esx_m_tapein_setpos
target/zxn-libs/esxdos/z80/asm_esx_m_tapein_toggle_pause
target/zxn-libs/esxdos/z80/asm_esx_m_tapeout_close
target/zxn-libs/esxdos/z80/asm_esx_m_tapeout_info
target/zxn-libs/esxdos/z80/asm_esx_m_tapeout_open
target/zxn-libs/esxdos/z80/asm_esx_m_tapeout_trunc
target/zxn-libs/esxdos/z80/asm_esx_slice_dirent
target/zxn-libs/esxdos/z80/asm_extended_sna_load
target/zxn-libs/esxdos/z80/asm_p3dos_copy_cstr_to_pstr
target/zxn-libs/esxdos/z80/asm_p3dos_copy_pstr_to_cstr
target/zxn-libs/esxdos/z80/asm_p3dos_cstr_to_pstr
target/zxn-libs/esxdos/z80/asm_p3dos_dosname_from_catname
target/zxn-libs/esxdos/z80/asm_p3dos_edrv_from_pdrv
target/zxn-libs/esxdos/z80/asm_p3dos_pdrv_from_edrv
target/zxn-libs/esxdos/z80/asm_p3dos_pstr_to_cstr
