@target/zxn-libs/esxdos/esxdos_asm.lst
@target/zx-libs/esxdos/esxdos_sdcc_ix.lst
target/zxn-libs/esxdos/c/sdcc_ix/esx_disk_filemap
target/zxn-libs/esxdos/c/sdcc_ix/esx_disk_filemap_callee
target/zxn-libs/esxdos/c/sdcc_ix/esx_disk_stream_bytes
target/zxn-libs/esxdos/c/sdcc_ix/esx_disk_stream_bytes_callee
target/zxn-libs/esxdos/c/sdcc_ix/esx_disk_stream_end
target/zxn-libs/esxdos/c/sdcc_ix/esx_disk_stream_sectors
target/zxn-libs/esxdos/c/sdcc_ix/esx_disk_stream_sectors_callee
target/zxn-libs/esxdos/c/sdcc_ix/esx_disk_stream_start
target/zxn-libs/esxdos/c/sdcc_ix/esx_disk_stream_start_fastcall
target/zxn-libs/esxdos/c/sdcc_ix/esx_dos_catalog
target/zxn-libs/esxdos/c/sdcc_ix/esx_dos_catalog_fastcall
target/zxn-libs/esxdos/c/sdcc_ix/esx_dos_catalog_next
target/zxn-libs/esxdos/c/sdcc_ix/esx_dos_catalog_next_fastcall
target/zxn-libs/esxdos/c/sdcc_ix/esx_dos_get_drive
target/zxn-libs/esxdos/c/sdcc_ix/esx_dos_set_drive
target/zxn-libs/esxdos/c/sdcc_ix/esx_dos_set_drive_fastcall
target/zxn-libs/esxdos/c/sdcc_ix/esx_f_chdir
target/zxn-libs/esxdos/c/sdcc_ix/esx_f_chdir_fastcall
target/zxn-libs/esxdos/c/sdcc_ix/esx_f_chmod
target/zxn-libs/esxdos/c/sdcc_ix/esx_f_chmod_callee
target/zxn-libs/esxdos/c/sdcc_ix/esx_f_close
target/zxn-libs/esxdos/c/sdcc_ix/esx_f_closedir
target/zxn-libs/esxdos/c/sdcc_ix/esx_f_closedir_fastcall
target/zxn-libs/esxdos/c/sdcc_ix/esx_f_close_fastcall
target/zxn-libs/esxdos/c/sdcc_ix/esx_f_fstat
target/zxn-libs/esxdos/c/sdcc_ix/esx_f_fstat_callee
target/zxn-libs/esxdos/c/sdcc_ix/esx_f_ftrunc
target/zxn-libs/esxdos/c/sdcc_ix/esx_f_ftrunc_callee
target/zxn-libs/esxdos/c/sdcc_ix/esx_f_get_canonical_path
target/zxn-libs/esxdos/c/sdcc_ix/esx_f_get_canonical_path_callee
target/zxn-libs/esxdos/c/sdcc_ix/esx_f_getcwd
target/zxn-libs/esxdos/c/sdcc_ix/esx_f_getcwd_fastcall
target/zxn-libs/esxdos/c/sdcc_ix/esx_f_getcwd_drive
target/zxn-libs/esxdos/c/sdcc_ix/esx_f_getcwd_drive_callee
target/zxn-libs/esxdos/c/sdcc_ix/esx_f_getfree
target/zxn-libs/esxdos/c/sdcc_ix/esx_f_fgetpos
target/zxn-libs/esxdos/c/sdcc_ix/esx_f_fgetpos_fastcall
target/zxn-libs/esxdos/c/sdcc_ix/esx_f_mkdir
target/zxn-libs/esxdos/c/sdcc_ix/esx_f_mkdir_fastcall
target/zxn-libs/esxdos/c/sdcc_ix/esx_f_open
target/zxn-libs/esxdos/c/sdcc_ix/esx_f_opendir
target/zxn-libs/esxdos/c/sdcc_ix/esx_f_opendir_ex
target/zxn-libs/esxdos/c/sdcc_ix/esx_f_opendir_ex_callee
target/zxn-libs/esxdos/c/sdcc_ix/esx_f_opendir_fastcall
target/zxn-libs/esxdos/c/sdcc_ix/esx_f_open_callee
target/zxn-libs/esxdos/c/sdcc_ix/esx_f_open_p3
target/zxn-libs/esxdos/c/sdcc_ix/esx_f_open_p3_callee
target/zxn-libs/esxdos/c/sdcc_ix/esx_f_read
target/zxn-libs/esxdos/c/sdcc_ix/esx_f_readdir
target/zxn-libs/esxdos/c/sdcc_ix/esx_f_readdir_callee
target/zxn-libs/esxdos/c/sdcc_ix/esx_f_read_callee
target/zxn-libs/esxdos/c/sdcc_ix/esx_f_rename
target/zxn-libs/esxdos/c/sdcc_ix/esx_f_rename_callee
target/zxn-libs/esxdos/c/sdcc_ix/esx_f_rewinddir
target/zxn-libs/esxdos/c/sdcc_ix/esx_f_rewinddir_fastcall
target/zxn-libs/esxdos/c/sdcc_ix/esx_f_rmdir
target/zxn-libs/esxdos/c/sdcc_ix/esx_f_rmdir_fastcall
target/zxn-libs/esxdos/c/sdcc_ix/esx_f_seek
target/zxn-libs/esxdos/c/sdcc_ix/esx_f_seekdir
target/zxn-libs/esxdos/c/sdcc_ix/esx_f_seekdir_callee
target/zxn-libs/esxdos/c/sdcc_ix/esx_f_seek_callee
target/zxn-libs/esxdos/c/sdcc_ix/esx_f_stat
target/zxn-libs/esxdos/c/sdcc_ix/esx_f_stat_callee
target/zxn-libs/esxdos/c/sdcc_ix/esx_f_sync
target/zxn-libs/esxdos/c/sdcc_ix/esx_f_sync_fastcall
target/zxn-libs/esxdos/c/sdcc_ix/esx_f_telldir
target/zxn-libs/esxdos/c/sdcc_ix/esx_f_telldir_fastcall
target/zxn-libs/esxdos/c/sdcc_ix/esx_f_trunc
target/zxn-libs/esxdos/c/sdcc_ix/esx_f_trunc_callee
target/zxn-libs/esxdos/c/sdcc_ix/esx_f_unlink
target/zxn-libs/esxdos/c/sdcc_ix/esx_f_unlink_fastcall
target/zxn-libs/esxdos/c/sdcc_ix/esx_f_write
target/zxn-libs/esxdos/c/sdcc_ix/esx_f_write_callee
target/zxn-libs/esxdos/c/sdcc_ix/esx_ide_bank_alloc
target/zxn-libs/esxdos/c/sdcc_ix/esx_ide_bank_alloc_fastcall
target/zxn-libs/esxdos/c/sdcc_ix/esx_ide_bank_avail
target/zxn-libs/esxdos/c/sdcc_ix/esx_ide_bank_avail_fastcall
target/zxn-libs/esxdos/c/sdcc_ix/esx_ide_bank_free
target/zxn-libs/esxdos/c/sdcc_ix/esx_ide_bank_free_callee
target/zxn-libs/esxdos/c/sdcc_ix/esx_ide_bank_reserve
target/zxn-libs/esxdos/c/sdcc_ix/esx_ide_bank_reserve_callee
target/zxn-libs/esxdos/c/sdcc_ix/esx_ide_bank_total
target/zxn-libs/esxdos/c/sdcc_ix/esx_ide_bank_total_fastcall
target/zxn-libs/esxdos/c/sdcc_ix/esx_ide_browser
target/zxn-libs/esxdos/c/sdcc_ix/esx_ide_browser_callee
target/zxn-libs/esxdos/c/sdcc_ix/esx_ide_get_lfn
target/zxn-libs/esxdos/c/sdcc_ix/esx_ide_get_lfn_callee
target/zxn-libs/esxdos/c/sdcc_ix/esx_ide_mode_get
target/zxn-libs/esxdos/c/sdcc_ix/esx_ide_mode_get_fastcall
target/zxn-libs/esxdos/c/sdcc_ix/esx_ide_mode_set
target/zxn-libs/esxdos/c/sdcc_ix/esx_ide_mode_set_fastcall
target/zxn-libs/esxdos/c/sdcc_ix/esx_m_dosversion
target/zxn-libs/esxdos/c/sdcc_ix/esx_m_drvapi
target/zxn-libs/esxdos/c/sdcc_ix/esx_m_drvapi_fastcall
target/zxn-libs/esxdos/c/sdcc_ix/esx_m_errh
target/zxn-libs/esxdos/c/sdcc_ix/esx_m_errh_fastcall
target/zxn-libs/esxdos/c/sdcc_ix/esx_m_execcmd
target/zxn-libs/esxdos/c/sdcc_ix/esx_m_execcmd_fastcall
target/zxn-libs/esxdos/c/sdcc_ix/esx_m_getdate
target/zxn-libs/esxdos/c/sdcc_ix/esx_m_getdate_fastcall
target/zxn-libs/esxdos/c/sdcc_ix/esx_m_getdrv
target/zxn-libs/esxdos/c/sdcc_ix/esx_m_geterr
target/zxn-libs/esxdos/c/sdcc_ix/esx_m_geterr_callee
target/zxn-libs/esxdos/c/sdcc_ix/esx_m_gethandle
target/zxn-libs/esxdos/c/sdcc_ix/esx_m_setcaps
target/zxn-libs/esxdos/c/sdcc_ix/esx_m_setcaps_fastcall
target/zxn-libs/esxdos/c/sdcc_ix/esx_m_setdrv
target/zxn-libs/esxdos/c/sdcc_ix/esx_m_setdrv_fastcall
target/zxn-libs/esxdos/c/sdcc_ix/esx_m_tapein_close
target/zxn-libs/esxdos/c/sdcc_ix/esx_m_tapein_flags
target/zxn-libs/esxdos/c/sdcc_ix/esx_m_tapein_flags_fastcall
target/zxn-libs/esxdos/c/sdcc_ix/esx_m_tapein_getpos
target/zxn-libs/esxdos/c/sdcc_ix/esx_m_tapein_info
target/zxn-libs/esxdos/c/sdcc_ix/esx_m_tapein_info_callee
target/zxn-libs/esxdos/c/sdcc_ix/esx_m_tapein_open
target/zxn-libs/esxdos/c/sdcc_ix/esx_m_tapein_open_fastcall
target/zxn-libs/esxdos/c/sdcc_ix/esx_m_tapein_setpos
target/zxn-libs/esxdos/c/sdcc_ix/esx_m_tapein_setpos_fastcall
target/zxn-libs/esxdos/c/sdcc_ix/esx_m_tapein_toggle_pause
target/zxn-libs/esxdos/c/sdcc_ix/esx_m_tapeout_close
target/zxn-libs/esxdos/c/sdcc_ix/esx_m_tapeout_info
target/zxn-libs/esxdos/c/sdcc_ix/esx_m_tapeout_info_callee
target/zxn-libs/esxdos/c/sdcc_ix/esx_m_tapeout_open
target/zxn-libs/esxdos/c/sdcc_ix/esx_m_tapeout_open_fastcall
target/zxn-libs/esxdos/c/sdcc_ix/esx_m_tapeout_trunc
target/zxn-libs/esxdos/c/sdcc_ix/esx_m_tapeout_trunc_fastcall
target/zxn-libs/esxdos/c/sdcc_ix/esx_slice_dirent
target/zxn-libs/esxdos/c/sdcc_ix/esx_slice_dirent_fastcall
target/zxn-libs/esxdos/c/sdcc_ix/extended_sna_load
target/zxn-libs/esxdos/c/sdcc_ix/extended_sna_load_fastcall
target/zxn-libs/esxdos/c/sdcc_ix/p3dos_copy_cstr_to_pstr
target/zxn-libs/esxdos/c/sdcc_ix/p3dos_copy_cstr_to_pstr_callee
target/zxn-libs/esxdos/c/sdcc_ix/p3dos_copy_pstr_to_cstr
target/zxn-libs/esxdos/c/sdcc_ix/p3dos_copy_pstr_to_cstr_callee
target/zxn-libs/esxdos/c/sdcc_ix/p3dos_cstr_to_pstr
target/zxn-libs/esxdos/c/sdcc_ix/p3dos_cstr_to_pstr_fastcall
target/zxn-libs/esxdos/c/sdcc_ix/p3dos_dosname_from_catname
target/zxn-libs/esxdos/c/sdcc_ix/p3dos_dosname_from_catname_callee
target/zxn-libs/esxdos/c/sdcc_ix/p3dos_edrv_from_pdrv
target/zxn-libs/esxdos/c/sdcc_ix/p3dos_edrv_from_pdrv_fastcall
target/zxn-libs/esxdos/c/sdcc_ix/p3dos_pdrv_from_edrv
target/zxn-libs/esxdos/c/sdcc_ix/p3dos_pdrv_from_edrv_fastcall
target/zxn-libs/esxdos/c/sdcc_ix/p3dos_pstr_to_cstr
target/zxn-libs/esxdos/c/sdcc_ix/p3dos_pstr_to_cstr_fastcall
