graphics/__gfx_coords
graphics/__graphics_end
target/bee/graphics/clg
target/bee/graphics/clsgraph
graphics/dcircle2
graphics/stencil_render2
graphics/text6/div3
target/bee/graphics/loadudg6.asm
graphics/liner2
target/bee/graphics/plotpixl
target/bee/graphics/respixl
target/bee/graphics/xorpixl
graphics/putsprite3
target/bee/graphics/pointxy
graphics/fill
graphics/dfill2
graphics/swapgfxbk_foo
graphics/lores/c_plotpixel
graphics/lores/c_respixel
graphics/lores/c_xorpixel
graphics/lores/c_plot
graphics/lores/c_unplot
graphics/lores/c_xorplot
graphics/lores/c_pointxy
graphics/lores/c_point
@gfxbase.lst
