BlackPixel
DefaultDepth
DefaultScreen
DisplayHeight
DisplayWidth
RootWindow
WhitePixel
win_close
win_move
win_open
XCheckTypedEvent
XCheckWindowEvent
XClearWindow
XCloseDisplay
XCreateBitmapFromData
XCreateGC
XCreateSimpleWindow
XestroyWindow
XDisplayName
XDrawLine
XDrawPoint
XDrawRectangle
XDrawString
XFlush
XFreeGC
XLoadQueryFont
XMapWindow
XNextEvent
XOpenDisplay
XSelectInput
XSetDashes
XSetFont
XSetForeground
XSetLineAttributes
XSetStandardProperties
XTextWidth
XUnloadFont
_xfindchar
_xfputc
