target/zx-libs/misc/c/sccz80/zx_border
target/zx-libs/misc/c/sccz80/zx_cls
target/zx-libs/misc/c/sccz80/zx_cls_attr
target/zx-libs/misc/c/sccz80/zx_cls_pix
target/zx-libs/misc/c/sccz80/zx_cls_wc
target/zx-libs/misc/c/sccz80/zx_cls_wc_callee
target/zx-libs/misc/c/sccz80/zx_cls_wc_attr
target/zx-libs/misc/c/sccz80/zx_cls_wc_attr_callee
target/zx-libs/misc/c/sccz80/zx_cls_wc_pix
target/zx-libs/misc/c/sccz80/zx_cls_wc_pix_callee
target/zx-libs/misc/c/sccz80/zx_scroll_up
target/zx-libs/misc/c/sccz80/zx_scroll_up_callee
target/zx-libs/misc/c/sccz80/zx_scroll_up_attr
target/zx-libs/misc/c/sccz80/zx_scroll_up_attr_callee
target/zx-libs/misc/c/sccz80/zx_scroll_up_pix
target/zx-libs/misc/c/sccz80/zx_scroll_up_pix_callee
target/zx-libs/misc/c/sccz80/zx_scroll_wc_up
target/zx-libs/misc/c/sccz80/zx_scroll_wc_up_callee
target/zx-libs/misc/c/sccz80/zx_scroll_wc_up_attr
target/zx-libs/misc/c/sccz80/zx_scroll_wc_up_attr_callee
target/zx-libs/misc/c/sccz80/zx_scroll_wc_up_pix
target/zx-libs/misc/c/sccz80/zx_scroll_wc_up_pix_callee
target/zx-libs/misc/c/sccz80/zx_visit_wc_attr
target/zx-libs/misc/c/sccz80/zx_visit_wc_attr_callee
target/zx-libs/misc/c/sccz80/zx_visit_wc_pix
target/zx-libs/misc/c/sccz80/zx_visit_wc_pix_callee
@target/zx-libs/misc/misc_asm.lst
