${NEWLIB_ROOT}l/util/9-common/getarg
${NEWLIB_ROOT}l/util/9-common/htons
${NEWLIB_ROOT}l/util/9-common/l_dec_bc
${NEWLIB_ROOT}l/util/9-common/l_dec_de
${NEWLIB_ROOT}l/util/9-common/l_ex_bc_de
${NEWLIB_ROOT}l/util/9-common/l_ex_bc_hl
${NEWLIB_ROOT}l/util/9-common/l_ghtonsint
${NEWLIB_ROOT}l/util/9-common/l_graphics_cmp
${NEWLIB_ROOT}l/util/9-common/l_inc_hl
${NEWLIB_ROOT}l/util/9-common/l_inc_sp
${NEWLIB_ROOT}l/util/9-common/l_readword_hl
${NEWLIB_ROOT}l/util/9-common/l_setmem_de
${NEWLIB_ROOT}l/util/9-common/l_setmem_hl
${NEWLIB_ROOT}l/util/9-common/l_testword_hl
${NEWLIB_ROOT}l/util/9-common/l_zeroword_hl
${NEWLIB_ROOT}l/util/9-common/ascii/l_char2num
${NEWLIB_ROOT}l/util/9-common/ascii/l_eat_base_prefix
${NEWLIB_ROOT}l/util/9-common/ascii/l_eat_ddigits
${NEWLIB_ROOT}l/util/9-common/ascii/l_eat_digits
${NEWLIB_ROOT}l/util/9-common/ascii/l_eat_hdigits
${NEWLIB_ROOT}l/util/9-common/ascii/l_eat_sign
${NEWLIB_ROOT}l/util/9-common/ascii/l_eat_ws
${NEWLIB_ROOT}l/util/9-common/ascii/l_hex_nibble
${NEWLIB_ROOT}l/util/9-common/ascii/l_num2char
${NEWLIB_ROOT}l/util/9-common/ascii/l_valid_base
${NEWLIB_ROOT}l/util/9-common/ascii/num_to_txt/l_ultob
${NEWLIB_ROOT}l/util/9-common/ascii/num_to_txt/l_ultoh
${NEWLIB_ROOT}l/util/9-common/ascii/num_to_txt/l_ultoo
${NEWLIB_ROOT}l/util/9-common/ascii/num_to_txt/l_utoa
${NEWLIB_ROOT}l/util/9-common/ascii/num_to_txt/l_utob
${NEWLIB_ROOT}l/util/9-common/ascii/num_to_txt/l_utoh
${NEWLIB_ROOT}l/util/9-common/ascii/num_to_txt/l_utoo
${NEWLIB_ROOT}l/util/9-common/ascii/num_to_txt/small/l_small_ultob
${NEWLIB_ROOT}l/util/9-common/ascii/num_to_txt/small/l_small_ultoh
${NEWLIB_ROOT}l/util/9-common/ascii/num_to_txt/small/l_small_ultoo
${NEWLIB_ROOT}l/util/9-common/ascii/num_to_txt/small/l_small_utoa
${NEWLIB_ROOT}l/util/9-common/ascii/num_to_txt/small/l_small_utob
${NEWLIB_ROOT}l/util/9-common/ascii/num_to_txt/small/l_small_utoh
${NEWLIB_ROOT}l/util/9-common/ascii/num_to_txt/small/l_small_utoo
${NEWLIB_ROOT}l/util/9-common/ascii/num_to_txt/fast/l_fast_ultob
${NEWLIB_ROOT}l/util/9-common/ascii/num_to_txt/fast/l_fast_ultoh
${NEWLIB_ROOT}l/util/9-common/ascii/num_to_txt/fast/l_fast_ultoo
${NEWLIB_ROOT}l/util/9-common/ascii/num_to_txt/fast/l_fast_utoa
${NEWLIB_ROOT}l/util/9-common/ascii/num_to_txt/fast/l_fast_utob
${NEWLIB_ROOT}l/util/9-common/ascii/num_to_txt/fast/l_fast_utoh
${NEWLIB_ROOT}l/util/9-common/ascii/num_to_txt/fast/l_fast_utoo
${NEWLIB_ROOT}l/util/9-common/ascii/txt_to_num/l_atou
${NEWLIB_ROOT}l/util/9-common/ascii/txt_to_num/l_atoul
${NEWLIB_ROOT}l/util/9-common/ascii/txt_to_num/l_btou
${NEWLIB_ROOT}l/util/9-common/ascii/txt_to_num/l_btoul
${NEWLIB_ROOT}l/util/9-common/ascii/txt_to_num/l_htou
${NEWLIB_ROOT}l/util/9-common/ascii/txt_to_num/l_htoul
${NEWLIB_ROOT}l/util/9-common/ascii/txt_to_num/l_otou
${NEWLIB_ROOT}l/util/9-common/ascii/txt_to_num/l_otoul
${NEWLIB_ROOT}l/util/9-common/ascii/txt_to_num/small/l_small_atou
${NEWLIB_ROOT}l/util/9-common/ascii/txt_to_num/small/l_small_atoul
${NEWLIB_ROOT}l/util/9-common/ascii/txt_to_num/small/l_small_btou
${NEWLIB_ROOT}l/util/9-common/ascii/txt_to_num/small/l_small_btoul
${NEWLIB_ROOT}l/util/9-common/ascii/txt_to_num/small/l_small_htou
${NEWLIB_ROOT}l/util/9-common/ascii/txt_to_num/small/l_small_htoul
${NEWLIB_ROOT}l/util/9-common/ascii/txt_to_num/small/l_small_otou
${NEWLIB_ROOT}l/util/9-common/ascii/txt_to_num/small/l_small_otoul
${NEWLIB_ROOT}l/util/9-common/logical/l_andc_hl_bc
${NEWLIB_ROOT}l/util/9-common/logical/l_andc_hl_de
${NEWLIB_ROOT}l/util/9-common/logical/l_cpl_dehl
${NEWLIB_ROOT}l/util/9-common/logical/l_cpl_hl
${NEWLIB_ROOT}l/util/9-common/integer/l_addu_hl_bc
${NEWLIB_ROOT}l/util/9-common/integer/l_addu_hl_de
${NEWLIB_ROOT}l/util/9-common/integer/l_incu_bc
${NEWLIB_ROOT}l/util/9-common/integer/l_incu_de
${NEWLIB_ROOT}l/util/9-common/integer/l_incu_hl
${NEWLIB_ROOT}l/util/9-common/integer/l_lsl_hl
${NEWLIB_ROOT}l/util/9-common/integer/small/l_small_lsl_hl
${NEWLIB_ROOT}l/util/9-common/integer/l_ltu_bc_de
${NEWLIB_ROOT}l/util/9-common/integer/l_ltu_bc_hl
${NEWLIB_ROOT}l/util/9-common/integer/l_ltu_de_hl
${NEWLIB_ROOT}l/util/9-common/integer/l_ltu_hl_bc
${NEWLIB_ROOT}l/util/9-common/integer/l_ltu_hl_de
${NEWLIB_ROOT}l/util/9-common/integer/l_maxu_bc_hl
${NEWLIB_ROOT}l/util/9-common/integer/l_minu_bc_hl
${NEWLIB_ROOT}l/util/9-common/integer/l_minu_de_hl
${NEWLIB_ROOT}l/util/9-common/integer/l_neg_bc
${NEWLIB_ROOT}l/util/9-common/integer/l_neg_de
${NEWLIB_ROOT}l/util/9-common/integer/l_neg_hl
${NEWLIB_ROOT}l/util/9-common/integer/l_utod_de
${NEWLIB_ROOT}l/util/9-common/integer/l_utod_hl
