@target/zx/nirvanam/nirvanam_asm.lst
target/zx/nirvanam/c/sccz80/NIRVANAM_drawT
target/zx/nirvanam/c/sccz80/NIRVANAM_drawT_callee
target/zx/nirvanam/c/sccz80/NIRVANAM_drawT_raw
target/zx/nirvanam/c/sccz80/NIRVANAM_drawT_raw_callee
target/zx/nirvanam/c/sccz80/NIRVANAM_drawTW
target/zx/nirvanam/c/sccz80/NIRVANAM_drawTW_callee
target/zx/nirvanam/c/sccz80/NIRVANAM_drawTW_raw
target/zx/nirvanam/c/sccz80/NIRVANAM_drawTW_raw_callee
target/zx/nirvanam/c/sccz80/NIRVANAM_drawW
target/zx/nirvanam/c/sccz80/NIRVANAM_drawW_callee
target/zx/nirvanam/c/sccz80/NIRVANAM_drawW_raw
target/zx/nirvanam/c/sccz80/NIRVANAM_drawW_raw_callee
target/zx/nirvanam/c/sccz80/NIRVANAM_fillC
target/zx/nirvanam/c/sccz80/NIRVANAM_fillC_callee
target/zx/nirvanam/c/sccz80/NIRVANAM_fillT
target/zx/nirvanam/c/sccz80/NIRVANAM_fillT_callee
target/zx/nirvanam/c/sccz80/NIRVANAM_fillT_raw
target/zx/nirvanam/c/sccz80/NIRVANAM_fillT_raw_callee
target/zx/nirvanam/c/sccz80/NIRVANAM_paintC
target/zx/nirvanam/c/sccz80/NIRVANAM_paintC_callee
target/zx/nirvanam/c/sccz80/NIRVANAM_printC
target/zx/nirvanam/c/sccz80/NIRVANAM_printC_callee
target/zx/nirvanam/c/sccz80/NIRVANAM_readC
target/zx/nirvanam/c/sccz80/NIRVANAM_readC_callee
target/zx/nirvanam/c/sccz80/NIRVANAM_spriteT
target/zx/nirvanam/c/sccz80/NIRVANAM_spriteT_callee
target/zx/nirvanam/c/sccz80/NIRVANAM_start
target/zx/nirvanam/c/sccz80/NIRVANAM_stop
