stdio_atou
stdio_basechar
stdio_buff2caps
stdio_longnumprec
stdio_numprec
stdio_out_b
stdio_out_c
stdio_out_d
stdio_out_n
stdio_out_o
stdio_out_p
stdio_out_s
stdio_out_u
stdio_out_x
stdio_out_ld
stdio_out_lo
stdio_out_lp
stdio_out_lu
stdio_out_lx
stdio_out_capp
stdio_out_capx
stdio_out_caplp
stdio_out_caplx
stdio_outbuff
stdio_outchar
stdio_outcommon
stdio_outpad
stdio_outsign
stdio_ultoa_any
stdio_utoa_any
t_printf
t_snprintf
t_sprintf
t_vfprintf
t_vfprintf_callee
t_vsnprintf
t_vsnprintf_callee
t_vsprintf
t_vsprintf_callee
vfprintf_jumptbl
