input/zx/z80/__amx_mouse_variables
input/zx/z80/__kempston_mouse_variables
input/zx/c/sdcc_iy/in_inkey
input/zx/c/sdcc_iy/in_key_pressed
input/zx/c/sdcc_iy/in_key_scancode
input/zx/c/sdcc_iy/in_mouse_amx
input/zx/c/sdcc_iy/in_mouse_amx_init
input/zx/c/sdcc_iy/in_mouse_amx_reset
input/zx/c/sdcc_iy/in_mouse_amx_setpos
input/zx/c/sdcc_iy/in_mouse_amx_wheel
input/zx/c/sdcc_iy/in_mouse_kempston
input/zx/c/sdcc_iy/in_mouse_kempston_init
input/zx/c/sdcc_iy/in_mouse_kempston_reset
input/zx/c/sdcc_iy/in_mouse_kempston_setpos
input/zx/c/sdcc_iy/in_mouse_kempston_wheel
input/zx/c/sdcc_iy/in_pause
input/zx/c/sdcc_iy/in_stick_cursor
input/zx/c/sdcc_iy/in_stick_fuller
input/zx/c/sdcc_iy/in_stick_kempston
input/zx/c/sdcc_iy/in_stick_keyboard
input/zx/c/sdcc_iy/in_stick_sinclair1
input/zx/c/sdcc_iy/in_stick_sinclair2
input/zx/c/sdcc_iy/in_test_key
input/zx/c/sdcc_iy/in_wait_key
input/zx/c/sdcc_iy/in_wait_nokey
input/zx/z80/in_key_translation_table
input/zx/z80/asm_in_mouse_amx
input/zx/z80/asm_in_mouse_kempston
input/zx/z80/asm_in_test_key
