ctype/obj/${TYPE}/asm_isalnum
ctype/obj/${TYPE}/asm_isalpha
ctype/obj/${TYPE}/asm_isascii
ctype/obj/${TYPE}/asm_isbdigit
ctype/obj/${TYPE}/asm_iscntrl
ctype/obj/${TYPE}/asm_isdigit
ctype/obj/${TYPE}/asm_isgraph
ctype/obj/${TYPE}/asm_islower
ctype/obj/${TYPE}/asm_isodigit
ctype/obj/${TYPE}/asm_isoob
ctype/obj/${TYPE}/asm_isprint
ctype/obj/${TYPE}/asm_ispunct
ctype/obj/${TYPE}/asm_isspace
ctype/obj/${TYPE}/asm_isupper
ctype/obj/${TYPE}/asm_isxdigit
ctype/obj/${TYPE}/asm_toascii
ctype/obj/${TYPE}/asm_tolower
ctype/obj/${TYPE}/asm_toupper
ctype/obj/${TYPE}/isalnum
ctype/obj/${TYPE}/isalpha
ctype/obj/${TYPE}/isascii
ctype/obj/${TYPE}/isbdigit
ctype/obj/${TYPE}/iscntrl
ctype/obj/${TYPE}/isdigit
ctype/obj/${TYPE}/isgraph
ctype/obj/${TYPE}/islower
ctype/obj/${TYPE}/isodigit
ctype/obj/${TYPE}/isoob
ctype/obj/${TYPE}/isprint
ctype/obj/${TYPE}/ispunct
ctype/obj/${TYPE}/isspace
ctype/obj/${TYPE}/isupper
ctype/obj/${TYPE}/isxdigit
ctype/obj/${TYPE}/toascii
ctype/obj/${TYPE}/tolower
ctype/obj/${TYPE}/toupper
