c/lr_sccz80/zx_aaddr2cx
c/lr_sccz80/zx_aaddr2cy
c/lr_sccz80/zx_aaddr2px
c/lr_sccz80/zx_aaddr2py
c/lr_sccz80/zx_aaddr2saddr
c/lr_sccz80/zx_aaddrcdown
c/lr_sccz80/zx_aaddrcleft
c/lr_sccz80/zx_aaddrcright
c/lr_sccz80/zx_aaddrcup
c/lr_sccz80/zx_bitmask2px
c/lr_sccz80/zx_cy2aaddr
c/lr_sccz80/zx_cy2saddr
c/lr_sccz80/zx_cyx2aaddr
c/lr_sccz80/zx_cyx2aaddr_callee
c/lr_sccz80/zx_cyx2saddr
c/lr_sccz80/zx_cyx2saddr_callee
c/lr_sccz80/zx_px2bitmask
c/lr_sccz80/zx_pxy2aaddr
c/lr_sccz80/zx_pxy2aaddr_callee
c/lr_sccz80/zx_pxy2saddr
c/lr_sccz80/zx_pxy2saddr_callee
c/lr_sccz80/zx_py2aaddr
c/lr_sccz80/zx_py2saddr
c/lr_sccz80/zx_saddr2aaddr
c/lr_sccz80/zx_saddr2cx
c/lr_sccz80/zx_saddr2cy
c/lr_sccz80/zx_saddr2px
c/lr_sccz80/zx_saddr2py
c/lr_sccz80/zx_saddrcdown
c/lr_sccz80/zx_saddrcleft
c/lr_sccz80/zx_saddrcright
c/lr_sccz80/zx_saddrcup
c/lr_sccz80/zx_saddrpdown
c/lr_sccz80/zx_saddrpleft
c/lr_sccz80/zx_saddrpleft_callee
c/lr_sccz80/zx_saddrpright
c/lr_sccz80/zx_saddrpright_callee
c/lr_sccz80/zx_saddrpup
