@arch/zx/nirvanap/nirvanap_asm.lst
arch/zx/nirvanap/c/sdcc/NIRVANA_chars
arch/zx/nirvanap/c/sdcc/NIRVANA_chars_fastcall
arch/zx/nirvanap/c/sdcc/NIRVANA_drawT
arch/zx/nirvanap/c/sdcc/NIRVANA_drawT_callee
arch/zx/nirvanap/c/sdcc/NIRVANA_drawW
arch/zx/nirvanap/c/sdcc/NIRVANA_drawW_callee
arch/zx/nirvanap/c/sdcc/NIRVANA_fillC
arch/zx/nirvanap/c/sdcc/NIRVANA_fillC_callee
arch/zx/nirvanap/c/sdcc/NIRVANA_fillT
arch/zx/nirvanap/c/sdcc/NIRVANA_fillT_callee
arch/zx/nirvanap/c/sdcc/NIRVANA_paintC
arch/zx/nirvanap/c/sdcc/NIRVANA_paintC_callee
arch/zx/nirvanap/c/sdcc/NIRVANA_printC
arch/zx/nirvanap/c/sdcc/NIRVANA_printC_callee
arch/zx/nirvanap/c/sdcc/NIRVANA_spriteT
arch/zx/nirvanap/c/sdcc/NIRVANA_spriteT_callee
arch/zx/nirvanap/c/sdcc/NIRVANA_start
arch/zx/nirvanap/c/sdcc/NIRVANA_stop
arch/zx/nirvanap/c/sdcc/NIRVANA_tiles
arch/zx/nirvanap/c/sdcc/NIRVANA_tiles_fastcall
arch/zx/nirvanap/c/sdcc/NIRVANA_wides
arch/zx/nirvanap/c/sdcc/NIRVANA_wides_fastcall
