@arch/zx/nirvanap/nirvanap_asm.lst
arch/zx/nirvanap/c/sccz80/NIRVANA_chars
arch/zx/nirvanap/c/sccz80/NIRVANA_drawT
arch/zx/nirvanap/c/sccz80/NIRVANA_drawT_callee
arch/zx/nirvanap/c/sccz80/NIRVANA_drawW
arch/zx/nirvanap/c/sccz80/NIRVANA_drawW_callee
arch/zx/nirvanap/c/sccz80/NIRVANA_fillC
arch/zx/nirvanap/c/sccz80/NIRVANA_fillC_callee
arch/zx/nirvanap/c/sccz80/NIRVANA_fillT
arch/zx/nirvanap/c/sccz80/NIRVANA_fillT_callee
arch/zx/nirvanap/c/sccz80/NIRVANA_paintC
arch/zx/nirvanap/c/sccz80/NIRVANA_paintC_callee
arch/zx/nirvanap/c/sccz80/NIRVANA_printC
arch/zx/nirvanap/c/sccz80/NIRVANA_printC_callee
arch/zx/nirvanap/c/sccz80/NIRVANA_spriteT
arch/zx/nirvanap/c/sccz80/NIRVANA_spriteT_callee
arch/zx/nirvanap/c/sccz80/NIRVANA_start
arch/zx/nirvanap/c/sccz80/NIRVANA_stop
arch/zx/nirvanap/c/sccz80/NIRVANA_tiles
arch/zx/nirvanap/c/sccz80/NIRVANA_wides
