target/zx/driver/terminal/zx_01_output_char_32_tty_z88dk
target/zx/driver/terminal/zx_01_output_char_32_tty_z88dk/zx_01_output_char_32_tty_01_scroll
target/zx/driver/terminal/zx_01_output_char_32_tty_z88dk/zx_01_output_char_32_tty_02_font_address
target/zx/driver/terminal/zx_01_output_char_32_tty_z88dk/zx_01_output_char_32_tty_08_backspace
target/zx/driver/terminal/zx_01_output_char_32_tty_z88dk/zx_01_output_char_32_tty_09_tab
target/zx/driver/terminal/zx_01_output_char_32_tty_z88dk/zx_01_output_char_32_tty_11_home
target/zx/driver/terminal/zx_01_output_char_32_tty_z88dk/zx_01_output_char_32_tty_12_cls
target/zx/driver/terminal/zx_01_output_char_32_tty_z88dk/zx_01_output_char_32_tty_14_foreground_mask
target/zx/driver/terminal/zx_01_output_char_32_tty_z88dk/zx_01_output_char_32_tty_15_background_attr
target/zx/driver/terminal/zx_01_output_char_32_tty_z88dk/zx_01_output_char_32_tty_16_ink
target/zx/driver/terminal/zx_01_output_char_32_tty_z88dk/zx_01_output_char_32_tty_17_paper
target/zx/driver/terminal/zx_01_output_char_32_tty_z88dk/zx_01_output_char_32_tty_18_flash
target/zx/driver/terminal/zx_01_output_char_32_tty_z88dk/zx_01_output_char_32_tty_19_bright
target/zx/driver/terminal/zx_01_output_char_32_tty_z88dk/zx_01_output_char_32_tty_20_inverse
target/zx/driver/terminal/zx_01_output_char_32_tty_z88dk/zx_01_output_char_32_tty_22_at
target/zx/driver/terminal/zx_01_output_char_32_tty_z88dk/zx_01_output_char_32_tty_23_atr
target/zx/driver/terminal/zx_01_output_char_32_tty_z88dk/zx_01_output_char_32_tty_27_escape
target/zx/driver/terminal/zx_01_output_char_32_tty_z88dk/zx_01_output_char_32_tty_28_left
target/zx/driver/terminal/zx_01_output_char_32_tty_z88dk/zx_01_output_char_32_tty_29_right
target/zx/driver/terminal/zx_01_output_char_32_tty_z88dk/zx_01_output_char_32_tty_30_up
target/zx/driver/terminal/zx_01_output_char_32_tty_z88dk/zx_01_output_char_32_tty_31_down
target/zx/driver/terminal/zx_01_output_char_32_tty_z88dk/zx_01_output_char_32_tty_z88dk_oterm_msg_tty
target/zx/driver/terminal/zx_01_output_char_32_tty_z88dk/zx_01_output_char_32_tty_z88dk_stdio_msg_flsh
target/zx/driver/terminal/zx_01_output_char_32_tty_z88dk/zx_01_output_char_32_tty_z88dk_stdio_msg_ictl
