@target/zxn/esxdos/esxdos_asm.lst
@target/zx/esxdos/esxdos_sccz80.lst
target/zxn/esxdos/c/sccz80/esx_disk_filemap
target/zxn/esxdos/c/sccz80/esx_disk_filemap_callee
target/zxn/esxdos/c/sccz80/esx_disk_stream_bytes
target/zxn/esxdos/c/sccz80/esx_disk_stream_bytes_callee
target/zxn/esxdos/c/sccz80/esx_disk_stream_end
target/zxn/esxdos/c/sccz80/esx_disk_stream_sectors
target/zxn/esxdos/c/sccz80/esx_disk_stream_sectors_callee
target/zxn/esxdos/c/sccz80/esx_disk_stream_start
target/zxn/esxdos/c/sccz80/esx_dos_catalog
target/zxn/esxdos/c/sccz80/esx_dos_catalog_next
target/zxn/esxdos/c/sccz80/esx_dos_get_drive
target/zxn/esxdos/c/sccz80/esx_dos_set_drive
target/zxn/esxdos/c/sccz80/esx_f_chdir
target/zxn/esxdos/c/sccz80/esx_f_chmod
target/zxn/esxdos/c/sccz80/esx_f_chmod_callee
target/zxn/esxdos/c/sccz80/esx_f_close
target/zxn/esxdos/c/sccz80/esx_f_closedir
target/zxn/esxdos/c/sccz80/esx_f_fstat
target/zxn/esxdos/c/sccz80/esx_f_fstat_callee
target/zxn/esxdos/c/sccz80/esx_f_ftrunc
target/zxn/esxdos/c/sccz80/esx_f_ftrunc_callee
target/zxn/esxdos/c/sccz80/esx_f_get_canonical_path
target/zxn/esxdos/c/sccz80/esx_f_get_canonical_path_callee
target/zxn/esxdos/c/sccz80/esx_f_getcwd
target/zxn/esxdos/c/sccz80/esx_f_getcwd_drive
target/zxn/esxdos/c/sccz80/esx_f_getcwd_drive_callee
target/zxn/esxdos/c/sccz80/esx_f_getfree
target/zxn/esxdos/c/sccz80/esx_f_fgetpos
target/zxn/esxdos/c/sccz80/esx_f_mkdir
target/zxn/esxdos/c/sccz80/esx_f_open
target/zxn/esxdos/c/sccz80/esx_f_opendir
target/zxn/esxdos/c/sccz80/esx_f_opendir_ex
target/zxn/esxdos/c/sccz80/esx_f_opendir_ex_callee
target/zxn/esxdos/c/sccz80/esx_f_open_callee
target/zxn/esxdos/c/sccz80/esx_f_open_p3
target/zxn/esxdos/c/sccz80/esx_f_open_p3_callee
target/zxn/esxdos/c/sccz80/esx_f_read
target/zxn/esxdos/c/sccz80/esx_f_readdir
target/zxn/esxdos/c/sccz80/esx_f_readdir_callee
target/zxn/esxdos/c/sccz80/esx_f_read_callee
target/zxn/esxdos/c/sccz80/esx_f_rename
target/zxn/esxdos/c/sccz80/esx_f_rename_callee
target/zxn/esxdos/c/sccz80/esx_f_rewinddir
target/zxn/esxdos/c/sccz80/esx_f_rmdir
target/zxn/esxdos/c/sccz80/esx_f_seek
target/zxn/esxdos/c/sccz80/esx_f_seekdir
target/zxn/esxdos/c/sccz80/esx_f_seekdir_callee
target/zxn/esxdos/c/sccz80/esx_f_seek_callee
target/zxn/esxdos/c/sccz80/esx_f_stat
target/zxn/esxdos/c/sccz80/esx_f_stat_callee
target/zxn/esxdos/c/sccz80/esx_f_sync
target/zxn/esxdos/c/sccz80/esx_f_telldir
target/zxn/esxdos/c/sccz80/esx_f_trunc
target/zxn/esxdos/c/sccz80/esx_f_trunc_callee
target/zxn/esxdos/c/sccz80/esx_f_unlink
target/zxn/esxdos/c/sccz80/esx_f_write
target/zxn/esxdos/c/sccz80/esx_f_write_callee
target/zxn/esxdos/c/sccz80/esx_ide_bank_alloc
target/zxn/esxdos/c/sccz80/esx_ide_bank_avail
target/zxn/esxdos/c/sccz80/esx_ide_bank_free
target/zxn/esxdos/c/sccz80/esx_ide_bank_free_callee
target/zxn/esxdos/c/sccz80/esx_ide_bank_reserve
target/zxn/esxdos/c/sccz80/esx_ide_bank_reserve_callee
target/zxn/esxdos/c/sccz80/esx_ide_bank_total
target/zxn/esxdos/c/sccz80/esx_ide_browser
target/zxn/esxdos/c/sccz80/esx_ide_browser_callee
target/zxn/esxdos/c/sccz80/esx_ide_get_lfn
target/zxn/esxdos/c/sccz80/esx_ide_get_lfn_callee
target/zxn/esxdos/c/sccz80/esx_ide_mode_get
target/zxn/esxdos/c/sccz80/esx_ide_mode_set
target/zxn/esxdos/c/sccz80/esx_m_dosversion
target/zxn/esxdos/c/sccz80/esx_m_drvapi
target/zxn/esxdos/c/sccz80/esx_m_errh
target/zxn/esxdos/c/sccz80/esx_m_execcmd
target/zxn/esxdos/c/sccz80/esx_m_getdate
target/zxn/esxdos/c/sccz80/esx_m_getdrv
target/zxn/esxdos/c/sccz80/esx_m_geterr
target/zxn/esxdos/c/sccz80/esx_m_geterr_callee
target/zxn/esxdos/c/sccz80/esx_m_gethandle
target/zxn/esxdos/c/sccz80/esx_m_setcaps
target/zxn/esxdos/c/sccz80/esx_m_setdrv
target/zxn/esxdos/c/sccz80/esx_m_tapein_close
target/zxn/esxdos/c/sccz80/esx_m_tapein_flags
target/zxn/esxdos/c/sccz80/esx_m_tapein_getpos
target/zxn/esxdos/c/sccz80/esx_m_tapein_info
target/zxn/esxdos/c/sccz80/esx_m_tapein_info_callee
target/zxn/esxdos/c/sccz80/esx_m_tapein_open
target/zxn/esxdos/c/sccz80/esx_m_tapein_setpos
target/zxn/esxdos/c/sccz80/esx_m_tapein_toggle_pause
target/zxn/esxdos/c/sccz80/esx_m_tapeout_close
target/zxn/esxdos/c/sccz80/esx_m_tapeout_info
target/zxn/esxdos/c/sccz80/esx_m_tapeout_info_callee
target/zxn/esxdos/c/sccz80/esx_m_tapeout_open
target/zxn/esxdos/c/sccz80/esx_m_tapeout_trunc
target/zxn/esxdos/c/sccz80/esx_slice_dirent
target/zxn/esxdos/c/sccz80/extended_sna_load
target/zxn/esxdos/c/sccz80/p3dos_copy_cstr_to_pstr
target/zxn/esxdos/c/sccz80/p3dos_copy_cstr_to_pstr_callee
target/zxn/esxdos/c/sccz80/p3dos_copy_pstr_to_cstr
target/zxn/esxdos/c/sccz80/p3dos_copy_pstr_to_cstr_callee
target/zxn/esxdos/c/sccz80/p3dos_cstr_to_pstr
target/zxn/esxdos/c/sccz80/p3dos_dosname_from_catname
target/zxn/esxdos/c/sccz80/p3dos_dosname_from_catname_callee
target/zxn/esxdos/c/sccz80/p3dos_edrv_from_pdrv
target/zxn/esxdos/c/sccz80/p3dos_pdrv_from_edrv
target/zxn/esxdos/c/sccz80/p3dos_pstr_to_cstr
