target/zx-libs/display/c/sccz80/zx_aaddr2cx
target/zx-libs/display/c/sccz80/zx_aaddr2cy
target/zx-libs/display/c/sccz80/zx_aaddr2px
target/zx-libs/display/c/sccz80/zx_aaddr2py
target/zx-libs/display/c/sccz80/zx_aaddr2saddr
target/zx-libs/display/c/sccz80/zx_aaddrcdown
target/zx-libs/display/c/sccz80/zx_aaddrcleft
target/zx-libs/display/c/sccz80/zx_aaddrcright
target/zx-libs/display/c/sccz80/zx_aaddrcup
target/zx-libs/display/c/sccz80/zx_bitmask2px
target/zx-libs/display/c/sccz80/zx_cxy2aaddr
target/zx-libs/display/c/sccz80/zx_cxy2aaddr_callee
target/zx-libs/display/c/sccz80/zx_cxy2saddr
target/zx-libs/display/c/sccz80/zx_cxy2saddr_callee
target/zx-libs/display/c/sccz80/zx_cy2aaddr
target/zx-libs/display/c/sccz80/zx_cy2saddr
target/zx-libs/display/c/sccz80/zx_px2bitmask
target/zx-libs/display/c/sccz80/zx_pxy2aaddr
target/zx-libs/display/c/sccz80/zx_pxy2aaddr_callee
target/zx-libs/display/c/sccz80/zx_pxy2saddr
target/zx-libs/display/c/sccz80/zx_pxy2saddr_callee
target/zx-libs/display/c/sccz80/zx_py2aaddr
target/zx-libs/display/c/sccz80/zx_py2saddr
target/zx-libs/display/c/sccz80/zx_saddr2aaddr
target/zx-libs/display/c/sccz80/zx_saddr2cx
target/zx-libs/display/c/sccz80/zx_saddr2cy
target/zx-libs/display/c/sccz80/zx_saddr2px
target/zx-libs/display/c/sccz80/zx_saddr2py
target/zx-libs/display/c/sccz80/zx_saddrcdown
target/zx-libs/display/c/sccz80/zx_saddrcleft
target/zx-libs/display/c/sccz80/zx_saddrcright
target/zx-libs/display/c/sccz80/zx_saddrcup
target/zx-libs/display/c/sccz80/zx_saddrpdown
target/zx-libs/display/c/sccz80/zx_saddrpleft
target/zx-libs/display/c/sccz80/zx_saddrpleft_callee
target/zx-libs/display/c/sccz80/zx_saddrpright
target/zx-libs/display/c/sccz80/zx_saddrpright_callee
target/zx-libs/display/c/sccz80/zx_saddrpup
@target/zx-libs/display/display_asm.lst
