math/float/math32/z80/d32_fsadd
math/float/math32/z80/d32_fsconv
math/float/math32/z80/d32_fsutil
math/float/math32/z80/d32_fsnormalize

math/float/math32/z80/f32_fsdiv
math/float/math32/z80/f32_fsinvsqrt
math/float/math32/z80/f32_fsmul
math/float/math32/z80/f32_fssqr
math/float/math32/z80/f32_fspoly
math/float/math32/z80/f32_fshypot

math/float/math32/z80/f32_fsadd32
math/float/math32/z80/f32_fsnormalize32
math/float/math32/z80/f32_fsmul32

math/float/math32/z80/f32_z80_sqr_32h_24x24
math/float/math32/z80/f32_z80_mulu_32h_24x24

math/float/math32/z80/f32_z180_mulu_32h_32x32

math/float/math32/z80/h32_coeff_atan
math/float/math32/z80/h32_coeff_exp
math/float/math32/z80/h32_coeff_log
math/float/math32/z80/h32_coeff_sin

