math/float/math32/c/sccz80/cm32_sccz80_fsadd
math/float/math32/c/sccz80/cm32_sccz80_fsadd_callee
math/float/math32/c/sccz80/cm32_sccz80_fsdiv
math/float/math32/c/sccz80/cm32_sccz80_fsdiv_callee
math/float/math32/c/sccz80/cm32_sccz80_fsinv
math/float/math32/c/sccz80/cm32_sccz80_fsinv_callee
math/float/math32/c/sccz80/cm32_sccz80_fsinvsqrt
math/float/math32/c/sccz80/cm32_sccz80_fsinvsqrt_callee
math/float/math32/c/sccz80/cm32_sccz80_fssqr
math/float/math32/c/sccz80/cm32_sccz80_fssqr_callee
math/float/math32/c/sccz80/cm32_sccz80_fsmax
math/float/math32/c/sccz80/cm32_sccz80_fsmax_callee
math/float/math32/c/sccz80/cm32_sccz80_fsmin
math/float/math32/c/sccz80/cm32_sccz80_fsmin_callee
math/float/math32/c/sccz80/cm32_sccz80_fsmul
math/float/math32/c/sccz80/cm32_sccz80_fsmul_callee
math/float/math32/c/sccz80/cm32_sccz80_fsneg
math/float/math32/c/sccz80/cm32_sccz80_fsneg_callee
math/float/math32/c/sccz80/cm32_sccz80_fspoly
math/float/math32/c/sccz80/cm32_sccz80_fspoly_callee
math/float/math32/c/sccz80/cm32_sccz80_fssqrt
math/float/math32/c/sccz80/cm32_sccz80_fssqrt_callee
math/float/math32/c/sccz80/cm32_sccz80_fssub
math/float/math32/c/sccz80/cm32_sccz80_fssub_callee
math/float/math32/c/sccz80/cm32_sccz80_fszero
math/float/math32/c/sccz80/cm32_sccz80_fszero_callee
