; Following 3 routines call into the ROM
target/sam/stdio/fgetc_cons_native
target/sam/stdio/fputc_cons
target/sam/stdio/getk_native

; Overrides for the +zx gencon
target/sam/stdio/generic_console_cls
target/sam/stdio/generic_console_scrollup
target/sam/stdio/generic_console_vpeek
target/sam/stdio/__sam_printc
target/sam/stdio/__sam_vpeek
target/sam/stdio/__sam_set_mode
target/sam/stdio/printc_MODE2
target/sam/stdio/printc_MODE3
target/sam/stdio/printc_MODE4
target/sam/stdio/CRT_FONT

; This ANSI terminal only works with ROM code
target/sam/stdio/ansi/f_ansi_attr
target/sam/stdio/ansi/f_ansi_bel
target/sam/stdio/ansi/f_ansi_char
target/sam/stdio/ansi/f_ansi_cls
target/sam/stdio/ansi/f_ansi_default
target/sam/stdio/ansi/f_ansi_dline
target/sam/stdio/ansi/f_ansi_restore
target/sam/stdio/ansi/f_ansi_scrollup

; Keyboard is like +zx, but extended, so needs new routines
; Pull it in before zxstdio so we get keyboard reading
input/obj/${TYPE}/fgetc_cons
@input/input_keyboard.lst

; We only want bits of +zx stdio, but take it all to keep
; things simple (Our versions are above)
@target/zx/stdio/stdio.lst
target/zx/obj/${TARGET}/zx_border

; Pixel level routines for Sam
target/sam/graphics/cleargraphics
target/sam/graphics/getmaxx
target/sam/graphics/getmaxy
target/sam/graphics/pixeladdress_MODE2
target/sam/graphics/pixeladdress_MODE3
target/sam/graphics/pixeladdress_MODE4
target/sam/graphics/plot_MODE2
target/sam/graphics/plot_MODE3
target/sam/graphics/plot_MODE4
target/sam/graphics/pointxy_MODE2
target/sam/graphics/pointxy_MODE3
target/sam/graphics/pointxy_MODE4
target/sam/graphics/res_MODE2
target/sam/graphics/res_MODE3
target/sam/graphics/res_MODE4
target/sam/graphics/w_plotpixl
target/sam/graphics/w_pointxy
target/sam/graphics/w_respixl
target/sam/graphics/w_xorpixl
target/sam/graphics/xor_MODE2
target/sam/graphics/xor_MODE3
target/sam/graphics/xor_MODE4
target/zx/graphics/rowtab
; Use MODE0 from zx-common
target/zx-common/graphics/obj/${TARGET}/res_MODE0
target/zx-common/graphics/obj/${TARGET}/pointxy_MODE0
target/zx-common/graphics/obj/${TARGET}/xor_MODE0
target/zx-common/graphics/obj/${TARGET}/plot_MODE0
target/zx-common/graphics/obj/${TARGET}/pixladdr_MODE0
target/zx-common/graphics/obj/${TARGET}/__set_zx_pixel_colour
gfx/wide/obj/${TARGET}/w_dcircle_square
@gfx/wide/gfx_wide.lst
; Fatpix setting
target/sam/sam/sam_set_fatpix

; Sam hardware functions
target/sam/sam/SAM_PALETTE_VALUES
target/sam/sam/sam_load_palette
target/sam/sam/sam_set_palette

; Lets pull in etracker + ay emulator for the sound chip
@psg/saa1099/saa1099.lst

; Pull in WYZ player
target/sam/psg/asm_wyz_hardware_out
@psg/ay/wyz/psg_wyz.lst

; What are these used for?
target/sam/variables

; Need to rewrite the MODE0 scroll, then kill this include
target/zx/graphics/rowtab


; Games.h uses different joystick routines
target/sam/games/joystick
; Joysticks on the SAM are +zx Sinclair sticks (we just alias them)
target/sam/input/in_Joystick1
target/sam/input/in_Joystick2
target/zx/input/in_JoySinclair1
target/zx/input/in_JoySinclair2

; Beeper sound is the same as +zx
target/zx/games/bit_open
target/zx/games/bit_open_di
target/zx/games/bit_close
target/zx/games/bit_close_ei

; Some extra interrupt code
target/sam/interrupt/add_raster_int
target/sam/interrupt/line_vectors
target/sam/interrupt/sam_install_line_isr
target/sam/interrupt/sam_uninstall_line_isr

; ??
target/shared/clock

target/sam/time/target_read_structtm


; Just some standard stuff now
@stdio/ansicore.lst
@stdio/stdio.lst
@games/games.lst



