target/primo/stdio/generic_console
target/primo/stdio/generic_console_ioctl
target/primo/stdio/generic_console_vpeek
target/primo/stdio/CRT_FONT
target/primo/stdio/conio_vars
target/primo/stdio/fputc_cons_native
@classic/stdio/stdio.lst
classic/stdio/obj/${TYPE}/inkey/getk
classic/stdio/obj/${TYPE}/inkey/fgetc_cons
@classic/input/input_keyboard.lst

target/primo/graphics/pixladdr
target/primo/graphics/clg
@classic/gfx/narrow/gfx_narrow.lst
target/primo/games/bit_open
target/primo/games/bit_open_di
target/primo/games/bit_close
target/primo/games/bit_close_ei
target/primo/games/keys_joystick
target/primo/games/joystick
@classic/games/games.lst

