fcntl/cpm/obj/${DEVICE}/bios
fcntl/cpm/obj/${DEVICE}/bdos
fcntl/cpm/obj/${DEVICE}/close
fcntl/cpm/obj/${DEVICE}/creat
fcntl/cpm/obj/${DEVICE}/change_volume
fcntl/cpm/obj/${DEVICE}/dir_move_first
fcntl/cpm/obj/${DEVICE}/dir_move_next
fcntl/cpm/obj/${DEVICE}/dir_get_entry_type
fcntl/cpm/obj/${DEVICE}/dir_get_entry_name
fcntl/cpm/obj/${DEVICE}/dir_get_entry_size
fcntl/cpm/obj/${DEVICE}/get_current_volume
fcntl/cpm/obj/${DEVICE}/get_dir_name
fcntl/cpm/obj/${DEVICE}/fdtell
fcntl/cpm/obj/${DEVICE}/getfcb
fcntl/cpm/obj/${DEVICE}/lseek
fcntl/cpm/obj/${DEVICE}/open
fcntl/cpm/obj/${DEVICE}/parsefcb
fcntl/cpm/obj/${DEVICE}/_putoffset
fcntl/cpm/obj/${DEVICE}/read
fcntl/cpm/obj/${DEVICE}/readbyte
fcntl/cpm/obj/${DEVICE}/remove
fcntl/cpm/obj/${DEVICE}/rename
fcntl/cpm/obj/${DEVICE}/setfcb
fcntl/cpm/obj/${DEVICE}/write
fcntl/cpm/obj/${DEVICE}/writebyte
