target/yaz180/device/asci/__asci0_data_Rx
target/yaz180/device/asci/__asci0_data_Tx
target/yaz180/device/asci/__asci0_need
target/yaz180/device/asci/asci0_flush_Rx
target/yaz180/device/asci/asci0_flush_Tx
target/yaz180/device/asci/asci0_getc
target/yaz180/device/asci/asci0_init
target/yaz180/device/asci/asci0_interrupt
target/yaz180/device/asci/asci0_peekc
target/yaz180/device/asci/asci0_pollc
target/yaz180/device/asci/asci0_putc
target/yaz180/device/asci/asci0_reset

target/yaz180/device/asci/__asci1_data_Rx
target/yaz180/device/asci/__asci1_data_Tx
target/yaz180/device/asci/__asci1_need
target/yaz180/device/asci/asci1_flush_Rx
target/yaz180/device/asci/asci1_flush_Tx
target/yaz180/device/asci/asci1_getc
target/yaz180/device/asci/asci1_init
target/yaz180/device/asci/asci1_interrupt
target/yaz180/device/asci/asci1_peekc
target/yaz180/device/asci/asci1_pollc
target/yaz180/device/asci/asci1_putc
target/yaz180/device/asci/asci1_reset
