newlib/alloc/malloc/c/sdcc_iy/aligned_alloc
newlib/alloc/malloc/c/sdcc_iy/aligned_alloc_callee
newlib/alloc/malloc/c/sdcc_iy/aligned_alloc_unlocked
newlib/alloc/malloc/c/sdcc_iy/aligned_alloc_unlocked_callee
newlib/alloc/malloc/c/sdcc_iy/calloc
newlib/alloc/malloc/c/sdcc_iy/calloc_callee
newlib/alloc/malloc/c/sdcc_iy/calloc_unlocked
newlib/alloc/malloc/c/sdcc_iy/calloc_unlocked_callee
newlib/alloc/malloc/c/sdcc_iy/free
newlib/alloc/malloc/c/sdcc_iy/free_fastcall
newlib/alloc/malloc/c/sdcc_iy/free_unlocked
newlib/alloc/malloc/c/sdcc_iy/free_unlocked_fastcall
newlib/alloc/malloc/c/sdcc_iy/heap_alloc
newlib/alloc/malloc/c/sdcc_iy/heap_alloc_callee
newlib/alloc/malloc/c/sdcc_iy/heap_alloc_aligned
newlib/alloc/malloc/c/sdcc_iy/heap_alloc_aligned_callee
newlib/alloc/malloc/c/sdcc_iy/heap_alloc_aligned_unlocked
newlib/alloc/malloc/c/sdcc_iy/heap_alloc_aligned_unlocked_callee
newlib/alloc/malloc/c/sdcc_iy/heap_alloc_fixed
newlib/alloc/malloc/c/sdcc_iy/heap_alloc_fixed_callee
newlib/alloc/malloc/c/sdcc_iy/heap_alloc_fixed_unlocked
newlib/alloc/malloc/c/sdcc_iy/heap_alloc_fixed_unlocked_callee
newlib/alloc/malloc/c/sdcc_iy/heap_alloc_unlocked
newlib/alloc/malloc/c/sdcc_iy/heap_alloc_unlocked_callee
newlib/alloc/malloc/c/sdcc_iy/heap_calloc
newlib/alloc/malloc/c/sdcc_iy/heap_calloc_callee
newlib/alloc/malloc/c/sdcc_iy/heap_calloc_unlocked
newlib/alloc/malloc/c/sdcc_iy/heap_calloc_unlocked_callee
newlib/alloc/malloc/c/sdcc_iy/heap_destroy
newlib/alloc/malloc/c/sdcc_iy/heap_destroy_fastcall
newlib/alloc/malloc/c/sdcc_iy/heap_free
newlib/alloc/malloc/c/sdcc_iy/heap_free_callee
newlib/alloc/malloc/c/sdcc_iy/heap_free_unlocked
newlib/alloc/malloc/c/sdcc_iy/heap_free_unlocked_callee
newlib/alloc/malloc/c/sdcc_iy/heap_info
newlib/alloc/malloc/c/sdcc_iy/heap_info_callee
newlib/alloc/malloc/c/sdcc_iy/heap_info_unlocked
newlib/alloc/malloc/c/sdcc_iy/heap_info_unlocked_callee
newlib/alloc/malloc/c/sdcc_iy/heap_init
newlib/alloc/malloc/c/sdcc_iy/heap_init_callee
newlib/alloc/malloc/c/sdcc_iy/heap_realloc
newlib/alloc/malloc/c/sdcc_iy/heap_realloc_callee
newlib/alloc/malloc/c/sdcc_iy/heap_realloc_unlocked
newlib/alloc/malloc/c/sdcc_iy/heap_realloc_unlocked_callee
newlib/alloc/malloc/c/sdcc_iy/malloc
newlib/alloc/malloc/c/sdcc_iy/malloc_fastcall
newlib/alloc/malloc/c/sdcc_iy/malloc_unlocked
newlib/alloc/malloc/c/sdcc_iy/malloc_unlocked_fastcall
newlib/alloc/malloc/c/sdcc_iy/memalign
newlib/alloc/malloc/c/sdcc_iy/memalign_callee
newlib/alloc/malloc/c/sdcc_iy/memalign_unlocked
newlib/alloc/malloc/c/sdcc_iy/memalign_unlocked_callee
newlib/alloc/malloc/c/sdcc_iy/posix_memalign
newlib/alloc/malloc/c/sdcc_iy/posix_memalign_callee
newlib/alloc/malloc/c/sdcc_iy/posix_memalign_unlocked
newlib/alloc/malloc/c/sdcc_iy/posix_memalign_unlocked_callee
newlib/alloc/malloc/c/sdcc_iy/realloc
newlib/alloc/malloc/c/sdcc_iy/realloc_callee
newlib/alloc/malloc/c/sdcc_iy/realloc_unlocked
newlib/alloc/malloc/c/sdcc_iy/realloc_unlocked_callee
newlib/alloc/malloc/c/sdcc_iy/_falloc_
newlib/alloc/malloc/c/sdcc_iy/_falloc__callee
newlib/alloc/malloc/c/sdcc_iy/_falloc__unlocked
newlib/alloc/malloc/c/sdcc_iy/_falloc__unlocked_callee
@newlib/alloc/malloc/malloc_asm.lst
