obj/${TYPE}/BlackPixel
obj/${TYPE}/DefaultDepth
obj/${TYPE}/DefaultScreen
obj/${TYPE}/DisplayHeight
obj/${TYPE}/DisplayWidth
obj/${TYPE}/RootWindow
obj/${TYPE}/WhitePixel
obj/${TYPE}/win_close
obj/${TYPE}/win_move
obj/${TYPE}/win_open
obj/${TYPE}/XCheckTypedEvent
obj/${TYPE}/XCheckWindowEvent
obj/${TYPE}/XClearWindow
obj/${TYPE}/XCloseDisplay
obj/${TYPE}/XCreateBitmapFromData
obj/${TYPE}/XCreateGC
obj/${TYPE}/XCreateSimpleWindow
obj/${TYPE}/XDestroyWindow
obj/${TYPE}/XDisplayName
obj/${TYPE}/XDrawLine
obj/${TYPE}/XDrawPoint
obj/${TYPE}/XDrawRectangle
obj/${TYPE}/XDrawString
obj/${TYPE}/XFlush
obj/${TYPE}/XFreeGC
obj/${TYPE}/XLoadQueryFont
obj/${TYPE}/XMapWindow
obj/${TYPE}/XNextEvent
obj/${TYPE}/XOpenDisplay
obj/${TYPE}/XSelectInput
obj/${TYPE}/XSetDashes
obj/${TYPE}/XSetFont
obj/${TYPE}/XSetForeground
obj/${TYPE}/XSetLineAttributes
obj/${TYPE}/XSetStandardProperties
obj/${TYPE}/XTextWidth
obj/${TYPE}/XUnloadFont
obj/${TYPE}/_xfindchar
obj/${TYPE}/_xfputc
obj/${TYPE}/variables
