sprites/_sp1_struct_cs_prototype
sprites/_sp1_struct_ss_prototype
sprites/sp1_AddColSpr
sprites/sp1_AddColSpr_callee
sprites/sp1_ChangeSprType
sprites/sp1_ChangeSprType_callee
sprites/sp1_CreateSpr
sprites/sp1_CreateSpr_callee
sprites/sp1_DeleteSpr
sprites/sp1_GetSprClr
sprites/sp1_GetSprClr_callee
sprites/sp1_GetSprClrAddr
sprites/sp1_GetSprClrAddr_callee
sprites/sp1_InitCharStruct
sprites/sp1_InitCharStruct_callee
sprites/sp1_InsertCharStruct
sprites/sp1_InsertCharStruct_callee
sprites/sp1_IterateSprChar
sprites/sp1_IterateSprChar_callee
sprites/sp1_IterateUpdateSpr
sprites/sp1_IterateUpdateSpr_callee
sprites/sp1_MoveSprAbs
sprites/sp1_MoveSprAbs_callee
sprites/sp1_MoveSprPix
sprites/sp1_MoveSprPix_callee
sprites/sp1_MoveSprRel
sprites/sp1_MoveSprRel_callee
sprites/sp1_PreShiftSpr
sprites/sp1_PreShiftSpr_callee
sprites/sp1_PutSprClr
sprites/sp1_PutSprClr_callee
sprites/sp1_RemoveCharStruct
sprites/SP1AddSprChar
sprites/SP1RemoveSprChar
sprites/draw/SP1_DRAW_ATTR
sprites/draw/SP1_DRAW_LOAD1
sprites/draw/SP1_DRAW_LOAD1LB
sprites/draw/SP1_DRAW_LOAD1LBIM
sprites/draw/SP1_DRAW_LOAD1NR
sprites/draw/SP1_DRAW_LOAD1RB
sprites/draw/SP1_DRAW_LOAD1RBIM
sprites/draw/SP1_DRAW_LOAD2
sprites/draw/SP1_DRAW_LOAD2LB
sprites/draw/SP1_DRAW_LOAD2LBIM
sprites/draw/SP1_DRAW_LOAD2NR
sprites/draw/SP1_DRAW_LOAD2RB
sprites/draw/SP1_DRAW_LOAD2RBIM
sprites/draw/SP1_DRAW_MASK2
sprites/draw/SP1_DRAW_MASK2LB
sprites/draw/SP1_DRAW_MASK2NR
sprites/draw/SP1_DRAW_MASK2RB
sprites/draw/SP1_DRAW_OR1
sprites/draw/SP1_DRAW_OR1LB
sprites/draw/SP1_DRAW_OR1NR
sprites/draw/SP1_DRAW_OR1RB
sprites/draw/SP1_DRAW_OR2
sprites/draw/SP1_DRAW_OR2LB
sprites/draw/SP1_DRAW_OR2NR
sprites/draw/SP1_DRAW_OR2RB
sprites/draw/SP1_DRAW_XOR1
sprites/draw/SP1_DRAW_XOR1LB
sprites/draw/SP1_DRAW_XOR1NR
sprites/draw/SP1_DRAW_XOR1RB
sprites/draw/SP1_DRAW_XOR2
sprites/draw/SP1_DRAW_XOR2LB
sprites/draw/SP1_DRAW_XOR2NR
sprites/draw/SP1_DRAW_XOR2RB
tiles/sp1_ClearRect
tiles/sp1_ClearRect_callee
tiles/sp1_ClearRectInv
tiles/sp1_ClearRectInv_callee
tiles/sp1_GetTiles
tiles/sp1_GetTiles_callee
tiles/sp1_PrintAt
tiles/sp1_PrintAt_callee
tiles/sp1_PrintAtInv
tiles/sp1_PrintAtInv_callee
tiles/sp1_PrintString
tiles/sp1_PrintString_callee
tiles/sp1_PutTiles
tiles/sp1_PutTiles_callee
tiles/sp1_PutTilesInv
tiles/sp1_PutTilesInv_callee
tiles/sp1_ScreenAttr
tiles/sp1_ScreenAttr_callee
tiles/sp1_ScreenStr
tiles/sp1_ScreenStr_callee
tiles/sp1_SetPrintPos
tiles/sp1_SetPrintPos_callee
tiles/sp1_TileEntry
tiles/sp1_TileEntry_callee
updater/sp1_DrawUpdateStructAlways
updater/sp1_DrawUpdateStructIfInv
updater/sp1_DrawUpdateStructIfNotRem
updater/sp1_DrawUpdateStructIfVal
updater/sp1_GetUpdateStruct
updater/sp1_GetUpdateStruct_callee
updater/sp1_Initialize
updater/sp1_Initialize_callee
updater/sp1_Invalidate
updater/sp1_InvUpdateStruct
updater/sp1_IterateUpdateArr
updater/sp1_IterateUpdateArr_callee
updater/sp1_IterateUpdateRect
updater/sp1_IterateUpdateRect_callee
updater/sp1_RemoveUpdateStruct
updater/sp1_RestoreUpdateStruct
updater/sp1_UpdateNow
updater/sp1_Validate
updater/sp1_ValUpdateStruct
updater/SP1DrawUpdateStruct
