@target/zx/misc/misc_sccz80.lst
@target/ts2068/misc/misc_asm.lst
target/ts2068/misc/c/sccz80/ts_vmod
target/ts2068/misc/c/sccz80/tshc_cls
target/ts2068/misc/c/sccz80/tshc_cls_attr
target/ts2068/misc/c/sccz80/tshc_cls_pix
target/ts2068/misc/c/sccz80/tshc_cls_wc
target/ts2068/misc/c/sccz80/tshc_cls_wc_attr
target/ts2068/misc/c/sccz80/tshc_cls_wc_attr_callee
target/ts2068/misc/c/sccz80/tshc_cls_wc_callee
target/ts2068/misc/c/sccz80/tshc_cls_wc_pix
target/ts2068/misc/c/sccz80/tshc_cls_wc_pix_callee
target/ts2068/misc/c/sccz80/tshc_scroll_up
target/ts2068/misc/c/sccz80/tshc_scroll_up_attr
target/ts2068/misc/c/sccz80/tshc_scroll_up_attr_callee
target/ts2068/misc/c/sccz80/tshc_scroll_up_callee
target/ts2068/misc/c/sccz80/tshc_scroll_up_pix
target/ts2068/misc/c/sccz80/tshc_scroll_up_pix_callee
target/ts2068/misc/c/sccz80/tshc_scroll_wc_up
target/ts2068/misc/c/sccz80/tshc_scroll_wc_up_attr
target/ts2068/misc/c/sccz80/tshc_scroll_wc_up_attr_callee
target/ts2068/misc/c/sccz80/tshc_scroll_wc_up_callee
target/ts2068/misc/c/sccz80/tshc_scroll_wc_up_pix
target/ts2068/misc/c/sccz80/tshc_scroll_wc_up_pix_callee
target/ts2068/misc/c/sccz80/tshc_visit_wc_attr
target/ts2068/misc/c/sccz80/tshc_visit_wc_attr_callee
target/ts2068/misc/c/sccz80/tshc_visit_wc_pix
target/ts2068/misc/c/sccz80/tshc_visit_wc_pix_callee
target/ts2068/misc/c/sccz80/tshr_cls
target/ts2068/misc/c/sccz80/tshr_cls_attr
target/ts2068/misc/c/sccz80/tshr_cls_pix
target/ts2068/misc/c/sccz80/tshr_cls_wc_pix
target/ts2068/misc/c/sccz80/tshr_cls_wc_pix_callee
target/ts2068/misc/c/sccz80/tshr_scroll_up
target/ts2068/misc/c/sccz80/tshr_scroll_up_callee
target/ts2068/misc/c/sccz80/tshr_scroll_up_pix
target/ts2068/misc/c/sccz80/tshr_scroll_up_pix_callee
target/ts2068/misc/c/sccz80/tshr_scroll_wc_up_pix
target/ts2068/misc/c/sccz80/tshr_scroll_wc_up_pix_callee
target/ts2068/misc/c/sccz80/tshr_visit_wc_pix
target/ts2068/misc/c/sccz80/tshr_visit_wc_pix_callee
