target/zx81/graphics/clg
target/zx81/graphics/clsgraph
target/zx81/graphics/zx_hardcopy
graphics/dcircle2
graphics/stencil_render2
graphics/stencil_add_circle
graphics/stencil_add_liner
graphics/stencil_add_lineto
graphics/stencil_add_side
graphics/stencil_add_point
graphics/stencil_add_pixel
graphics/stencil_init
graphics/dither_pattern
graphics/liner2
target/zx81/graphics/plotpixl
target/zx81/graphics/respixl
target/zx81/graphics/xorpixl
graphics/putsprite3
target/zx81/graphics/pointxy
graphics/fill
graphics/dfill2
target/zx81/graphics/swapgfxbk
target/zx81/stdio/ansi_text/f_ansi_attr
target/zx81/stdio/ansi_text/f_ansi_char
target/zx81/stdio/ansi_text/f_ansi_cls
target/zx81/stdio/ansi_text/f_ansi_dline
target/zx81/stdio/ansi_text/f_ansi_scrollup
@gfxbase.lst
