target/zx81/graphics_hr/clg
target/zx81/graphics_hr/_clg_hr
target/zx81/graphics_hr/i_pixladdr
target/zx81/graphics_hr/invhrg
target/zx81/graphics_hr/copytxt
target/zx81/graphics_hr/hrg_tune_left
target/zx81/graphics_hr/hrg_tune_right
target/zx81/graphics_hr/i_putsprite
target/zx81/graphics_hr/i_clga_callee
target/zx81/graphics_hr/i_xorclga_callee
target/zx81/graphics_hr/i_fillb_callee
classic/gfx/wide/obj/${TARGET}/w_dcircle_square
classic/gfx/wide/obj/${TARGET}/w_stencil_render2
classic/gfx/wide/obj/${TARGET}/draw_profile_vy
target/zx81/stdio/ansi/f_ansi_attr
target/zx81/stdio/ansi/f_ansi_bel
target/zx81/stdio/ansi/f_ansi_char_wrxi
target/zx81/stdio/ansi/f_ansi_cls_wrxi
target/zx81/stdio/ansi/f_ansi_dline_wrxi
target/zx81/stdio/ansi/f_ansi_scrollup_wrxi
@classic/gfx/wide/gfx_wide.lst
