@target/zx81/gfx81_specific.lst
target/zx81/graphics_hr/clg
target/zx81/graphics_hr/mt_clg_hr
target/zx81/graphics_hr/mt_hardcopy
target/zx81/stdio/ansi/f_ansi_attr
target/zx81/stdio/ansi/f_ansi_bel
target/zx81/stdio/ansi/f_ansi_char
target/zx81/stdio/ansi/f_ansi_cls
target/zx81/stdio/ansi/f_ansi_dline
target/zx81/stdio/ansi/f_ansi_scrollup
target/zx81/graphics/swapgfxbk
target/zx81/graphics_hr/mt_pixladdr
target/zx81/graphics_hr/mt_plotpixl.asm
target/zx81/graphics_hr/mt_respixl
target/zx81/graphics_hr/mt_xorpixl
target/zx81/graphics_hr/mt_hrg_on
target/zx81/graphics_hr/mt_hrg_off
target/zx81/graphics_hr/mt_invhrg
target/zx81/graphics_hr/mt_stencil_render
target/zx81/graphics_hr/mt_putsprite
classic/gfx/narrow/obj/${TARGET}/bksave
classic/gfx/narrow/obj/${TARGET}/bkrestore
classic/gfx/narrow/obj/${TARGET}/clrarea2
classic/gfx/narrow/obj/${TARGET}/fillarea2
classic/gfx/narrow/obj/${TARGET}/xorclrarea2
@classic/gfx/narrow/gfx_narrow.lst
