target/zx81/graphics_udg/clg
target/zx81/graphics/clsgraph
target/zx81/graphics_udg/zx_hardcopy
graphics/dcircle2
graphics/stencil_render2
graphics/stencil_add_circle
graphics/stencil_add_liner
graphics/stencil_add_lineto
graphics/stencil_add_side
graphics/stencil_add_point
graphics/stencil_add_pixel
graphics/stencil_init
graphics/dither_pattern
graphics/text6/div3
graphics/text6/loadudg6
graphics/liner2
target/zx81/graphics_udg/plotpixl
target/zx81/graphics_udg/respixl
target/zx81/graphics_udg/xorpixl
graphics/putsprite3
target/zx81/graphics_udg/pointxy
graphics/fill
graphics/dfill2
target/zx81/graphics/swapgfxbk
@gfxbase.lst
