@target/zx81/gfx81_specific.lst
target/zx81/graphics_hr/clg
target/zx81/graphics_hr/g007_clg_hr
target/zx81/graphics_hr/g007_hardcopy
target/zx81/stdio/ansi/f_ansi_attr
target/zx81/stdio/ansi/f_ansi_bel
target/zx81/stdio/ansi/f_ansi_char
target/zx81/stdio/ansi/f_ansi_cls
target/zx81/stdio/ansi/f_ansi_dline
target/zx81/stdio/ansi/f_ansi_scrollup
target/zx81/graphics/swapgfxbk
target/zx81/graphics_hr/g007_pixladdr
target/zx81/graphics_hr/g007_hrg_on
target/zx81/graphics_hr/g007_hrg_off
target/zx81/graphics_hr/g007_invhrg
classic/gfx/narrow/obj/${TARGET}/stencil_render
classic/gfx/narrow/obj/${TARGET}/putsprite
classic/gfx/narrow/obj/${TARGET}/bksave
classic/gfx/narrow/obj/${TARGET}/bkrestore
classic/gfx/narrow/obj/${TARGET}/clrarea2
classic/gfx/narrow/obj/${TARGET}/fillarea2
classic/gfx/narrow/obj/${TARGET}/xorclrarea2
@classic/gfx/narrow/gfx_narrow.lst
