graphics/dcircle2
target/zx81/graphics_hr/clg
target/zx81/graphics_hr/_clg_hr
target/zx81/graphics_hr/clrarea_arx
target/zx81/graphics_hr/arx_hardcopy
graphics/liner2
graphics/plotpixl
graphics/pointxy
graphics/respixl
graphics/fill
graphics/dfill2
graphics/getsprite
target/zx81/graphics_hr/putsprite_arx
target/zx81/graphics_hr/stencil_render_arx
graphics/bksave
graphics/bkrestore
graphics/xorpixl
target/zx81/stdio/ansi/f_ansi_char
target/zx81/stdio/ansi/f_ansi_cls
target/zx81/stdio/ansi/f_ansi_dline
target/zx81/stdio/ansi/f_ansi_scrollup
target/zx81/graphics/swapgfxbk
target/zx81/graphics_hr/pixladdr_arx
target/zx81/graphics_hr/invhrg_arx
target/zx81/graphics_hr/copytxt_arx
target/zx81/graphics_hr/hrg_tune_left
target/zx81/graphics_hr/hrg_tune_right
graphics/gray/g_circle
target/zx81/graphics_gray/g_clg
graphics/gray/g_draw
graphics/gray/g_drawb
graphics/gray/g_drawr
graphics/gray/g_page
graphics/gray/grpage
graphics/gray/g_plot
graphics/gray/g_point
@gfxbase.lst
