@target/zx81/gfx81_specific.lst
target/zx81/graphics_hr/clg
target/zx81/graphics_hr/_clg_hr
target/zx81/graphics_hr/zx_hardcopy
target/zx81/graphics/swapgfxbk
target/zx81/graphics_hr/pixladdr
target/zx81/graphics_hr/invhrg
target/zx81/graphics_hr/copytxt
target/zx81/graphics_hr/hrg_tune_left
target/zx81/graphics_hr/hrg_tune_right
target/zx81/stdio/ansi/f_ansi_attr
target/zx81/stdio/ansi/f_ansi_bel
target/zx81/stdio/ansi/f_ansi_char
target/zx81/stdio/ansi/f_ansi_cls
target/zx81/stdio/ansi/f_ansi_dline
target/zx81/stdio/ansi/f_ansi_scrollup
target/zx81/graphics_gray/g_clg
@classic/gfx/gray/gfx_gray.lst
classic/gfx/narrow/obj/${TARGET}/stencil_render
classic/gfx/narrow/obj/${TARGET}/putsprite
classic/gfx/narrow/obj/${TARGET}/bksave
classic/gfx/narrow/obj/${TARGET}/bkrestore
classic/gfx/narrow/obj/${TARGET}/clrarea2
classic/gfx/narrow/obj/${TARGET}/fillarea2
classic/gfx/narrow/obj/${TARGET}/xorclrarea2
@classic/gfx/narrow/gfx_narrow.lst
