@../adt/adt_sdcc_iy.lst
@../alloc/alloc_sdcc_iy.lst
@../target/cpm-libs/cpm_sdcc_iy.lst
@../target/hbios/hbios_sdcc.lst
@../compress/compress_sdcc_iy.lst
@../ctype/ctype_sdcc_iy.lst
@../newlib/drivers/drivers.lst
@../error/error.lst
@../newlib/fcntl/fcntl_sdcc_iy.lst
@../font/font_4x8/fonts.lst
@../font/font_8x8/fonts.lst
@../font/fzx/fzx_sdcc_iy.lst
@../newlib/im2/im2_sdcc.lst
@../newlib/input/cpm/input_sdcc_iy.lst
@../inttypes/inttypes_sdcc_iy.lst
@../l/l_z180.lst
@../libgen/libgen_sdcc.lst
@../locale/locale.lst
@../math/math_integer.lst
@../math/math_integer_z180.lst
@../math/math_float_sdcc_iy_z180.lst
@../network/network_sdcc_iy.lst
@../setjmp/setjmp_sdcc_iy.lst
@../newlib/stdio/stdio_sdcc_iy.lst
@../stdlib/stdlib_sdcc_iy.lst
@../string/string_sdcc_iy.lst
@target//scz180/default/default.lst
@target//scz180/device/device_sdcc_iy.lst
@target//scz180/driver/driver_sdcc_iy.lst
@target//cpm/driver/driver.lst
@../newlib/threads/threads_sdcc_iy.lst
@../time/time_sdcc.lst
@../arch/z180/z180_sdcc.lst
