c/lr_sccz80/ffs
c/lr_sccz80/ffsl
c/lr_sccz80/memccpy
c/lr_sccz80/memccpy_callee
c/lr_sccz80/memchr
c/lr_sccz80/memchr_callee
c/lr_sccz80/memcmp
c/lr_sccz80/memcmp_callee
c/lr_sccz80/memcpy
c/lr_sccz80/memcpy_callee
c/lr_sccz80/memmem
c/lr_sccz80/memmem_callee
c/lr_sccz80/memmove
c/lr_sccz80/memmove_callee
c/lr_sccz80/memrchr
c/lr_sccz80/memrchr_callee
c/lr_sccz80/memset
c/lr_sccz80/memset_callee
c/lr_sccz80/memswap
c/lr_sccz80/memswap_callee
c/lr_sccz80/stpcpy
c/lr_sccz80/stpcpy_callee
c/lr_sccz80/stpncpy
c/lr_sccz80/stpncpy_callee
c/lr_sccz80/strcasecmp
c/lr_sccz80/strcasecmp_callee
c/lr_sccz80/strcat
c/lr_sccz80/strcat_callee
c/lr_sccz80/strchr
c/lr_sccz80/strchrnul
c/lr_sccz80/strchrnul_callee
c/lr_sccz80/strchr_callee
c/lr_sccz80/strcmp
c/lr_sccz80/strcmp_callee
c/lr_sccz80/strcoll
c/lr_sccz80/strcoll_callee
c/lr_sccz80/strcpy
c/lr_sccz80/strcpy_callee
c/lr_sccz80/strcspn
c/lr_sccz80/strcspn_callee
c/lr_sccz80/strdup
c/lr_sccz80/strerror
c/lr_sccz80/strlcat
c/lr_sccz80/strlcat_callee
c/lr_sccz80/strlcpy
c/lr_sccz80/strlcpy_callee
c/lr_sccz80/strlen
c/lr_sccz80/strlwr
c/lr_sccz80/strncasecmp
c/lr_sccz80/strncasecmp_callee
c/lr_sccz80/strncat
c/lr_sccz80/strncat_callee
c/lr_sccz80/strnchr
c/lr_sccz80/strnchr_callee
c/lr_sccz80/strncmp
c/lr_sccz80/strncmp_callee
c/lr_sccz80/strncpy
c/lr_sccz80/strncpy_callee
c/lr_sccz80/strndup
c/lr_sccz80/strndup_callee
c/lr_sccz80/strnlen
c/lr_sccz80/strnlen_callee
c/lr_sccz80/strpbrk
c/lr_sccz80/strpbrk_callee
c/lr_sccz80/strrchr
c/lr_sccz80/strrchr_callee
c/lr_sccz80/strrcspn
c/lr_sccz80/strrcspn_callee
c/lr_sccz80/strrev
c/lr_sccz80/strrspn
c/lr_sccz80/strrspn_callee
c/lr_sccz80/strrstrip
c/lr_sccz80/strsep
c/lr_sccz80/strsep_callee
c/lr_sccz80/strspn
c/lr_sccz80/strspn_callee
c/lr_sccz80/strstr
c/lr_sccz80/strstrip
c/lr_sccz80/strstr_callee
c/lr_sccz80/strtok
c/lr_sccz80/strtok_callee
c/lr_sccz80/strtok_r
c/lr_sccz80/strtok_r_callee
c/lr_sccz80/strupr
c/lr_sccz80/strxfrm
c/lr_sccz80/strxfrm_callee
c/lr_sccz80/_memlwr
c/lr_sccz80/_memlwr_callee
c/lr_sccz80/_memstrcpy
c/lr_sccz80/_memstrcpy_callee
c/lr_sccz80/_memupr
c/lr_sccz80/_memupr_callee
c/lr_sccz80/_strrstrip
z80/__str_locate_nul
