z80/asm_ffs
z80/asm_ffsl
z80/asm_memccpy
z80/asm_memchr
z80/asm_memcmp
z80/asm_memcpy
z80/asm_memmem
z80/asm_memmove
z80/asm_memrchr
z80/asm_memset
z80/asm_memswap
z80/asm_stpcpy
z80/asm_stpncpy
z80/asm_strcasecmp
z80/asm_strcat
z80/asm_strchr
z80/asm_strchrnul
z80/asm_strcmp
z80/asm_strcoll
z80/asm_strcpy
z80/asm_strcspn
z80/asm_strdup
z80/asm_strerror
z80/asm_stricmp
z80/asm_strlcat
z80/asm_strlcpy
z80/asm_strlen
z80/asm_strlwr
z80/asm_strncasecmp
z80/asm_strncat
z80/asm_strnchr
z80/asm_strncmp
z80/asm_strncpy
z80/asm_strndup
z80/asm_strnicmp
z80/asm_strnlen
z80/asm_strpbrk
z80/asm_strrchr
z80/asm_strrcspn
z80/asm_strrev
z80/asm_strrspn
z80/asm_strrstrip
z80/asm_strsep
z80/asm_strspn
z80/asm_strstr
z80/asm_strstrip
z80/asm_strtok
z80/asm_strtok_r
z80/asm_strupr
z80/asm_strxfrm
z80/asm__memlwr
z80/asm__memstrcpy
z80/asm__memupr
z80/asm__strrstrip
z80/__str_locate_nul
