classic/alloc/malloc-classic/obj/${TYPE}/calloc
classic/alloc/malloc-classic/obj/${TYPE}/calloc_callee
classic/alloc/malloc-classic/obj/${TYPE}/free
classic/alloc/malloc-classic/obj/${TYPE}/HeapAlloc
classic/alloc/malloc-classic/obj/${TYPE}/HeapAlloc_callee
classic/alloc/malloc-classic/obj/${TYPE}/HeapCalloc
classic/alloc/malloc-classic/obj/${TYPE}/HeapCalloc_callee
classic/alloc/malloc-classic/obj/${TYPE}/HeapCreate
classic/alloc/malloc-classic/obj/${TYPE}/HeapFree
classic/alloc/malloc-classic/obj/${TYPE}/HeapFree_callee
classic/alloc/malloc-classic/obj/${TYPE}/HeapInfo
classic/alloc/malloc-classic/obj/${TYPE}/HeapInfo_callee
classic/alloc/malloc-classic/obj/${TYPE}/HeapRealloc
classic/alloc/malloc-classic/obj/${TYPE}/HeapRealloc_callee
classic/alloc/malloc-classic/obj/${TYPE}/HeapSbrk
classic/alloc/malloc-classic/obj/${TYPE}/HeapSbrk_callee
classic/alloc/malloc-classic/obj/${TYPE}/MAHeapInfo
classic/alloc/malloc-classic/obj/${TYPE}/mallinfo
classic/alloc/malloc-classic/obj/${TYPE}/mallinfo_callee
classic/alloc/malloc-classic/obj/${TYPE}/mallinit
classic/alloc/malloc-classic/obj/${TYPE}/malloc
classic/alloc/malloc-classic/obj/${TYPE}/realloc
classic/alloc/malloc-classic/obj/${TYPE}/realloc_callee
classic/alloc/malloc-classic/obj/${TYPE}/sbrk
classic/alloc/malloc-classic/obj/${TYPE}/sbrk_callee
classic/alloc/malloc-classic/obj/${TYPE}/strdup
classic/alloc/malloc-classic/obj/${TYPE}/asm_realloc
classic/alloc/malloc-classic/obj/${TYPE}/asm_free
