target/zx/display/c/sdcc/zx_aaddr2cx
target/zx/display/c/sdcc/zx_aaddr2cx_fastcall
target/zx/display/c/sdcc/zx_aaddr2cy
target/zx/display/c/sdcc/zx_aaddr2cy_fastcall
target/zx/display/c/sdcc/zx_aaddr2px
target/zx/display/c/sdcc/zx_aaddr2px_fastcall
target/zx/display/c/sdcc/zx_aaddr2py
target/zx/display/c/sdcc/zx_aaddr2py_fastcall
target/zx/display/c/sdcc/zx_aaddr2saddr
target/zx/display/c/sdcc/zx_aaddr2saddr_fastcall
target/zx/display/c/sdcc/zx_aaddrcdown
target/zx/display/c/sdcc/zx_aaddrcdown_fastcall
target/zx/display/c/sdcc/zx_aaddrcleft
target/zx/display/c/sdcc/zx_aaddrcleft_fastcall
target/zx/display/c/sdcc/zx_aaddrcright
target/zx/display/c/sdcc/zx_aaddrcright_fastcall
target/zx/display/c/sdcc/zx_aaddrcup
target/zx/display/c/sdcc/zx_aaddrcup_fastcall
target/zx/display/c/sdcc/zx_bitmask2px
target/zx/display/c/sdcc/zx_bitmask2px_fastcall
target/zx/display/c/sdcc/zx_cxy2aaddr
target/zx/display/c/sdcc/zx_cxy2aaddr_callee
target/zx/display/c/sdcc/zx_cxy2saddr
target/zx/display/c/sdcc/zx_cxy2saddr_callee
target/zx/display/c/sdcc/zx_cy2aaddr
target/zx/display/c/sdcc/zx_cy2aaddr_fastcall
target/zx/display/c/sdcc/zx_cy2saddr
target/zx/display/c/sdcc/zx_cy2saddr_fastcall
target/zx/display/c/sdcc/zx_px2bitmask
target/zx/display/c/sdcc/zx_px2bitmask_fastcall
target/zx/display/c/sdcc/zx_pxy2aaddr
target/zx/display/c/sdcc/zx_pxy2aaddr_callee
target/zx/display/c/sdcc/zx_pxy2saddr
target/zx/display/c/sdcc/zx_pxy2saddr_callee
target/zx/display/c/sdcc/zx_py2aaddr
target/zx/display/c/sdcc/zx_py2aaddr_fastcall
target/zx/display/c/sdcc/zx_py2saddr
target/zx/display/c/sdcc/zx_py2saddr_fastcall
target/zx/display/c/sdcc/zx_saddr2aaddr
target/zx/display/c/sdcc/zx_saddr2aaddr_fastcall
target/zx/display/c/sdcc/zx_saddr2cx
target/zx/display/c/sdcc/zx_saddr2cx_fastcall
target/zx/display/c/sdcc/zx_saddr2cy
target/zx/display/c/sdcc/zx_saddr2cy_fastcall
target/zx/display/c/sdcc/zx_saddr2px
target/zx/display/c/sdcc/zx_saddr2px_fastcall
target/zx/display/c/sdcc/zx_saddr2py
target/zx/display/c/sdcc/zx_saddr2py_fastcall
target/zx/display/c/sdcc/zx_saddrcdown
target/zx/display/c/sdcc/zx_saddrcdown_fastcall
target/zx/display/c/sdcc/zx_saddrcleft
target/zx/display/c/sdcc/zx_saddrcleft_fastcall
target/zx/display/c/sdcc/zx_saddrcright
target/zx/display/c/sdcc/zx_saddrcright_fastcall
target/zx/display/c/sdcc/zx_saddrcup
target/zx/display/c/sdcc/zx_saddrcup_fastcall
target/zx/display/c/sdcc/zx_saddrpdown
target/zx/display/c/sdcc/zx_saddrpdown_fastcall
target/zx/display/c/sdcc/zx_saddrpleft
target/zx/display/c/sdcc/zx_saddrpleft_callee
target/zx/display/c/sdcc/zx_saddrpright
target/zx/display/c/sdcc/zx_saddrpright_callee
target/zx/display/c/sdcc/zx_saddrpup
target/zx/display/c/sdcc/zx_saddrpup_fastcall
@target/zx/display/display_asm.lst
